[2020-04-10 17:40:42.008] [exthost] [info] extension host started
[2020-04-10 17:40:42.117] [exthost] [info] ExtensionService#_doActivateExtension vscode.emmet {"startup":false,"extensionId":{"value":"vscode.emmet","_lower":"vscode.emmet"},"activationEvent":"onLanguage:html"}
[2020-04-10 17:40:42.117] [exthost] [info] ExtensionService#loadCommonJSModule file:///usr/lib/code/extensions/emmet/dist/extension
[2020-04-10 17:40:42.147] [exthost] [info] ExtensionService#_doActivateExtension vscode.html-language-features {"startup":false,"extensionId":{"value":"vscode.html-language-features","_lower":"vscode.html-language-features"},"activationEvent":"onLanguage:html"}
[2020-04-10 17:40:42.148] [exthost] [info] ExtensionService#loadCommonJSModule file:///usr/lib/code/extensions/html-language-features/client/dist/htmlMain
[2020-04-10 17:40:42.195] [exthost] [info] ExtensionService#_doActivateExtension Angular.ng-template {"startup":false,"extensionId":{"value":"Angular.ng-template","_lower":"angular.ng-template"},"activationEvent":"onLanguage:html"}
[2020-04-10 17:40:42.196] [exthost] [info] ExtensionService#loadCommonJSModule file:///home/igfersa/.vscode-oss/extensions/angular.ng-template-0.901.0/client
[2020-04-10 17:40:42.375] [exthost] [info] ExtensionService#_doActivateExtension vscode.debug-auto-launch {"startup":true,"extensionId":{"value":"vscode.debug-auto-launch","_lower":"vscode.debug-auto-launch"},"activationEvent":"*"}
[2020-04-10 17:40:42.375] [exthost] [info] ExtensionService#loadCommonJSModule file:///usr/lib/code/extensions/debug-auto-launch/dist/extension
[2020-04-10 17:40:42.381] [exthost] [info] ExtensionService#_doActivateExtension vscode.git {"startup":true,"extensionId":{"value":"vscode.git","_lower":"vscode.git"},"activationEvent":"*"}
[2020-04-10 17:40:42.381] [exthost] [info] ExtensionService#loadCommonJSModule file:///usr/lib/code/extensions/git/dist/main
[2020-04-10 17:40:42.405] [exthost] [info] ExtensionService#_doActivateExtension vscode.github-authentication {"startup":true,"extensionId":{"value":"vscode.github-authentication","_lower":"vscode.github-authentication"},"activationEvent":"*"}
[2020-04-10 17:40:42.405] [exthost] [info] ExtensionService#loadCommonJSModule file:///usr/lib/code/extensions/github-authentication/dist/extension.js
[2020-04-10 17:40:42.410] [exthost] [info] ExtensionService#_doActivateExtension vscode.merge-conflict {"startup":true,"extensionId":{"value":"vscode.merge-conflict","_lower":"vscode.merge-conflict"},"activationEvent":"*"}
[2020-04-10 17:40:42.410] [exthost] [info] ExtensionService#loadCommonJSModule file:///usr/lib/code/extensions/merge-conflict/dist/extension
[2020-04-10 17:40:42.420] [exthost] [info] ExtensionService#_doActivateExtension vscode.search-result {"startup":true,"extensionId":{"value":"vscode.search-result","_lower":"vscode.search-result"},"activationEvent":"*"}
[2020-04-10 17:40:42.420] [exthost] [info] ExtensionService#loadCommonJSModule file:///usr/lib/code/extensions/search-result/dist/extension.js
[2020-04-10 17:40:42.422] [exthost] [info] ExtensionService#_doActivateExtension vscode.vscode-account {"startup":true,"extensionId":{"value":"vscode.vscode-account","_lower":"vscode.vscode-account"},"activationEvent":"*"}
[2020-04-10 17:40:42.422] [exthost] [info] ExtensionService#loadCommonJSModule file:///usr/lib/code/extensions/vscode-account/dist/extension.js
[2020-04-10 17:40:42.428] [exthost] [info] ExtensionService#_doActivateExtension dbaeumer.vscode-eslint {"startup":true,"extensionId":{"value":"dbaeumer.vscode-eslint","_lower":"dbaeumer.vscode-eslint"},"activationEvent":"*"}
[2020-04-10 17:40:42.428] [exthost] [info] ExtensionService#loadCommonJSModule file:///home/igfersa/.vscode-oss/extensions/dbaeumer.vscode-eslint-2.1.2/client/out/extension
[2020-04-10 17:40:42.458] [exthost] [info] ExtensionService#_doActivateExtension EditorConfig.EditorConfig {"startup":true,"extensionId":{"value":"EditorConfig.EditorConfig","_lower":"editorconfig.editorconfig"},"activationEvent":"*"}
[2020-04-10 17:40:42.458] [exthost] [info] ExtensionService#loadCommonJSModule file:///home/igfersa/.vscode-oss/extensions/editorconfig.editorconfig-0.14.5/out/editorConfigMain.js
[2020-04-10 17:40:42.667] [exthost] [info] ExtensionService#_doActivateExtension esbenp.prettier-vscode {"startup":true,"extensionId":{"value":"esbenp.prettier-vscode","_lower":"esbenp.prettier-vscode"},"activationEvent":"*"}
[2020-04-10 17:40:42.668] [exthost] [info] ExtensionService#loadCommonJSModule file:///home/igfersa/.vscode-oss/extensions/esbenp.prettier-vscode-4.1.1/dist/extension
[2020-04-10 17:40:42.919] [exthost] [info] ExtensionService#_doActivateExtension johnpapa.vscode-peacock {"startup":true,"extensionId":{"value":"johnpapa.vscode-peacock","_lower":"johnpapa.vscode-peacock"},"activationEvent":"*"}
[2020-04-10 17:40:42.919] [exthost] [info] ExtensionService#loadCommonJSModule file:///home/igfersa/.vscode-oss/extensions/johnpapa.vscode-peacock-3.7.0/dist/extension
[2020-04-10 17:40:42.927] [exthost] [info] ExtensionService#_doActivateExtension nrwl.angular-console {"startup":true,"extensionId":{"value":"nrwl.angular-console","_lower":"nrwl.angular-console"},"activationEvent":"*"}
[2020-04-10 17:40:42.927] [exthost] [info] ExtensionService#loadCommonJSModule file:///home/igfersa/.vscode-oss/extensions/nrwl.angular-console-11.1.3/main.js
[2020-04-10 17:40:43.102] [exthost] [info] ExtensionService#_doActivateExtension PKief.material-icon-theme {"startup":true,"extensionId":{"value":"PKief.material-icon-theme","_lower":"pkief.material-icon-theme"},"activationEvent":"*"}
[2020-04-10 17:40:43.102] [exthost] [info] ExtensionService#loadCommonJSModule file:///home/igfersa/.vscode-oss/extensions/pkief.material-icon-theme-4.0.1/dist/extension
[2020-04-10 17:40:43.112] [exthost] [info] eager extensions activated
[2020-04-10 17:44:03.131] [exthost] [info] ExtensionService#_doActivateExtension vscode.extension-editing {"startup":false,"extensionId":{"value":"vscode.extension-editing","_lower":"vscode.extension-editing"},"activationEvent":"onLanguage:typescript"}
[2020-04-10 17:44:03.131] [exthost] [info] ExtensionService#loadCommonJSModule file:///usr/lib/code/extensions/extension-editing/dist/extension
[2020-04-10 17:44:03.141] [exthost] [info] ExtensionService#_doActivateExtension vscode.typescript-language-features {"startup":false,"extensionId":{"value":"vscode.typescript-language-features","_lower":"vscode.typescript-language-features"},"activationEvent":"onLanguage:typescript"}
[2020-04-10 17:44:03.141] [exthost] [info] ExtensionService#loadCommonJSModule file:///usr/lib/code/extensions/typescript-language-features/dist/extension
[2020-04-10 17:44:09.893] [exthost] [info] ExtensionService#_doActivateExtension vscode.configuration-editing {"startup":false,"extensionId":{"value":"vscode.configuration-editing","_lower":"vscode.configuration-editing"},"activationEvent":"onLanguage:jsonc"}
[2020-04-10 17:44:09.893] [exthost] [info] ExtensionService#loadCommonJSModule file:///usr/lib/code/extensions/configuration-editing/dist/extension
[2020-04-10 17:44:09.900] [exthost] [info] ExtensionService#_doActivateExtension vscode.json-language-features {"startup":false,"extensionId":{"value":"vscode.json-language-features","_lower":"vscode.json-language-features"},"activationEvent":"onLanguage:jsonc"}
[2020-04-10 17:44:09.901] [exthost] [info] ExtensionService#loadCommonJSModule file:///usr/lib/code/extensions/json-language-features/client/dist/jsonMain
[2020-04-10 17:44:09.924] [exthost] [error] [vscode.typescript-language-features] provider FAILED
[2020-04-10 17:44:09.925] [exthost] [error] Error: busy
	at o._provideSemanticTokens (/usr/lib/code/extensions/typescript-language-features/dist/extension.js:1:180337)
[2020-04-10 17:44:10.366] [exthost] [error] [vscode.typescript-language-features] provider FAILED
[2020-04-10 17:44:10.366] [exthost] [error] Error: busy
	at o._provideSemanticTokens (/usr/lib/code/extensions/typescript-language-features/dist/extension.js:1:180337)
[2020-04-10 17:44:10.596] [exthost] [info] [vscode.typescript-language-features] UNSAVE result from 'resolveCompletionItem', extension SHOULD NOT change any of: additionalTextEdits, or command
[2020-04-10 17:44:10.938] [exthost] [error] [vscode.typescript-language-features] provider FAILED
[2020-04-10 17:44:10.938] [exthost] [error] Error: busy
	at o._provideSemanticTokens (/usr/lib/code/extensions/typescript-language-features/dist/extension.js:1:180337)
[2020-04-10 17:44:20.260] [exthost] [error] [vscode.typescript-language-features] provider FAILED
[2020-04-10 17:44:20.260] [exthost] [error] Error: busy
	at o._provideSemanticTokens (/usr/lib/code/extensions/typescript-language-features/dist/extension.js:1:180337)
[2020-04-10 17:44:23.261] [exthost] [error] [vscode.typescript-language-features] provider FAILED
[2020-04-10 17:44:23.262] [exthost] [error] Error: busy
	at o._provideSemanticTokens (/usr/lib/code/extensions/typescript-language-features/dist/extension.js:1:180337)
[2020-04-10 17:44:27.037] [exthost] [error] [vscode.typescript-language-features] provider FAILED
[2020-04-10 17:44:27.037] [exthost] [error] Error: busy
	at o._provideSemanticTokens (/usr/lib/code/extensions/typescript-language-features/dist/extension.js:1:180337)
[2020-04-10 17:44:28.213] [exthost] [error] [vscode.typescript-language-features] provider FAILED
[2020-04-10 17:44:28.213] [exthost] [error] Error: busy
	at o._provideSemanticTokens (/usr/lib/code/extensions/typescript-language-features/dist/extension.js:1:180337)
[2020-04-10 17:44:29.025] [exthost] [error] [vscode.typescript-language-features] provider FAILED
[2020-04-10 17:44:29.025] [exthost] [error] Error: busy
	at o._provideSemanticTokens (/usr/lib/code/extensions/typescript-language-features/dist/extension.js:1:180337)
[2020-04-10 17:44:36.444] [exthost] [error] [vscode.typescript-language-features] provider FAILED
[2020-04-10 17:44:36.444] [exthost] [error] Error: busy
	at o._provideSemanticTokens (/usr/lib/code/extensions/typescript-language-features/dist/extension.js:1:180337)
[2020-04-10 17:45:10.922] [exthost] [error] [vscode.typescript-language-features] provider FAILED
[2020-04-10 17:45:10.922] [exthost] [error] Error: busy
	at o._provideSemanticTokens (/usr/lib/code/extensions/typescript-language-features/dist/extension.js:1:180337)
