[   348.706] (WW) Failed to open protocol names file lib/xorg/protocol.txt
[   348.706] 
X.Org X Server 1.20.7
X Protocol Version 11, Revision 0
[   348.706] Build Operating System: Linux Arch Linux
[   348.706] Current Operating System: Linux arch-pc 5.5.10-zen1-1-zen #1 ZEN SMP PREEMPT Wed, 18 Mar 2020 08:40:41 +0000 x86_64
[   348.706] Kernel command line: BOOT_IMAGE=/vmlinuz-linux-zen root=UUID=38b9d5aa-85ff-4337-a3bd-989fc7be8eea rw loglevel=3
[   348.706] Build Date: 14 January 2020  07:13:52AM
[   348.706]  
[   348.706] Current version of pixman: 0.38.4
[   348.706] 	Before reporting problems, check http://wiki.x.org
	to make sure that you have the latest version.
[   348.706] Markers: (--) probed, (**) from config file, (==) default setting,
	(++) from command line, (!!) notice, (II) informational,
	(WW) warning, (EE) error, (NI) not implemented, (??) unknown.
[   348.707] (==) Log file: "/home/igfersa/.local/share/xorg/Xorg.0.log", Time: Mon Mar 23 00:31:53 2020
[   348.707] (==) Using system config directory "/usr/share/X11/xorg.conf.d"
[   348.707] (==) No Layout section.  Using the first Screen section.
[   348.707] (==) No screen section available. Using defaults.
[   348.707] (**) |-->Screen "Default Screen Section" (0)
[   348.707] (**) |   |-->Monitor "<default monitor>"
[   348.707] (==) No monitor specified for screen "Default Screen Section".
	Using a default monitor configuration.
[   348.707] (==) Automatically adding devices
[   348.707] (==) Automatically enabling devices
[   348.707] (==) Automatically adding GPU devices
[   348.707] (==) Automatically binding GPU devices
[   348.707] (==) Max clients allowed: 256, resource mask: 0x1fffff
[   348.708] (WW) The directory "/usr/share/fonts/TTF" does not exist.
[   348.708] 	Entry deleted from font path.
[   348.708] (WW) The directory "/usr/share/fonts/OTF" does not exist.
[   348.708] 	Entry deleted from font path.
[   348.708] (WW) The directory "/usr/share/fonts/Type1" does not exist.
[   348.708] 	Entry deleted from font path.
[   348.708] (WW) The directory "/usr/share/fonts/100dpi" does not exist.
[   348.708] 	Entry deleted from font path.
[   348.708] (WW) The directory "/usr/share/fonts/75dpi" does not exist.
[   348.708] 	Entry deleted from font path.
[   348.708] (==) FontPath set to:
	/usr/share/fonts/misc
[   348.708] (==) ModulePath set to "/usr/lib/xorg/modules"
[   348.708] (II) The server relies on udev to provide the list of input devices.
	If no devices become available, reconfigure udev or disable AutoAddDevices.
[   348.708] (II) Module ABI versions:
[   348.708] 	X.Org ANSI C Emulation: 0.4
[   348.708] 	X.Org Video Driver: 24.1
[   348.708] 	X.Org XInput driver : 24.1
[   348.708] 	X.Org Server Extension : 10.0
[   348.709] (++) using VT number 3

[   348.712] (II) systemd-logind: took control of session /org/freedesktop/login1/session/_31
[   348.712] (II) xfree86: Adding drm device (/dev/dri/card0)
[   348.713] (II) systemd-logind: got fd for /dev/dri/card0 226:0 fd 10 paused 0
[   348.714] (--) PCI:*(0@0:2:0) 8086:0a16:17aa:2214 rev 11, Mem @ 0xf0000000/4194304, 0xe0000000/268435456, I/O @ 0x00003000/64, BIOS @ 0x????????/131072
[   348.716] (WW) Open ACPI failed (/var/run/acpid.socket) (No such file or directory)
[   348.716] (II) LoadModule: "glx"
[   348.716] (II) Loading /usr/lib/xorg/modules/extensions/libglx.so
[   348.722] (II) Module glx: vendor="X.Org Foundation"
[   348.722] 	compiled for 1.20.7, module version = 1.0.0
[   348.722] 	ABI class: X.Org Server Extension, version 10.0
[   348.722] (==) Matched intel as autoconfigured driver 0
[   348.722] (==) Matched modesetting as autoconfigured driver 1
[   348.722] (==) Matched fbdev as autoconfigured driver 2
[   348.722] (==) Matched vesa as autoconfigured driver 3
[   348.722] (==) Assigned the driver to the xf86ConfigLayout
[   348.722] (II) LoadModule: "intel"
[   348.722] (WW) Warning, couldn't open module intel
[   348.722] (EE) Failed to load module "intel" (module does not exist, 0)
[   348.722] (II) LoadModule: "modesetting"
[   348.722] (II) Loading /usr/lib/xorg/modules/drivers/modesetting_drv.so
[   348.723] (II) Module modesetting: vendor="X.Org Foundation"
[   348.723] 	compiled for 1.20.7, module version = 1.20.7
[   348.723] 	Module class: X.Org Video Driver
[   348.723] 	ABI class: X.Org Video Driver, version 24.1
[   348.723] (II) LoadModule: "fbdev"
[   348.724] (WW) Warning, couldn't open module fbdev
[   348.724] (EE) Failed to load module "fbdev" (module does not exist, 0)
[   348.724] (II) LoadModule: "vesa"
[   348.724] (WW) Warning, couldn't open module vesa
[   348.724] (EE) Failed to load module "vesa" (module does not exist, 0)
[   348.724] (II) modesetting: Driver for Modesetting Kernel Drivers: kms
[   348.724] (II) modeset(0): using drv /dev/dri/card0
[   348.724] (WW) VGA arbiter: cannot open kernel arbiter, no multi-card support
[   348.724] (II) modeset(0): Creating default Display subsection in Screen section
	"Default Screen Section" for depth/fbbpp 24/32
[   348.724] (==) modeset(0): Depth 24, (==) framebuffer bpp 32
[   348.724] (==) modeset(0): RGB weight 888
[   348.724] (==) modeset(0): Default visual is TrueColor
[   348.724] (II) Loading sub module "glamoregl"
[   348.724] (II) LoadModule: "glamoregl"
[   348.724] (II) Loading /usr/lib/xorg/modules/libglamoregl.so
[   348.729] (II) Module glamoregl: vendor="X.Org Foundation"
[   348.729] 	compiled for 1.20.7, module version = 1.0.1
[   348.729] 	ABI class: X.Org ANSI C Emulation, version 0.4
[   348.751] (II) modeset(0): glamor X acceleration enabled on Mesa DRI Intel(R) Haswell Mobile 
[   348.751] (II) modeset(0): glamor initialized
[   348.752] (II) modeset(0): Output eDP-1 has no monitor section
[   348.752] (II) modeset(0): Output DP-1 has no monitor section
[   348.905] (II) modeset(0): Output HDMI-1 has no monitor section
[   348.905] (II) modeset(0): Output DP-2 has no monitor section
[   348.906] (II) modeset(0): Output HDMI-2 has no monitor section
[   348.908] (II) modeset(0): EDID for output eDP-1
[   348.908] (II) modeset(0): Manufacturer: LGD  Model: 3ed  Serial#: 0
[   348.908] (II) modeset(0): Year: 2012  Week: 0
[   348.908] (II) modeset(0): EDID Version: 1.4
[   348.908] (II) modeset(0): Digital Display Input
[   348.908] (II) modeset(0): 6 bits per channel
[   348.908] (II) modeset(0): Digital interface is DisplayPort
[   348.908] (II) modeset(0): Max Image Size [cm]: horiz.: 28  vert.: 16
[   348.908] (II) modeset(0): Gamma: 2.20
[   348.908] (II) modeset(0): No DPMS capabilities specified
[   348.908] (II) modeset(0): Supported color encodings: RGB 4:4:4 YCrCb 4:4:4 
[   348.908] (II) modeset(0): First detailed timing is preferred mode
[   348.908] (II) modeset(0): Preferred mode is native pixel format and refresh rate
[   348.908] (II) modeset(0): redX: 0.586 redY: 0.345   greenX: 0.340 greenY: 0.559
[   348.908] (II) modeset(0): blueX: 0.158 blueY: 0.127   whiteX: 0.313 whiteY: 0.329
[   348.908] (II) modeset(0): Manufacturer's mask: 0
[   348.908] (II) modeset(0): Supported detailed timing:
[   348.908] (II) modeset(0): clock: 74.8 MHz   Image Size:  277 x 156 mm
[   348.908] (II) modeset(0): h_active: 1366  h_sync: 1414  h_sync_end 1446 h_blank_end 1578 h_border: 0
[   348.908] (II) modeset(0): v_active: 768  v_sync: 770  v_sync_end 775 v_blanking: 790 v_border: 0
[   348.908] (II) modeset(0):  LG Display
[   348.908] (II) modeset(0):  LP125WH2-SPT1
[   348.908] (II) modeset(0): EDID (in hex):
[   348.908] (II) modeset(0): 	00ffffffffffff0030e4ed0300000000
[   348.908] (II) modeset(0): 	00160104951c10780a10a59658578f28
[   348.908] (II) modeset(0): 	20505400000001010101010101010101
[   348.908] (II) modeset(0): 	010101010101381d56d4500016303020
[   348.908] (II) modeset(0): 	2500159c100000190000000000000000
[   348.908] (II) modeset(0): 	00000000000000000000000000fe004c
[   348.908] (II) modeset(0): 	4720446973706c61790a2020000000fe
[   348.908] (II) modeset(0): 	004c503132355748322d535054310092
[   348.908] (II) modeset(0): Printing probed modes for output eDP-1
[   348.908] (II) modeset(0): Modeline "1366x768"x60.0   74.80  1366 1414 1446 1578  768 770 775 790 -hsync -vsync (47.4 kHz eP)
[   348.908] (II) modeset(0): Modeline "1280x720"x120.0  156.12  1280 1376 1512 1744  720 721 724 746 doublescan -hsync +vsync (89.5 kHz d)
[   348.908] (II) modeset(0): Modeline "1280x720"x120.0  120.75  1280 1304 1320 1360  720 721 724 740 doublescan +hsync -vsync (88.8 kHz d)
[   348.908] (II) modeset(0): Modeline "1280x720"x59.9   74.50  1280 1344 1472 1664  720 723 728 748 -hsync +vsync (44.8 kHz d)
[   348.908] (II) modeset(0): Modeline "1280x720"x59.7   63.75  1280 1328 1360 1440  720 723 728 741 +hsync -vsync (44.3 kHz d)
[   348.908] (II) modeset(0): Modeline "1024x768"x120.1  133.47  1024 1100 1212 1400  768 768 770 794 doublescan -hsync +vsync (95.3 kHz d)
[   348.909] (II) modeset(0): Modeline "1024x768"x60.0   65.00  1024 1048 1184 1344  768 771 777 806 -hsync -vsync (48.4 kHz d)
[   348.909] (II) modeset(0): Modeline "960x720"x120.0  117.00  960 1024 1128 1300  720 720 722 750 doublescan -hsync +vsync (90.0 kHz d)
[   348.909] (II) modeset(0): Modeline "928x696"x120.1  109.15  928 976 1088 1264  696 696 698 719 doublescan -hsync +vsync (86.4 kHz d)
[   348.909] (II) modeset(0): Modeline "896x672"x120.0  102.40  896 960 1060 1224  672 672 674 697 doublescan -hsync +vsync (83.7 kHz d)
[   348.909] (II) modeset(0): Modeline "1024x576"x119.9   98.50  1024 1092 1200 1376  576 577 580 597 doublescan -hsync +vsync (71.6 kHz d)
[   348.909] (II) modeset(0): Modeline "1024x576"x119.9   78.38  1024 1048 1064 1104  576 577 580 592 doublescan +hsync -vsync (71.0 kHz d)
[   348.909] (II) modeset(0): Modeline "1024x576"x59.9   46.50  1024 1064 1160 1296  576 579 584 599 -hsync +vsync (35.9 kHz d)
[   348.909] (II) modeset(0): Modeline "1024x576"x59.8   42.00  1024 1072 1104 1184  576 579 584 593 +hsync -vsync (35.5 kHz d)
[   348.909] (II) modeset(0): Modeline "960x600"x119.9   96.62  960 1028 1128 1296  600 601 604 622 doublescan -hsync +vsync (74.6 kHz d)
[   348.909] (II) modeset(0): Modeline "960x600"x120.0   77.00  960 984 1000 1040  600 601 604 617 doublescan +hsync -vsync (74.0 kHz d)
[   348.909] (II) modeset(0): Modeline "960x540"x119.9   86.50  960 1024 1124 1288  540 541 544 560 doublescan -hsync +vsync (67.2 kHz d)
[   348.909] (II) modeset(0): Modeline "960x540"x120.0   69.25  960 984 1000 1040  540 541 544 555 doublescan +hsync -vsync (66.6 kHz d)
[   348.909] (II) modeset(0): Modeline "960x540"x59.6   40.75  960 992 1088 1216  540 543 548 562 -hsync +vsync (33.5 kHz d)
[   348.909] (II) modeset(0): Modeline "960x540"x59.8   37.25  960 1008 1040 1120  540 543 548 556 +hsync -vsync (33.3 kHz d)
[   348.909] (II) modeset(0): Modeline "800x600"x120.0   81.00  800 832 928 1080  600 600 602 625 doublescan +hsync +vsync (75.0 kHz d)
[   348.909] (II) modeset(0): Modeline "800x600"x60.3   40.00  800 840 968 1056  600 601 605 628 +hsync +vsync (37.9 kHz d)
[   348.909] (II) modeset(0): Modeline "800x600"x56.2   36.00  800 824 896 1024  600 601 603 625 +hsync +vsync (35.2 kHz d)
[   348.909] (II) modeset(0): Modeline "840x525"x120.0   73.12  840 892 980 1120  525 526 529 544 doublescan -hsync +vsync (65.3 kHz d)
[   348.909] (II) modeset(0): Modeline "840x525"x119.8   59.50  840 864 880 920  525 526 529 540 doublescan +hsync -vsync (64.7 kHz d)
[   348.909] (II) modeset(0): Modeline "864x486"x59.9   32.50  864 888 968 1072  486 489 494 506 -hsync +vsync (30.3 kHz d)
[   348.909] (II) modeset(0): Modeline "864x486"x59.6   30.50  864 912 944 1024  486 489 494 500 +hsync -vsync (29.8 kHz d)
[   348.909] (II) modeset(0): Modeline "700x525"x120.0   61.00  700 744 820 940  525 526 532 541 doublescan +hsync +vsync (64.9 kHz d)
[   348.909] (II) modeset(0): Modeline "800x450"x119.9   59.12  800 848 928 1056  450 451 454 467 doublescan -hsync +vsync (56.0 kHz d)
[   348.909] (II) modeset(0): Modeline "800x450"x119.6   48.75  800 824 840 880  450 451 454 463 doublescan +hsync -vsync (55.4 kHz d)
[   348.909] (II) modeset(0): Modeline "640x512"x120.0   54.00  640 664 720 844  512 512 514 533 doublescan +hsync +vsync (64.0 kHz d)
[   348.909] (II) modeset(0): Modeline "700x450"x119.9   51.75  700 740 812 924  450 451 456 467 doublescan -hsync +vsync (56.0 kHz d)
[   348.909] (II) modeset(0): Modeline "700x450"x119.8   43.25  700 724 740 780  450 451 456 463 doublescan +hsync -vsync (55.4 kHz d)
[   348.909] (II) modeset(0): Modeline "640x480"x120.0   54.00  640 688 744 900  480 480 482 500 doublescan +hsync +vsync (60.0 kHz d)
[   348.909] (II) modeset(0): Modeline "640x480"x59.9   25.18  640 656 752 800  480 490 492 525 -hsync -vsync (31.5 kHz d)
[   348.909] (II) modeset(0): Modeline "720x405"x59.5   22.50  720 744 808 896  405 408 413 422 -hsync +vsync (25.1 kHz d)
[   348.909] (II) modeset(0): Modeline "720x405"x59.0   21.75  720 768 800 880  405 408 413 419 +hsync -vsync (24.7 kHz d)
[   348.909] (II) modeset(0): Modeline "684x384"x119.8   42.62  684 720 788 892  384 385 390 399 doublescan -hsync +vsync (47.8 kHz d)
[   348.909] (II) modeset(0): Modeline "684x384"x119.7   36.12  684 708 724 764  384 385 390 395 doublescan +hsync -vsync (47.3 kHz d)
[   348.909] (II) modeset(0): Modeline "640x400"x119.8   41.75  640 676 740 840  400 401 404 415 doublescan -hsync +vsync (49.7 kHz d)
[   348.909] (II) modeset(0): Modeline "640x400"x120.0   35.50  640 664 680 720  400 401 404 411 doublescan +hsync -vsync (49.3 kHz d)
[   348.909] (II) modeset(0): Modeline "640x360"x119.7   37.25  640 672 736 832  360 361 364 374 doublescan -hsync +vsync (44.8 kHz d)
[   348.909] (II) modeset(0): Modeline "640x360"x119.7   31.88  640 664 680 720  360 361 364 370 doublescan +hsync -vsync (44.3 kHz d)
[   348.909] (II) modeset(0): Modeline "640x360"x59.8   18.00  640 664 720 800  360 363 368 376 -hsync +vsync (22.5 kHz d)
[   348.909] (II) modeset(0): Modeline "640x360"x59.3   17.75  640 688 720 800  360 363 368 374 +hsync -vsync (22.2 kHz d)
[   348.909] (II) modeset(0): Modeline "512x384"x120.0   32.50  512 524 592 672  384 385 388 403 doublescan -hsync -vsync (48.4 kHz d)
[   348.909] (II) modeset(0): Modeline "512x288"x120.0   23.25  512 532 580 648  288 289 292 299 doublescan -hsync +vsync (35.9 kHz d)
[   348.909] (II) modeset(0): Modeline "512x288"x119.8   21.00  512 536 552 592  288 289 292 296 doublescan +hsync -vsync (35.5 kHz d)
[   348.909] (II) modeset(0): Modeline "480x270"x119.3   20.38  480 496 544 608  270 271 274 281 doublescan -hsync +vsync (33.5 kHz d)
[   348.909] (II) modeset(0): Modeline "480x270"x119.6   18.62  480 504 520 560  270 271 274 278 doublescan +hsync -vsync (33.3 kHz d)
[   348.909] (II) modeset(0): Modeline "400x300"x120.6   20.00  400 420 484 528  300 300 302 314 doublescan +hsync +vsync (37.9 kHz d)
[   348.909] (II) modeset(0): Modeline "400x300"x112.7   18.00  400 412 448 512  300 300 301 312 doublescan +hsync +vsync (35.2 kHz d)
[   348.909] (II) modeset(0): Modeline "432x243"x119.8   16.25  432 444 484 536  243 244 247 253 doublescan -hsync +vsync (30.3 kHz d)
[   348.909] (II) modeset(0): Modeline "432x243"x119.1   15.25  432 456 472 512  243 244 247 250 doublescan +hsync -vsync (29.8 kHz d)
[   348.909] (II) modeset(0): Modeline "320x240"x120.1   12.59  320 328 376 400  240 245 246 262 doublescan -hsync -vsync (31.5 kHz d)
[   348.909] (II) modeset(0): Modeline "360x202"x119.0   11.25  360 372 404 448  202 204 206 211 doublescan -hsync +vsync (25.1 kHz d)
[   348.909] (II) modeset(0): Modeline "360x202"x118.3   10.88  360 384 400 440  202 204 206 209 doublescan +hsync -vsync (24.7 kHz d)
[   348.909] (II) modeset(0): Modeline "320x180"x119.7    9.00  320 332 360 400  180 181 184 188 doublescan -hsync +vsync (22.5 kHz d)
[   348.909] (II) modeset(0): Modeline "320x180"x118.6    8.88  320 344 360 400  180 181 184 187 doublescan +hsync -vsync (22.2 kHz d)
[   348.909] (II) modeset(0): EDID for output DP-1
[   349.059] (II) modeset(0): EDID for output HDMI-1
[   349.059] (II) modeset(0): EDID for output DP-2
[   349.060] (II) modeset(0): EDID for output HDMI-2
[   349.060] (II) modeset(0): Output eDP-1 connected
[   349.060] (II) modeset(0): Output DP-1 disconnected
[   349.060] (II) modeset(0): Output HDMI-1 disconnected
[   349.060] (II) modeset(0): Output DP-2 disconnected
[   349.060] (II) modeset(0): Output HDMI-2 disconnected
[   349.060] (II) modeset(0): Using exact sizes for initial modes
[   349.060] (II) modeset(0): Output eDP-1 using initial mode 1366x768 +0+0
[   349.060] (==) modeset(0): Using gamma correction (1.0, 1.0, 1.0)
[   349.060] (==) modeset(0): DPI set to (96, 96)
[   349.060] (II) Loading sub module "fb"
[   349.060] (II) LoadModule: "fb"
[   349.060] (II) Loading /usr/lib/xorg/modules/libfb.so
[   349.060] (II) Module fb: vendor="X.Org Foundation"
[   349.060] 	compiled for 1.20.7, module version = 1.0.0
[   349.060] 	ABI class: X.Org ANSI C Emulation, version 0.4
[   349.128] (==) modeset(0): Backing store enabled
[   349.128] (==) modeset(0): Silken mouse disabled
[   349.211] (II) modeset(0): Initializing kms color map for depth 24, 8 bpc.
[   349.211] (==) modeset(0): DPMS enabled
[   349.211] (II) modeset(0): [DRI2] Setup complete
[   349.211] (II) modeset(0): [DRI2]   DRI driver: i965
[   349.211] (II) modeset(0): [DRI2]   VDPAU driver: va_gl
[   349.211] (II) Initializing extension Generic Event Extension
[   349.211] (II) Initializing extension SHAPE
[   349.211] (II) Initializing extension MIT-SHM
[   349.211] (II) Initializing extension XInputExtension
[   349.211] (II) Initializing extension XTEST
[   349.211] (II) Initializing extension BIG-REQUESTS
[   349.211] (II) Initializing extension SYNC
[   349.211] (II) Initializing extension XKEYBOARD
[   349.211] (II) Initializing extension XC-MISC
[   349.211] (II) Initializing extension SECURITY
[   349.211] (II) Initializing extension XFIXES
[   349.211] (II) Initializing extension RENDER
[   349.211] (II) Initializing extension RANDR
[   349.211] (II) Initializing extension COMPOSITE
[   349.211] (II) Initializing extension DAMAGE
[   349.212] (II) Initializing extension MIT-SCREEN-SAVER
[   349.212] (II) Initializing extension DOUBLE-BUFFER
[   349.212] (II) Initializing extension RECORD
[   349.212] (II) Initializing extension DPMS
[   349.212] (II) Initializing extension Present
[   349.212] (II) Initializing extension DRI3
[   349.212] (II) Initializing extension X-Resource
[   349.212] (II) Initializing extension XVideo
[   349.212] (II) Initializing extension XVideo-MotionCompensation
[   349.212] (II) Initializing extension GLX
[   349.219] (II) AIGLX: Loaded and initialized i965
[   349.219] (II) GLX: Initialized DRI2 GL provider for screen 0
[   349.219] (II) Initializing extension XFree86-VidModeExtension
[   349.219] (II) Initializing extension XFree86-DGA
[   349.219] (II) Initializing extension XFree86-DRI
[   349.219] (II) Initializing extension DRI2
[   349.221] (II) modeset(0): Damage tracking initialized
[   349.221] (II) modeset(0): Setting screen physical size to 361 x 203
[   349.267] (II) config/udev: Adding input device Power Button (/dev/input/event2)
[   349.267] (**) Power Button: Applying InputClass "libinput keyboard catchall"
[   349.267] (II) LoadModule: "libinput"
[   349.267] (II) Loading /usr/lib/xorg/modules/input/libinput_drv.so
[   349.269] (II) Module libinput: vendor="X.Org Foundation"
[   349.269] 	compiled for 1.20.7, module version = 0.29.0
[   349.269] 	Module class: X.Org XInput Driver
[   349.269] 	ABI class: X.Org XInput driver, version 24.1
[   349.269] (II) Using input driver 'libinput' for 'Power Button'
[   349.271] (II) systemd-logind: got fd for /dev/input/event2 13:66 fd 14 paused 0
[   349.271] (**) Power Button: always reports core events
[   349.271] (**) Option "Device" "/dev/input/event2"
[   349.271] (**) Option "_source" "server/udev"
[   349.272] (II) event2  - Power Button: is tagged by udev as: Keyboard
[   349.272] (II) event2  - Power Button: device is a keyboard
[   349.272] (II) event2  - Power Button: device removed
[   349.272] (**) Option "config_info" "udev:/sys/devices/LNXSYSTM:00/LNXPWRBN:00/input/input2/event2"
[   349.272] (II) XINPUT: Adding extended input device "Power Button" (type: KEYBOARD, id 6)
[   349.273] (II) event2  - Power Button: is tagged by udev as: Keyboard
[   349.273] (II) event2  - Power Button: device is a keyboard
[   349.273] (II) config/udev: Adding input device Video Bus (/dev/input/event11)
[   349.273] (**) Video Bus: Applying InputClass "libinput keyboard catchall"
[   349.273] (II) Using input driver 'libinput' for 'Video Bus'
[   349.275] (II) systemd-logind: got fd for /dev/input/event11 13:75 fd 17 paused 0
[   349.275] (**) Video Bus: always reports core events
[   349.275] (**) Option "Device" "/dev/input/event11"
[   349.275] (**) Option "_source" "server/udev"
[   349.275] (II) event11 - Video Bus: is tagged by udev as: Keyboard
[   349.275] (II) event11 - Video Bus: device is a keyboard
[   349.275] (II) event11 - Video Bus: device removed
[   349.275] (**) Option "config_info" "udev:/sys/devices/LNXSYSTM:00/LNXSYBUS:00/PNP0A08:00/LNXVIDEO:00/input/input13/event11"
[   349.275] (II) XINPUT: Adding extended input device "Video Bus" (type: KEYBOARD, id 7)
[   349.275] (II) event11 - Video Bus: is tagged by udev as: Keyboard
[   349.275] (II) event11 - Video Bus: device is a keyboard
[   349.276] (II) config/udev: Adding input device Lid Switch (/dev/input/event0)
[   349.276] (II) No input driver specified, ignoring this device.
[   349.276] (II) This device may have been added with another device file.
[   349.276] (II) config/udev: Adding input device Sleep Button (/dev/input/event1)
[   349.276] (**) Sleep Button: Applying InputClass "libinput keyboard catchall"
[   349.276] (II) Using input driver 'libinput' for 'Sleep Button'
[   349.278] (II) systemd-logind: got fd for /dev/input/event1 13:65 fd 18 paused 0
[   349.278] (**) Sleep Button: always reports core events
[   349.278] (**) Option "Device" "/dev/input/event1"
[   349.278] (**) Option "_source" "server/udev"
[   349.278] (II) event1  - Sleep Button: is tagged by udev as: Keyboard
[   349.278] (II) event1  - Sleep Button: device is a keyboard
[   349.278] (II) event1  - Sleep Button: device removed
[   349.278] (**) Option "config_info" "udev:/sys/devices/LNXSYSTM:00/LNXSYBUS:00/PNP0C0E:00/input/input1/event1"
[   349.278] (II) XINPUT: Adding extended input device "Sleep Button" (type: KEYBOARD, id 8)
[   349.279] (II) event1  - Sleep Button: is tagged by udev as: Keyboard
[   349.279] (II) event1  - Sleep Button: device is a keyboard
[   349.279] (II) config/udev: Adding input device HDA Intel HDMI HDMI/DP,pcm=3 (/dev/input/event15)
[   349.279] (II) No input driver specified, ignoring this device.
[   349.279] (II) This device may have been added with another device file.
[   349.279] (II) config/udev: Adding input device HDA Intel HDMI HDMI/DP,pcm=7 (/dev/input/event16)
[   349.279] (II) No input driver specified, ignoring this device.
[   349.279] (II) This device may have been added with another device file.
[   349.280] (II) config/udev: Adding input device HDA Intel HDMI HDMI/DP,pcm=8 (/dev/input/event17)
[   349.280] (II) No input driver specified, ignoring this device.
[   349.280] (II) This device may have been added with another device file.
[   349.280] (II) config/udev: Adding input device HDA Intel HDMI HDMI/DP,pcm=9 (/dev/input/event18)
[   349.280] (II) No input driver specified, ignoring this device.
[   349.280] (II) This device may have been added with another device file.
[   349.280] (II) config/udev: Adding input device HDA Intel HDMI HDMI/DP,pcm=10 (/dev/input/event19)
[   349.280] (II) No input driver specified, ignoring this device.
[   349.280] (II) This device may have been added with another device file.
[   349.281] (II) config/udev: Adding input device Integrated Camera: Integrated C (/dev/input/event13)
[   349.281] (**) Integrated Camera: Integrated C: Applying InputClass "libinput keyboard catchall"
[   349.281] (II) Using input driver 'libinput' for 'Integrated Camera: Integrated C'
[   349.282] (II) systemd-logind: got fd for /dev/input/event13 13:77 fd 19 paused 0
[   349.282] (**) Integrated Camera: Integrated C: always reports core events
[   349.282] (**) Option "Device" "/dev/input/event13"
[   349.282] (**) Option "_source" "server/udev"
[   349.283] (II) event13 - Integrated Camera: Integrated C: is tagged by udev as: Keyboard
[   349.283] (II) event13 - Integrated Camera: Integrated C: device is a keyboard
[   349.283] (II) event13 - Integrated Camera: Integrated C: device removed
[   349.283] (**) Option "config_info" "udev:/sys/devices/pci0000:00/0000:00:14.0/usb1/1-8/1-8:1.0/input/input16/event13"
[   349.283] (II) XINPUT: Adding extended input device "Integrated Camera: Integrated C" (type: KEYBOARD, id 9)
[   349.284] (II) event13 - Integrated Camera: Integrated C: is tagged by udev as: Keyboard
[   349.284] (II) event13 - Integrated Camera: Integrated C: device is a keyboard
[   349.284] (II) config/udev: Adding input device HDA Intel PCH Mic (/dev/input/event8)
[   349.284] (II) No input driver specified, ignoring this device.
[   349.284] (II) This device may have been added with another device file.
[   349.285] (II) config/udev: Adding input device HDA Intel PCH Dock Headphone (/dev/input/event9)
[   349.285] (II) No input driver specified, ignoring this device.
[   349.285] (II) This device may have been added with another device file.
[   349.285] (II) config/udev: Adding input device HDA Intel PCH Headphone (/dev/input/event10)
[   349.285] (II) No input driver specified, ignoring this device.
[   349.285] (II) This device may have been added with another device file.
[   349.285] (II) config/udev: Adding input device HDA Digital PCBeep (/dev/input/event6)
[   349.285] (II) No input driver specified, ignoring this device.
[   349.285] (II) This device may have been added with another device file.
[   349.285] (II) config/udev: Adding input device HDA Intel PCH Dock Mic (/dev/input/event7)
[   349.285] (II) No input driver specified, ignoring this device.
[   349.285] (II) This device may have been added with another device file.
[   349.286] (II) config/udev: Adding input device AT Translated Set 2 keyboard (/dev/input/event3)
[   349.286] (**) AT Translated Set 2 keyboard: Applying InputClass "libinput keyboard catchall"
[   349.286] (II) Using input driver 'libinput' for 'AT Translated Set 2 keyboard'
[   349.286] (II) systemd-logind: got fd for /dev/input/event3 13:67 fd 20 paused 0
[   349.286] (**) AT Translated Set 2 keyboard: always reports core events
[   349.286] (**) Option "Device" "/dev/input/event3"
[   349.286] (**) Option "_source" "server/udev"
[   349.287] (II) event3  - AT Translated Set 2 keyboard: is tagged by udev as: Keyboard
[   349.287] (II) event3  - AT Translated Set 2 keyboard: device is a keyboard
[   349.288] (II) event3  - AT Translated Set 2 keyboard: device removed
[   349.288] (**) Option "config_info" "udev:/sys/devices/platform/i8042/serio0/input/input3/event3"
[   349.288] (II) XINPUT: Adding extended input device "AT Translated Set 2 keyboard" (type: KEYBOARD, id 10)
[   349.289] (II) event3  - AT Translated Set 2 keyboard: is tagged by udev as: Keyboard
[   349.289] (II) event3  - AT Translated Set 2 keyboard: device is a keyboard
[   349.289] (II) config/udev: Adding input device PC Speaker (/dev/input/event4)
[   349.289] (II) No input driver specified, ignoring this device.
[   349.289] (II) This device may have been added with another device file.
[   349.290] (II) config/udev: Adding input device ThinkPad Extra Buttons (/dev/input/event5)
[   349.290] (**) ThinkPad Extra Buttons: Applying InputClass "libinput keyboard catchall"
[   349.290] (II) Using input driver 'libinput' for 'ThinkPad Extra Buttons'
[   349.290] (II) systemd-logind: got fd for /dev/input/event5 13:69 fd 21 paused 0
[   349.290] (**) ThinkPad Extra Buttons: always reports core events
[   349.290] (**) Option "Device" "/dev/input/event5"
[   349.290] (**) Option "_source" "server/udev"
[   349.291] (II) event5  - ThinkPad Extra Buttons: is tagged by udev as: Keyboard Switch
[   349.291] (II) event5  - ThinkPad Extra Buttons: device is a keyboard
[   349.291] (II) event5  - ThinkPad Extra Buttons: device removed
[   349.291] (**) Option "config_info" "udev:/sys/devices/platform/thinkpad_acpi/input/input7/event5"
[   349.291] (II) XINPUT: Adding extended input device "ThinkPad Extra Buttons" (type: KEYBOARD, id 11)
[   349.292] (II) event5  - ThinkPad Extra Buttons: is tagged by udev as: Keyboard Switch
[   349.292] (II) event5  - ThinkPad Extra Buttons: device is a keyboard
[   349.293] (II) config/udev: Adding input device Synaptics TM2749-001 (/dev/input/event12)
[   349.293] (**) Synaptics TM2749-001: Applying InputClass "libinput touchpad catchall"
[   349.293] (II) Using input driver 'libinput' for 'Synaptics TM2749-001'
[   349.293] (II) systemd-logind: got fd for /dev/input/event12 13:76 fd 22 paused 0
[   349.293] (**) Synaptics TM2749-001: always reports core events
[   349.293] (**) Option "Device" "/dev/input/event12"
[   349.293] (**) Option "_source" "server/udev"
[   349.294] (II) event12 - Synaptics TM2749-001: is tagged by udev as: Touchpad
[   349.295] (II) event12 - Synaptics TM2749-001: device is a touchpad
[   349.295] (II) event12 - Synaptics TM2749-001: device removed
[   349.295] (**) Option "config_info" "udev:/sys/devices/rmi4-00/input/input14/event12"
[   349.295] (II) XINPUT: Adding extended input device "Synaptics TM2749-001" (type: TOUCHPAD, id 12)
[   349.296] (**) Option "AccelerationScheme" "none"
[   349.296] (**) Synaptics TM2749-001: (accel) selected scheme none/0
[   349.296] (**) Synaptics TM2749-001: (accel) acceleration factor: 2.000
[   349.296] (**) Synaptics TM2749-001: (accel) acceleration threshold: 4
[   349.296] (II) event12 - Synaptics TM2749-001: is tagged by udev as: Touchpad
[   349.297] (II) event12 - Synaptics TM2749-001: device is a touchpad
[   349.298] (II) config/udev: Adding input device Synaptics TM2749-001 (/dev/input/mouse0)
[   349.298] (II) No input driver specified, ignoring this device.
[   349.298] (II) This device may have been added with another device file.
[   349.298] (II) config/udev: Adding input device TPPS/2 IBM TrackPoint (/dev/input/event14)
[   349.298] (**) TPPS/2 IBM TrackPoint: Applying InputClass "libinput pointer catchall"
[   349.298] (II) Using input driver 'libinput' for 'TPPS/2 IBM TrackPoint'
[   349.299] (II) systemd-logind: got fd for /dev/input/event14 13:78 fd 23 paused 0
[   349.299] (**) TPPS/2 IBM TrackPoint: always reports core events
[   349.299] (**) Option "Device" "/dev/input/event14"
[   349.299] (**) Option "_source" "server/udev"
[   349.300] (II) event14 - TPPS/2 IBM TrackPoint: is tagged by udev as: Mouse Pointingstick
[   349.300] (II) event14 - TPPS/2 IBM TrackPoint: device is a pointer
[   349.301] (II) event14 - TPPS/2 IBM TrackPoint: device removed
[   349.301] (**) Option "config_info" "udev:/sys/devices/rmi4-00/rmi4-00.fn03/serio2/input/input15/event14"
[   349.301] (II) XINPUT: Adding extended input device "TPPS/2 IBM TrackPoint" (type: MOUSE, id 13)
[   349.301] (**) Option "AccelerationScheme" "none"
[   349.301] (**) TPPS/2 IBM TrackPoint: (accel) selected scheme none/0
[   349.301] (**) TPPS/2 IBM TrackPoint: (accel) acceleration factor: 2.000
[   349.301] (**) TPPS/2 IBM TrackPoint: (accel) acceleration threshold: 4
[   349.302] (II) event14 - TPPS/2 IBM TrackPoint: is tagged by udev as: Mouse Pointingstick
[   349.302] (II) event14 - TPPS/2 IBM TrackPoint: device is a pointer
[   349.303] (II) config/udev: Adding input device TPPS/2 IBM TrackPoint (/dev/input/mouse1)
[   349.303] (II) No input driver specified, ignoring this device.
[   349.303] (II) This device may have been added with another device file.
[   349.375] (II) modeset(0): EDID vendor "LGD", prod id 1005
[   349.375] (II) modeset(0): Printing DDC gathered Modelines:
[   349.375] (II) modeset(0): Modeline "1366x768"x0.0   74.80  1366 1414 1446 1578  768 770 775 790 -hsync -vsync (47.4 kHz eP)
[   862.839] (II) modeset(0): EDID vendor "LGD", prod id 1005
[   862.839] (II) modeset(0): Printing DDC gathered Modelines:
[   862.839] (II) modeset(0): Modeline "1366x768"x0.0   74.80  1366 1414 1446 1578  768 770 775 790 -hsync -vsync (47.4 kHz eP)
[   914.093] (II) modeset(0): EDID vendor "LGD", prod id 1005
[   914.093] (II) modeset(0): Printing DDC gathered Modelines:
[   914.093] (II) modeset(0): Modeline "1366x768"x0.0   74.80  1366 1414 1446 1578  768 770 775 790 -hsync -vsync (47.4 kHz eP)
[   927.597] (II) modeset(0): EDID vendor "LGD", prod id 1005
[   927.597] (II) modeset(0): Printing DDC gathered Modelines:
[   927.597] (II) modeset(0): Modeline "1366x768"x0.0   74.80  1366 1414 1446 1578  768 770 775 790 -hsync -vsync (47.4 kHz eP)
[  2197.563] (**) Option "fd" "14"
[  2197.563] (II) event2  - Power Button: device removed
[  2197.563] (**) Option "fd" "17"
[  2197.563] (II) event11 - Video Bus: device removed
[  2197.563] (**) Option "fd" "18"
[  2197.563] (II) event1  - Sleep Button: device removed
[  2197.563] (**) Option "fd" "19"
[  2197.563] (II) event13 - Integrated Camera: Integrated C: device removed
[  2197.563] (**) Option "fd" "20"
[  2197.563] (II) event3  - AT Translated Set 2 keyboard: device removed
[  2197.563] (**) Option "fd" "21"
[  2197.563] (II) event5  - ThinkPad Extra Buttons: device removed
[  2197.563] (**) Option "fd" "22"
[  2197.563] (II) event12 - Synaptics TM2749-001: device removed
[  2197.563] (**) Option "fd" "23"
[  2197.563] (II) event14 - TPPS/2 IBM TrackPoint: device removed
[  2197.580] (II) UnloadModule: "libinput"
[  2197.580] (II) systemd-logind: releasing fd for 13:78
[  2197.606] (II) UnloadModule: "libinput"
[  2197.606] (II) systemd-logind: releasing fd for 13:76
[  2197.630] (II) UnloadModule: "libinput"
[  2197.630] (II) systemd-logind: releasing fd for 13:69
[  2197.646] (II) UnloadModule: "libinput"
[  2197.646] (II) systemd-logind: releasing fd for 13:67
[  2197.666] (II) UnloadModule: "libinput"
[  2197.666] (II) systemd-logind: releasing fd for 13:77
[  2197.694] (II) UnloadModule: "libinput"
[  2197.694] (II) systemd-logind: releasing fd for 13:65
[  2197.714] (II) UnloadModule: "libinput"
[  2197.714] (II) systemd-logind: releasing fd for 13:75
[  2197.742] (II) UnloadModule: "libinput"
[  2197.742] (II) systemd-logind: releasing fd for 13:66
[  2197.823] (II) Server terminated successfully (0). Closing log file.
