[Server(6008) file:///home/igfersa/Documents/develop] Started and initialize received
[Server(6008) file:///home/igfersa/Documents/develop] Setup a stylesheet lookup map
[Server(6008) file:///home/igfersa/Documents/develop] Document opened: file:///home/igfersa/Documents/develop/Angular9/exerciseList/src/app/exercises/exercises.component.html
[Server(6008) file:///home/igfersa/Documents/develop] Document changed: file:///home/igfersa/Documents/develop/Angular9/exerciseList/src/app/exercises/exercises.component.html
[Server(6008) file:///home/igfersa/Documents/develop] Document opened: file:///home/igfersa/Documents/develop/Angular9/exerciseList/src/app/exercises/exercises.component.ts
[Server(6008) file:///home/igfersa/Documents/develop] Document changed: file:///home/igfersa/Documents/develop/Angular9/exerciseList/src/app/exercises/exercises.component.ts
[Server(6008) file:///home/igfersa/Documents/develop] Document changed: file:///home/igfersa/Documents/develop/Angular9/exerciseList/src/app/exercises/exercises.component.ts
[Server(6008) file:///home/igfersa/Documents/develop] Document changed: file:///home/igfersa/Documents/develop/Angular9/exerciseList/src/app/exercises/exercises.component.ts
[Server(6008) file:///home/igfersa/Documents/develop] Document opened: file:///home/igfersa/Documents/develop/Angular9/exerciseList/src/app/exercise.service.ts
[Server(6008) file:///home/igfersa/Documents/develop] Document changed: file:///home/igfersa/Documents/develop/Angular9/exerciseList/src/app/exercise.service.ts
[Server(6008) file:///home/igfersa/Documents/develop] Document changed: file:///home/igfersa/Documents/develop/Angular9/exerciseList/src/app/exercise.service.ts
[Server(6008) file:///home/igfersa/Documents/develop] Document changed: file:///home/igfersa/Documents/develop/Angular9/exerciseList/src/app/exercise.service.ts
[Server(6008) file:///home/igfersa/Documents/develop] Document changed: file:///home/igfersa/Documents/develop/Angular9/exerciseList/src/app/exercise.service.ts
[Server(6008) file:///home/igfersa/Documents/develop] Document changed: file:///home/igfersa/Documents/develop/Angular9/exerciseList/src/app/exercise.service.ts
[Server(6008) file:///home/igfersa/Documents/develop] Document changed: file:///home/igfersa/Documents/develop/Angular9/exerciseList/src/app/exercise.service.ts
[Server(6008) file:///home/igfersa/Documents/develop] Document changed: file:///home/igfersa/Documents/develop/Angular9/exerciseList/src/app/exercise.service.ts
[Server(6008) file:///home/igfersa/Documents/develop] Document changed: file:///home/igfersa/Documents/develop/Angular9/exerciseList/src/app/exercise.service.ts
[Server(6008) file:///home/igfersa/Documents/develop] Document changed: file:///home/igfersa/Documents/develop/Angular9/exerciseList/src/app/exercise.service.ts
[Server(6008) file:///home/igfersa/Documents/develop] Document changed: file:///home/igfersa/Documents/develop/Angular9/exerciseList/src/app/exercise.service.ts
[Server(6008) file:///home/igfersa/Documents/develop] Document changed: file:///home/igfersa/Documents/develop/Angular9/exerciseList/src/app/exercise.service.ts
[Server(6008) file:///home/igfersa/Documents/develop] Document changed: file:///home/igfersa/Documents/develop/Angular9/exerciseList/src/app/exercise.service.ts
[Server(6008) file:///home/igfersa/Documents/develop] Document changed: file:///home/igfersa/Documents/develop/Angular9/exerciseList/src/app/exercise.service.ts
[Server(6008) file:///home/igfersa/Documents/develop] Document changed: file:///home/igfersa/Documents/develop/Angular9/exerciseList/src/app/exercise.service.ts
[Server(6008) file:///home/igfersa/Documents/develop] Document changed: file:///home/igfersa/Documents/develop/Angular9/exerciseList/src/app/exercise.service.ts
[Server(6008) file:///home/igfersa/Documents/develop] Document changed: file:///home/igfersa/Documents/develop/Angular9/exerciseList/src/app/exercise.service.ts
[Server(6008) file:///home/igfersa/Documents/develop] Document changed: file:///home/igfersa/Documents/develop/Angular9/exerciseList/src/app/exercise.service.ts
[Server(6008) file:///home/igfersa/Documents/develop] Document changed: file:///home/igfersa/Documents/develop/Angular9/exerciseList/src/app/exercise.service.ts
[Server(6008) file:///home/igfersa/Documents/develop] Document changed: file:///home/igfersa/Documents/develop/Angular9/exerciseList/src/app/exercise.service.ts
[Server(6008) file:///home/igfersa/Documents/develop] Document changed: file:///home/igfersa/Documents/develop/Angular9/exerciseList/src/app/exercise.service.ts
[Server(6008) file:///home/igfersa/Documents/develop] Document changed: file:///home/igfersa/Documents/develop/Angular9/exerciseList/src/app/exercise.service.ts
[Server(6008) file:///home/igfersa/Documents/develop] Document changed: file:///home/igfersa/Documents/develop/Angular9/exerciseList/src/app/exercise.service.ts
[Server(6008) file:///home/igfersa/Documents/develop] Document changed: file:///home/igfersa/Documents/develop/Angular9/exerciseList/src/app/exercise.service.ts
[Server(6008) file:///home/igfersa/Documents/develop] Document changed: file:///home/igfersa/Documents/develop/Angular9/exerciseList/src/app/exercise.service.ts
[Server(6008) file:///home/igfersa/Documents/develop] Document changed: file:///home/igfersa/Documents/develop/Angular9/exerciseList/src/app/exercise.service.ts
[Server(6008) file:///home/igfersa/Documents/develop] Document changed: file:///home/igfersa/Documents/develop/Angular9/exerciseList/src/app/exercise.service.ts
[Server(6008) file:///home/igfersa/Documents/develop] Document changed: file:///home/igfersa/Documents/develop/Angular9/exerciseList/src/app/exercise.service.ts
[Server(6008) file:///home/igfersa/Documents/develop] Document changed: file:///home/igfersa/Documents/develop/Angular9/exerciseList/src/app/exercise.service.ts
[Server(6008) file:///home/igfersa/Documents/develop] Document changed: file:///home/igfersa/Documents/develop/Angular9/exerciseList/src/app/exercise.service.ts
[Server(6008) file:///home/igfersa/Documents/develop] Document changed: file:///home/igfersa/Documents/develop/Angular9/exerciseList/src/app/exercise.service.ts
[Server(6008) file:///home/igfersa/Documents/develop] Document changed: file:///home/igfersa/Documents/develop/Angular9/exerciseList/src/app/exercise.service.ts
[Server(6008) file:///home/igfersa/Documents/develop] Document changed: file:///home/igfersa/Documents/develop/Angular9/exerciseList/src/app/exercise.service.ts
[Server(6008) file:///home/igfersa/Documents/develop] Document changed: file:///home/igfersa/Documents/develop/Angular9/exerciseList/src/app/exercise.service.ts
[Server(6008) file:///home/igfersa/Documents/develop] Document changed: file:///home/igfersa/Documents/develop/Angular9/exerciseList/src/app/exercise.service.ts
[Server(6008) file:///home/igfersa/Documents/develop] Document changed: file:///home/igfersa/Documents/develop/Angular9/exerciseList/src/app/exercise.service.ts
[Server(6008) file:///home/igfersa/Documents/develop] Document changed: file:///home/igfersa/Documents/develop/Angular9/exerciseList/src/app/exercise.service.ts
[Server(6008) file:///home/igfersa/Documents/develop] Document changed: file:///home/igfersa/Documents/develop/Angular9/exerciseList/src/app/exercise.service.ts
[Server(6008) file:///home/igfersa/Documents/develop] Document changed: file:///home/igfersa/Documents/develop/Angular9/exerciseList/src/app/exercise.service.ts
[Server(6008) file:///home/igfersa/Documents/develop] Document changed: file:///home/igfersa/Documents/develop/Angular9/exerciseList/src/app/exercise.service.ts
[Server(6008) file:///home/igfersa/Documents/develop] Document changed: file:///home/igfersa/Documents/develop/Angular9/exerciseList/src/app/exercise.service.ts
[Server(6008) file:///home/igfersa/Documents/develop] Document changed: file:///home/igfersa/Documents/develop/Angular9/exerciseList/src/app/exercise.service.ts
[Server(6008) file:///home/igfersa/Documents/develop] Document changed: file:///home/igfersa/Documents/develop/Angular9/exerciseList/src/app/exercise.service.ts
[Server(6008) file:///home/igfersa/Documents/develop] Document changed: file:///home/igfersa/Documents/develop/Angular9/exerciseList/src/app/exercise.service.ts
[Server(6008) file:///home/igfersa/Documents/develop] Document changed: file:///home/igfersa/Documents/develop/Angular9/exerciseList/src/app/exercise.service.ts
[Server(6008) file:///home/igfersa/Documents/develop] Document changed: file:///home/igfersa/Documents/develop/Angular9/exerciseList/src/app/exercise.service.ts
[Server(6008) file:///home/igfersa/Documents/develop] Document changed: file:///home/igfersa/Documents/develop/Angular9/exerciseList/src/app/exercise.service.ts
[Server(6008) file:///home/igfersa/Documents/develop] Document changed: file:///home/igfersa/Documents/develop/Angular9/exerciseList/src/app/exercise.service.ts
[Server(6008) file:///home/igfersa/Documents/develop] Document changed: file:///home/igfersa/Documents/develop/Angular9/exerciseList/src/app/exercise.service.ts
[Server(6008) file:///home/igfersa/Documents/develop] Document changed: file:///home/igfersa/Documents/develop/Angular9/exerciseList/src/app/exercise.service.ts
[Server(6008) file:///home/igfersa/Documents/develop] Document changed: file:///home/igfersa/Documents/develop/Angular9/exerciseList/src/app/exercise.service.ts
[Server(6008) file:///home/igfersa/Documents/develop] Document changed: file:///home/igfersa/Documents/develop/Angular9/exerciseList/src/app/exercise.service.ts
[Server(6008) file:///home/igfersa/Documents/develop] Document changed: file:///home/igfersa/Documents/develop/Angular9/exerciseList/src/app/exercise.service.ts
[Server(6008) file:///home/igfersa/Documents/develop] Document changed: file:///home/igfersa/Documents/develop/Angular9/exerciseList/src/app/exercise.service.ts
[Server(6008) file:///home/igfersa/Documents/develop] Document changed: file:///home/igfersa/Documents/develop/Angular9/exerciseList/src/app/exercise.service.ts
[Server(6008) file:///home/igfersa/Documents/develop] Document changed: file:///home/igfersa/Documents/develop/Angular9/exerciseList/src/app/exercise.service.ts
[Server(6008) file:///home/igfersa/Documents/develop] Document changed: file:///home/igfersa/Documents/develop/Angular9/exerciseList/src/app/exercise.service.ts
[Server(6008) file:///home/igfersa/Documents/develop] Document changed: file:///home/igfersa/Documents/develop/Angular9/exerciseList/src/app/exercise.service.ts
[Server(6008) file:///home/igfersa/Documents/develop] Document changed: file:///home/igfersa/Documents/develop/Angular9/exerciseList/src/app/exercise.service.ts
[Server(6008) file:///home/igfersa/Documents/develop] Document changed: file:///home/igfersa/Documents/develop/Angular9/exerciseList/src/app/exercise.service.ts
[Server(6008) file:///home/igfersa/Documents/develop] Document changed: file:///home/igfersa/Documents/develop/Angular9/exerciseList/src/app/exercise.service.ts
[Server(6008) file:///home/igfersa/Documents/develop] Document changed: file:///home/igfersa/Documents/develop/Angular9/exerciseList/src/app/exercise.service.ts
[Server(6008) file:///home/igfersa/Documents/develop] Document changed: file:///home/igfersa/Documents/develop/Angular9/exerciseList/src/app/exercise.service.ts
[Server(6008) file:///home/igfersa/Documents/develop] Document changed: file:///home/igfersa/Documents/develop/Angular9/exerciseList/src/app/exercise.service.ts
[Server(6008) file:///home/igfersa/Documents/develop] Document changed: file:///home/igfersa/Documents/develop/Angular9/exerciseList/src/app/exercise.service.ts
[Server(6008) file:///home/igfersa/Documents/develop] Document changed: file:///home/igfersa/Documents/develop/Angular9/exerciseList/src/app/exercise.service.ts
[Server(6008) file:///home/igfersa/Documents/develop] Document changed: file:///home/igfersa/Documents/develop/Angular9/exerciseList/src/app/exercise.service.ts
[Server(6008) file:///home/igfersa/Documents/develop] Document changed: file:///home/igfersa/Documents/develop/Angular9/exerciseList/src/app/exercise.service.ts
[Server(6008) file:///home/igfersa/Documents/develop] Document changed: file:///home/igfersa/Documents/develop/Angular9/exerciseList/src/app/exercise.service.ts
[Server(6008) file:///home/igfersa/Documents/develop] Document changed: file:///home/igfersa/Documents/develop/Angular9/exerciseList/src/app/exercise.service.ts
[Server(6008) file:///home/igfersa/Documents/develop] Document changed: file:///home/igfersa/Documents/develop/Angular9/exerciseList/src/app/exercise.service.ts
