Looking for git in: git
Using git 2.26.0 from git
> git rev-parse --show-toplevel
fatal: not a git repository (or any of the parent directories): .git
> git rev-parse --show-toplevel
> git rev-parse --git-dir
Open repository: /home/igfersa/Documents/develop/Angular9/exerciseList
> git status -z -u
> git symbolic-ref --short HEAD
> git rev-parse master
> git rev-parse --symbolic-full-name master@{u}
fatal: no upstream configured for branch 'master'
> git for-each-ref --format %(refname) %(objectname) --sort -committerdate
> git remote --verbose
> git config --get commit.template
> git rev-parse --show-toplevel
> git show :src/app/exercises/exercises.component.html
> git ls-files --stage -- /home/igfersa/Documents/develop/Angular9/exerciseList/src/app/exercises/exercises.component.html
fatal: not a git repository (or any of the parent directories): .git
> git check-ignore -v -z --stdin
> git show :src/app/exercises/exercises.component.css
> git ls-files --stage -- /home/igfersa/Documents/develop/Angular9/exerciseList/src/app/exercises/exercises.component.css
> git show :src/app/app.component.css
> git ls-files --stage -- /home/igfersa/Documents/develop/Angular9/exerciseList/src/app/app.component.css
> git cat-file -s e69de29bb2d1d6434b8b29ae775ad8c2e48c5391
> git status -z -u
> git symbolic-ref --short HEAD
> git rev-parse master
> git rev-parse --symbolic-full-name master@{u}
fatal: no upstream configured for branch 'master'
> git for-each-ref --format %(refname) %(objectname) --sort -committerdate
> git remote --verbose
> git config --get commit.template
> git status -z -u
> git symbolic-ref --short HEAD
> git rev-parse master
> git rev-parse --symbolic-full-name master@{u}
fatal: no upstream configured for branch 'master'
> git for-each-ref --format %(refname) %(objectname) --sort -committerdate
> git remote --verbose
> git config --get commit.template
> git check-ignore -v -z --stdin
> git show :src/styles.css
> git ls-files --stage -- /home/igfersa/Documents/develop/Angular9/exerciseList/src/styles.css
> git cat-file -s 90d4ee0072ce3fc41812f8af910219f9eea3c3de
> git show :src/app/exercises/exercises.component.html
> git ls-files --stage -- /home/igfersa/Documents/develop/Angular9/exerciseList/src/app/exercises/exercises.component.html
> git show :src/app/exercises/exercises.component.css
> git ls-files --stage -- /home/igfersa/Documents/develop/Angular9/exerciseList/src/app/exercises/exercises.component.css
> git status -z -u
> git symbolic-ref --short HEAD
> git rev-parse master
> git rev-parse --symbolic-full-name master@{u}
fatal: no upstream configured for branch 'master'
> git for-each-ref --format %(refname) %(objectname) --sort -committerdate
> git remote --verbose
> git config --get commit.template
> git show :src/app/exercises/exercises.component.html
> git ls-files --stage -- /home/igfersa/Documents/develop/Angular9/exerciseList/src/app/exercises/exercises.component.html
> git show :src/app/exercises/exercises.component.css
> git ls-files --stage -- /home/igfersa/Documents/develop/Angular9/exerciseList/src/app/exercises/exercises.component.css
> git status -z -u
> git symbolic-ref --short HEAD
> git rev-parse master
> git rev-parse --symbolic-full-name master@{u}
fatal: no upstream configured for branch 'master'
> git for-each-ref --format %(refname) %(objectname) --sort -committerdate
> git remote --verbose
> git config --get commit.template
> git show :src/app/exercises/exercises.component.html
> git ls-files --stage -- /home/igfersa/Documents/develop/Angular9/exerciseList/src/app/exercises/exercises.component.html
> git show :src/app/exercises/exercises.component.css
> git ls-files --stage -- /home/igfersa/Documents/develop/Angular9/exerciseList/src/app/exercises/exercises.component.css
> git show :src/app/app.component.css
> git ls-files --stage -- /home/igfersa/Documents/develop/Angular9/exerciseList/src/app/app.component.css
> git cat-file -s e69de29bb2d1d6434b8b29ae775ad8c2e48c5391
> git show :src/app/exercises/exercises.component.css
> git ls-files --stage -- /home/igfersa/Documents/develop/Angular9/exerciseList/src/app/exercises/exercises.component.css
> git status -z -u
> git symbolic-ref --short HEAD
> git rev-parse master
> git rev-parse --symbolic-full-name master@{u}
fatal: no upstream configured for branch 'master'
> git for-each-ref --format %(refname) %(objectname) --sort -committerdate
> git remote --verbose
> git config --get commit.template
> git status -z -u
> git symbolic-ref --short HEAD
> git rev-parse master
> git rev-parse --symbolic-full-name master@{u}
fatal: no upstream configured for branch 'master'
> git for-each-ref --format %(refname) %(objectname) --sort -committerdate
> git remote --verbose
> git config --get commit.template
> git status -z -u
> git symbolic-ref --short HEAD
> git rev-parse master
> git rev-parse --symbolic-full-name master@{u}
fatal: no upstream configured for branch 'master'
> git for-each-ref --format %(refname) %(objectname) --sort -committerdate
> git remote --verbose
> git config --get commit.template
> git show :src/app/exercises/exercises.component.html
> git ls-files --stage -- /home/igfersa/Documents/develop/Angular9/exerciseList/src/app/exercises/exercises.component.html
> git show :src/app/app.component.css
> git ls-files --stage -- /home/igfersa/Documents/develop/Angular9/exerciseList/src/app/app.component.css
> git cat-file -s e69de29bb2d1d6434b8b29ae775ad8c2e48c5391
> git status -z -u
> git symbolic-ref --short HEAD
> git rev-parse master
> git rev-parse --symbolic-full-name master@{u}
fatal: no upstream configured for branch 'master'
> git for-each-ref --format %(refname) %(objectname) --sort -committerdate
> git remote --verbose
> git config --get commit.template
> git show :src/styles.css
> git ls-files --stage -- /home/igfersa/Documents/develop/Angular9/exerciseList/src/styles.css
> git cat-file -s 90d4ee0072ce3fc41812f8af910219f9eea3c3de
> git show :src/app/exercises/exercises.component.html
> git ls-files --stage -- /home/igfersa/Documents/develop/Angular9/exerciseList/src/app/exercises/exercises.component.html
> git show :src/styles.css
> git ls-files --stage -- /home/igfersa/Documents/develop/Angular9/exerciseList/src/styles.css
> git cat-file -s 90d4ee0072ce3fc41812f8af910219f9eea3c3de
> git show :src/app/exercises/exercises.component.html
> git ls-files --stage -- /home/igfersa/Documents/develop/Angular9/exerciseList/src/app/exercises/exercises.component.html
> git status -z -u
> git symbolic-ref --short HEAD
> git rev-parse master
> git rev-parse --symbolic-full-name master@{u}
fatal: no upstream configured for branch 'master'
> git for-each-ref --format %(refname) %(objectname) --sort -committerdate
> git remote --verbose
> git config --get commit.template
> git status -z -u
> git symbolic-ref --short HEAD
> git rev-parse master
> git rev-parse --symbolic-full-name master@{u}
fatal: no upstream configured for branch 'master'
> git for-each-ref --format %(refname) %(objectname) --sort -committerdate
> git remote --verbose
> git config --get commit.template
> git status -z -u
> git symbolic-ref --short HEAD
> git rev-parse master
> git rev-parse --symbolic-full-name master@{u}
fatal: no upstream configured for branch 'master'
> git for-each-ref --format %(refname) %(objectname) --sort -committerdate
> git remote --verbose
> git config --get commit.template
> git check-ignore -v -z --stdin
> git show :src/app/app.component.ts
> git ls-files --stage -- /home/igfersa/Documents/develop/Angular9/exerciseList/src/app/app.component.ts
> git cat-file -s d2e64575a2dcfd196a5df9e81ae39b9c3d4bed1a
> git show :src/app/app.module.ts
> git ls-files --stage -- /home/igfersa/Documents/develop/Angular9/exerciseList/src/app/app.module.ts
> git cat-file -s 2c3ba2995c8510c02ca812f90280146738f162cf
> git show :src/app/exercises/exercises.component.css
> git ls-files --stage -- /home/igfersa/Documents/develop/Angular9/exerciseList/src/app/exercises/exercises.component.css
> git show :src/app/exercises/exercises.component.html
> git ls-files --stage -- /home/igfersa/Documents/develop/Angular9/exerciseList/src/app/exercises/exercises.component.html
> git check-ignore -v -z --stdin
> git status -z -u
> git symbolic-ref --short HEAD
> git rev-parse master
> git rev-parse --symbolic-full-name master@{u}
fatal: no upstream configured for branch 'master'
> git for-each-ref --format %(refname) %(objectname) --sort -committerdate
> git remote --verbose
> git config --get commit.template
> git show :src/app/exercise-detail/exercise-detail.component.html
> git ls-files --stage -- /home/igfersa/Documents/develop/Angular9/exerciseList/src/app/exercise-detail/exercise-detail.component.html
> git status -z -u
> git symbolic-ref --short HEAD
> git rev-parse master
> git rev-parse --symbolic-full-name master@{u}
fatal: no upstream configured for branch 'master'
> git for-each-ref --format %(refname) %(objectname) --sort -committerdate
> git remote --verbose
> git config --get commit.template
