Initializing document watcher...
develop/Angular9/exerciseList/src/app/exercises/exercises.component.css: {"insertSpaces":true,"tabSize":2}
develop/Angular9/exerciseList/src/app/app.component.css: {"insertSpaces":true,"tabSize":2}
develop/Angular9/exerciseList/src/app/app.component.css: {"insertSpaces":true,"tabSize":2}
develop/Angular9/exerciseList/src/app/app.component.css: {"insertSpaces":true,"tabSize":2}
develop/Angular9/exerciseList/src/app/app.component.css: {"insertSpaces":true,"tabSize":2}
develop/Angular9/exerciseList/src/app/app.component.css: {"insertSpaces":true,"tabSize":2}
develop/Angular9/exerciseList/src/app/app.component.css: Using EditorConfig core...
Angular9/exerciseList/src/app/app.component.css: editor.action.trimTrailingWhitespace
Angular9/exerciseList/src/app/app.component.css: insertFinalNewline(LF)
develop/Angular9/exerciseList/src/app/app.component.css: {"insertSpaces":true,"tabSize":2}
develop/Angular9/exerciseList/src/app/app.component.css: {"insertSpaces":true,"tabSize":2}
develop/Angular9/exerciseList/src/app/app.component.css: {"insertSpaces":true,"tabSize":2}
develop/Angular9/exerciseList/src/app/app.component.css: {"insertSpaces":true,"tabSize":2}
develop/Angular9/exerciseList/src/app/app.component.css: {"insertSpaces":true,"tabSize":2}
develop/Angular9/exerciseList/src/app/app.component.css: {"insertSpaces":true,"tabSize":2}
develop/Angular9/exerciseList/src/app/app.component.css: {"insertSpaces":true,"tabSize":2}
develop/Angular9/exerciseList/src/app/app.component.css: Using EditorConfig core...
Angular9/exerciseList/src/app/app.component.css: editor.action.trimTrailingWhitespace
develop/Angular9/exerciseList/src/app/app.component.css: {"insertSpaces":true,"tabSize":2}
develop/Angular9/exerciseList/src/app/app.component.css: {"insertSpaces":true,"tabSize":2}
develop/Angular9/exerciseList/src/app/app.component.css: {"insertSpaces":true,"tabSize":2}
develop/Angular9/exerciseList/src/app/app.component.css: {"insertSpaces":true,"tabSize":2}
develop/Angular9/exerciseList/src/styles.css: {"insertSpaces":true,"tabSize":2}
develop/Angular9/exerciseList/src/styles.css: {"insertSpaces":true,"tabSize":2}
develop/Angular9/exerciseList/src/styles.css: {"insertSpaces":true,"tabSize":2}
develop/Angular9/exerciseList/src/styles.css: {"insertSpaces":true,"tabSize":2}
develop/Angular9/exerciseList/src/styles.css: {"insertSpaces":true,"tabSize":2}
develop/Angular9/exerciseList/src/styles.css: {"insertSpaces":true,"tabSize":2}
develop/Angular9/exerciseList/src/styles.css: {"insertSpaces":true,"tabSize":2}
develop/Angular9/exerciseList/src/styles.css: {"insertSpaces":true,"tabSize":2}
develop/Angular9/exerciseList/src/styles.css: {"insertSpaces":true,"tabSize":2}
develop/Angular9/exerciseList/src/styles.css: {"insertSpaces":true,"tabSize":2}
develop/Angular9/exerciseList/src/app/exercises/exercises.component.html: {"insertSpaces":true,"tabSize":2}
develop/Angular9/exerciseList/src/app/exercises/exercises.component.css: {"insertSpaces":true,"tabSize":2}
develop/Angular9/exerciseList/src/app/exercises/exercises.component.css: {"insertSpaces":true,"tabSize":2}
develop/Angular9/exerciseList/src/app/exercises/exercises.component.css: {"insertSpaces":true,"tabSize":2}
develop/Angular9/exerciseList/src/app/exercises/exercises.component.css: {"insertSpaces":true,"tabSize":2}
develop/Angular9/exerciseList/src/app/exercises/exercises.component.css: {"insertSpaces":true,"tabSize":2}
develop/Angular9/exerciseList/src/app/exercises/exercises.component.css: {"insertSpaces":true,"tabSize":2}
develop/Angular9/exerciseList/src/app/exercises/exercises.component.css: {"insertSpaces":true,"tabSize":2}
develop/Angular9/exerciseList/src/app/exercises/exercises.component.css: {"insertSpaces":true,"tabSize":2}
develop/Angular9/exerciseList/src/app/exercises/exercises.component.css: {"insertSpaces":true,"tabSize":2}
develop/Angular9/exerciseList/src/app/exercises/exercises.component.css: {"insertSpaces":true,"tabSize":2}
develop/Angular9/exerciseList/src/app/exercises/exercises.component.css: {"insertSpaces":true,"tabSize":2}
develop/Angular9/exerciseList/src/app/exercises/exercises.component.css: {"insertSpaces":true,"tabSize":2}
develop/Angular9/exerciseList/src/app/exercises/exercises.component.css: {"insertSpaces":true,"tabSize":2}
develop/Angular9/exerciseList/src/app/exercises/exercises.component.css: Using EditorConfig core...
Angular9/exerciseList/src/app/exercises/exercises.component.css: editor.action.trimTrailingWhitespace
Angular9/exerciseList/src/app/exercises/exercises.component.css: insertFinalNewline(LF)
develop/Angular9/exerciseList/src/app/exercises/exercises.component.css: {"insertSpaces":true,"tabSize":2}
develop/Angular9/exerciseList/src/app/exercises/exercises.component.css: {"insertSpaces":true,"tabSize":2}
develop/Angular9/exerciseList/src/app/exercises/exercises.component.css: {"insertSpaces":true,"tabSize":2}
develop/Angular9/exerciseList/src/app/exercises/exercises.component.html: {"insertSpaces":true,"tabSize":2}
develop/Angular9/exerciseList/src/app/exercises/exercises.component.css: {"insertSpaces":true,"tabSize":2}
develop/Angular9/exerciseList/src/app/exercises/exercises.component.css: {"insertSpaces":true,"tabSize":2}
develop/Angular9/exerciseList/src/app/exercises/exercises.component.css: {"insertSpaces":true,"tabSize":2}
develop/Angular9/exerciseList/src/app/exercises/exercises.component.css: {"insertSpaces":true,"tabSize":2}
develop/Angular9/exerciseList/src/app/exercises/exercises.component.css: {"insertSpaces":true,"tabSize":2}
develop/Angular9/exerciseList/src/app/exercises/exercises.component.css: {"insertSpaces":true,"tabSize":2}
develop/Angular9/exerciseList/src/app/exercises/exercises.component.css: {"insertSpaces":true,"tabSize":2}
develop/Angular9/exerciseList/src/app/exercises/exercises.component.css: {"insertSpaces":true,"tabSize":2}
develop/Angular9/exerciseList/src/app/exercises/exercises.component.css: {"insertSpaces":true,"tabSize":2}
develop/Angular9/exerciseList/src/app/exercises/exercises.component.css: {"insertSpaces":true,"tabSize":2}
develop/Angular9/exerciseList/src/app/exercises/exercises.component.css: {"insertSpaces":true,"tabSize":2}
develop/Angular9/exerciseList/src/app/exercises/exercises.component.css: {"insertSpaces":true,"tabSize":2}
develop/Angular9/exerciseList/src/app/exercises/exercises.component.css: {"insertSpaces":true,"tabSize":2}
develop/Angular9/exerciseList/src/app/exercises/exercises.component.css: {"insertSpaces":true,"tabSize":2}
develop/Angular9/exerciseList/src/app/exercises/exercises.component.css: {"insertSpaces":true,"tabSize":2}
develop/Angular9/exerciseList/src/app/exercises/exercises.component.css: {"insertSpaces":true,"tabSize":2}
develop/Angular9/exerciseList/src/app/exercises/exercises.component.css: {"insertSpaces":true,"tabSize":2}
develop/Angular9/exerciseList/src/app/exercises/exercises.component.css: {"insertSpaces":true,"tabSize":2}
develop/Angular9/exerciseList/src/app/exercises/exercises.component.css: {"insertSpaces":true,"tabSize":2}
develop/Angular9/exerciseList/src/app/exercises/exercises.component.css: {"insertSpaces":true,"tabSize":2}
develop/Angular9/exerciseList/src/app/exercises/exercises.component.css: {"insertSpaces":true,"tabSize":2}
develop/Angular9/exerciseList/src/app/exercises/exercises.component.css: {"insertSpaces":true,"tabSize":2}
develop/Angular9/exerciseList/src/app/exercises/exercises.component.css: {"insertSpaces":true,"tabSize":2}
develop/Angular9/exerciseList/src/app/exercises/exercises.component.css: {"insertSpaces":true,"tabSize":2}
develop/Angular9/exerciseList/src/app/exercises/exercises.component.css: {"insertSpaces":true,"tabSize":2}
develop/Angular9/exerciseList/src/app/exercises/exercises.component.css: {"insertSpaces":true,"tabSize":2}
develop/Angular9/exerciseList/src/app/exercises/exercises.component.css: {"insertSpaces":true,"tabSize":2}
develop/Angular9/exerciseList/src/app/exercises/exercises.component.css: {"insertSpaces":true,"tabSize":2}
develop/Angular9/exerciseList/src/app/exercises/exercises.component.css: {"insertSpaces":true,"tabSize":2}
develop/Angular9/exerciseList/src/app/exercises/exercises.component.css: {"insertSpaces":true,"tabSize":2}
develop/Angular9/exerciseList/src/app/exercises/exercises.component.css: {"insertSpaces":true,"tabSize":2}
develop/Angular9/exerciseList/src/app/exercises/exercises.component.css: {"insertSpaces":true,"tabSize":2}
develop/Angular9/exerciseList/src/app/exercises/exercises.component.css: {"insertSpaces":true,"tabSize":2}
develop/Angular9/exerciseList/src/app/exercises/exercises.component.css: {"insertSpaces":true,"tabSize":2}
develop/Angular9/exerciseList/src/app/exercises/exercises.component.css: {"insertSpaces":true,"tabSize":2}
develop/Angular9/exerciseList/src/app/exercises/exercises.component.css: {"insertSpaces":true,"tabSize":2}
develop/Angular9/exerciseList/src/app/exercises/exercises.component.css: {"insertSpaces":true,"tabSize":2}
develop/Angular9/exerciseList/src/app/exercises/exercises.component.css: {"insertSpaces":true,"tabSize":2}
develop/Angular9/exerciseList/src/app/exercises/exercises.component.css: {"insertSpaces":true,"tabSize":2}
develop/Angular9/exerciseList/src/app/exercises/exercises.component.css: {"insertSpaces":true,"tabSize":2}
develop/Angular9/exerciseList/src/app/exercises/exercises.component.css: {"insertSpaces":true,"tabSize":2}
develop/Angular9/exerciseList/src/app/exercises/exercises.component.css: {"insertSpaces":true,"tabSize":2}
develop/Angular9/exerciseList/src/app/exercises/exercises.component.css: {"insertSpaces":true,"tabSize":2}
develop/Angular9/exerciseList/src/app/exercises/exercises.component.css: {"insertSpaces":true,"tabSize":2}
develop/Angular9/exerciseList/src/app/exercises/exercises.component.css: {"insertSpaces":true,"tabSize":2}
develop/Angular9/exerciseList/src/app/exercises/exercises.component.css: {"insertSpaces":true,"tabSize":2}
develop/Angular9/exerciseList/src/app/exercises/exercises.component.css: Using EditorConfig core...
Angular9/exerciseList/src/app/exercises/exercises.component.css: editor.action.trimTrailingWhitespace
develop/Angular9/exerciseList/src/app/exercises/exercises.component.css: {"insertSpaces":true,"tabSize":2}
develop/Angular9/exerciseList/src/app/exercises/exercises.component.css: {"insertSpaces":true,"tabSize":2}
develop/Angular9/exerciseList/src/app/exercises/exercises.component.css: {"insertSpaces":true,"tabSize":2}
develop/Angular9/exerciseList/src/app/exercises/exercises.component.css: {"insertSpaces":true,"tabSize":2}
develop/Angular9/exerciseList/src/app/exercises/exercises.component.css: {"insertSpaces":true,"tabSize":2}
develop/Angular9/exerciseList/src/app/exercises/exercises.component.html: {"insertSpaces":true,"tabSize":2}
develop/Angular9/exerciseList/src/app/exercises/exercises.component.css: {"insertSpaces":true,"tabSize":2}
develop/Angular9/exerciseList/src/app/app.component.css: {"insertSpaces":true,"tabSize":2}
develop/Angular9/exerciseList/src/app/exercises/exercises.component.css: {"insertSpaces":true,"tabSize":2}
develop/Angular9/exerciseList/src/app/exercises/exercises.component.css: {"insertSpaces":true,"tabSize":2}
develop/Angular9/exerciseList/src/app/exercises/exercises.component.css: {"insertSpaces":true,"tabSize":2}
develop/Angular9/exerciseList/src/app/exercises/exercises.component.css: {"insertSpaces":true,"tabSize":2}
develop/Angular9/exerciseList/src/app/exercises/exercises.component.css: {"insertSpaces":true,"tabSize":2}
develop/Angular9/exerciseList/src/app/exercises/exercises.component.css: {"insertSpaces":true,"tabSize":2}
develop/Angular9/exerciseList/src/app/exercises/exercises.component.css: {"insertSpaces":true,"tabSize":2}
develop/Angular9/exerciseList/src/app/exercises/exercises.component.css: {"insertSpaces":true,"tabSize":2}
develop/Angular9/exerciseList/src/app/exercises/exercises.component.css: {"insertSpaces":true,"tabSize":2}
develop/Angular9/exerciseList/src/app/exercises/exercises.component.css: {"insertSpaces":true,"tabSize":2}
develop/Angular9/exerciseList/src/app/exercises/exercises.component.css: {"insertSpaces":true,"tabSize":2}
develop/Angular9/exerciseList/src/app/exercises/exercises.component.css: {"insertSpaces":true,"tabSize":2}
develop/Angular9/exerciseList/src/app/exercises/exercises.component.css: {"insertSpaces":true,"tabSize":2}
develop/Angular9/exerciseList/src/app/exercises/exercises.component.css: {"insertSpaces":true,"tabSize":2}
develop/Angular9/exerciseList/src/app/exercises/exercises.component.css: {"insertSpaces":true,"tabSize":2}
develop/Angular9/exerciseList/src/app/exercises/exercises.component.css: {"insertSpaces":true,"tabSize":2}
develop/Angular9/exerciseList/src/app/exercises/exercises.component.css: {"insertSpaces":true,"tabSize":2}
develop/Angular9/exerciseList/src/app/exercises/exercises.component.css: {"insertSpaces":true,"tabSize":2}
develop/Angular9/exerciseList/src/app/exercises/exercises.component.css: {"insertSpaces":true,"tabSize":2}
develop/Angular9/exerciseList/src/app/exercises/exercises.component.css: {"insertSpaces":true,"tabSize":2}
develop/Angular9/exerciseList/src/app/exercises/exercises.component.css: {"insertSpaces":true,"tabSize":2}
develop/Angular9/exerciseList/src/app/exercises/exercises.component.css: {"insertSpaces":true,"tabSize":2}
develop/Angular9/exerciseList/src/app/exercises/exercises.component.css: {"insertSpaces":true,"tabSize":2}
develop/Angular9/exerciseList/src/app/exercises/exercises.component.css: {"insertSpaces":true,"tabSize":2}
develop/Angular9/exerciseList/src/app/exercises/exercises.component.css: {"insertSpaces":true,"tabSize":2}
develop/Angular9/exerciseList/src/app/exercises/exercises.component.css: {"insertSpaces":true,"tabSize":2}
develop/Angular9/exerciseList/src/app/exercises/exercises.component.css: {"insertSpaces":true,"tabSize":2}
develop/Angular9/exerciseList/src/app/exercises/exercises.component.css: {"insertSpaces":true,"tabSize":2}
develop/Angular9/exerciseList/src/app/exercises/exercises.component.css: {"insertSpaces":true,"tabSize":2}
develop/Angular9/exerciseList/src/app/exercises/exercises.component.css: {"insertSpaces":true,"tabSize":2}
develop/Angular9/exerciseList/src/app/exercises/exercises.component.css: {"insertSpaces":true,"tabSize":2}
develop/Angular9/exerciseList/src/app/exercises/exercises.component.css: {"insertSpaces":true,"tabSize":2}
develop/Angular9/exerciseList/src/app/exercises/exercises.component.css: {"insertSpaces":true,"tabSize":2}
develop/Angular9/exerciseList/src/app/exercises/exercises.component.css: {"insertSpaces":true,"tabSize":2}
develop/Angular9/exerciseList/src/app/exercises/exercises.component.css: {"insertSpaces":true,"tabSize":2}
develop/Angular9/exerciseList/src/app/exercises/exercises.component.css: {"insertSpaces":true,"tabSize":2}
develop/Angular9/exerciseList/src/app/exercises/exercises.component.css: {"insertSpaces":true,"tabSize":2}
develop/Angular9/exerciseList/src/app/exercises/exercises.component.css: {"insertSpaces":true,"tabSize":2}
develop/Angular9/exerciseList/src/app/exercises/exercises.component.css: {"insertSpaces":true,"tabSize":2}
develop/Angular9/exerciseList/src/app/exercises/exercises.component.css: {"insertSpaces":true,"tabSize":2}
develop/Angular9/exerciseList/src/app/exercises/exercises.component.css: {"insertSpaces":true,"tabSize":2}
develop/Angular9/exerciseList/src/app/exercises/exercises.component.css: {"insertSpaces":true,"tabSize":2}
develop/Angular9/exerciseList/src/app/exercises/exercises.component.css: {"insertSpaces":true,"tabSize":2}
develop/Angular9/exerciseList/src/app/exercises/exercises.component.css: {"insertSpaces":true,"tabSize":2}
develop/Angular9/exerciseList/src/app/exercises/exercises.component.css: {"insertSpaces":true,"tabSize":2}
develop/Angular9/exerciseList/src/app/exercises/exercises.component.css: {"insertSpaces":true,"tabSize":2}
develop/Angular9/exerciseList/src/app/exercises/exercises.component.css: {"insertSpaces":true,"tabSize":2}
develop/Angular9/exerciseList/src/app/exercises/exercises.component.css: {"insertSpaces":true,"tabSize":2}
develop/Angular9/exerciseList/src/app/exercises/exercises.component.css: {"insertSpaces":true,"tabSize":2}
develop/Angular9/exerciseList/src/app/exercises/exercises.component.css: {"insertSpaces":true,"tabSize":2}
develop/Angular9/exerciseList/src/app/exercises/exercises.component.css: {"insertSpaces":true,"tabSize":2}
develop/Angular9/exerciseList/src/app/exercises/exercises.component.css: {"insertSpaces":true,"tabSize":2}
develop/Angular9/exerciseList/src/app/exercises/exercises.component.css: {"insertSpaces":true,"tabSize":2}
develop/Angular9/exerciseList/src/app/exercises/exercises.component.css: {"insertSpaces":true,"tabSize":2}
develop/Angular9/exerciseList/src/app/exercises/exercises.component.css: {"insertSpaces":true,"tabSize":2}
develop/Angular9/exerciseList/src/app/exercises/exercises.component.css: {"insertSpaces":true,"tabSize":2}
develop/Angular9/exerciseList/src/app/exercises/exercises.component.css: {"insertSpaces":true,"tabSize":2}
develop/Angular9/exerciseList/src/app/exercises/exercises.component.css: {"insertSpaces":true,"tabSize":2}
develop/Angular9/exerciseList/src/app/exercises/exercises.component.css: {"insertSpaces":true,"tabSize":2}
develop/Angular9/exerciseList/src/app/exercises/exercises.component.css: {"insertSpaces":true,"tabSize":2}
develop/Angular9/exerciseList/src/app/exercises/exercises.component.css: Using EditorConfig core...
Angular9/exerciseList/src/app/exercises/exercises.component.css: editor.action.trimTrailingWhitespace
Angular9/exerciseList/src/app/exercises/exercises.component.css: insertFinalNewline(LF)
develop/Angular9/exerciseList/src/app/exercises/exercises.component.css: {"insertSpaces":true,"tabSize":2}
develop/Angular9/exerciseList/src/app/exercises/exercises.component.css: {"insertSpaces":true,"tabSize":2}
develop/Angular9/exerciseList/src/app/exercises/exercises.component.css: {"insertSpaces":true,"tabSize":2}
develop/Angular9/exerciseList/src/app/exercises/exercises.component.css: {"insertSpaces":true,"tabSize":2}
develop/Angular9/exerciseList/src/app/exercises/exercises.component.css: {"insertSpaces":true,"tabSize":2}
develop/Angular9/exerciseList/src/app/exercises/exercises.component.css: Using EditorConfig core...
Angular9/exerciseList/src/app/exercises/exercises.component.css: editor.action.trimTrailingWhitespace
Angular9/exerciseList/src/app/exercises/exercises.component.css: insertFinalNewline(LF)
develop/Angular9/exerciseList/src/app/exercises/exercises.component.css: Using EditorConfig core...
Angular9/exerciseList/src/app/exercises/exercises.component.css: editor.action.trimTrailingWhitespace
develop/Angular9/exerciseList/src/app/exercises/exercises.component.html: {"insertSpaces":true,"tabSize":2}
develop/Angular9/exerciseList/src/app/app.component.css: {"insertSpaces":true,"tabSize":2}
develop/Angular9/exerciseList/src/app/app.component.css: Using EditorConfig core...
Angular9/exerciseList/src/app/app.component.css: editor.action.trimTrailingWhitespace
develop/Angular9/exerciseList/src/styles.css: {"insertSpaces":true,"tabSize":2}
develop/Angular9/exerciseList/src/app/exercises/exercises.component.html: {"insertSpaces":true,"tabSize":2}
develop/Angular9/exerciseList/src/styles.css: {"insertSpaces":true,"tabSize":2}
develop/Angular9/exerciseList/src/app/exercises/exercises.component.html: {"insertSpaces":true,"tabSize":2}
develop/Angular9/exerciseList/src/app/exercises/exercises.component.html: Using EditorConfig core...
Angular9/exerciseList/src/app/exercises/exercises.component.html: editor.action.trimTrailingWhitespace
develop/Angular9/exerciseList/src/app/exercises/exercises.component.html: {"insertSpaces":true,"tabSize":2}
develop/Angular9/exerciseList/src/app/exercises/exercises.component.html: {"insertSpaces":true,"tabSize":2}
develop/Angular9/exerciseList/src/app/exercises/exercises.component.html: {"insertSpaces":true,"tabSize":2}
develop/Angular9/exerciseList/src/app/exercises/exercises.component.html: {"insertSpaces":true,"tabSize":2}
develop/Angular9/exerciseList/src/app/exercises/exercises.component.html: {"insertSpaces":true,"tabSize":2}
develop/Angular9/exerciseList/src/app/exercises/exercises.component.html: {"insertSpaces":true,"tabSize":2}
develop/Angular9/exerciseList/src/app/exercises/exercises.component.html: Using EditorConfig core...
Angular9/exerciseList/src/app/exercises/exercises.component.html: editor.action.trimTrailingWhitespace
develop/Angular9/exerciseList/src/app/exercises/exercises.component.html: {"insertSpaces":true,"tabSize":2}
develop/Angular9/exerciseList/src/app/exercises/exercises.component.html: {"insertSpaces":true,"tabSize":2}
develop/Angular9/exerciseList/src/app/exercises/exercises.component.html: {"insertSpaces":true,"tabSize":2}
develop/Angular9/exerciseList/src/app/exercises/exercises.component.html: {"insertSpaces":true,"tabSize":2}
develop/Angular9/exerciseList/src/app/exercises/exercises.component.html: {"insertSpaces":true,"tabSize":2}
develop/Angular9/exerciseList/src/app/exercises/exercises.component.html: {"insertSpaces":true,"tabSize":2}
develop/Angular9/exerciseList/src/app/exercises/exercises.component.html: {"insertSpaces":true,"tabSize":2}
develop/Angular9/exerciseList/src/app/exercises/exercises.component.html: {"insertSpaces":true,"tabSize":2}
develop/Angular9/exerciseList/src/app/exercises/exercises.component.html: {"insertSpaces":true,"tabSize":2}
develop/Angular9/exerciseList/src/app/exercises/exercises.component.html: {"insertSpaces":true,"tabSize":2}
develop/Angular9/exerciseList/src/app/exercises/exercises.component.html: {"insertSpaces":true,"tabSize":2}
develop/Angular9/exerciseList/src/app/exercises/exercises.component.html: {"insertSpaces":true,"tabSize":2}
develop/Angular9/exerciseList/src/app/app.component.ts: {"insertSpaces":true,"tabSize":2}
develop/Angular9/exerciseList/src/app/app.module.ts: {"insertSpaces":true,"tabSize":2}
develop/Angular9/exerciseList/src/app/exercises/exercises.component.css: {"insertSpaces":true,"tabSize":2}
develop/Angular9/exerciseList/src/app/exercises/exercises.component.html: {"insertSpaces":true,"tabSize":2}
develop/Angular9/exerciseList/src/app/exercises/exercises.component.html: {"insertSpaces":true,"tabSize":2}
develop/Angular9/exerciseList/src/app/exercises/exercises.component.html: {"insertSpaces":true,"tabSize":2}
develop/Angular9/exerciseList/src/app/exercises/exercises.component.html: Using EditorConfig core...
Angular9/exerciseList/src/app/exercises/exercises.component.html: editor.action.trimTrailingWhitespace
develop/Angular9/exerciseList/src/app/exercise-detail/exercise-detail.component.html: {"insertSpaces":true,"tabSize":2}
develop/Angular9/exerciseList/src/app/exercise-detail/exercise-detail.component.html: Using EditorConfig core...
Angular9/exerciseList/src/app/exercise-detail/exercise-detail.component.html: editor.action.trimTrailingWhitespace
Angular9/exerciseList/src/app/exercise-detail/exercise-detail.component.html: insertFinalNewline(LF)
develop/Angular9/exerciseList/src/app/exercise-detail/exercise-detail.component.html: {"insertSpaces":true,"tabSize":2}
develop/Angular9/exerciseList/src/app/exercise-detail/exercise-detail.component.html: {"insertSpaces":true,"tabSize":2}
develop/Angular9/exerciseList/src/app/exercise-detail/exercise-detail.component.html: {"insertSpaces":true,"tabSize":2}
