Info 0    [13:8:49.126] Format host information updated
Info 1    [13:8:49.126] reload projects.
Info 2    [13:8:49.127] Structure before ensureProjectForOpenFiles:
Info 3    [13:8:49.127] Structure after ensureProjectForOpenFiles:
Info 4    [13:8:49.127] Host file extension mappings updated
Info 5    [13:8:49.152] Search path: /home/igfersa/Documents/develop/Angular9/exerciseList/src/app
Info 6    [13:8:49.156] For info: /home/igfersa/Documents/develop/Angular9/exerciseList/src/app/app.component.html :: Config file name: /home/igfersa/Documents/develop/Angular9/exerciseList/tsconfig.json
Info 7    [13:8:49.156] Opened configuration file /home/igfersa/Documents/develop/Angular9/exerciseList/tsconfig.json
Info 8    [13:8:49.209] Config: /home/igfersa/Documents/develop/Angular9/exerciseList/tsconfig.json : {
 "rootNames": [
  "/home/igfersa/Documents/develop/Angular9/exerciseList/e2e/src/app.e2e-spec.ts",
  "/home/igfersa/Documents/develop/Angular9/exerciseList/e2e/src/app.po.ts",
  "/home/igfersa/Documents/develop/Angular9/exerciseList/src/main.ts",
  "/home/igfersa/Documents/develop/Angular9/exerciseList/src/polyfills.ts",
  "/home/igfersa/Documents/develop/Angular9/exerciseList/src/test.ts",
  "/home/igfersa/Documents/develop/Angular9/exerciseList/src/app/app-routing.module.ts",
  "/home/igfersa/Documents/develop/Angular9/exerciseList/src/app/app.component.spec.ts",
  "/home/igfersa/Documents/develop/Angular9/exerciseList/src/app/app.component.ts",
  "/home/igfersa/Documents/develop/Angular9/exerciseList/src/app/app.module.ts",
  "/home/igfersa/Documents/develop/Angular9/exerciseList/src/app/collection-exercises.ts",
  "/home/igfersa/Documents/develop/Angular9/exerciseList/src/app/exercise.service.spec.ts",
  "/home/igfersa/Documents/develop/Angular9/exerciseList/src/app/exercise.service.ts",
  "/home/igfersa/Documents/develop/Angular9/exerciseList/src/app/exercise.ts",
  "/home/igfersa/Documents/develop/Angular9/exerciseList/src/app/exercise-detail/exercise-detail.component.spec.ts",
  "/home/igfersa/Documents/develop/Angular9/exerciseList/src/app/exercise-detail/exercise-detail.component.ts",
  "/home/igfersa/Documents/develop/Angular9/exerciseList/src/app/exercises/exercises.component.spec.ts",
  "/home/igfersa/Documents/develop/Angular9/exerciseList/src/app/exercises/exercises.component.ts",
  "/home/igfersa/Documents/develop/Angular9/exerciseList/src/app/panel/panel.component.spec.ts",
  "/home/igfersa/Documents/develop/Angular9/exerciseList/src/app/panel/panel.component.ts",
  "/home/igfersa/Documents/develop/Angular9/exerciseList/src/environments/environment.prod.ts",
  "/home/igfersa/Documents/develop/Angular9/exerciseList/src/environments/environment.ts"
 ],
 "options": {
  "baseUrl": "/home/igfersa/Documents/develop/Angular9/exerciseList",
  "outDir": "/home/igfersa/Documents/develop/Angular9/exerciseList/dist/out-tsc",
  "sourceMap": true,
  "declaration": false,
  "downlevelIteration": true,
  "experimentalDecorators": true,
  "module": 99,
  "moduleResolution": 2,
  "importHelpers": true,
  "target": 2,
  "lib": [
   "lib.es2018.d.ts",
   "lib.dom.d.ts"
  ],
  "configFilePath": "/home/igfersa/Documents/develop/Angular9/exerciseList/tsconfig.json"
 }
}
Info 9    [13:8:51.571] Loading global plugin @angular/language-service
Info 10   [13:8:51.571] Enabling plugin @angular/language-service from candidate paths: /home/igfersa/.vscode-oss/extensions/angular.ng-template-0.901.4/server/node_modules/@angular/language-service/bundles/language-service.umd.js,/home/igfersa/.vscode-oss/extensions/angular.ng-template-0.901.4/node_modules/typescript/lib/tsserverlibrary.js/../../..
Info 11   [13:8:51.572] Loading @angular/language-service from /home/igfersa/.vscode-oss/extensions/angular.ng-template-0.901.4/server/node_modules/@angular/language-service/bundles/language-service.umd.js (resolved to /home/igfersa/.vscode-oss/extensions/angular.ng-template-0.901.4/server/node_modules/@angular/language-service/bundles/language-service.umd.js/node_modules)
Info 12   [13:8:51.696] Plugin validation succeded
Info 13   [13:8:51.733] Starting updateGraphWorker: Project: /home/igfersa/Documents/develop/Angular9/exerciseList/tsconfig.json
Info 14   [13:8:56.67] Finishing updateGraphWorker: Project: /home/igfersa/Documents/develop/Angular9/exerciseList/tsconfig.json Version: 1 structureChanged: true Elapsed: 4334ms
Info 15   [13:8:56.67] Project '/home/igfersa/Documents/develop/Angular9/exerciseList/tsconfig.json' (Configured) 
Info 16   [13:8:56.67] 	Files (320)

Info 17   [13:8:56.67] -----------------------------------------------
Info 18   [13:8:56.69] Starting updateGraphWorker: Project: /home/igfersa/Documents/develop/Angular9/exerciseList/tsconfig.json
Info 19   [13:8:56.85] Finishing updateGraphWorker: Project: /home/igfersa/Documents/develop/Angular9/exerciseList/tsconfig.json Version: 2 structureChanged: false Elapsed: 16ms
Info 20   [13:8:56.86] Different program with same set of files:: oldProgram.structureIsReused:: 2
Info 21   [13:8:56.92] Loading global plugin @angular/language-service
Info 22   [13:8:56.92] Enabling plugin @angular/language-service from candidate paths: /home/igfersa/.vscode-oss/extensions/angular.ng-template-0.901.4/server/node_modules/@angular/language-service/bundles/language-service.umd.js,/home/igfersa/.vscode-oss/extensions/angular.ng-template-0.901.4/node_modules/typescript/lib/tsserverlibrary.js/../../..
Info 23   [13:8:56.92] Loading @angular/language-service from /home/igfersa/.vscode-oss/extensions/angular.ng-template-0.901.4/server/node_modules/@angular/language-service/bundles/language-service.umd.js (resolved to /home/igfersa/.vscode-oss/extensions/angular.ng-template-0.901.4/server/node_modules/@angular/language-service/bundles/language-service.umd.js/node_modules)
Info 24   [13:8:56.102] Plugin validation succeded
Info 25   [13:8:56.103] Starting updateGraphWorker: Project: /dev/null/inferredProject1*
Info 26   [13:8:56.578] Finishing updateGraphWorker: Project: /dev/null/inferredProject1* Version: 1 structureChanged: true Elapsed: 475ms
Info 27   [13:8:56.578] Project '/dev/null/inferredProject1*' (Inferred) 
Info 28   [13:8:56.578] 	Files (6)

Info 29   [13:8:56.578] -----------------------------------------------
Info 30   [13:12:25.185] DirectoryWatcher:: Triggered with /home/igfersa/Documents/develop/Angular9/exerciseList :: WatchInfo: /home/igfersa/Documents/develop/Angular9/exerciseList 1 undefined Project: /home/igfersa/Documents/develop/Angular9/exerciseList/tsconfig.json WatchType: Wild card directory
Info 31   [13:12:25.186] Elapsed:: 1ms DirectoryWatcher:: Triggered with /home/igfersa/Documents/develop/Angular9/exerciseList :: WatchInfo: /home/igfersa/Documents/develop/Angular9/exerciseList 1 undefined Project: /home/igfersa/Documents/develop/Angular9/exerciseList/tsconfig.json WatchType: Wild card directory
Info 32   [13:12:25.186] DirectoryWatcher:: Triggered with /home/igfersa/Documents/develop/Angular9/exerciseList/node_modules :: WatchInfo: /home/igfersa/Documents/develop/Angular9/exerciseList/node_modules 1 undefined Project:  WatchType: node_modules for closed script infos in them
Info 33   [13:12:25.189] Elapsed:: 3ms DirectoryWatcher:: Triggered with /home/igfersa/Documents/develop/Angular9/exerciseList/node_modules :: WatchInfo: /home/igfersa/Documents/develop/Angular9/exerciseList/node_modules 1 undefined Project:  WatchType: node_modules for closed script infos in them
Info 34   [13:12:25.190] DirectoryWatcher:: Triggered with /home/igfersa/Documents/develop/Angular9/exerciseList/node_modules :: WatchInfo: /home/igfersa/Documents/develop/Angular9/exerciseList/node_modules 1 undefined Project: /home/igfersa/Documents/develop/Angular9/exerciseList/tsconfig.json WatchType: Failed Lookup Locations
Info 35   [13:12:25.190] Elapsed:: 0ms DirectoryWatcher:: Triggered with /home/igfersa/Documents/develop/Angular9/exerciseList/node_modules :: WatchInfo: /home/igfersa/Documents/develop/Angular9/exerciseList/node_modules 1 undefined Project: /home/igfersa/Documents/develop/Angular9/exerciseList/tsconfig.json WatchType: Failed Lookup Locations
Info 36   [13:12:25.451] Starting updateGraphWorker: Project: /home/igfersa/Documents/develop/Angular9/exerciseList/tsconfig.json
Info 37   [13:12:26.274] Finishing updateGraphWorker: Project: /home/igfersa/Documents/develop/Angular9/exerciseList/tsconfig.json Version: 3 structureChanged: true Elapsed: 823ms
Info 38   [13:12:26.274] Different program with same set of files:: oldProgram.structureIsReused:: 1
Info 39   [13:12:26.275] Structure before ensureProjectForOpenFiles:
Info 40   [13:12:26.275] Structure after ensureProjectForOpenFiles:
Info 41   [13:12:26.476] Search path: /home/igfersa/Documents/develop/Angular9/exerciseList/src/app
Info 42   [13:12:26.476] For info: /home/igfersa/Documents/develop/Angular9/exerciseList/src/app/app.component.html :: Config file name: /home/igfersa/Documents/develop/Angular9/exerciseList/tsconfig.json
Info 43   [13:12:27.502] DirectoryWatcher:: Triggered with /home/igfersa/Documents/develop/Angular9/exerciseList :: WatchInfo: /home/igfersa/Documents/develop/Angular9/exerciseList 1 undefined Project: /home/igfersa/Documents/develop/Angular9/exerciseList/tsconfig.json WatchType: Wild card directory
Info 44   [13:12:27.502] Elapsed:: 0ms DirectoryWatcher:: Triggered with /home/igfersa/Documents/develop/Angular9/exerciseList :: WatchInfo: /home/igfersa/Documents/develop/Angular9/exerciseList 1 undefined Project: /home/igfersa/Documents/develop/Angular9/exerciseList/tsconfig.json WatchType: Wild card directory
Info 45   [13:12:27.502] DirectoryWatcher:: Triggered with /home/igfersa/Documents/develop/Angular9/exerciseList/node_modules :: WatchInfo: /home/igfersa/Documents/develop/Angular9/exerciseList/node_modules 1 undefined Project:  WatchType: node_modules for closed script infos in them
Info 46   [13:12:27.511] Elapsed:: 9ms DirectoryWatcher:: Triggered with /home/igfersa/Documents/develop/Angular9/exerciseList/node_modules :: WatchInfo: /home/igfersa/Documents/develop/Angular9/exerciseList/node_modules 1 undefined Project:  WatchType: node_modules for closed script infos in them
Info 47   [13:12:27.511] DirectoryWatcher:: Triggered with /home/igfersa/Documents/develop/Angular9/exerciseList/node_modules :: WatchInfo: /home/igfersa/Documents/develop/Angular9/exerciseList/node_modules 1 undefined Project: /home/igfersa/Documents/develop/Angular9/exerciseList/tsconfig.json WatchType: Failed Lookup Locations
Info 48   [13:12:27.512] Elapsed:: 1ms DirectoryWatcher:: Triggered with /home/igfersa/Documents/develop/Angular9/exerciseList/node_modules :: WatchInfo: /home/igfersa/Documents/develop/Angular9/exerciseList/node_modules 1 undefined Project: /home/igfersa/Documents/develop/Angular9/exerciseList/tsconfig.json WatchType: Failed Lookup Locations
Info 49   [13:12:27.769] Starting updateGraphWorker: Project: /home/igfersa/Documents/develop/Angular9/exerciseList/tsconfig.json
Info 50   [13:12:28.463] Finishing updateGraphWorker: Project: /home/igfersa/Documents/develop/Angular9/exerciseList/tsconfig.json Version: 4 structureChanged: true Elapsed: 694ms
Info 51   [13:12:28.463] Project '/home/igfersa/Documents/develop/Angular9/exerciseList/tsconfig.json' (Configured) 
Info 52   [13:12:28.463] 	Files (320)

Info 53   [13:12:28.463] -----------------------------------------------
Info 54   [13:12:28.464] Structure before ensureProjectForOpenFiles:
Info 55   [13:12:28.464] Starting updateGraphWorker: Project: /dev/null/inferredProject1*
Info 56   [13:12:28.466] Finishing updateGraphWorker: Project: /dev/null/inferredProject1* Version: 2 structureChanged: true Elapsed: 2ms
Info 57   [13:12:28.466] Project '/dev/null/inferredProject1*' (Inferred) 
Info 58   [13:12:28.466] 	Files (0)

Info 59   [13:12:28.466] -----------------------------------------------
Info 60   [13:12:28.466] Structure after ensureProjectForOpenFiles:
Info 61   [13:13:29.329] Search path: /home/igfersa/Documents/develop/Angular9/exerciseList/src/app
Info 62   [13:13:29.329] For info: /home/igfersa/Documents/develop/Angular9/exerciseList/src/app/app-routing.module.ts :: Config file name: /home/igfersa/Documents/develop/Angular9/exerciseList/tsconfig.json
Info 63   [13:13:29.329] `remove Project::
Info 64   [13:13:29.330] Project '/dev/null/inferredProject1*' (Inferred) 
Info 65   [13:13:29.330] 	Files (0)

Info 66   [13:13:29.330] -----------------------------------------------
Info 67   [13:13:31.912] Starting updateGraphWorker: Project: /home/igfersa/Documents/develop/Angular9/exerciseList/tsconfig.json
Info 68   [13:13:31.980] Finishing updateGraphWorker: Project: /home/igfersa/Documents/develop/Angular9/exerciseList/tsconfig.json Version: 5 structureChanged: false Elapsed: 68ms
Info 69   [13:13:31.980] Different program with same set of files:: oldProgram.structureIsReused:: 2
Info 70   [13:13:32.323] Starting updateGraphWorker: Project: /home/igfersa/Documents/develop/Angular9/exerciseList/tsconfig.json
Info 71   [13:13:32.426] Finishing updateGraphWorker: Project: /home/igfersa/Documents/develop/Angular9/exerciseList/tsconfig.json Version: 6 structureChanged: false Elapsed: 102ms
Info 72   [13:13:32.426] Different program with same set of files:: oldProgram.structureIsReused:: 2
Info 73   [13:13:32.897] Starting updateGraphWorker: Project: /home/igfersa/Documents/develop/Angular9/exerciseList/tsconfig.json
Info 74   [13:13:33.9] Finishing updateGraphWorker: Project: /home/igfersa/Documents/develop/Angular9/exerciseList/tsconfig.json Version: 7 structureChanged: false Elapsed: 112ms
Info 75   [13:13:33.9] Different program with same set of files:: oldProgram.structureIsReused:: 2
Info 76   [13:13:33.554] Starting updateGraphWorker: Project: /home/igfersa/Documents/develop/Angular9/exerciseList/tsconfig.json
Info 77   [13:13:33.615] Finishing updateGraphWorker: Project: /home/igfersa/Documents/develop/Angular9/exerciseList/tsconfig.json Version: 8 structureChanged: false Elapsed: 61ms
Info 78   [13:13:33.615] Different program with same set of files:: oldProgram.structureIsReused:: 2
Info 79   [13:13:33.985] Starting updateGraphWorker: Project: /home/igfersa/Documents/develop/Angular9/exerciseList/tsconfig.json
Info 80   [13:13:34.49] Finishing updateGraphWorker: Project: /home/igfersa/Documents/develop/Angular9/exerciseList/tsconfig.json Version: 9 structureChanged: false Elapsed: 64ms
Info 81   [13:13:34.49] Different program with same set of files:: oldProgram.structureIsReused:: 2
Info 82   [13:13:34.924] Starting updateGraphWorker: Project: /home/igfersa/Documents/develop/Angular9/exerciseList/tsconfig.json
Info 83   [13:13:34.990] Finishing updateGraphWorker: Project: /home/igfersa/Documents/develop/Angular9/exerciseList/tsconfig.json Version: 10 structureChanged: false Elapsed: 66ms
Info 84   [13:13:34.990] Different program with same set of files:: oldProgram.structureIsReused:: 2
Info 85   [13:13:36.9] Starting updateGraphWorker: Project: /home/igfersa/Documents/develop/Angular9/exerciseList/tsconfig.json
Info 86   [13:13:36.43] Finishing updateGraphWorker: Project: /home/igfersa/Documents/develop/Angular9/exerciseList/tsconfig.json Version: 11 structureChanged: false Elapsed: 34ms
Info 87   [13:13:36.43] Different program with same set of files:: oldProgram.structureIsReused:: 2
Info 88   [13:13:36.402] Starting updateGraphWorker: Project: /home/igfersa/Documents/develop/Angular9/exerciseList/tsconfig.json
Info 89   [13:13:36.466] Finishing updateGraphWorker: Project: /home/igfersa/Documents/develop/Angular9/exerciseList/tsconfig.json Version: 12 structureChanged: false Elapsed: 64ms
Info 90   [13:13:36.466] Different program with same set of files:: oldProgram.structureIsReused:: 2
Info 91   [13:13:36.986] Starting updateGraphWorker: Project: /home/igfersa/Documents/develop/Angular9/exerciseList/tsconfig.json
Info 92   [13:13:37.18] Finishing updateGraphWorker: Project: /home/igfersa/Documents/develop/Angular9/exerciseList/tsconfig.json Version: 13 structureChanged: false Elapsed: 32ms
Info 93   [13:13:37.19] Different program with same set of files:: oldProgram.structureIsReused:: 2
Info 94   [13:13:37.786] Starting updateGraphWorker: Project: /home/igfersa/Documents/develop/Angular9/exerciseList/tsconfig.json
Info 95   [13:13:37.817] Finishing updateGraphWorker: Project: /home/igfersa/Documents/develop/Angular9/exerciseList/tsconfig.json Version: 14 structureChanged: false Elapsed: 31ms
Info 96   [13:13:37.817] Different program with same set of files:: oldProgram.structureIsReused:: 2
Info 97   [13:13:38.383] Starting updateGraphWorker: Project: /home/igfersa/Documents/develop/Angular9/exerciseList/tsconfig.json
Info 98   [13:13:38.415] Finishing updateGraphWorker: Project: /home/igfersa/Documents/develop/Angular9/exerciseList/tsconfig.json Version: 15 structureChanged: false Elapsed: 32ms
Info 99   [13:13:38.416] Different program with same set of files:: oldProgram.structureIsReused:: 2
Info 100  [13:13:38.904] Starting updateGraphWorker: Project: /home/igfersa/Documents/develop/Angular9/exerciseList/tsconfig.json
Info 101  [13:13:38.982] Finishing updateGraphWorker: Project: /home/igfersa/Documents/develop/Angular9/exerciseList/tsconfig.json Version: 16 structureChanged: false Elapsed: 78ms
Info 102  [13:13:38.982] Different program with same set of files:: oldProgram.structureIsReused:: 2
Info 103  [13:13:42.435] Starting updateGraphWorker: Project: /home/igfersa/Documents/develop/Angular9/exerciseList/tsconfig.json
Info 104  [13:13:42.544] Finishing updateGraphWorker: Project: /home/igfersa/Documents/develop/Angular9/exerciseList/tsconfig.json Version: 17 structureChanged: true Elapsed: 109ms
Info 105  [13:13:42.544] Different program with same set of files:: oldProgram.structureIsReused:: 1
Info 106  [13:13:46.514] Starting updateGraphWorker: Project: /home/igfersa/Documents/develop/Angular9/exerciseList/tsconfig.json
Info 107  [13:13:46.559] Finishing updateGraphWorker: Project: /home/igfersa/Documents/develop/Angular9/exerciseList/tsconfig.json Version: 18 structureChanged: false Elapsed: 44ms
Info 108  [13:13:46.559] Different program with same set of files:: oldProgram.structureIsReused:: 2
Info 109  [13:13:46.914] Starting updateGraphWorker: Project: /home/igfersa/Documents/develop/Angular9/exerciseList/tsconfig.json
Info 110  [13:13:46.936] Finishing updateGraphWorker: Project: /home/igfersa/Documents/develop/Angular9/exerciseList/tsconfig.json Version: 19 structureChanged: false Elapsed: 22ms
Info 111  [13:13:46.936] Different program with same set of files:: oldProgram.structureIsReused:: 2
Info 112  [13:13:56.472] Starting updateGraphWorker: Project: /home/igfersa/Documents/develop/Angular9/exerciseList/tsconfig.json
Info 113  [13:13:56.508] Finishing updateGraphWorker: Project: /home/igfersa/Documents/develop/Angular9/exerciseList/tsconfig.json Version: 20 structureChanged: false Elapsed: 36ms
Info 114  [13:13:56.509] Different program with same set of files:: oldProgram.structureIsReused:: 2
Info 115  [13:14:26.739] Starting updateGraphWorker: Project: /home/igfersa/Documents/develop/Angular9/exerciseList/tsconfig.json
Info 116  [13:14:26.748] Finishing updateGraphWorker: Project: /home/igfersa/Documents/develop/Angular9/exerciseList/tsconfig.json Version: 21 structureChanged: false Elapsed: 9ms
Info 117  [13:14:26.748] Different program with same set of files:: oldProgram.structureIsReused:: 2
Info 118  [13:14:32.821] Starting updateGraphWorker: Project: /home/igfersa/Documents/develop/Angular9/exerciseList/tsconfig.json
Info 119  [13:14:32.843] Finishing updateGraphWorker: Project: /home/igfersa/Documents/develop/Angular9/exerciseList/tsconfig.json Version: 22 structureChanged: false Elapsed: 22ms
Info 120  [13:14:32.843] Different program with same set of files:: oldProgram.structureIsReused:: 2
Info 121  [13:14:33.88] Starting updateGraphWorker: Project: /home/igfersa/Documents/develop/Angular9/exerciseList/tsconfig.json
Info 122  [13:14:33.123] Finishing updateGraphWorker: Project: /home/igfersa/Documents/develop/Angular9/exerciseList/tsconfig.json Version: 23 structureChanged: false Elapsed: 35ms
Info 123  [13:14:33.123] Different program with same set of files:: oldProgram.structureIsReused:: 2
Info 124  [13:14:33.464] Starting updateGraphWorker: Project: /home/igfersa/Documents/develop/Angular9/exerciseList/tsconfig.json
Info 125  [13:14:33.490] Finishing updateGraphWorker: Project: /home/igfersa/Documents/develop/Angular9/exerciseList/tsconfig.json Version: 24 structureChanged: false Elapsed: 26ms
Info 126  [13:14:33.490] Different program with same set of files:: oldProgram.structureIsReused:: 2
Info 127  [13:14:34.49] Starting updateGraphWorker: Project: /home/igfersa/Documents/develop/Angular9/exerciseList/tsconfig.json
Info 128  [13:14:34.81] Finishing updateGraphWorker: Project: /home/igfersa/Documents/develop/Angular9/exerciseList/tsconfig.json Version: 25 structureChanged: false Elapsed: 32ms
Info 129  [13:14:34.81] Different program with same set of files:: oldProgram.structureIsReused:: 2
Info 130  [13:14:34.446] Starting updateGraphWorker: Project: /home/igfersa/Documents/develop/Angular9/exerciseList/tsconfig.json
Info 131  [13:14:34.462] Finishing updateGraphWorker: Project: /home/igfersa/Documents/develop/Angular9/exerciseList/tsconfig.json Version: 26 structureChanged: false Elapsed: 16ms
Info 132  [13:14:34.462] Different program with same set of files:: oldProgram.structureIsReused:: 2
Info 133  [13:14:35.795] Starting updateGraphWorker: Project: /home/igfersa/Documents/develop/Angular9/exerciseList/tsconfig.json
Info 134  [13:14:35.814] Finishing updateGraphWorker: Project: /home/igfersa/Documents/develop/Angular9/exerciseList/tsconfig.json Version: 27 structureChanged: false Elapsed: 19ms
Info 135  [13:14:35.814] Different program with same set of files:: oldProgram.structureIsReused:: 2
Info 136  [13:14:37.407] Starting updateGraphWorker: Project: /home/igfersa/Documents/develop/Angular9/exerciseList/tsconfig.json
Info 137  [13:14:37.419] Finishing updateGraphWorker: Project: /home/igfersa/Documents/develop/Angular9/exerciseList/tsconfig.json Version: 28 structureChanged: false Elapsed: 12ms
Info 138  [13:14:37.419] Different program with same set of files:: oldProgram.structureIsReused:: 2
Info 139  [13:14:38.475] Starting updateGraphWorker: Project: /home/igfersa/Documents/develop/Angular9/exerciseList/tsconfig.json
Info 140  [13:14:38.489] Finishing updateGraphWorker: Project: /home/igfersa/Documents/develop/Angular9/exerciseList/tsconfig.json Version: 29 structureChanged: false Elapsed: 14ms
Info 141  [13:14:38.489] Different program with same set of files:: oldProgram.structureIsReused:: 2
Info 142  [13:14:43.28] Starting updateGraphWorker: Project: /home/igfersa/Documents/develop/Angular9/exerciseList/tsconfig.json
Info 143  [13:14:43.59] Finishing updateGraphWorker: Project: /home/igfersa/Documents/develop/Angular9/exerciseList/tsconfig.json Version: 30 structureChanged: false Elapsed: 30ms
Info 144  [13:14:43.59] Different program with same set of files:: oldProgram.structureIsReused:: 2
Info 145  [13:14:43.315] Starting updateGraphWorker: Project: /home/igfersa/Documents/develop/Angular9/exerciseList/tsconfig.json
Info 146  [13:14:43.330] Finishing updateGraphWorker: Project: /home/igfersa/Documents/develop/Angular9/exerciseList/tsconfig.json Version: 31 structureChanged: false Elapsed: 14ms
Info 147  [13:14:43.330] Different program with same set of files:: oldProgram.structureIsReused:: 2
Info 148  [13:14:43.952] Starting updateGraphWorker: Project: /home/igfersa/Documents/develop/Angular9/exerciseList/tsconfig.json
Info 149  [13:14:43.963] Finishing updateGraphWorker: Project: /home/igfersa/Documents/develop/Angular9/exerciseList/tsconfig.json Version: 32 structureChanged: false Elapsed: 11ms
Info 150  [13:14:43.963] Different program with same set of files:: oldProgram.structureIsReused:: 2
Info 151  [13:14:44.527] Starting updateGraphWorker: Project: /home/igfersa/Documents/develop/Angular9/exerciseList/tsconfig.json
Info 152  [13:14:44.545] Finishing updateGraphWorker: Project: /home/igfersa/Documents/develop/Angular9/exerciseList/tsconfig.json Version: 33 structureChanged: false Elapsed: 18ms
Info 153  [13:14:44.545] Different program with same set of files:: oldProgram.structureIsReused:: 2
Info 154  [13:14:44.814] Starting updateGraphWorker: Project: /home/igfersa/Documents/develop/Angular9/exerciseList/tsconfig.json
Info 155  [13:14:44.837] Finishing updateGraphWorker: Project: /home/igfersa/Documents/develop/Angular9/exerciseList/tsconfig.json Version: 34 structureChanged: false Elapsed: 23ms
Info 156  [13:14:44.838] Different program with same set of files:: oldProgram.structureIsReused:: 2
Info 157  [13:14:45.210] Starting updateGraphWorker: Project: /home/igfersa/Documents/develop/Angular9/exerciseList/tsconfig.json
Info 158  [13:14:45.224] Finishing updateGraphWorker: Project: /home/igfersa/Documents/develop/Angular9/exerciseList/tsconfig.json Version: 35 structureChanged: false Elapsed: 14ms
Info 159  [13:14:45.224] Different program with same set of files:: oldProgram.structureIsReused:: 2
Info 160  [13:14:46.711] Starting updateGraphWorker: Project: /home/igfersa/Documents/develop/Angular9/exerciseList/tsconfig.json
Info 161  [13:14:46.721] Finishing updateGraphWorker: Project: /home/igfersa/Documents/develop/Angular9/exerciseList/tsconfig.json Version: 36 structureChanged: false Elapsed: 10ms
Info 162  [13:14:46.722] Different program with same set of files:: oldProgram.structureIsReused:: 2
Info 163  [13:14:49.198] Starting updateGraphWorker: Project: /home/igfersa/Documents/develop/Angular9/exerciseList/tsconfig.json
Info 164  [13:14:49.219] Finishing updateGraphWorker: Project: /home/igfersa/Documents/develop/Angular9/exerciseList/tsconfig.json Version: 37 structureChanged: false Elapsed: 21ms
Info 165  [13:14:49.219] Different program with same set of files:: oldProgram.structureIsReused:: 2
Info 166  [13:14:49.809] Starting updateGraphWorker: Project: /home/igfersa/Documents/develop/Angular9/exerciseList/tsconfig.json
Info 167  [13:14:49.837] Finishing updateGraphWorker: Project: /home/igfersa/Documents/develop/Angular9/exerciseList/tsconfig.json Version: 38 structureChanged: false Elapsed: 27ms
Info 168  [13:14:49.837] Different program with same set of files:: oldProgram.structureIsReused:: 2
Info 169  [13:14:50.876] Starting updateGraphWorker: Project: /home/igfersa/Documents/develop/Angular9/exerciseList/tsconfig.json
Info 170  [13:14:50.893] Finishing updateGraphWorker: Project: /home/igfersa/Documents/develop/Angular9/exerciseList/tsconfig.json Version: 39 structureChanged: false Elapsed: 17ms
Info 171  [13:14:50.893] Different program with same set of files:: oldProgram.structureIsReused:: 2
Info 172  [13:14:52.102] Starting updateGraphWorker: Project: /home/igfersa/Documents/develop/Angular9/exerciseList/tsconfig.json
Info 173  [13:14:52.116] Finishing updateGraphWorker: Project: /home/igfersa/Documents/develop/Angular9/exerciseList/tsconfig.json Version: 40 structureChanged: false Elapsed: 14ms
Info 174  [13:14:52.116] Different program with same set of files:: oldProgram.structureIsReused:: 2
Info 175  [13:14:53.243] Starting updateGraphWorker: Project: /home/igfersa/Documents/develop/Angular9/exerciseList/tsconfig.json
Info 176  [13:14:53.254] Finishing updateGraphWorker: Project: /home/igfersa/Documents/develop/Angular9/exerciseList/tsconfig.json Version: 41 structureChanged: false Elapsed: 11ms
Info 177  [13:14:53.254] Different program with same set of files:: oldProgram.structureIsReused:: 2
Info 178  [13:14:57.453] Starting updateGraphWorker: Project: /home/igfersa/Documents/develop/Angular9/exerciseList/tsconfig.json
Info 179  [13:14:57.475] Finishing updateGraphWorker: Project: /home/igfersa/Documents/develop/Angular9/exerciseList/tsconfig.json Version: 42 structureChanged: false Elapsed: 22ms
Info 180  [13:14:57.475] Different program with same set of files:: oldProgram.structureIsReused:: 2
Info 181  [13:14:58.609] Starting updateGraphWorker: Project: /home/igfersa/Documents/develop/Angular9/exerciseList/tsconfig.json
Info 182  [13:14:58.625] Finishing updateGraphWorker: Project: /home/igfersa/Documents/develop/Angular9/exerciseList/tsconfig.json Version: 43 structureChanged: false Elapsed: 16ms
Info 183  [13:14:58.625] Different program with same set of files:: oldProgram.structureIsReused:: 2
Info 184  [13:14:59.6] Starting updateGraphWorker: Project: /home/igfersa/Documents/develop/Angular9/exerciseList/tsconfig.json
Info 185  [13:14:59.19] Finishing updateGraphWorker: Project: /home/igfersa/Documents/develop/Angular9/exerciseList/tsconfig.json Version: 44 structureChanged: false Elapsed: 13ms
Info 186  [13:14:59.19] Different program with same set of files:: oldProgram.structureIsReused:: 2
Info 187  [13:14:59.259] Starting updateGraphWorker: Project: /home/igfersa/Documents/develop/Angular9/exerciseList/tsconfig.json
Info 188  [13:14:59.272] Finishing updateGraphWorker: Project: /home/igfersa/Documents/develop/Angular9/exerciseList/tsconfig.json Version: 45 structureChanged: false Elapsed: 13ms
Info 189  [13:14:59.272] Different program with same set of files:: oldProgram.structureIsReused:: 2
Info 190  [13:15:0.194] Starting updateGraphWorker: Project: /home/igfersa/Documents/develop/Angular9/exerciseList/tsconfig.json
Info 191  [13:15:0.206] Finishing updateGraphWorker: Project: /home/igfersa/Documents/develop/Angular9/exerciseList/tsconfig.json Version: 46 structureChanged: false Elapsed: 12ms
Info 192  [13:15:0.206] Different program with same set of files:: oldProgram.structureIsReused:: 2
Info 193  [13:15:2.58] Starting updateGraphWorker: Project: /home/igfersa/Documents/develop/Angular9/exerciseList/tsconfig.json
Info 194  [13:15:2.69] Finishing updateGraphWorker: Project: /home/igfersa/Documents/develop/Angular9/exerciseList/tsconfig.json Version: 47 structureChanged: false Elapsed: 11ms
Info 195  [13:15:2.69] Different program with same set of files:: oldProgram.structureIsReused:: 2
Info 196  [13:15:24.509] Starting updateGraphWorker: Project: /home/igfersa/Documents/develop/Angular9/exerciseList/tsconfig.json
Info 197  [13:15:24.531] Finishing updateGraphWorker: Project: /home/igfersa/Documents/develop/Angular9/exerciseList/tsconfig.json Version: 48 structureChanged: false Elapsed: 21ms
Info 198  [13:15:24.532] Different program with same set of files:: oldProgram.structureIsReused:: 2
Info 199  [13:15:26.133] Starting updateGraphWorker: Project: /home/igfersa/Documents/develop/Angular9/exerciseList/tsconfig.json
Info 200  [13:15:26.157] Finishing updateGraphWorker: Project: /home/igfersa/Documents/develop/Angular9/exerciseList/tsconfig.json Version: 49 structureChanged: false Elapsed: 24ms
Info 201  [13:15:26.157] Different program with same set of files:: oldProgram.structureIsReused:: 2
Info 202  [13:15:27.75] Starting updateGraphWorker: Project: /home/igfersa/Documents/develop/Angular9/exerciseList/tsconfig.json
Info 203  [13:15:27.93] Finishing updateGraphWorker: Project: /home/igfersa/Documents/develop/Angular9/exerciseList/tsconfig.json Version: 50 structureChanged: false Elapsed: 18ms
Info 204  [13:15:27.93] Different program with same set of files:: oldProgram.structureIsReused:: 2
Info 205  [13:15:27.725] Starting updateGraphWorker: Project: /home/igfersa/Documents/develop/Angular9/exerciseList/tsconfig.json
Info 206  [13:15:27.737] Finishing updateGraphWorker: Project: /home/igfersa/Documents/develop/Angular9/exerciseList/tsconfig.json Version: 51 structureChanged: false Elapsed: 12ms
Info 207  [13:15:27.737] Different program with same set of files:: oldProgram.structureIsReused:: 2
Info 208  [13:15:57.495] Starting updateGraphWorker: Project: /home/igfersa/Documents/develop/Angular9/exerciseList/tsconfig.json
Info 209  [13:15:57.507] Finishing updateGraphWorker: Project: /home/igfersa/Documents/develop/Angular9/exerciseList/tsconfig.json Version: 52 structureChanged: false Elapsed: 12ms
Info 210  [13:15:57.507] Different program with same set of files:: oldProgram.structureIsReused:: 2
Info 211  [13:19:3.275] Search path: /home/igfersa/Documents/develop/Angular9/exerciseList/src/app/panel
Info 212  [13:19:3.275] For info: /home/igfersa/Documents/develop/Angular9/exerciseList/src/app/panel/panel.component.ts :: Config file name: /home/igfersa/Documents/develop/Angular9/exerciseList/tsconfig.json
Info 213  [13:19:7.575] Search path: /home/igfersa/Documents/develop/Angular9/exerciseList/src/app
Info 214  [13:19:7.575] For info: /home/igfersa/Documents/develop/Angular9/exerciseList/src/app/app-routing.module.ts :: Config file name: /home/igfersa/Documents/develop/Angular9/exerciseList/tsconfig.json
