Initializing document watcher...
develop/Angular/exerciseList/src/app/app-routing.module.ts: {"insertSpaces":true,"tabSize":2}
develop/Angular/exerciseList/src/app/app.component.ts: {"insertSpaces":true,"tabSize":2}
develop/Angular/exerciseList/src/app/app.component.ts: Using EditorConfig core...
Angular/exerciseList/src/app/app.component.ts: editor.action.trimTrailingWhitespace
develop/Angular/exerciseList/src/app/app.component.html: {"insertSpaces":true,"tabSize":2}
develop/Angular/exerciseList/src/app/app.component.html: Using EditorConfig core...
Angular/exerciseList/src/app/app.component.html: editor.action.trimTrailingWhitespace
develop/Angular/exerciseList/src/app/app.component.html: Using EditorConfig core...
Angular/exerciseList/src/app/app.component.html: editor.action.trimTrailingWhitespace
Angular/exerciseList/src/app/app.component.html: insertFinalNewline(LF)
develop/Angular/exerciseList/src/app/app.component.html: Using EditorConfig core...
Angular/exerciseList/src/app/app.component.html: editor.action.trimTrailingWhitespace
develop/Angular/exerciseList/src/app/app.component.html: Using EditorConfig core...
Angular/exerciseList/src/app/app.component.html: editor.action.trimTrailingWhitespace
Angular/exerciseList/src/app/app.component.html: insertFinalNewline(LF)
develop/Angular/exerciseList/src/app/app.component.html: Using EditorConfig core...
Angular/exerciseList/src/app/app.component.html: editor.action.trimTrailingWhitespace
Angular/exerciseList/src/app/app.component.html: insertFinalNewline(LF)
develop/Angular/exerciseList/src/app/app.component.ts: {"insertSpaces":true,"tabSize":2}
develop/Angular/exerciseList/src/app/app.component.ts: Using EditorConfig core...
Angular/exerciseList/src/app/app.component.ts: editor.action.trimTrailingWhitespace
