Info 0    [12:25:54.2] Format host information updated
Info 1    [12:25:54.2] reload projects.
Info 2    [12:25:54.2] Structure before ensureProjectForOpenFiles:
Info 3    [12:25:54.3] Structure after ensureProjectForOpenFiles:
Info 4    [12:25:54.3] Host file extension mappings updated
Info 5    [12:25:54.45] Search path: /home/igfersa/Documents/develop/Angular9/exerciseList/src/app
Info 6    [12:25:54.51] For info: /home/igfersa/Documents/develop/Angular9/exerciseList/src/app/exercise.service.ts :: Config file name: /home/igfersa/Documents/develop/Angular9/exerciseList/tsconfig.json
Info 7    [12:25:54.53] Opened configuration file /home/igfersa/Documents/develop/Angular9/exerciseList/tsconfig.json
Info 8    [12:25:54.104] Config: /home/igfersa/Documents/develop/Angular9/exerciseList/tsconfig.json : {
 "rootNames": [
  "/home/igfersa/Documents/develop/Angular9/exerciseList/e2e/src/app.e2e-spec.ts",
  "/home/igfersa/Documents/develop/Angular9/exerciseList/e2e/src/app.po.ts",
  "/home/igfersa/Documents/develop/Angular9/exerciseList/src/main.ts",
  "/home/igfersa/Documents/develop/Angular9/exerciseList/src/polyfills.ts",
  "/home/igfersa/Documents/develop/Angular9/exerciseList/src/test.ts",
  "/home/igfersa/Documents/develop/Angular9/exerciseList/src/app/app-routing.module.ts",
  "/home/igfersa/Documents/develop/Angular9/exerciseList/src/app/app.component.spec.ts",
  "/home/igfersa/Documents/develop/Angular9/exerciseList/src/app/app.component.ts",
  "/home/igfersa/Documents/develop/Angular9/exerciseList/src/app/app.module.ts",
  "/home/igfersa/Documents/develop/Angular9/exerciseList/src/app/collection-exercises.ts",
  "/home/igfersa/Documents/develop/Angular9/exerciseList/src/app/exercise.service.spec.ts",
  "/home/igfersa/Documents/develop/Angular9/exerciseList/src/app/exercise.service.ts",
  "/home/igfersa/Documents/develop/Angular9/exerciseList/src/app/exercise.ts",
  "/home/igfersa/Documents/develop/Angular9/exerciseList/src/app/exercise-detail/exercise-detail.component.spec.ts",
  "/home/igfersa/Documents/develop/Angular9/exerciseList/src/app/exercise-detail/exercise-detail.component.ts",
  "/home/igfersa/Documents/develop/Angular9/exerciseList/src/app/exercises/exercises.component.spec.ts",
  "/home/igfersa/Documents/develop/Angular9/exerciseList/src/app/exercises/exercises.component.ts",
  "/home/igfersa/Documents/develop/Angular9/exerciseList/src/environments/environment.prod.ts",
  "/home/igfersa/Documents/develop/Angular9/exerciseList/src/environments/environment.ts"
 ],
 "options": {
  "baseUrl": "/home/igfersa/Documents/develop/Angular9/exerciseList",
  "outDir": "/home/igfersa/Documents/develop/Angular9/exerciseList/dist/out-tsc",
  "sourceMap": true,
  "declaration": false,
  "downlevelIteration": true,
  "experimentalDecorators": true,
  "module": 99,
  "moduleResolution": 2,
  "importHelpers": true,
  "target": 2,
  "lib": [
   "lib.es2018.d.ts",
   "lib.dom.d.ts"
  ],
  "configFilePath": "/home/igfersa/Documents/develop/Angular9/exerciseList/tsconfig.json"
 }
}
Info 9    [12:25:57.459] Loading global plugin @angular/language-service
Info 10   [12:25:57.459] Enabling plugin @angular/language-service from candidate paths: /home/igfersa/.vscode-oss/extensions/angular.ng-template-0.901.2/server/node_modules/@angular/language-service/bundles/language-service.umd.js,/home/igfersa/.vscode-oss/extensions/angular.ng-template-0.901.2/node_modules/typescript/lib/tsserverlibrary.js/../../..
Info 11   [12:25:57.460] Loading @angular/language-service from /home/igfersa/.vscode-oss/extensions/angular.ng-template-0.901.2/server/node_modules/@angular/language-service/bundles/language-service.umd.js (resolved to /home/igfersa/.vscode-oss/extensions/angular.ng-template-0.901.2/server/node_modules/@angular/language-service/bundles/language-service.umd.js/node_modules)
Info 12   [12:25:57.644] Plugin validation succeded
Info 13   [12:25:57.701] Starting updateGraphWorker: Project: /home/igfersa/Documents/develop/Angular9/exerciseList/tsconfig.json
Info 14   [12:26:4.671] Finishing updateGraphWorker: Project: /home/igfersa/Documents/develop/Angular9/exerciseList/tsconfig.json Version: 1 structureChanged: true Elapsed: 6970ms
Info 15   [12:26:4.671] Project '/home/igfersa/Documents/develop/Angular9/exerciseList/tsconfig.json' (Configured) 
Info 16   [12:26:4.671] 	Files (318)

Info 17   [12:26:4.671] -----------------------------------------------
Info 18   [12:26:4.677] Starting updateGraphWorker: Project: /home/igfersa/Documents/develop/Angular9/exerciseList/tsconfig.json
Info 19   [12:26:4.705] Finishing updateGraphWorker: Project: /home/igfersa/Documents/develop/Angular9/exerciseList/tsconfig.json Version: 2 structureChanged: false Elapsed: 28ms
Info 20   [12:26:4.706] Different program with same set of files:: oldProgram.structureIsReused:: 2
Info 21   [12:26:5.833] Search path: /home/igfersa/Documents/develop/Angular9/exerciseList/src/app/exercises
Info 22   [12:26:5.833] For info: /home/igfersa/Documents/develop/Angular9/exerciseList/src/app/exercises/exercises.component.ts :: Config file name: /home/igfersa/Documents/develop/Angular9/exerciseList/tsconfig.json
Info 23   [12:26:29.721] Starting updateGraphWorker: Project: /home/igfersa/Documents/develop/Angular9/exerciseList/tsconfig.json
Info 24   [12:26:29.843] Finishing updateGraphWorker: Project: /home/igfersa/Documents/develop/Angular9/exerciseList/tsconfig.json Version: 3 structureChanged: true Elapsed: 122ms
Info 25   [12:26:29.843] Different program with same set of files:: oldProgram.structureIsReused:: 1
Info 26   [12:26:41.727] Starting updateGraphWorker: Project: /home/igfersa/Documents/develop/Angular9/exerciseList/tsconfig.json
Info 27   [12:26:41.749] Finishing updateGraphWorker: Project: /home/igfersa/Documents/develop/Angular9/exerciseList/tsconfig.json Version: 4 structureChanged: false Elapsed: 22ms
Info 28   [12:26:41.749] Different program with same set of files:: oldProgram.structureIsReused:: 2
Info 29   [12:26:42.297] Starting updateGraphWorker: Project: /home/igfersa/Documents/develop/Angular9/exerciseList/tsconfig.json
Info 30   [12:26:42.333] Finishing updateGraphWorker: Project: /home/igfersa/Documents/develop/Angular9/exerciseList/tsconfig.json Version: 5 structureChanged: false Elapsed: 36ms
Info 31   [12:26:42.333] Different program with same set of files:: oldProgram.structureIsReused:: 2
Info 32   [12:26:42.758] Starting updateGraphWorker: Project: /home/igfersa/Documents/develop/Angular9/exerciseList/tsconfig.json
Info 33   [12:26:42.785] Finishing updateGraphWorker: Project: /home/igfersa/Documents/develop/Angular9/exerciseList/tsconfig.json Version: 6 structureChanged: false Elapsed: 27ms
Info 34   [12:26:42.785] Different program with same set of files:: oldProgram.structureIsReused:: 2
Info 35   [12:26:43.285] Starting updateGraphWorker: Project: /home/igfersa/Documents/develop/Angular9/exerciseList/tsconfig.json
Info 36   [12:26:43.302] Finishing updateGraphWorker: Project: /home/igfersa/Documents/develop/Angular9/exerciseList/tsconfig.json Version: 7 structureChanged: false Elapsed: 17ms
Info 37   [12:26:43.303] Different program with same set of files:: oldProgram.structureIsReused:: 2
Info 38   [12:26:44.186] Starting updateGraphWorker: Project: /home/igfersa/Documents/develop/Angular9/exerciseList/tsconfig.json
Info 39   [12:26:44.284] Finishing updateGraphWorker: Project: /home/igfersa/Documents/develop/Angular9/exerciseList/tsconfig.json Version: 8 structureChanged: true Elapsed: 97ms
Info 40   [12:26:44.284] Different program with same set of files:: oldProgram.structureIsReused:: 1
Info 41   [12:26:44.867] Starting updateGraphWorker: Project: /home/igfersa/Documents/develop/Angular9/exerciseList/tsconfig.json
Info 42   [12:26:44.889] Finishing updateGraphWorker: Project: /home/igfersa/Documents/develop/Angular9/exerciseList/tsconfig.json Version: 9 structureChanged: false Elapsed: 22ms
Info 43   [12:26:44.889] Different program with same set of files:: oldProgram.structureIsReused:: 2
Info 44   [12:26:55.568] Starting updateGraphWorker: Project: /home/igfersa/Documents/develop/Angular9/exerciseList/tsconfig.json
Info 45   [12:26:55.586] Finishing updateGraphWorker: Project: /home/igfersa/Documents/develop/Angular9/exerciseList/tsconfig.json Version: 10 structureChanged: false Elapsed: 18ms
Info 46   [12:26:55.586] Different program with same set of files:: oldProgram.structureIsReused:: 2
Info 47   [12:26:55.924] Starting updateGraphWorker: Project: /home/igfersa/Documents/develop/Angular9/exerciseList/tsconfig.json
Info 48   [12:26:55.960] Finishing updateGraphWorker: Project: /home/igfersa/Documents/develop/Angular9/exerciseList/tsconfig.json Version: 11 structureChanged: false Elapsed: 36ms
Info 49   [12:26:55.960] Different program with same set of files:: oldProgram.structureIsReused:: 2
Info 50   [12:26:56.858] Starting updateGraphWorker: Project: /home/igfersa/Documents/develop/Angular9/exerciseList/tsconfig.json
Info 51   [12:26:56.879] Finishing updateGraphWorker: Project: /home/igfersa/Documents/develop/Angular9/exerciseList/tsconfig.json Version: 12 structureChanged: false Elapsed: 21ms
Info 52   [12:26:56.879] Different program with same set of files:: oldProgram.structureIsReused:: 2
Info 53   [12:26:57.238] Starting updateGraphWorker: Project: /home/igfersa/Documents/develop/Angular9/exerciseList/tsconfig.json
Info 54   [12:26:57.261] Finishing updateGraphWorker: Project: /home/igfersa/Documents/develop/Angular9/exerciseList/tsconfig.json Version: 13 structureChanged: false Elapsed: 23ms
Info 55   [12:26:57.261] Different program with same set of files:: oldProgram.structureIsReused:: 2
Info 56   [12:27:0.388] Starting updateGraphWorker: Project: /home/igfersa/Documents/develop/Angular9/exerciseList/tsconfig.json
Info 57   [12:27:0.583] Finishing updateGraphWorker: Project: /home/igfersa/Documents/develop/Angular9/exerciseList/tsconfig.json Version: 14 structureChanged: true Elapsed: 195ms
Info 58   [12:27:0.583] Different program with same set of files:: oldProgram.structureIsReused:: 1
Info 59   [12:27:0.842] Starting updateGraphWorker: Project: /home/igfersa/Documents/develop/Angular9/exerciseList/tsconfig.json
Info 60   [12:27:0.863] Finishing updateGraphWorker: Project: /home/igfersa/Documents/develop/Angular9/exerciseList/tsconfig.json Version: 15 structureChanged: false Elapsed: 21ms
Info 61   [12:27:0.863] Different program with same set of files:: oldProgram.structureIsReused:: 2
Info 62   [12:27:2.28] Starting updateGraphWorker: Project: /home/igfersa/Documents/develop/Angular9/exerciseList/tsconfig.json
Info 63   [12:27:2.46] Finishing updateGraphWorker: Project: /home/igfersa/Documents/develop/Angular9/exerciseList/tsconfig.json Version: 16 structureChanged: false Elapsed: 18ms
Info 64   [12:27:2.46] Different program with same set of files:: oldProgram.structureIsReused:: 2
Info 65   [12:27:5.356] Starting updateGraphWorker: Project: /home/igfersa/Documents/develop/Angular9/exerciseList/tsconfig.json
Info 66   [12:27:5.367] Finishing updateGraphWorker: Project: /home/igfersa/Documents/develop/Angular9/exerciseList/tsconfig.json Version: 17 structureChanged: false Elapsed: 11ms
Info 67   [12:27:5.367] Different program with same set of files:: oldProgram.structureIsReused:: 2
Info 68   [12:27:6.883] Starting updateGraphWorker: Project: /home/igfersa/Documents/develop/Angular9/exerciseList/tsconfig.json
Info 69   [12:27:6.902] Finishing updateGraphWorker: Project: /home/igfersa/Documents/develop/Angular9/exerciseList/tsconfig.json Version: 18 structureChanged: false Elapsed: 19ms
Info 70   [12:27:6.902] Different program with same set of files:: oldProgram.structureIsReused:: 2
Info 71   [12:27:8.83] Starting updateGraphWorker: Project: /home/igfersa/Documents/develop/Angular9/exerciseList/tsconfig.json
Info 72   [12:27:8.99] Finishing updateGraphWorker: Project: /home/igfersa/Documents/develop/Angular9/exerciseList/tsconfig.json Version: 19 structureChanged: false Elapsed: 16ms
Info 73   [12:27:8.99] Different program with same set of files:: oldProgram.structureIsReused:: 2
Info 74   [12:27:8.395] Starting updateGraphWorker: Project: /home/igfersa/Documents/develop/Angular9/exerciseList/tsconfig.json
Info 75   [12:27:8.416] Finishing updateGraphWorker: Project: /home/igfersa/Documents/develop/Angular9/exerciseList/tsconfig.json Version: 20 structureChanged: false Elapsed: 21ms
Info 76   [12:27:8.416] Different program with same set of files:: oldProgram.structureIsReused:: 2
Info 77   [12:27:8.793] Starting updateGraphWorker: Project: /home/igfersa/Documents/develop/Angular9/exerciseList/tsconfig.json
Info 78   [12:27:8.824] Finishing updateGraphWorker: Project: /home/igfersa/Documents/develop/Angular9/exerciseList/tsconfig.json Version: 21 structureChanged: false Elapsed: 31ms
Info 79   [12:27:8.824] Different program with same set of files:: oldProgram.structureIsReused:: 2
Info 80   [12:27:10.327] Starting updateGraphWorker: Project: /home/igfersa/Documents/develop/Angular9/exerciseList/tsconfig.json
Info 81   [12:27:10.358] Finishing updateGraphWorker: Project: /home/igfersa/Documents/develop/Angular9/exerciseList/tsconfig.json Version: 22 structureChanged: false Elapsed: 31ms
Info 82   [12:27:10.358] Different program with same set of files:: oldProgram.structureIsReused:: 2
Info 83   [12:27:11.196] Starting updateGraphWorker: Project: /home/igfersa/Documents/develop/Angular9/exerciseList/tsconfig.json
Info 84   [12:27:11.221] Finishing updateGraphWorker: Project: /home/igfersa/Documents/develop/Angular9/exerciseList/tsconfig.json Version: 23 structureChanged: false Elapsed: 24ms
Info 85   [12:27:11.221] Different program with same set of files:: oldProgram.structureIsReused:: 2
Info 86   [12:27:12.350] Starting updateGraphWorker: Project: /home/igfersa/Documents/develop/Angular9/exerciseList/tsconfig.json
Info 87   [12:27:12.417] Finishing updateGraphWorker: Project: /home/igfersa/Documents/develop/Angular9/exerciseList/tsconfig.json Version: 24 structureChanged: true Elapsed: 67ms
Info 88   [12:27:12.417] Different program with same set of files:: oldProgram.structureIsReused:: 1
Info 89   [12:27:13.989] Starting updateGraphWorker: Project: /home/igfersa/Documents/develop/Angular9/exerciseList/tsconfig.json
Info 90   [12:27:14.1] Finishing updateGraphWorker: Project: /home/igfersa/Documents/develop/Angular9/exerciseList/tsconfig.json Version: 25 structureChanged: false Elapsed: 12ms
Info 91   [12:27:14.1] Different program with same set of files:: oldProgram.structureIsReused:: 2
Info 92   [12:27:20.639] Starting updateGraphWorker: Project: /home/igfersa/Documents/develop/Angular9/exerciseList/tsconfig.json
Info 93   [12:27:20.669] Finishing updateGraphWorker: Project: /home/igfersa/Documents/develop/Angular9/exerciseList/tsconfig.json Version: 26 structureChanged: false Elapsed: 29ms
Info 94   [12:27:20.669] Different program with same set of files:: oldProgram.structureIsReused:: 2
Info 95   [12:27:21.455] Starting updateGraphWorker: Project: /home/igfersa/Documents/develop/Angular9/exerciseList/tsconfig.json
Info 96   [12:27:21.472] Finishing updateGraphWorker: Project: /home/igfersa/Documents/develop/Angular9/exerciseList/tsconfig.json Version: 27 structureChanged: false Elapsed: 17ms
Info 97   [12:27:21.473] Different program with same set of files:: oldProgram.structureIsReused:: 2
Info 98   [12:27:21.883] Starting updateGraphWorker: Project: /home/igfersa/Documents/develop/Angular9/exerciseList/tsconfig.json
Info 99   [12:27:21.898] Finishing updateGraphWorker: Project: /home/igfersa/Documents/develop/Angular9/exerciseList/tsconfig.json Version: 28 structureChanged: false Elapsed: 15ms
Info 100  [12:27:21.898] Different program with same set of files:: oldProgram.structureIsReused:: 2
Info 101  [12:27:22.794] Starting updateGraphWorker: Project: /home/igfersa/Documents/develop/Angular9/exerciseList/tsconfig.json
Info 102  [12:27:22.818] Finishing updateGraphWorker: Project: /home/igfersa/Documents/develop/Angular9/exerciseList/tsconfig.json Version: 29 structureChanged: false Elapsed: 24ms
Info 103  [12:27:22.819] Different program with same set of files:: oldProgram.structureIsReused:: 2
Info 104  [12:27:23.465] Starting updateGraphWorker: Project: /home/igfersa/Documents/develop/Angular9/exerciseList/tsconfig.json
Info 105  [12:27:23.478] Finishing updateGraphWorker: Project: /home/igfersa/Documents/develop/Angular9/exerciseList/tsconfig.json Version: 30 structureChanged: false Elapsed: 13ms
Info 106  [12:27:23.478] Different program with same set of files:: oldProgram.structureIsReused:: 2
Info 107  [12:27:24.791] Starting updateGraphWorker: Project: /home/igfersa/Documents/develop/Angular9/exerciseList/tsconfig.json
Info 108  [12:27:24.815] Finishing updateGraphWorker: Project: /home/igfersa/Documents/develop/Angular9/exerciseList/tsconfig.json Version: 31 structureChanged: false Elapsed: 23ms
Info 109  [12:27:24.815] Different program with same set of files:: oldProgram.structureIsReused:: 2
Info 110  [12:27:25.950] Starting updateGraphWorker: Project: /home/igfersa/Documents/develop/Angular9/exerciseList/tsconfig.json
Info 111  [12:27:25.965] Finishing updateGraphWorker: Project: /home/igfersa/Documents/develop/Angular9/exerciseList/tsconfig.json Version: 32 structureChanged: false Elapsed: 15ms
Info 112  [12:27:25.965] Different program with same set of files:: oldProgram.structureIsReused:: 2
Info 113  [12:27:30.494] Starting updateGraphWorker: Project: /home/igfersa/Documents/develop/Angular9/exerciseList/tsconfig.json
Info 114  [12:27:30.627] Finishing updateGraphWorker: Project: /home/igfersa/Documents/develop/Angular9/exerciseList/tsconfig.json Version: 33 structureChanged: true Elapsed: 133ms
Info 115  [12:27:30.628] Different program with same set of files:: oldProgram.structureIsReused:: 1
Info 116  [12:27:30.683] Starting updateGraphWorker: Project: /home/igfersa/Documents/develop/Angular9/exerciseList/tsconfig.json
Info 117  [12:27:30.742] Finishing updateGraphWorker: Project: /home/igfersa/Documents/develop/Angular9/exerciseList/tsconfig.json Version: 34 structureChanged: true Elapsed: 58ms
Info 118  [12:27:30.742] Different program with same set of files:: oldProgram.structureIsReused:: 1
Info 119  [12:27:31.682] Starting updateGraphWorker: Project: /home/igfersa/Documents/develop/Angular9/exerciseList/tsconfig.json
Info 120  [12:27:31.738] Finishing updateGraphWorker: Project: /home/igfersa/Documents/develop/Angular9/exerciseList/tsconfig.json Version: 35 structureChanged: true Elapsed: 56ms
Info 121  [12:27:31.739] Different program with same set of files:: oldProgram.structureIsReused:: 1
Info 122  [12:27:32.225] Starting updateGraphWorker: Project: /home/igfersa/Documents/develop/Angular9/exerciseList/tsconfig.json
Info 123  [12:27:32.270] Finishing updateGraphWorker: Project: /home/igfersa/Documents/develop/Angular9/exerciseList/tsconfig.json Version: 36 structureChanged: true Elapsed: 44ms
Info 124  [12:27:32.270] Different program with same set of files:: oldProgram.structureIsReused:: 1
Info 125  [12:27:32.724] Starting updateGraphWorker: Project: /home/igfersa/Documents/develop/Angular9/exerciseList/tsconfig.json
Info 126  [12:27:32.780] Finishing updateGraphWorker: Project: /home/igfersa/Documents/develop/Angular9/exerciseList/tsconfig.json Version: 37 structureChanged: true Elapsed: 56ms
Info 127  [12:27:32.781] Different program with same set of files:: oldProgram.structureIsReused:: 1
Info 128  [12:27:42.179] Starting updateGraphWorker: Project: /home/igfersa/Documents/develop/Angular9/exerciseList/tsconfig.json
Info 129  [12:27:42.227] Finishing updateGraphWorker: Project: /home/igfersa/Documents/develop/Angular9/exerciseList/tsconfig.json Version: 38 structureChanged: true Elapsed: 48ms
Info 130  [12:27:42.227] Different program with same set of files:: oldProgram.structureIsReused:: 1
Info 131  [12:27:47.273] Starting updateGraphWorker: Project: /home/igfersa/Documents/develop/Angular9/exerciseList/tsconfig.json
Info 132  [12:27:47.341] Finishing updateGraphWorker: Project: /home/igfersa/Documents/develop/Angular9/exerciseList/tsconfig.json Version: 39 structureChanged: true Elapsed: 68ms
Info 133  [12:27:47.342] Different program with same set of files:: oldProgram.structureIsReused:: 1
Info 134  [12:27:49.834] Starting updateGraphWorker: Project: /home/igfersa/Documents/develop/Angular9/exerciseList/tsconfig.json
Info 135  [12:27:49.844] Finishing updateGraphWorker: Project: /home/igfersa/Documents/develop/Angular9/exerciseList/tsconfig.json Version: 40 structureChanged: false Elapsed: 10ms
Info 136  [12:27:49.844] Different program with same set of files:: oldProgram.structureIsReused:: 2
Info 137  [12:28:39.17] Starting updateGraphWorker: Project: /home/igfersa/Documents/develop/Angular9/exerciseList/tsconfig.json
Info 138  [12:28:39.44] Finishing updateGraphWorker: Project: /home/igfersa/Documents/develop/Angular9/exerciseList/tsconfig.json Version: 41 structureChanged: false Elapsed: 27ms
Info 139  [12:28:39.44] Different program with same set of files:: oldProgram.structureIsReused:: 2
Info 140  [12:28:40.50] Starting updateGraphWorker: Project: /home/igfersa/Documents/develop/Angular9/exerciseList/tsconfig.json
Info 141  [12:28:40.79] Finishing updateGraphWorker: Project: /home/igfersa/Documents/develop/Angular9/exerciseList/tsconfig.json Version: 42 structureChanged: false Elapsed: 29ms
Info 142  [12:28:40.79] Different program with same set of files:: oldProgram.structureIsReused:: 2
Info 143  [12:28:40.412] Starting updateGraphWorker: Project: /home/igfersa/Documents/develop/Angular9/exerciseList/tsconfig.json
Info 144  [12:28:40.425] Finishing updateGraphWorker: Project: /home/igfersa/Documents/develop/Angular9/exerciseList/tsconfig.json Version: 43 structureChanged: false Elapsed: 13ms
Info 145  [12:28:40.425] Different program with same set of files:: oldProgram.structureIsReused:: 2
Info 146  [12:28:46.154] Starting updateGraphWorker: Project: /home/igfersa/Documents/develop/Angular9/exerciseList/tsconfig.json
Info 147  [12:28:46.172] Finishing updateGraphWorker: Project: /home/igfersa/Documents/develop/Angular9/exerciseList/tsconfig.json Version: 44 structureChanged: false Elapsed: 17ms
Info 148  [12:28:46.172] Different program with same set of files:: oldProgram.structureIsReused:: 2
Info 149  [12:28:46.738] Starting updateGraphWorker: Project: /home/igfersa/Documents/develop/Angular9/exerciseList/tsconfig.json
Info 150  [12:28:46.759] Finishing updateGraphWorker: Project: /home/igfersa/Documents/develop/Angular9/exerciseList/tsconfig.json Version: 45 structureChanged: false Elapsed: 21ms
Info 151  [12:28:46.759] Different program with same set of files:: oldProgram.structureIsReused:: 2
Info 152  [12:28:47.265] Starting updateGraphWorker: Project: /home/igfersa/Documents/develop/Angular9/exerciseList/tsconfig.json
Info 153  [12:28:47.285] Finishing updateGraphWorker: Project: /home/igfersa/Documents/develop/Angular9/exerciseList/tsconfig.json Version: 46 structureChanged: false Elapsed: 20ms
Info 154  [12:28:47.285] Different program with same set of files:: oldProgram.structureIsReused:: 2
Info 155  [12:28:48.467] Starting updateGraphWorker: Project: /home/igfersa/Documents/develop/Angular9/exerciseList/tsconfig.json
Info 156  [12:28:48.573] Finishing updateGraphWorker: Project: /home/igfersa/Documents/develop/Angular9/exerciseList/tsconfig.json Version: 47 structureChanged: true Elapsed: 106ms
Info 157  [12:28:48.574] Different program with same set of files:: oldProgram.structureIsReused:: 1
Info 158  [12:28:53.80] Starting updateGraphWorker: Project: /home/igfersa/Documents/develop/Angular9/exerciseList/tsconfig.json
Info 159  [12:28:53.98] Finishing updateGraphWorker: Project: /home/igfersa/Documents/develop/Angular9/exerciseList/tsconfig.json Version: 48 structureChanged: false Elapsed: 18ms
Info 160  [12:28:53.98] Different program with same set of files:: oldProgram.structureIsReused:: 2
Info 161  [12:28:53.571] Starting updateGraphWorker: Project: /home/igfersa/Documents/develop/Angular9/exerciseList/tsconfig.json
Info 162  [12:28:53.590] Finishing updateGraphWorker: Project: /home/igfersa/Documents/develop/Angular9/exerciseList/tsconfig.json Version: 49 structureChanged: false Elapsed: 19ms
Info 163  [12:28:53.590] Different program with same set of files:: oldProgram.structureIsReused:: 2
Info 164  [12:28:54.238] Starting updateGraphWorker: Project: /home/igfersa/Documents/develop/Angular9/exerciseList/tsconfig.json
Info 165  [12:28:54.251] Finishing updateGraphWorker: Project: /home/igfersa/Documents/develop/Angular9/exerciseList/tsconfig.json Version: 50 structureChanged: false Elapsed: 13ms
Info 166  [12:28:54.251] Different program with same set of files:: oldProgram.structureIsReused:: 2
Info 167  [12:28:54.306] Starting updateGraphWorker: Project: /home/igfersa/Documents/develop/Angular9/exerciseList/tsconfig.json
Info 168  [12:28:54.324] Finishing updateGraphWorker: Project: /home/igfersa/Documents/develop/Angular9/exerciseList/tsconfig.json Version: 51 structureChanged: false Elapsed: 18ms
Info 169  [12:28:54.324] Different program with same set of files:: oldProgram.structureIsReused:: 2
Info 170  [12:28:55.38] Starting updateGraphWorker: Project: /home/igfersa/Documents/develop/Angular9/exerciseList/tsconfig.json
Info 171  [12:28:55.58] Finishing updateGraphWorker: Project: /home/igfersa/Documents/develop/Angular9/exerciseList/tsconfig.json Version: 52 structureChanged: false Elapsed: 20ms
Info 172  [12:28:55.58] Different program with same set of files:: oldProgram.structureIsReused:: 2
Info 173  [12:28:56.107] Starting updateGraphWorker: Project: /home/igfersa/Documents/develop/Angular9/exerciseList/tsconfig.json
Info 174  [12:28:56.136] Finishing updateGraphWorker: Project: /home/igfersa/Documents/develop/Angular9/exerciseList/tsconfig.json Version: 53 structureChanged: false Elapsed: 29ms
Info 175  [12:28:56.136] Different program with same set of files:: oldProgram.structureIsReused:: 2
Info 176  [12:28:56.742] Starting updateGraphWorker: Project: /home/igfersa/Documents/develop/Angular9/exerciseList/tsconfig.json
Info 177  [12:28:56.760] Finishing updateGraphWorker: Project: /home/igfersa/Documents/develop/Angular9/exerciseList/tsconfig.json Version: 54 structureChanged: false Elapsed: 18ms
Info 178  [12:28:56.760] Different program with same set of files:: oldProgram.structureIsReused:: 2
Info 179  [12:28:57.471] Starting updateGraphWorker: Project: /home/igfersa/Documents/develop/Angular9/exerciseList/tsconfig.json
Info 180  [12:28:57.484] Finishing updateGraphWorker: Project: /home/igfersa/Documents/develop/Angular9/exerciseList/tsconfig.json Version: 55 structureChanged: false Elapsed: 13ms
Info 181  [12:28:57.484] Different program with same set of files:: oldProgram.structureIsReused:: 2
Info 182  [12:28:58.203] Starting updateGraphWorker: Project: /home/igfersa/Documents/develop/Angular9/exerciseList/tsconfig.json
Info 183  [12:28:58.219] Finishing updateGraphWorker: Project: /home/igfersa/Documents/develop/Angular9/exerciseList/tsconfig.json Version: 56 structureChanged: false Elapsed: 16ms
Info 184  [12:28:58.219] Different program with same set of files:: oldProgram.structureIsReused:: 2
Info 185  [12:30:20.189] Starting updateGraphWorker: Project: /home/igfersa/Documents/develop/Angular9/exerciseList/tsconfig.json
Info 186  [12:30:20.210] Finishing updateGraphWorker: Project: /home/igfersa/Documents/develop/Angular9/exerciseList/tsconfig.json Version: 57 structureChanged: false Elapsed: 21ms
Info 187  [12:30:20.211] Different program with same set of files:: oldProgram.structureIsReused:: 2
Info 188  [12:30:20.314] Search path: /home/igfersa/Documents/develop/Angular9/exerciseList/src/app
Info 189  [12:30:20.314] For info: /home/igfersa/Documents/develop/Angular9/exerciseList/src/app/exercise.ts :: Config file name: /home/igfersa/Documents/develop/Angular9/exerciseList/tsconfig.json
