Info 0    [22:36:0.515] Format host information updated
Info 1    [22:36:0.516] reload projects.
Info 2    [22:36:0.516] Structure before ensureProjectForOpenFiles:
Info 3    [22:36:0.516] Structure after ensureProjectForOpenFiles:
Info 4    [22:36:0.516] Host file extension mappings updated
Info 5    [22:36:0.552] Search path: /home/igfersa/Documents/develop/Angular/exerciseList/src/app
Info 6    [22:36:0.554] For info: /home/igfersa/Documents/develop/Angular/exerciseList/src/app/app.component.ts :: Config file name: /home/igfersa/Documents/develop/Angular/exerciseList/tsconfig.json
Info 7    [22:36:0.554] Opened configuration file /home/igfersa/Documents/develop/Angular/exerciseList/tsconfig.json
Info 8    [22:36:0.598] Config: /home/igfersa/Documents/develop/Angular/exerciseList/tsconfig.json : {
 "rootNames": [
  "/home/igfersa/Documents/develop/Angular/exerciseList/e2e/src/app.e2e-spec.ts",
  "/home/igfersa/Documents/develop/Angular/exerciseList/e2e/src/app.po.ts",
  "/home/igfersa/Documents/develop/Angular/exerciseList/src/main.ts",
  "/home/igfersa/Documents/develop/Angular/exerciseList/src/polyfills.ts",
  "/home/igfersa/Documents/develop/Angular/exerciseList/src/test.ts",
  "/home/igfersa/Documents/develop/Angular/exerciseList/src/app/app-routing.module.ts",
  "/home/igfersa/Documents/develop/Angular/exerciseList/src/app/app.component.spec.ts",
  "/home/igfersa/Documents/develop/Angular/exerciseList/src/app/app.component.ts",
  "/home/igfersa/Documents/develop/Angular/exerciseList/src/app/app.module.ts",
  "/home/igfersa/Documents/develop/Angular/exerciseList/src/environments/environment.prod.ts",
  "/home/igfersa/Documents/develop/Angular/exerciseList/src/environments/environment.ts"
 ],
 "options": {
  "baseUrl": "/home/igfersa/Documents/develop/Angular/exerciseList",
  "outDir": "/home/igfersa/Documents/develop/Angular/exerciseList/dist/out-tsc",
  "sourceMap": true,
  "declaration": false,
  "downlevelIteration": true,
  "experimentalDecorators": true,
  "module": 99,
  "moduleResolution": 2,
  "importHelpers": true,
  "target": 2,
  "lib": [
   "lib.es2018.d.ts",
   "lib.dom.d.ts"
  ],
  "configFilePath": "/home/igfersa/Documents/develop/Angular/exerciseList/tsconfig.json"
 }
}
Info 9    [22:36:2.829] Loading global plugin @angular/language-service
Info 10   [22:36:2.829] Enabling plugin @angular/language-service from candidate paths: /home/igfersa/.vscode-oss/extensions/angular.ng-template-0.901.0/server/node_modules/@angular/language-service/bundles/language-service.umd.js,/home/igfersa/.vscode-oss/extensions/angular.ng-template-0.901.0/node_modules/typescript/lib/tsserverlibrary.js/../../..
Info 11   [22:36:2.829] Loading @angular/language-service from /home/igfersa/.vscode-oss/extensions/angular.ng-template-0.901.0/server/node_modules/@angular/language-service/bundles/language-service.umd.js (resolved to /home/igfersa/.vscode-oss/extensions/angular.ng-template-0.901.0/server/node_modules/@angular/language-service/bundles/language-service.umd.js/node_modules)
Info 12   [22:36:2.925] Plugin validation succeded
Info 13   [22:36:2.950] Starting updateGraphWorker: Project: /home/igfersa/Documents/develop/Angular/exerciseList/tsconfig.json
Info 14   [22:36:5.391] Finishing updateGraphWorker: Project: /home/igfersa/Documents/develop/Angular/exerciseList/tsconfig.json Version: 1 structureChanged: true Elapsed: 2441ms
Info 15   [22:36:5.391] Project '/home/igfersa/Documents/develop/Angular/exerciseList/tsconfig.json' (Configured) 
Info 16   [22:36:5.391] 	Files (309)

Info 17   [22:36:5.391] -----------------------------------------------
Info 18   [22:36:5.393] Starting updateGraphWorker: Project: /home/igfersa/Documents/develop/Angular/exerciseList/tsconfig.json
Info 19   [22:36:5.404] Finishing updateGraphWorker: Project: /home/igfersa/Documents/develop/Angular/exerciseList/tsconfig.json Version: 2 structureChanged: false Elapsed: 11ms
Info 20   [22:36:5.404] Different program with same set of files:: oldProgram.structureIsReused:: 2
