Info 0    [13:4:21.608] Format host information updated
Info 1    [13:4:21.608] reload projects.
Info 2    [13:4:21.608] Structure before ensureProjectForOpenFiles:
Info 3    [13:4:21.608] Structure after ensureProjectForOpenFiles:
Info 4    [13:4:21.608] Host file extension mappings updated
Info 5    [13:4:21.660] Search path: /home/igfersa/Documents/develop/Angular9/exerciseList/src/app/exercises
Info 6    [13:4:21.662] For info: /home/igfersa/Documents/develop/Angular9/exerciseList/src/app/exercises/exercises.component.ts :: Config file name: /home/igfersa/Documents/develop/Angular9/exerciseList/tsconfig.json
Info 7    [13:4:21.662] Opened configuration file /home/igfersa/Documents/develop/Angular9/exerciseList/tsconfig.json
Info 8    [13:4:21.762] Config: /home/igfersa/Documents/develop/Angular9/exerciseList/tsconfig.json : {
 "rootNames": [
  "/home/igfersa/Documents/develop/Angular9/exerciseList/e2e/src/app.e2e-spec.ts",
  "/home/igfersa/Documents/develop/Angular9/exerciseList/e2e/src/app.po.ts",
  "/home/igfersa/Documents/develop/Angular9/exerciseList/src/main.ts",
  "/home/igfersa/Documents/develop/Angular9/exerciseList/src/polyfills.ts",
  "/home/igfersa/Documents/develop/Angular9/exerciseList/src/test.ts",
  "/home/igfersa/Documents/develop/Angular9/exerciseList/src/app/app-routing.module.ts",
  "/home/igfersa/Documents/develop/Angular9/exerciseList/src/app/app.component.spec.ts",
  "/home/igfersa/Documents/develop/Angular9/exerciseList/src/app/app.component.ts",
  "/home/igfersa/Documents/develop/Angular9/exerciseList/src/app/app.module.ts",
  "/home/igfersa/Documents/develop/Angular9/exerciseList/src/app/collection-exercises.ts",
  "/home/igfersa/Documents/develop/Angular9/exerciseList/src/app/exercise.service.spec.ts",
  "/home/igfersa/Documents/develop/Angular9/exerciseList/src/app/exercise.service.ts",
  "/home/igfersa/Documents/develop/Angular9/exerciseList/src/app/exercise.ts",
  "/home/igfersa/Documents/develop/Angular9/exerciseList/src/app/exercise-detail/exercise-detail.component.spec.ts",
  "/home/igfersa/Documents/develop/Angular9/exerciseList/src/app/exercise-detail/exercise-detail.component.ts",
  "/home/igfersa/Documents/develop/Angular9/exerciseList/src/app/exercises/exercises.component.spec.ts",
  "/home/igfersa/Documents/develop/Angular9/exerciseList/src/app/exercises/exercises.component.ts",
  "/home/igfersa/Documents/develop/Angular9/exerciseList/src/environments/environment.prod.ts",
  "/home/igfersa/Documents/develop/Angular9/exerciseList/src/environments/environment.ts"
 ],
 "options": {
  "baseUrl": "/home/igfersa/Documents/develop/Angular9/exerciseList",
  "outDir": "/home/igfersa/Documents/develop/Angular9/exerciseList/dist/out-tsc",
  "sourceMap": true,
  "declaration": false,
  "downlevelIteration": true,
  "experimentalDecorators": true,
  "module": 99,
  "moduleResolution": 2,
  "importHelpers": true,
  "target": 2,
  "lib": [
   "lib.es2018.d.ts",
   "lib.dom.d.ts"
  ],
  "configFilePath": "/home/igfersa/Documents/develop/Angular9/exerciseList/tsconfig.json"
 }
}
Info 9    [13:4:23.873] Loading global plugin @angular/language-service
Info 10   [13:4:23.873] Enabling plugin @angular/language-service from candidate paths: /home/igfersa/.vscode-oss/extensions/angular.ng-template-0.901.2/server/node_modules/@angular/language-service/bundles/language-service.umd.js,/home/igfersa/.vscode-oss/extensions/angular.ng-template-0.901.2/node_modules/typescript/lib/tsserverlibrary.js/../../..
Info 11   [13:4:23.874] Loading @angular/language-service from /home/igfersa/.vscode-oss/extensions/angular.ng-template-0.901.2/server/node_modules/@angular/language-service/bundles/language-service.umd.js (resolved to /home/igfersa/.vscode-oss/extensions/angular.ng-template-0.901.2/server/node_modules/@angular/language-service/bundles/language-service.umd.js/node_modules)
Info 12   [13:4:24.139] Plugin validation succeded
Info 13   [13:4:24.196] Starting updateGraphWorker: Project: /home/igfersa/Documents/develop/Angular9/exerciseList/tsconfig.json
Info 14   [13:4:30.559] Finishing updateGraphWorker: Project: /home/igfersa/Documents/develop/Angular9/exerciseList/tsconfig.json Version: 1 structureChanged: true Elapsed: 6363ms
Info 15   [13:4:30.559] Project '/home/igfersa/Documents/develop/Angular9/exerciseList/tsconfig.json' (Configured) 
Info 16   [13:4:30.567] 	Files (318)

Info 17   [13:4:30.570] -----------------------------------------------
Info 18   [13:4:30.574] Starting updateGraphWorker: Project: /home/igfersa/Documents/develop/Angular9/exerciseList/tsconfig.json
Info 19   [13:4:30.623] Finishing updateGraphWorker: Project: /home/igfersa/Documents/develop/Angular9/exerciseList/tsconfig.json Version: 2 structureChanged: false Elapsed: 49ms
Info 20   [13:4:30.623] Different program with same set of files:: oldProgram.structureIsReused:: 2
Info 21   [13:6:37.165] Search path: /home/igfersa/Documents/develop/Angular9/exerciseList/src/app
Info 22   [13:6:37.166] For info: /home/igfersa/Documents/develop/Angular9/exerciseList/src/app/exercise.service.ts :: Config file name: /home/igfersa/Documents/develop/Angular9/exerciseList/tsconfig.json
Info 23   [13:7:22.543] Starting updateGraphWorker: Project: /home/igfersa/Documents/develop/Angular9/exerciseList/tsconfig.json
Info 24   [13:7:22.570] Finishing updateGraphWorker: Project: /home/igfersa/Documents/develop/Angular9/exerciseList/tsconfig.json Version: 3 structureChanged: false Elapsed: 27ms
Info 25   [13:7:22.570] Different program with same set of files:: oldProgram.structureIsReused:: 2
Info 26   [13:7:23.105] Starting updateGraphWorker: Project: /home/igfersa/Documents/develop/Angular9/exerciseList/tsconfig.json
Info 27   [13:7:23.145] Finishing updateGraphWorker: Project: /home/igfersa/Documents/develop/Angular9/exerciseList/tsconfig.json Version: 4 structureChanged: false Elapsed: 40ms
Info 28   [13:7:23.145] Different program with same set of files:: oldProgram.structureIsReused:: 2
Info 29   [13:7:23.515] Starting updateGraphWorker: Project: /home/igfersa/Documents/develop/Angular9/exerciseList/tsconfig.json
Info 30   [13:7:23.563] Finishing updateGraphWorker: Project: /home/igfersa/Documents/develop/Angular9/exerciseList/tsconfig.json Version: 5 structureChanged: false Elapsed: 47ms
Info 31   [13:7:23.564] Different program with same set of files:: oldProgram.structureIsReused:: 2
Info 32   [13:7:23.866] Starting updateGraphWorker: Project: /home/igfersa/Documents/develop/Angular9/exerciseList/tsconfig.json
Info 33   [13:7:23.882] Finishing updateGraphWorker: Project: /home/igfersa/Documents/develop/Angular9/exerciseList/tsconfig.json Version: 6 structureChanged: false Elapsed: 16ms
Info 34   [13:7:23.882] Different program with same set of files:: oldProgram.structureIsReused:: 2
Info 35   [13:7:23.947] Starting updateGraphWorker: Project: /home/igfersa/Documents/develop/Angular9/exerciseList/tsconfig.json
Info 36   [13:7:23.974] Finishing updateGraphWorker: Project: /home/igfersa/Documents/develop/Angular9/exerciseList/tsconfig.json Version: 7 structureChanged: false Elapsed: 26ms
Info 37   [13:7:23.974] Different program with same set of files:: oldProgram.structureIsReused:: 2
Info 38   [13:7:29.198] Starting updateGraphWorker: Project: /home/igfersa/Documents/develop/Angular9/exerciseList/tsconfig.json
Info 39   [13:7:29.214] Finishing updateGraphWorker: Project: /home/igfersa/Documents/develop/Angular9/exerciseList/tsconfig.json Version: 8 structureChanged: false Elapsed: 16ms
Info 40   [13:7:29.214] Different program with same set of files:: oldProgram.structureIsReused:: 2
Info 41   [13:7:36.176] Starting updateGraphWorker: Project: /home/igfersa/Documents/develop/Angular9/exerciseList/tsconfig.json
Info 42   [13:7:36.226] Finishing updateGraphWorker: Project: /home/igfersa/Documents/develop/Angular9/exerciseList/tsconfig.json Version: 9 structureChanged: false Elapsed: 50ms
Info 43   [13:7:36.226] Different program with same set of files:: oldProgram.structureIsReused:: 2
Info 44   [13:7:36.846] Starting updateGraphWorker: Project: /home/igfersa/Documents/develop/Angular9/exerciseList/tsconfig.json
Info 45   [13:7:36.875] Finishing updateGraphWorker: Project: /home/igfersa/Documents/develop/Angular9/exerciseList/tsconfig.json Version: 10 structureChanged: false Elapsed: 29ms
Info 46   [13:7:36.875] Different program with same set of files:: oldProgram.structureIsReused:: 2
Info 47   [13:7:37.244] Starting updateGraphWorker: Project: /home/igfersa/Documents/develop/Angular9/exerciseList/tsconfig.json
Info 48   [13:7:37.276] Finishing updateGraphWorker: Project: /home/igfersa/Documents/develop/Angular9/exerciseList/tsconfig.json Version: 11 structureChanged: false Elapsed: 32ms
Info 49   [13:7:37.276] Different program with same set of files:: oldProgram.structureIsReused:: 2
Info 50   [13:7:40.536] Starting updateGraphWorker: Project: /home/igfersa/Documents/develop/Angular9/exerciseList/tsconfig.json
Info 51   [13:7:40.553] Finishing updateGraphWorker: Project: /home/igfersa/Documents/develop/Angular9/exerciseList/tsconfig.json Version: 12 structureChanged: false Elapsed: 17ms
Info 52   [13:7:40.553] Different program with same set of files:: oldProgram.structureIsReused:: 2
Info 53   [13:7:52.264] Starting updateGraphWorker: Project: /home/igfersa/Documents/develop/Angular9/exerciseList/tsconfig.json
Info 54   [13:7:52.290] Finishing updateGraphWorker: Project: /home/igfersa/Documents/develop/Angular9/exerciseList/tsconfig.json Version: 13 structureChanged: false Elapsed: 26ms
Info 55   [13:7:52.290] Different program with same set of files:: oldProgram.structureIsReused:: 2
Info 56   [13:7:53.713] Starting updateGraphWorker: Project: /home/igfersa/Documents/develop/Angular9/exerciseList/tsconfig.json
Info 57   [13:7:53.732] Finishing updateGraphWorker: Project: /home/igfersa/Documents/develop/Angular9/exerciseList/tsconfig.json Version: 14 structureChanged: false Elapsed: 18ms
Info 58   [13:7:53.732] Different program with same set of files:: oldProgram.structureIsReused:: 2
Info 59   [13:7:53.965] Starting updateGraphWorker: Project: /home/igfersa/Documents/develop/Angular9/exerciseList/tsconfig.json
Info 60   [13:7:53.990] Finishing updateGraphWorker: Project: /home/igfersa/Documents/develop/Angular9/exerciseList/tsconfig.json Version: 15 structureChanged: false Elapsed: 25ms
Info 61   [13:7:53.990] Different program with same set of files:: oldProgram.structureIsReused:: 2
Info 62   [13:7:54.396] Starting updateGraphWorker: Project: /home/igfersa/Documents/develop/Angular9/exerciseList/tsconfig.json
Info 63   [13:7:54.408] Finishing updateGraphWorker: Project: /home/igfersa/Documents/develop/Angular9/exerciseList/tsconfig.json Version: 16 structureChanged: false Elapsed: 12ms
Info 64   [13:7:54.408] Different program with same set of files:: oldProgram.structureIsReused:: 2
Info 65   [13:7:54.650] Starting updateGraphWorker: Project: /home/igfersa/Documents/develop/Angular9/exerciseList/tsconfig.json
Info 66   [13:7:54.671] Finishing updateGraphWorker: Project: /home/igfersa/Documents/develop/Angular9/exerciseList/tsconfig.json Version: 17 structureChanged: false Elapsed: 20ms
Info 67   [13:7:54.671] Different program with same set of files:: oldProgram.structureIsReused:: 2
Info 68   [13:7:55.109] Starting updateGraphWorker: Project: /home/igfersa/Documents/develop/Angular9/exerciseList/tsconfig.json
Info 69   [13:7:55.126] Finishing updateGraphWorker: Project: /home/igfersa/Documents/develop/Angular9/exerciseList/tsconfig.json Version: 18 structureChanged: false Elapsed: 17ms
Info 70   [13:7:55.126] Different program with same set of files:: oldProgram.structureIsReused:: 2
Info 71   [13:7:55.303] Starting updateGraphWorker: Project: /home/igfersa/Documents/develop/Angular9/exerciseList/tsconfig.json
Info 72   [13:7:55.322] Finishing updateGraphWorker: Project: /home/igfersa/Documents/develop/Angular9/exerciseList/tsconfig.json Version: 19 structureChanged: false Elapsed: 19ms
Info 73   [13:7:55.322] Different program with same set of files:: oldProgram.structureIsReused:: 2
Info 74   [13:7:55.992] Starting updateGraphWorker: Project: /home/igfersa/Documents/develop/Angular9/exerciseList/tsconfig.json
Info 75   [13:7:56.8] Finishing updateGraphWorker: Project: /home/igfersa/Documents/develop/Angular9/exerciseList/tsconfig.json Version: 20 structureChanged: false Elapsed: 16ms
Info 76   [13:7:56.8] Different program with same set of files:: oldProgram.structureIsReused:: 2
Info 77   [13:7:57.367] Starting updateGraphWorker: Project: /home/igfersa/Documents/develop/Angular9/exerciseList/tsconfig.json
Info 78   [13:7:57.393] Finishing updateGraphWorker: Project: /home/igfersa/Documents/develop/Angular9/exerciseList/tsconfig.json Version: 21 structureChanged: false Elapsed: 26ms
Info 79   [13:7:57.393] Different program with same set of files:: oldProgram.structureIsReused:: 2
Info 80   [13:7:58.163] Starting updateGraphWorker: Project: /home/igfersa/Documents/develop/Angular9/exerciseList/tsconfig.json
Info 81   [13:7:58.175] Finishing updateGraphWorker: Project: /home/igfersa/Documents/develop/Angular9/exerciseList/tsconfig.json Version: 22 structureChanged: false Elapsed: 12ms
Info 82   [13:7:58.175] Different program with same set of files:: oldProgram.structureIsReused:: 2
Info 83   [13:7:59.88] Starting updateGraphWorker: Project: /home/igfersa/Documents/develop/Angular9/exerciseList/tsconfig.json
Info 84   [13:7:59.100] Finishing updateGraphWorker: Project: /home/igfersa/Documents/develop/Angular9/exerciseList/tsconfig.json Version: 23 structureChanged: false Elapsed: 12ms
Info 85   [13:7:59.100] Different program with same set of files:: oldProgram.structureIsReused:: 2
Info 86   [13:8:17.823] Starting updateGraphWorker: Project: /home/igfersa/Documents/develop/Angular9/exerciseList/tsconfig.json
Info 87   [13:8:17.839] Finishing updateGraphWorker: Project: /home/igfersa/Documents/develop/Angular9/exerciseList/tsconfig.json Version: 24 structureChanged: false Elapsed: 15ms
Info 88   [13:8:17.839] Different program with same set of files:: oldProgram.structureIsReused:: 2
Info 89   [13:8:20.516] Starting updateGraphWorker: Project: /home/igfersa/Documents/develop/Angular9/exerciseList/tsconfig.json
Info 90   [13:8:20.544] Finishing updateGraphWorker: Project: /home/igfersa/Documents/develop/Angular9/exerciseList/tsconfig.json Version: 25 structureChanged: false Elapsed: 28ms
Info 91   [13:8:20.544] Different program with same set of files:: oldProgram.structureIsReused:: 2
Info 92   [13:8:21.96] Starting updateGraphWorker: Project: /home/igfersa/Documents/develop/Angular9/exerciseList/tsconfig.json
Info 93   [13:8:21.106] Finishing updateGraphWorker: Project: /home/igfersa/Documents/develop/Angular9/exerciseList/tsconfig.json Version: 26 structureChanged: false Elapsed: 10ms
Info 94   [13:8:21.106] Different program with same set of files:: oldProgram.structureIsReused:: 2
Info 95   [13:8:21.475] Starting updateGraphWorker: Project: /home/igfersa/Documents/develop/Angular9/exerciseList/tsconfig.json
Info 96   [13:8:21.493] Finishing updateGraphWorker: Project: /home/igfersa/Documents/develop/Angular9/exerciseList/tsconfig.json Version: 27 structureChanged: false Elapsed: 18ms
Info 97   [13:8:21.493] Different program with same set of files:: oldProgram.structureIsReused:: 2
Info 98   [13:8:45.851] Starting updateGraphWorker: Project: /home/igfersa/Documents/develop/Angular9/exerciseList/tsconfig.json
Info 99   [13:8:45.962] Finishing updateGraphWorker: Project: /home/igfersa/Documents/develop/Angular9/exerciseList/tsconfig.json Version: 28 structureChanged: true Elapsed: 110ms
Info 100  [13:8:45.962] Different program with same set of files:: oldProgram.structureIsReused:: 1
Info 101  [13:8:47.92] Starting updateGraphWorker: Project: /home/igfersa/Documents/develop/Angular9/exerciseList/tsconfig.json
Info 102  [13:8:47.107] Finishing updateGraphWorker: Project: /home/igfersa/Documents/develop/Angular9/exerciseList/tsconfig.json Version: 29 structureChanged: false Elapsed: 15ms
Info 103  [13:8:47.107] Different program with same set of files:: oldProgram.structureIsReused:: 2
Info 104  [13:8:52.387] Starting updateGraphWorker: Project: /home/igfersa/Documents/develop/Angular9/exerciseList/tsconfig.json
Info 105  [13:8:52.408] Finishing updateGraphWorker: Project: /home/igfersa/Documents/develop/Angular9/exerciseList/tsconfig.json Version: 30 structureChanged: false Elapsed: 20ms
Info 106  [13:8:52.408] Different program with same set of files:: oldProgram.structureIsReused:: 2
Info 107  [13:9:5.934] Starting updateGraphWorker: Project: /home/igfersa/Documents/develop/Angular9/exerciseList/tsconfig.json
Info 108  [13:9:5.956] Finishing updateGraphWorker: Project: /home/igfersa/Documents/develop/Angular9/exerciseList/tsconfig.json Version: 31 structureChanged: false Elapsed: 21ms
Info 109  [13:9:5.956] Different program with same set of files:: oldProgram.structureIsReused:: 2
Info 110  [13:9:6.446] Starting updateGraphWorker: Project: /home/igfersa/Documents/develop/Angular9/exerciseList/tsconfig.json
Info 111  [13:9:6.466] Finishing updateGraphWorker: Project: /home/igfersa/Documents/develop/Angular9/exerciseList/tsconfig.json Version: 32 structureChanged: false Elapsed: 20ms
Info 112  [13:9:6.466] Different program with same set of files:: oldProgram.structureIsReused:: 2
Info 113  [13:9:9.3] Starting updateGraphWorker: Project: /home/igfersa/Documents/develop/Angular9/exerciseList/tsconfig.json
Info 114  [13:9:9.31] Finishing updateGraphWorker: Project: /home/igfersa/Documents/develop/Angular9/exerciseList/tsconfig.json Version: 33 structureChanged: false Elapsed: 28ms
Info 115  [13:9:9.31] Different program with same set of files:: oldProgram.structureIsReused:: 2
Info 116  [13:9:9.435] Starting updateGraphWorker: Project: /home/igfersa/Documents/develop/Angular9/exerciseList/tsconfig.json
Info 117  [13:9:9.466] Finishing updateGraphWorker: Project: /home/igfersa/Documents/develop/Angular9/exerciseList/tsconfig.json Version: 34 structureChanged: false Elapsed: 31ms
Info 118  [13:9:9.466] Different program with same set of files:: oldProgram.structureIsReused:: 2
Info 119  [13:9:9.715] Starting updateGraphWorker: Project: /home/igfersa/Documents/develop/Angular9/exerciseList/tsconfig.json
Info 120  [13:9:9.737] Finishing updateGraphWorker: Project: /home/igfersa/Documents/develop/Angular9/exerciseList/tsconfig.json Version: 35 structureChanged: false Elapsed: 22ms
Info 121  [13:9:9.737] Different program with same set of files:: oldProgram.structureIsReused:: 2
Info 122  [13:9:10.214] Starting updateGraphWorker: Project: /home/igfersa/Documents/develop/Angular9/exerciseList/tsconfig.json
Info 123  [13:9:10.231] Finishing updateGraphWorker: Project: /home/igfersa/Documents/develop/Angular9/exerciseList/tsconfig.json Version: 36 structureChanged: false Elapsed: 17ms
Info 124  [13:9:10.231] Different program with same set of files:: oldProgram.structureIsReused:: 2
Info 125  [13:9:10.941] Starting updateGraphWorker: Project: /home/igfersa/Documents/develop/Angular9/exerciseList/tsconfig.json
Info 126  [13:9:10.956] Finishing updateGraphWorker: Project: /home/igfersa/Documents/develop/Angular9/exerciseList/tsconfig.json Version: 37 structureChanged: false Elapsed: 14ms
Info 127  [13:9:10.956] Different program with same set of files:: oldProgram.structureIsReused:: 2
Info 128  [13:9:11.108] Starting updateGraphWorker: Project: /home/igfersa/Documents/develop/Angular9/exerciseList/tsconfig.json
Info 129  [13:9:11.131] Finishing updateGraphWorker: Project: /home/igfersa/Documents/develop/Angular9/exerciseList/tsconfig.json Version: 38 structureChanged: false Elapsed: 23ms
Info 130  [13:9:11.131] Different program with same set of files:: oldProgram.structureIsReused:: 2
Info 131  [13:9:11.305] Starting updateGraphWorker: Project: /home/igfersa/Documents/develop/Angular9/exerciseList/tsconfig.json
Info 132  [13:9:11.325] Finishing updateGraphWorker: Project: /home/igfersa/Documents/develop/Angular9/exerciseList/tsconfig.json Version: 39 structureChanged: false Elapsed: 20ms
Info 133  [13:9:11.325] Different program with same set of files:: oldProgram.structureIsReused:: 2
Info 134  [13:9:11.682] Starting updateGraphWorker: Project: /home/igfersa/Documents/develop/Angular9/exerciseList/tsconfig.json
Info 135  [13:9:11.700] Finishing updateGraphWorker: Project: /home/igfersa/Documents/develop/Angular9/exerciseList/tsconfig.json Version: 40 structureChanged: false Elapsed: 18ms
Info 136  [13:9:11.700] Different program with same set of files:: oldProgram.structureIsReused:: 2
Info 137  [13:9:11.902] Starting updateGraphWorker: Project: /home/igfersa/Documents/develop/Angular9/exerciseList/tsconfig.json
Info 138  [13:9:11.914] Finishing updateGraphWorker: Project: /home/igfersa/Documents/develop/Angular9/exerciseList/tsconfig.json Version: 41 structureChanged: false Elapsed: 12ms
Info 139  [13:9:11.914] Different program with same set of files:: oldProgram.structureIsReused:: 2
Info 140  [13:9:12.41] Starting updateGraphWorker: Project: /home/igfersa/Documents/develop/Angular9/exerciseList/tsconfig.json
Info 141  [13:9:12.63] Finishing updateGraphWorker: Project: /home/igfersa/Documents/develop/Angular9/exerciseList/tsconfig.json Version: 42 structureChanged: false Elapsed: 22ms
Info 142  [13:9:12.63] Different program with same set of files:: oldProgram.structureIsReused:: 2
Info 143  [13:9:12.247] Starting updateGraphWorker: Project: /home/igfersa/Documents/develop/Angular9/exerciseList/tsconfig.json
Info 144  [13:9:12.275] Finishing updateGraphWorker: Project: /home/igfersa/Documents/develop/Angular9/exerciseList/tsconfig.json Version: 43 structureChanged: false Elapsed: 28ms
Info 145  [13:9:12.275] Different program with same set of files:: oldProgram.structureIsReused:: 2
Info 146  [13:9:12.481] Starting updateGraphWorker: Project: /home/igfersa/Documents/develop/Angular9/exerciseList/tsconfig.json
Info 147  [13:9:12.507] Finishing updateGraphWorker: Project: /home/igfersa/Documents/develop/Angular9/exerciseList/tsconfig.json Version: 44 structureChanged: false Elapsed: 26ms
Info 148  [13:9:12.507] Different program with same set of files:: oldProgram.structureIsReused:: 2
Info 149  [13:9:16.390] Starting updateGraphWorker: Project: /home/igfersa/Documents/develop/Angular9/exerciseList/tsconfig.json
Info 150  [13:9:16.400] Finishing updateGraphWorker: Project: /home/igfersa/Documents/develop/Angular9/exerciseList/tsconfig.json Version: 45 structureChanged: false Elapsed: 10ms
Info 151  [13:9:16.400] Different program with same set of files:: oldProgram.structureIsReused:: 2
Info 152  [13:9:19.17] Starting updateGraphWorker: Project: /home/igfersa/Documents/develop/Angular9/exerciseList/tsconfig.json
Info 153  [13:9:19.41] Finishing updateGraphWorker: Project: /home/igfersa/Documents/develop/Angular9/exerciseList/tsconfig.json Version: 46 structureChanged: false Elapsed: 24ms
Info 154  [13:9:19.41] Different program with same set of files:: oldProgram.structureIsReused:: 2
Info 155  [13:9:19.887] Starting updateGraphWorker: Project: /home/igfersa/Documents/develop/Angular9/exerciseList/tsconfig.json
Info 156  [13:9:19.908] Finishing updateGraphWorker: Project: /home/igfersa/Documents/develop/Angular9/exerciseList/tsconfig.json Version: 47 structureChanged: false Elapsed: 21ms
Info 157  [13:9:19.908] Different program with same set of files:: oldProgram.structureIsReused:: 2
Info 158  [13:9:20.643] Starting updateGraphWorker: Project: /home/igfersa/Documents/develop/Angular9/exerciseList/tsconfig.json
Info 159  [13:9:20.664] Finishing updateGraphWorker: Project: /home/igfersa/Documents/develop/Angular9/exerciseList/tsconfig.json Version: 48 structureChanged: false Elapsed: 21ms
Info 160  [13:9:20.664] Different program with same set of files:: oldProgram.structureIsReused:: 2
Info 161  [13:9:23.527] Starting updateGraphWorker: Project: /home/igfersa/Documents/develop/Angular9/exerciseList/tsconfig.json
Info 162  [13:9:23.537] Finishing updateGraphWorker: Project: /home/igfersa/Documents/develop/Angular9/exerciseList/tsconfig.json Version: 49 structureChanged: false Elapsed: 10ms
Info 163  [13:9:23.537] Different program with same set of files:: oldProgram.structureIsReused:: 2
Info 164  [13:9:35.295] Starting updateGraphWorker: Project: /home/igfersa/Documents/develop/Angular9/exerciseList/tsconfig.json
Info 165  [13:9:35.310] Finishing updateGraphWorker: Project: /home/igfersa/Documents/develop/Angular9/exerciseList/tsconfig.json Version: 50 structureChanged: false Elapsed: 15ms
Info 166  [13:9:35.310] Different program with same set of files:: oldProgram.structureIsReused:: 2
Info 167  [13:9:37.97] Starting updateGraphWorker: Project: /home/igfersa/Documents/develop/Angular9/exerciseList/tsconfig.json
Info 168  [13:9:37.113] Finishing updateGraphWorker: Project: /home/igfersa/Documents/develop/Angular9/exerciseList/tsconfig.json Version: 51 structureChanged: false Elapsed: 15ms
Info 169  [13:9:37.113] Different program with same set of files:: oldProgram.structureIsReused:: 2
Info 170  [13:9:38.239] Starting updateGraphWorker: Project: /home/igfersa/Documents/develop/Angular9/exerciseList/tsconfig.json
Info 171  [13:9:38.259] Finishing updateGraphWorker: Project: /home/igfersa/Documents/develop/Angular9/exerciseList/tsconfig.json Version: 52 structureChanged: false Elapsed: 20ms
Info 172  [13:9:38.259] Different program with same set of files:: oldProgram.structureIsReused:: 2
Info 173  [13:9:44.156] Starting updateGraphWorker: Project: /home/igfersa/Documents/develop/Angular9/exerciseList/tsconfig.json
Info 174  [13:9:44.177] Finishing updateGraphWorker: Project: /home/igfersa/Documents/develop/Angular9/exerciseList/tsconfig.json Version: 53 structureChanged: false Elapsed: 21ms
Info 175  [13:9:44.177] Different program with same set of files:: oldProgram.structureIsReused:: 2
Info 176  [13:9:44.700] Starting updateGraphWorker: Project: /home/igfersa/Documents/develop/Angular9/exerciseList/tsconfig.json
Info 177  [13:9:44.724] Finishing updateGraphWorker: Project: /home/igfersa/Documents/develop/Angular9/exerciseList/tsconfig.json Version: 54 structureChanged: false Elapsed: 24ms
Info 178  [13:9:44.724] Different program with same set of files:: oldProgram.structureIsReused:: 2
Info 179  [13:9:45.66] Starting updateGraphWorker: Project: /home/igfersa/Documents/develop/Angular9/exerciseList/tsconfig.json
Info 180  [13:9:45.108] Finishing updateGraphWorker: Project: /home/igfersa/Documents/develop/Angular9/exerciseList/tsconfig.json Version: 55 structureChanged: false Elapsed: 41ms
Info 181  [13:9:45.108] Different program with same set of files:: oldProgram.structureIsReused:: 2
Info 182  [13:9:45.590] Starting updateGraphWorker: Project: /home/igfersa/Documents/develop/Angular9/exerciseList/tsconfig.json
Info 183  [13:9:45.646] Finishing updateGraphWorker: Project: /home/igfersa/Documents/develop/Angular9/exerciseList/tsconfig.json Version: 56 structureChanged: false Elapsed: 56ms
Info 184  [13:9:45.646] Different program with same set of files:: oldProgram.structureIsReused:: 2
Info 185  [13:9:45.890] Starting updateGraphWorker: Project: /home/igfersa/Documents/develop/Angular9/exerciseList/tsconfig.json
Info 186  [13:9:45.912] Finishing updateGraphWorker: Project: /home/igfersa/Documents/develop/Angular9/exerciseList/tsconfig.json Version: 57 structureChanged: false Elapsed: 22ms
Info 187  [13:9:45.912] Different program with same set of files:: oldProgram.structureIsReused:: 2
Info 188  [13:9:46.183] Starting updateGraphWorker: Project: /home/igfersa/Documents/develop/Angular9/exerciseList/tsconfig.json
Info 189  [13:9:46.204] Finishing updateGraphWorker: Project: /home/igfersa/Documents/develop/Angular9/exerciseList/tsconfig.json Version: 58 structureChanged: false Elapsed: 21ms
Info 190  [13:9:46.205] Different program with same set of files:: oldProgram.structureIsReused:: 2
Info 191  [13:9:46.444] Starting updateGraphWorker: Project: /home/igfersa/Documents/develop/Angular9/exerciseList/tsconfig.json
Info 192  [13:9:46.473] Finishing updateGraphWorker: Project: /home/igfersa/Documents/develop/Angular9/exerciseList/tsconfig.json Version: 59 structureChanged: false Elapsed: 29ms
Info 193  [13:9:46.474] Different program with same set of files:: oldProgram.structureIsReused:: 2
Info 194  [13:9:46.678] Starting updateGraphWorker: Project: /home/igfersa/Documents/develop/Angular9/exerciseList/tsconfig.json
Info 195  [13:9:46.693] Finishing updateGraphWorker: Project: /home/igfersa/Documents/develop/Angular9/exerciseList/tsconfig.json Version: 60 structureChanged: false Elapsed: 15ms
Info 196  [13:9:46.693] Different program with same set of files:: oldProgram.structureIsReused:: 2
Info 197  [13:9:47.338] Starting updateGraphWorker: Project: /home/igfersa/Documents/develop/Angular9/exerciseList/tsconfig.json
Info 198  [13:9:47.354] Finishing updateGraphWorker: Project: /home/igfersa/Documents/develop/Angular9/exerciseList/tsconfig.json Version: 61 structureChanged: false Elapsed: 15ms
Info 199  [13:9:47.354] Different program with same set of files:: oldProgram.structureIsReused:: 2
Info 200  [13:9:47.833] Starting updateGraphWorker: Project: /home/igfersa/Documents/develop/Angular9/exerciseList/tsconfig.json
Info 201  [13:9:47.876] Finishing updateGraphWorker: Project: /home/igfersa/Documents/develop/Angular9/exerciseList/tsconfig.json Version: 62 structureChanged: false Elapsed: 43ms
Info 202  [13:9:47.876] Different program with same set of files:: oldProgram.structureIsReused:: 2
Info 203  [13:9:48.243] Starting updateGraphWorker: Project: /home/igfersa/Documents/develop/Angular9/exerciseList/tsconfig.json
Info 204  [13:9:48.266] Finishing updateGraphWorker: Project: /home/igfersa/Documents/develop/Angular9/exerciseList/tsconfig.json Version: 63 structureChanged: false Elapsed: 23ms
Info 205  [13:9:48.266] Different program with same set of files:: oldProgram.structureIsReused:: 2
Info 206  [13:9:48.523] Starting updateGraphWorker: Project: /home/igfersa/Documents/develop/Angular9/exerciseList/tsconfig.json
Info 207  [13:9:48.535] Finishing updateGraphWorker: Project: /home/igfersa/Documents/develop/Angular9/exerciseList/tsconfig.json Version: 64 structureChanged: false Elapsed: 12ms
Info 208  [13:9:48.535] Different program with same set of files:: oldProgram.structureIsReused:: 2
Info 209  [13:9:48.778] Starting updateGraphWorker: Project: /home/igfersa/Documents/develop/Angular9/exerciseList/tsconfig.json
Info 210  [13:9:48.800] Finishing updateGraphWorker: Project: /home/igfersa/Documents/develop/Angular9/exerciseList/tsconfig.json Version: 65 structureChanged: false Elapsed: 22ms
Info 211  [13:9:48.800] Different program with same set of files:: oldProgram.structureIsReused:: 2
Info 212  [13:9:49.758] Starting updateGraphWorker: Project: /home/igfersa/Documents/develop/Angular9/exerciseList/tsconfig.json
Info 213  [13:9:49.776] Finishing updateGraphWorker: Project: /home/igfersa/Documents/develop/Angular9/exerciseList/tsconfig.json Version: 66 structureChanged: false Elapsed: 17ms
Info 214  [13:9:49.776] Different program with same set of files:: oldProgram.structureIsReused:: 2
Info 215  [13:10:4.858] Starting updateGraphWorker: Project: /home/igfersa/Documents/develop/Angular9/exerciseList/tsconfig.json
Info 216  [13:10:4.877] Finishing updateGraphWorker: Project: /home/igfersa/Documents/develop/Angular9/exerciseList/tsconfig.json Version: 67 structureChanged: false Elapsed: 19ms
Info 217  [13:10:4.877] Different program with same set of files:: oldProgram.structureIsReused:: 2
Info 218  [13:10:15.942] Starting updateGraphWorker: Project: /home/igfersa/Documents/develop/Angular9/exerciseList/tsconfig.json
Info 219  [13:10:15.958] Finishing updateGraphWorker: Project: /home/igfersa/Documents/develop/Angular9/exerciseList/tsconfig.json Version: 68 structureChanged: false Elapsed: 16ms
Info 220  [13:10:15.958] Different program with same set of files:: oldProgram.structureIsReused:: 2
Info 221  [13:10:16.699] Starting updateGraphWorker: Project: /home/igfersa/Documents/develop/Angular9/exerciseList/tsconfig.json
Info 222  [13:10:16.715] Finishing updateGraphWorker: Project: /home/igfersa/Documents/develop/Angular9/exerciseList/tsconfig.json Version: 69 structureChanged: false Elapsed: 16ms
Info 223  [13:10:16.715] Different program with same set of files:: oldProgram.structureIsReused:: 2
Info 224  [13:10:16.934] Starting updateGraphWorker: Project: /home/igfersa/Documents/develop/Angular9/exerciseList/tsconfig.json
Info 225  [13:10:16.958] Finishing updateGraphWorker: Project: /home/igfersa/Documents/develop/Angular9/exerciseList/tsconfig.json Version: 70 structureChanged: false Elapsed: 24ms
Info 226  [13:10:16.958] Different program with same set of files:: oldProgram.structureIsReused:: 2
Info 227  [13:10:17.176] Starting updateGraphWorker: Project: /home/igfersa/Documents/develop/Angular9/exerciseList/tsconfig.json
Info 228  [13:10:17.194] Finishing updateGraphWorker: Project: /home/igfersa/Documents/develop/Angular9/exerciseList/tsconfig.json Version: 71 structureChanged: false Elapsed: 18ms
Info 229  [13:10:17.194] Different program with same set of files:: oldProgram.structureIsReused:: 2
Info 230  [13:10:17.419] Starting updateGraphWorker: Project: /home/igfersa/Documents/develop/Angular9/exerciseList/tsconfig.json
Info 231  [13:10:17.441] Finishing updateGraphWorker: Project: /home/igfersa/Documents/develop/Angular9/exerciseList/tsconfig.json Version: 72 structureChanged: false Elapsed: 22ms
Info 232  [13:10:17.441] Different program with same set of files:: oldProgram.structureIsReused:: 2
Info 233  [13:10:18.918] Starting updateGraphWorker: Project: /home/igfersa/Documents/develop/Angular9/exerciseList/tsconfig.json
Info 234  [13:10:18.932] Finishing updateGraphWorker: Project: /home/igfersa/Documents/develop/Angular9/exerciseList/tsconfig.json Version: 73 structureChanged: false Elapsed: 13ms
Info 235  [13:10:18.932] Different program with same set of files:: oldProgram.structureIsReused:: 2
Info 236  [13:10:19.363] Starting updateGraphWorker: Project: /home/igfersa/Documents/develop/Angular9/exerciseList/tsconfig.json
Info 237  [13:10:19.372] Finishing updateGraphWorker: Project: /home/igfersa/Documents/develop/Angular9/exerciseList/tsconfig.json Version: 74 structureChanged: false Elapsed: 9ms
Info 238  [13:10:19.372] Different program with same set of files:: oldProgram.structureIsReused:: 2
Info 239  [13:11:7.544] Starting updateGraphWorker: Project: /home/igfersa/Documents/develop/Angular9/exerciseList/tsconfig.json
Info 240  [13:11:7.566] Finishing updateGraphWorker: Project: /home/igfersa/Documents/develop/Angular9/exerciseList/tsconfig.json Version: 75 structureChanged: false Elapsed: 22ms
Info 241  [13:11:7.566] Different program with same set of files:: oldProgram.structureIsReused:: 2
Info 242  [13:12:48.944] DirectoryWatcher:: Triggered with /home/igfersa/Documents/develop/Angular9/exerciseList :: WatchInfo: /home/igfersa/Documents/develop/Angular9/exerciseList 1 undefined Project: /home/igfersa/Documents/develop/Angular9/exerciseList/tsconfig.json WatchType: Wild card directory
Info 243  [13:12:48.945] Elapsed:: 1ms DirectoryWatcher:: Triggered with /home/igfersa/Documents/develop/Angular9/exerciseList :: WatchInfo: /home/igfersa/Documents/develop/Angular9/exerciseList 1 undefined Project: /home/igfersa/Documents/develop/Angular9/exerciseList/tsconfig.json WatchType: Wild card directory
Info 244  [13:12:48.945] DirectoryWatcher:: Triggered with /home/igfersa/Documents/develop/Angular9/exerciseList/node_modules :: WatchInfo: /home/igfersa/Documents/develop/Angular9/exerciseList/node_modules 1 undefined Project:  WatchType: node_modules for closed script infos in them
Info 245  [13:12:48.949] Elapsed:: 4ms DirectoryWatcher:: Triggered with /home/igfersa/Documents/develop/Angular9/exerciseList/node_modules :: WatchInfo: /home/igfersa/Documents/develop/Angular9/exerciseList/node_modules 1 undefined Project:  WatchType: node_modules for closed script infos in them
Info 246  [13:12:48.949] DirectoryWatcher:: Triggered with /home/igfersa/Documents/develop/Angular9/exerciseList/node_modules :: WatchInfo: /home/igfersa/Documents/develop/Angular9/exerciseList/node_modules 1 undefined Project: /home/igfersa/Documents/develop/Angular9/exerciseList/tsconfig.json WatchType: Failed Lookup Locations
Info 247  [13:12:48.950] Elapsed:: 1ms DirectoryWatcher:: Triggered with /home/igfersa/Documents/develop/Angular9/exerciseList/node_modules :: WatchInfo: /home/igfersa/Documents/develop/Angular9/exerciseList/node_modules 1 undefined Project: /home/igfersa/Documents/develop/Angular9/exerciseList/tsconfig.json WatchType: Failed Lookup Locations
Info 248  [13:12:49.211] Starting updateGraphWorker: Project: /home/igfersa/Documents/develop/Angular9/exerciseList/tsconfig.json
Info 249  [13:12:50.293] Finishing updateGraphWorker: Project: /home/igfersa/Documents/develop/Angular9/exerciseList/tsconfig.json Version: 76 structureChanged: true Elapsed: 1082ms
Info 250  [13:12:50.293] Different program with same set of files:: oldProgram.structureIsReused:: 1
Info 251  [13:12:50.295] Structure before ensureProjectForOpenFiles:
Info 252  [13:12:50.295] Structure after ensureProjectForOpenFiles:
Info 253  [13:12:51.429] DirectoryWatcher:: Triggered with /home/igfersa/Documents/develop/Angular9/exerciseList :: WatchInfo: /home/igfersa/Documents/develop/Angular9/exerciseList 1 undefined Project: /home/igfersa/Documents/develop/Angular9/exerciseList/tsconfig.json WatchType: Wild card directory
Info 254  [13:12:51.429] Elapsed:: 0ms DirectoryWatcher:: Triggered with /home/igfersa/Documents/develop/Angular9/exerciseList :: WatchInfo: /home/igfersa/Documents/develop/Angular9/exerciseList 1 undefined Project: /home/igfersa/Documents/develop/Angular9/exerciseList/tsconfig.json WatchType: Wild card directory
Info 255  [13:12:51.429] DirectoryWatcher:: Triggered with /home/igfersa/Documents/develop/Angular9/exerciseList/node_modules :: WatchInfo: /home/igfersa/Documents/develop/Angular9/exerciseList/node_modules 1 undefined Project:  WatchType: node_modules for closed script infos in them
Info 256  [13:12:51.432] Elapsed:: 3ms DirectoryWatcher:: Triggered with /home/igfersa/Documents/develop/Angular9/exerciseList/node_modules :: WatchInfo: /home/igfersa/Documents/develop/Angular9/exerciseList/node_modules 1 undefined Project:  WatchType: node_modules for closed script infos in them
Info 257  [13:12:51.432] DirectoryWatcher:: Triggered with /home/igfersa/Documents/develop/Angular9/exerciseList/node_modules :: WatchInfo: /home/igfersa/Documents/develop/Angular9/exerciseList/node_modules 1 undefined Project: /home/igfersa/Documents/develop/Angular9/exerciseList/tsconfig.json WatchType: Failed Lookup Locations
Info 258  [13:12:51.432] Elapsed:: 0ms DirectoryWatcher:: Triggered with /home/igfersa/Documents/develop/Angular9/exerciseList/node_modules :: WatchInfo: /home/igfersa/Documents/develop/Angular9/exerciseList/node_modules 1 undefined Project: /home/igfersa/Documents/develop/Angular9/exerciseList/tsconfig.json WatchType: Failed Lookup Locations
Info 259  [13:12:51.689] Starting updateGraphWorker: Project: /home/igfersa/Documents/develop/Angular9/exerciseList/tsconfig.json
Info 260  [13:12:52.603] Finishing updateGraphWorker: Project: /home/igfersa/Documents/develop/Angular9/exerciseList/tsconfig.json Version: 77 structureChanged: true Elapsed: 914ms
Info 261  [13:12:52.603] Different program with same set of files:: oldProgram.structureIsReused:: 1
Info 262  [13:12:52.604] Structure before ensureProjectForOpenFiles:
Info 263  [13:12:52.605] Structure after ensureProjectForOpenFiles:
Info 264  [13:13:35.468] Search path: /home/igfersa/Documents/develop/Angular9/exerciseList/src/app
Info 265  [13:13:35.468] For info: /home/igfersa/Documents/develop/Angular9/exerciseList/src/app/app.component.ts :: Config file name: /home/igfersa/Documents/develop/Angular9/exerciseList/tsconfig.json
Info 266  [13:13:43.995] Search path: /home/igfersa/Documents/develop/Angular9/exerciseList/src/app
Info 267  [13:13:43.996] For info: /home/igfersa/Documents/develop/Angular9/exerciseList/src/app/exercise.service.ts :: Config file name: /home/igfersa/Documents/develop/Angular9/exerciseList/tsconfig.json
Info 268  [13:13:49.978] Search path: /home/igfersa/Documents/develop/Angular9/exerciseList/src/app/exercises
Info 269  [13:13:49.979] For info: /home/igfersa/Documents/develop/Angular9/exerciseList/src/app/exercises/exercises.component.html :: Config file name: /home/igfersa/Documents/develop/Angular9/exerciseList/tsconfig.json
Info 270  [13:13:49.983] Loading global plugin @angular/language-service
Info 271  [13:13:49.983] Enabling plugin @angular/language-service from candidate paths: /home/igfersa/.vscode-oss/extensions/angular.ng-template-0.901.2/server/node_modules/@angular/language-service/bundles/language-service.umd.js,/home/igfersa/.vscode-oss/extensions/angular.ng-template-0.901.2/node_modules/typescript/lib/tsserverlibrary.js/../../..
Info 272  [13:13:49.984] Loading @angular/language-service from /home/igfersa/.vscode-oss/extensions/angular.ng-template-0.901.2/server/node_modules/@angular/language-service/bundles/language-service.umd.js (resolved to /home/igfersa/.vscode-oss/extensions/angular.ng-template-0.901.2/server/node_modules/@angular/language-service/bundles/language-service.umd.js/node_modules)
Info 273  [13:13:50.88] Plugin validation succeded
Info 274  [13:13:50.91] Starting updateGraphWorker: Project: /dev/null/inferredProject1*
Info 275  [13:13:50.857] Finishing updateGraphWorker: Project: /dev/null/inferredProject1* Version: 1 structureChanged: true Elapsed: 766ms
Info 276  [13:13:50.857] Project '/dev/null/inferredProject1*' (Inferred) 
Info 277  [13:13:50.857] 	Files (6)

Info 278  [13:13:50.858] -----------------------------------------------
Info 279  [13:13:51.60] Search path: /home/igfersa/Documents/develop/Angular9/exerciseList/src/app/exercises
Info 280  [13:13:51.60] For info: /home/igfersa/Documents/develop/Angular9/exerciseList/src/app/exercises/exercises.component.html :: Config file name: /home/igfersa/Documents/develop/Angular9/exerciseList/tsconfig.json
