Info 0    [13:18:58.119] Format host information updated
Info 1    [13:18:58.119] reload projects.
Info 2    [13:18:58.120] Structure before ensureProjectForOpenFiles:
Info 3    [13:18:58.120] Structure after ensureProjectForOpenFiles:
Info 4    [13:18:58.120] Host file extension mappings updated
Info 5    [13:18:58.151] Search path: /home/igfersa/Documents/develop/Angular9/exerciseList/src/app/exercise-detail
Info 6    [13:18:58.153] For info: /home/igfersa/Documents/develop/Angular9/exerciseList/src/app/exercise-detail/exercise-detail.component.html :: Config file name: /home/igfersa/Documents/develop/Angular9/exerciseList/tsconfig.json
Info 7    [13:18:58.154] Opened configuration file /home/igfersa/Documents/develop/Angular9/exerciseList/tsconfig.json
Info 8    [13:18:58.210] Config: /home/igfersa/Documents/develop/Angular9/exerciseList/tsconfig.json : {
 "rootNames": [
  "/home/igfersa/Documents/develop/Angular9/exerciseList/e2e/src/app.e2e-spec.ts",
  "/home/igfersa/Documents/develop/Angular9/exerciseList/e2e/src/app.po.ts",
  "/home/igfersa/Documents/develop/Angular9/exerciseList/src/main.ts",
  "/home/igfersa/Documents/develop/Angular9/exerciseList/src/polyfills.ts",
  "/home/igfersa/Documents/develop/Angular9/exerciseList/src/test.ts",
  "/home/igfersa/Documents/develop/Angular9/exerciseList/src/app/app-routing.module.ts",
  "/home/igfersa/Documents/develop/Angular9/exerciseList/src/app/app.component.spec.ts",
  "/home/igfersa/Documents/develop/Angular9/exerciseList/src/app/app.component.ts",
  "/home/igfersa/Documents/develop/Angular9/exerciseList/src/app/app.module.ts",
  "/home/igfersa/Documents/develop/Angular9/exerciseList/src/app/collection-exercises.ts",
  "/home/igfersa/Documents/develop/Angular9/exerciseList/src/app/exercise.ts",
  "/home/igfersa/Documents/develop/Angular9/exerciseList/src/app/exercise-detail/exercise-detail.component.spec.ts",
  "/home/igfersa/Documents/develop/Angular9/exerciseList/src/app/exercise-detail/exercise-detail.component.ts",
  "/home/igfersa/Documents/develop/Angular9/exerciseList/src/app/exercises/exercises.component.spec.ts",
  "/home/igfersa/Documents/develop/Angular9/exerciseList/src/app/exercises/exercises.component.ts",
  "/home/igfersa/Documents/develop/Angular9/exerciseList/src/environments/environment.prod.ts",
  "/home/igfersa/Documents/develop/Angular9/exerciseList/src/environments/environment.ts"
 ],
 "options": {
  "baseUrl": "/home/igfersa/Documents/develop/Angular9/exerciseList",
  "outDir": "/home/igfersa/Documents/develop/Angular9/exerciseList/dist/out-tsc",
  "sourceMap": true,
  "declaration": false,
  "downlevelIteration": true,
  "experimentalDecorators": true,
  "module": 99,
  "moduleResolution": 2,
  "importHelpers": true,
  "target": 2,
  "lib": [
   "lib.es2018.d.ts",
   "lib.dom.d.ts"
  ],
  "configFilePath": "/home/igfersa/Documents/develop/Angular9/exerciseList/tsconfig.json"
 }
}
Info 9    [13:19:0.709] Loading global plugin @angular/language-service
Info 10   [13:19:0.709] Enabling plugin @angular/language-service from candidate paths: /home/igfersa/.vscode-oss/extensions/angular.ng-template-0.901.0/server/node_modules/@angular/language-service/bundles/language-service.umd.js,/home/igfersa/.vscode-oss/extensions/angular.ng-template-0.901.0/node_modules/typescript/lib/tsserverlibrary.js/../../..
Info 11   [13:19:0.709] Loading @angular/language-service from /home/igfersa/.vscode-oss/extensions/angular.ng-template-0.901.0/server/node_modules/@angular/language-service/bundles/language-service.umd.js (resolved to /home/igfersa/.vscode-oss/extensions/angular.ng-template-0.901.0/server/node_modules/@angular/language-service/bundles/language-service.umd.js/node_modules)
Info 12   [13:19:0.851] Plugin validation succeded
Info 13   [13:19:0.886] Starting updateGraphWorker: Project: /home/igfersa/Documents/develop/Angular9/exerciseList/tsconfig.json
Info 14   [13:19:4.958] Finishing updateGraphWorker: Project: /home/igfersa/Documents/develop/Angular9/exerciseList/tsconfig.json Version: 1 structureChanged: true Elapsed: 4072ms
Info 15   [13:19:4.958] Project '/home/igfersa/Documents/develop/Angular9/exerciseList/tsconfig.json' (Configured) 
Info 16   [13:19:4.958] 	Files (316)

Info 17   [13:19:4.958] -----------------------------------------------
Info 18   [13:19:4.961] Starting updateGraphWorker: Project: /home/igfersa/Documents/develop/Angular9/exerciseList/tsconfig.json
Info 19   [13:19:4.996] Finishing updateGraphWorker: Project: /home/igfersa/Documents/develop/Angular9/exerciseList/tsconfig.json Version: 2 structureChanged: false Elapsed: 35ms
Info 20   [13:19:4.996] Different program with same set of files:: oldProgram.structureIsReused:: 2
Info 21   [13:19:5.2] Loading global plugin @angular/language-service
Info 22   [13:19:5.2] Enabling plugin @angular/language-service from candidate paths: /home/igfersa/.vscode-oss/extensions/angular.ng-template-0.901.0/server/node_modules/@angular/language-service/bundles/language-service.umd.js,/home/igfersa/.vscode-oss/extensions/angular.ng-template-0.901.0/node_modules/typescript/lib/tsserverlibrary.js/../../..
Info 23   [13:19:5.2] Loading @angular/language-service from /home/igfersa/.vscode-oss/extensions/angular.ng-template-0.901.0/server/node_modules/@angular/language-service/bundles/language-service.umd.js (resolved to /home/igfersa/.vscode-oss/extensions/angular.ng-template-0.901.0/server/node_modules/@angular/language-service/bundles/language-service.umd.js/node_modules)
Info 24   [13:19:5.14] Plugin validation succeded
Info 25   [13:19:5.16] Starting updateGraphWorker: Project: /dev/null/inferredProject1*
Info 26   [13:19:5.514] Finishing updateGraphWorker: Project: /dev/null/inferredProject1* Version: 1 structureChanged: true Elapsed: 498ms
Info 27   [13:19:5.514] Project '/dev/null/inferredProject1*' (Inferred) 
Info 28   [13:19:5.514] 	Files (6)

Info 29   [13:19:5.514] -----------------------------------------------
Info 30   [13:19:15.335] Search path: /home/igfersa/Documents/develop/Angular9/exerciseList/src/app/exercises
Info 31   [13:19:15.335] For info: /home/igfersa/Documents/develop/Angular9/exerciseList/src/app/exercises/exercises.component.html :: Config file name: /home/igfersa/Documents/develop/Angular9/exerciseList/tsconfig.json
Info 32   [13:19:15.336] Starting updateGraphWorker: Project: /dev/null/inferredProject1*
Info 33   [13:19:15.343] Finishing updateGraphWorker: Project: /dev/null/inferredProject1* Version: 2 structureChanged: true Elapsed: 7ms
Info 34   [13:19:15.343] Project '/dev/null/inferredProject1*' (Inferred) 
Info 35   [13:19:15.343] 	Files (7)

Info 36   [13:19:15.344] -----------------------------------------------
Info 37   [13:19:15.547] Search path: /home/igfersa/Documents/develop/Angular9/exerciseList/src/app/exercise-detail
Info 38   [13:19:15.547] For info: /home/igfersa/Documents/develop/Angular9/exerciseList/src/app/exercise-detail/exercise-detail.component.html :: Config file name: /home/igfersa/Documents/develop/Angular9/exerciseList/tsconfig.json
Info 39   [13:19:16.256] Search path: /home/igfersa/Documents/develop/Angular9/exerciseList/src/app/exercises
Info 40   [13:19:16.256] For info: /home/igfersa/Documents/develop/Angular9/exerciseList/src/app/exercises/exercises.component.html :: Config file name: /home/igfersa/Documents/develop/Angular9/exerciseList/tsconfig.json
Info 41   [13:19:16.256] Starting updateGraphWorker: Project: /dev/null/inferredProject1*
Info 42   [13:19:16.259] Finishing updateGraphWorker: Project: /dev/null/inferredProject1* Version: 3 structureChanged: true Elapsed: 3ms
Info 43   [13:19:16.259] Different program with same set of files:: oldProgram.structureIsReused:: 0
Info 44   [13:19:53.487] Search path: /home/igfersa/Documents/develop/Angular9/exerciseList/src/app
Info 45   [13:19:53.488] For info: /home/igfersa/Documents/develop/Angular9/exerciseList/src/app/app.component.html :: Config file name: /home/igfersa/Documents/develop/Angular9/exerciseList/tsconfig.json
Info 46   [13:19:53.490] Starting updateGraphWorker: Project: /dev/null/inferredProject1*
Info 47   [13:19:53.497] Finishing updateGraphWorker: Project: /dev/null/inferredProject1* Version: 4 structureChanged: true Elapsed: 7ms
Info 48   [13:19:53.497] Project '/dev/null/inferredProject1*' (Inferred) 
Info 49   [13:19:53.497] 	Files (6)

Info 50   [13:19:53.497] -----------------------------------------------
Info 51   [13:19:53.713] Search path: /home/igfersa/Documents/develop/Angular9/exerciseList/src/app
Info 52   [13:19:53.713] For info: /home/igfersa/Documents/develop/Angular9/exerciseList/src/app/app.component.html :: Config file name: /home/igfersa/Documents/develop/Angular9/exerciseList/tsconfig.json
Info 53   [13:20:5.716] Search path: /home/igfersa/Documents/develop/Angular9/exerciseList/src/app/exercises
Info 54   [13:20:5.716] For info: /home/igfersa/Documents/develop/Angular9/exerciseList/src/app/exercises/exercises.component.html :: Config file name: /home/igfersa/Documents/develop/Angular9/exerciseList/tsconfig.json
Info 55   [13:20:5.717] `remove Project::
Info 56   [13:20:5.717] Project '/dev/null/inferredProject1*' (Inferred) 
Info 57   [13:20:5.717] 	Files (6)

Info 58   [13:20:5.717] -----------------------------------------------
Info 59   [13:20:37.406] Search path: /home/igfersa/Documents/develop/Angular9/exerciseList/src/app/exercise-detail
Info 60   [13:20:37.406] For info: /home/igfersa/Documents/develop/Angular9/exerciseList/src/app/exercise-detail/exercise-detail.component.ts :: Config file name: /home/igfersa/Documents/develop/Angular9/exerciseList/tsconfig.json
Info 61   [13:20:40.340] Search path: /home/igfersa/Documents/develop/Angular9/exerciseList/src/app/exercise-detail
Info 62   [13:20:40.341] For info: /home/igfersa/Documents/develop/Angular9/exerciseList/src/app/exercise-detail/exercise-detail.component.spec.ts :: Config file name: /home/igfersa/Documents/develop/Angular9/exerciseList/tsconfig.json
Info 63   [13:20:53.350] Search path: /home/igfersa/Documents/develop/Angular9/exerciseList/src/app/exercise-detail
Info 64   [13:20:53.350] For info: /home/igfersa/Documents/develop/Angular9/exerciseList/src/app/exercise-detail/exercise-detail.component.ts :: Config file name: /home/igfersa/Documents/develop/Angular9/exerciseList/tsconfig.json
Info 65   [13:21:5.667] Search path: /home/igfersa/Documents/develop/Angular9/exerciseList/src/app/exercises
Info 66   [13:21:5.667] For info: /home/igfersa/Documents/develop/Angular9/exerciseList/src/app/exercises/exercises.component.html :: Config file name: /home/igfersa/Documents/develop/Angular9/exerciseList/tsconfig.json
Info 67   [13:21:10.964] Starting updateGraphWorker: Project: /home/igfersa/Documents/develop/Angular9/exerciseList/tsconfig.json
Info 68   [13:21:10.993] Finishing updateGraphWorker: Project: /home/igfersa/Documents/develop/Angular9/exerciseList/tsconfig.json Version: 3 structureChanged: false Elapsed: 29ms
Info 69   [13:21:10.993] Project '/home/igfersa/Documents/develop/Angular9/exerciseList/tsconfig.json' (Configured) 
Info 70   [13:21:10.993] 	Files (316)

Info 71   [13:21:10.994] -----------------------------------------------
Info 72   [13:21:11.862] Starting updateGraphWorker: Project: /home/igfersa/Documents/develop/Angular9/exerciseList/tsconfig.json
Info 73   [13:21:11.881] Finishing updateGraphWorker: Project: /home/igfersa/Documents/develop/Angular9/exerciseList/tsconfig.json Version: 4 structureChanged: false Elapsed: 19ms
Info 74   [13:21:11.881] Different program with same set of files:: oldProgram.structureIsReused:: 2
Info 75   [13:21:14.126] Starting updateGraphWorker: Project: /home/igfersa/Documents/develop/Angular9/exerciseList/tsconfig.json
Info 76   [13:21:14.144] Finishing updateGraphWorker: Project: /home/igfersa/Documents/develop/Angular9/exerciseList/tsconfig.json Version: 5 structureChanged: false Elapsed: 17ms
Info 77   [13:21:14.144] Different program with same set of files:: oldProgram.structureIsReused:: 2
Info 78   [13:21:18.206] Starting updateGraphWorker: Project: /home/igfersa/Documents/develop/Angular9/exerciseList/tsconfig.json
Info 79   [13:21:18.222] Finishing updateGraphWorker: Project: /home/igfersa/Documents/develop/Angular9/exerciseList/tsconfig.json Version: 6 structureChanged: false Elapsed: 16ms
Info 80   [13:21:18.222] Different program with same set of files:: oldProgram.structureIsReused:: 2
Info 81   [13:21:57.554] Starting updateGraphWorker: Project: /home/igfersa/Documents/develop/Angular9/exerciseList/tsconfig.json
Info 82   [13:21:57.575] Finishing updateGraphWorker: Project: /home/igfersa/Documents/develop/Angular9/exerciseList/tsconfig.json Version: 7 structureChanged: false Elapsed: 21ms
Info 83   [13:21:57.575] Different program with same set of files:: oldProgram.structureIsReused:: 2
Info 84   [13:21:59.342] Starting updateGraphWorker: Project: /home/igfersa/Documents/develop/Angular9/exerciseList/tsconfig.json
Info 85   [13:21:59.368] Finishing updateGraphWorker: Project: /home/igfersa/Documents/develop/Angular9/exerciseList/tsconfig.json Version: 8 structureChanged: false Elapsed: 26ms
Info 86   [13:21:59.368] Different program with same set of files:: oldProgram.structureIsReused:: 2
Info 87   [13:22:2.111] Starting updateGraphWorker: Project: /home/igfersa/Documents/develop/Angular9/exerciseList/tsconfig.json
Info 88   [13:22:2.139] Finishing updateGraphWorker: Project: /home/igfersa/Documents/develop/Angular9/exerciseList/tsconfig.json Version: 9 structureChanged: false Elapsed: 28ms
Info 89   [13:22:2.139] Different program with same set of files:: oldProgram.structureIsReused:: 2
Info 90   [13:22:2.934] Starting updateGraphWorker: Project: /home/igfersa/Documents/develop/Angular9/exerciseList/tsconfig.json
Info 91   [13:22:2.955] Finishing updateGraphWorker: Project: /home/igfersa/Documents/develop/Angular9/exerciseList/tsconfig.json Version: 10 structureChanged: false Elapsed: 21ms
Info 92   [13:22:2.955] Different program with same set of files:: oldProgram.structureIsReused:: 2
Info 93   [13:22:3.200] Starting updateGraphWorker: Project: /home/igfersa/Documents/develop/Angular9/exerciseList/tsconfig.json
Info 94   [13:22:3.217] Finishing updateGraphWorker: Project: /home/igfersa/Documents/develop/Angular9/exerciseList/tsconfig.json Version: 11 structureChanged: false Elapsed: 17ms
Info 95   [13:22:3.217] Different program with same set of files:: oldProgram.structureIsReused:: 2
Info 96   [13:22:4.297] Starting updateGraphWorker: Project: /home/igfersa/Documents/develop/Angular9/exerciseList/tsconfig.json
Info 97   [13:22:4.311] Finishing updateGraphWorker: Project: /home/igfersa/Documents/develop/Angular9/exerciseList/tsconfig.json Version: 12 structureChanged: false Elapsed: 14ms
Info 98   [13:22:4.311] Different program with same set of files:: oldProgram.structureIsReused:: 2
Info 99   [13:22:4.335] Starting updateGraphWorker: Project: /home/igfersa/Documents/develop/Angular9/exerciseList/tsconfig.json
Info 100  [13:22:4.362] Finishing updateGraphWorker: Project: /home/igfersa/Documents/develop/Angular9/exerciseList/tsconfig.json Version: 13 structureChanged: false Elapsed: 27ms
Info 101  [13:22:4.362] Different program with same set of files:: oldProgram.structureIsReused:: 2
Info 102  [13:22:4.856] Starting updateGraphWorker: Project: /home/igfersa/Documents/develop/Angular9/exerciseList/tsconfig.json
Info 103  [13:22:4.874] Finishing updateGraphWorker: Project: /home/igfersa/Documents/develop/Angular9/exerciseList/tsconfig.json Version: 14 structureChanged: false Elapsed: 18ms
Info 104  [13:22:4.875] Different program with same set of files:: oldProgram.structureIsReused:: 2
Info 105  [13:22:5.598] Starting updateGraphWorker: Project: /home/igfersa/Documents/develop/Angular9/exerciseList/tsconfig.json
Info 106  [13:22:5.619] Finishing updateGraphWorker: Project: /home/igfersa/Documents/develop/Angular9/exerciseList/tsconfig.json Version: 15 structureChanged: false Elapsed: 21ms
Info 107  [13:22:5.619] Different program with same set of files:: oldProgram.structureIsReused:: 2
Info 108  [13:22:10.258] Starting updateGraphWorker: Project: /home/igfersa/Documents/develop/Angular9/exerciseList/tsconfig.json
Info 109  [13:22:10.270] Finishing updateGraphWorker: Project: /home/igfersa/Documents/develop/Angular9/exerciseList/tsconfig.json Version: 16 structureChanged: false Elapsed: 12ms
Info 110  [13:22:10.270] Different program with same set of files:: oldProgram.structureIsReused:: 2
Info 111  [13:22:10.586] Starting updateGraphWorker: Project: /home/igfersa/Documents/develop/Angular9/exerciseList/tsconfig.json
Info 112  [13:22:10.603] Finishing updateGraphWorker: Project: /home/igfersa/Documents/develop/Angular9/exerciseList/tsconfig.json Version: 17 structureChanged: false Elapsed: 17ms
Info 113  [13:22:10.603] Different program with same set of files:: oldProgram.structureIsReused:: 2
Info 114  [13:22:10.893] Starting updateGraphWorker: Project: /home/igfersa/Documents/develop/Angular9/exerciseList/tsconfig.json
Info 115  [13:22:10.905] Finishing updateGraphWorker: Project: /home/igfersa/Documents/develop/Angular9/exerciseList/tsconfig.json Version: 18 structureChanged: false Elapsed: 12ms
Info 116  [13:22:10.905] Different program with same set of files:: oldProgram.structureIsReused:: 2
Info 117  [13:22:10.952] Starting updateGraphWorker: Project: /home/igfersa/Documents/develop/Angular9/exerciseList/tsconfig.json
Info 118  [13:22:10.970] Finishing updateGraphWorker: Project: /home/igfersa/Documents/develop/Angular9/exerciseList/tsconfig.json Version: 19 structureChanged: false Elapsed: 18ms
Info 119  [13:22:10.970] Different program with same set of files:: oldProgram.structureIsReused:: 2
Info 120  [13:22:11.138] Starting updateGraphWorker: Project: /home/igfersa/Documents/develop/Angular9/exerciseList/tsconfig.json
Info 121  [13:22:11.166] Finishing updateGraphWorker: Project: /home/igfersa/Documents/develop/Angular9/exerciseList/tsconfig.json Version: 20 structureChanged: false Elapsed: 28ms
Info 122  [13:22:11.166] Different program with same set of files:: oldProgram.structureIsReused:: 2
Info 123  [13:22:11.865] Starting updateGraphWorker: Project: /home/igfersa/Documents/develop/Angular9/exerciseList/tsconfig.json
Info 124  [13:22:11.874] Finishing updateGraphWorker: Project: /home/igfersa/Documents/develop/Angular9/exerciseList/tsconfig.json Version: 21 structureChanged: false Elapsed: 9ms
Info 125  [13:22:11.874] Different program with same set of files:: oldProgram.structureIsReused:: 2
Info 126  [13:22:11.989] Starting updateGraphWorker: Project: /home/igfersa/Documents/develop/Angular9/exerciseList/tsconfig.json
Info 127  [13:22:12.1] Finishing updateGraphWorker: Project: /home/igfersa/Documents/develop/Angular9/exerciseList/tsconfig.json Version: 22 structureChanged: false Elapsed: 12ms
Info 128  [13:22:12.1] Different program with same set of files:: oldProgram.structureIsReused:: 2
Info 129  [13:22:13.195] Starting updateGraphWorker: Project: /home/igfersa/Documents/develop/Angular9/exerciseList/tsconfig.json
Info 130  [13:22:13.205] Finishing updateGraphWorker: Project: /home/igfersa/Documents/develop/Angular9/exerciseList/tsconfig.json Version: 23 structureChanged: false Elapsed: 10ms
Info 131  [13:22:13.205] Different program with same set of files:: oldProgram.structureIsReused:: 2
Info 132  [13:22:17.532] Starting updateGraphWorker: Project: /home/igfersa/Documents/develop/Angular9/exerciseList/tsconfig.json
Info 133  [13:22:17.543] Finishing updateGraphWorker: Project: /home/igfersa/Documents/develop/Angular9/exerciseList/tsconfig.json Version: 24 structureChanged: false Elapsed: 11ms
Info 134  [13:22:17.543] Different program with same set of files:: oldProgram.structureIsReused:: 2
Info 135  [13:22:18.738] Starting updateGraphWorker: Project: /home/igfersa/Documents/develop/Angular9/exerciseList/tsconfig.json
Info 136  [13:22:18.757] Finishing updateGraphWorker: Project: /home/igfersa/Documents/develop/Angular9/exerciseList/tsconfig.json Version: 25 structureChanged: false Elapsed: 18ms
Info 137  [13:22:18.757] Different program with same set of files:: oldProgram.structureIsReused:: 2
Info 138  [13:22:19.631] Starting updateGraphWorker: Project: /home/igfersa/Documents/develop/Angular9/exerciseList/tsconfig.json
Info 139  [13:22:19.642] Finishing updateGraphWorker: Project: /home/igfersa/Documents/develop/Angular9/exerciseList/tsconfig.json Version: 26 structureChanged: false Elapsed: 11ms
Info 140  [13:22:19.642] Different program with same set of files:: oldProgram.structureIsReused:: 2
Info 141  [13:22:21.217] Starting updateGraphWorker: Project: /home/igfersa/Documents/develop/Angular9/exerciseList/tsconfig.json
Info 142  [13:22:21.234] Finishing updateGraphWorker: Project: /home/igfersa/Documents/develop/Angular9/exerciseList/tsconfig.json Version: 27 structureChanged: false Elapsed: 17ms
Info 143  [13:22:21.234] Different program with same set of files:: oldProgram.structureIsReused:: 2
Info 144  [13:22:21.884] Starting updateGraphWorker: Project: /home/igfersa/Documents/develop/Angular9/exerciseList/tsconfig.json
Info 145  [13:22:21.901] Finishing updateGraphWorker: Project: /home/igfersa/Documents/develop/Angular9/exerciseList/tsconfig.json Version: 28 structureChanged: false Elapsed: 17ms
Info 146  [13:22:21.901] Different program with same set of files:: oldProgram.structureIsReused:: 2
Info 147  [13:22:22.587] Starting updateGraphWorker: Project: /home/igfersa/Documents/develop/Angular9/exerciseList/tsconfig.json
Info 148  [13:22:22.599] Finishing updateGraphWorker: Project: /home/igfersa/Documents/develop/Angular9/exerciseList/tsconfig.json Version: 29 structureChanged: false Elapsed: 12ms
Info 149  [13:22:22.599] Different program with same set of files:: oldProgram.structureIsReused:: 2
Info 150  [13:22:22.856] Starting updateGraphWorker: Project: /home/igfersa/Documents/develop/Angular9/exerciseList/tsconfig.json
Info 151  [13:22:22.864] Finishing updateGraphWorker: Project: /home/igfersa/Documents/develop/Angular9/exerciseList/tsconfig.json Version: 30 structureChanged: false Elapsed: 8ms
Info 152  [13:22:22.864] Different program with same set of files:: oldProgram.structureIsReused:: 2
Info 153  [13:22:45.135] Search path: /home/igfersa/Documents/develop/Angular9/exerciseList/src/app/exercise-detail
Info 154  [13:22:45.135] For info: /home/igfersa/Documents/develop/Angular9/exerciseList/src/app/exercise-detail/exercise-detail.component.ts :: Config file name: /home/igfersa/Documents/develop/Angular9/exerciseList/tsconfig.json
Info 155  [13:22:45.135] Starting updateGraphWorker: Project: /home/igfersa/Documents/develop/Angular9/exerciseList/tsconfig.json
Info 156  [13:22:45.150] Finishing updateGraphWorker: Project: /home/igfersa/Documents/develop/Angular9/exerciseList/tsconfig.json Version: 31 structureChanged: false Elapsed: 15ms
Info 157  [13:22:45.150] Different program with same set of files:: oldProgram.structureIsReused:: 2
Info 158  [13:22:52.532] Starting updateGraphWorker: Project: /home/igfersa/Documents/develop/Angular9/exerciseList/tsconfig.json
Info 159  [13:22:52.551] Finishing updateGraphWorker: Project: /home/igfersa/Documents/develop/Angular9/exerciseList/tsconfig.json Version: 32 structureChanged: false Elapsed: 19ms
Info 160  [13:22:52.551] Different program with same set of files:: oldProgram.structureIsReused:: 2
Info 161  [13:22:55.27] Starting updateGraphWorker: Project: /home/igfersa/Documents/develop/Angular9/exerciseList/tsconfig.json
Info 162  [13:22:55.45] Finishing updateGraphWorker: Project: /home/igfersa/Documents/develop/Angular9/exerciseList/tsconfig.json Version: 33 structureChanged: false Elapsed: 18ms
Info 163  [13:22:55.45] Different program with same set of files:: oldProgram.structureIsReused:: 2
Info 164  [13:22:55.649] Starting updateGraphWorker: Project: /home/igfersa/Documents/develop/Angular9/exerciseList/tsconfig.json
Info 165  [13:22:55.672] Finishing updateGraphWorker: Project: /home/igfersa/Documents/develop/Angular9/exerciseList/tsconfig.json Version: 34 structureChanged: false Elapsed: 22ms
Info 166  [13:22:55.672] Different program with same set of files:: oldProgram.structureIsReused:: 2
Info 167  [13:22:55.747] Starting updateGraphWorker: Project: /home/igfersa/Documents/develop/Angular9/exerciseList/tsconfig.json
Info 168  [13:22:55.780] Finishing updateGraphWorker: Project: /home/igfersa/Documents/develop/Angular9/exerciseList/tsconfig.json Version: 35 structureChanged: false Elapsed: 33ms
Info 169  [13:22:55.780] Different program with same set of files:: oldProgram.structureIsReused:: 2
Info 170  [13:22:55.924] Starting updateGraphWorker: Project: /home/igfersa/Documents/develop/Angular9/exerciseList/tsconfig.json
Info 171  [13:22:55.939] Finishing updateGraphWorker: Project: /home/igfersa/Documents/develop/Angular9/exerciseList/tsconfig.json Version: 36 structureChanged: false Elapsed: 15ms
Info 172  [13:22:55.939] Different program with same set of files:: oldProgram.structureIsReused:: 2
Info 173  [13:22:56.175] Starting updateGraphWorker: Project: /home/igfersa/Documents/develop/Angular9/exerciseList/tsconfig.json
Info 174  [13:22:56.191] Finishing updateGraphWorker: Project: /home/igfersa/Documents/develop/Angular9/exerciseList/tsconfig.json Version: 37 structureChanged: false Elapsed: 16ms
Info 175  [13:22:56.191] Different program with same set of files:: oldProgram.structureIsReused:: 2
Info 176  [13:22:56.375] Starting updateGraphWorker: Project: /home/igfersa/Documents/develop/Angular9/exerciseList/tsconfig.json
Info 177  [13:22:56.427] Finishing updateGraphWorker: Project: /home/igfersa/Documents/develop/Angular9/exerciseList/tsconfig.json Version: 38 structureChanged: false Elapsed: 51ms
Info 178  [13:22:56.427] Different program with same set of files:: oldProgram.structureIsReused:: 2
Info 179  [13:22:56.643] Starting updateGraphWorker: Project: /home/igfersa/Documents/develop/Angular9/exerciseList/tsconfig.json
Info 180  [13:22:56.681] Finishing updateGraphWorker: Project: /home/igfersa/Documents/develop/Angular9/exerciseList/tsconfig.json Version: 39 structureChanged: false Elapsed: 37ms
Info 181  [13:22:56.681] Different program with same set of files:: oldProgram.structureIsReused:: 2
Info 182  [13:22:56.940] Starting updateGraphWorker: Project: /home/igfersa/Documents/develop/Angular9/exerciseList/tsconfig.json
Info 183  [13:22:56.952] Finishing updateGraphWorker: Project: /home/igfersa/Documents/develop/Angular9/exerciseList/tsconfig.json Version: 40 structureChanged: false Elapsed: 12ms
Info 184  [13:22:56.952] Different program with same set of files:: oldProgram.structureIsReused:: 2
Info 185  [13:22:58.60] Starting updateGraphWorker: Project: /home/igfersa/Documents/develop/Angular9/exerciseList/tsconfig.json
Info 186  [13:22:58.77] Finishing updateGraphWorker: Project: /home/igfersa/Documents/develop/Angular9/exerciseList/tsconfig.json Version: 41 structureChanged: false Elapsed: 15ms
Info 187  [13:22:58.77] Different program with same set of files:: oldProgram.structureIsReused:: 2
Info 188  [13:22:59.332] Starting updateGraphWorker: Project: /home/igfersa/Documents/develop/Angular9/exerciseList/tsconfig.json
Info 189  [13:22:59.353] Finishing updateGraphWorker: Project: /home/igfersa/Documents/develop/Angular9/exerciseList/tsconfig.json Version: 42 structureChanged: false Elapsed: 21ms
Info 190  [13:22:59.353] Different program with same set of files:: oldProgram.structureIsReused:: 2
Info 191  [13:23:1.783] Starting updateGraphWorker: Project: /home/igfersa/Documents/develop/Angular9/exerciseList/tsconfig.json
Info 192  [13:23:1.806] Finishing updateGraphWorker: Project: /home/igfersa/Documents/develop/Angular9/exerciseList/tsconfig.json Version: 43 structureChanged: false Elapsed: 23ms
Info 193  [13:23:1.806] Different program with same set of files:: oldProgram.structureIsReused:: 2
Info 194  [13:23:2.169] Starting updateGraphWorker: Project: /home/igfersa/Documents/develop/Angular9/exerciseList/tsconfig.json
Info 195  [13:23:2.185] Finishing updateGraphWorker: Project: /home/igfersa/Documents/develop/Angular9/exerciseList/tsconfig.json Version: 44 structureChanged: false Elapsed: 16ms
Info 196  [13:23:2.185] Different program with same set of files:: oldProgram.structureIsReused:: 2
Info 197  [13:23:2.814] Starting updateGraphWorker: Project: /home/igfersa/Documents/develop/Angular9/exerciseList/tsconfig.json
Info 198  [13:23:2.831] Finishing updateGraphWorker: Project: /home/igfersa/Documents/develop/Angular9/exerciseList/tsconfig.json Version: 45 structureChanged: false Elapsed: 17ms
Info 199  [13:23:2.831] Different program with same set of files:: oldProgram.structureIsReused:: 2
Info 200  [13:23:4.224] Starting updateGraphWorker: Project: /home/igfersa/Documents/develop/Angular9/exerciseList/tsconfig.json
Info 201  [13:23:4.240] Finishing updateGraphWorker: Project: /home/igfersa/Documents/develop/Angular9/exerciseList/tsconfig.json Version: 46 structureChanged: false Elapsed: 16ms
Info 202  [13:23:4.240] Different program with same set of files:: oldProgram.structureIsReused:: 2
Info 203  [13:23:4.892] Starting updateGraphWorker: Project: /home/igfersa/Documents/develop/Angular9/exerciseList/tsconfig.json
Info 204  [13:23:4.935] Finishing updateGraphWorker: Project: /home/igfersa/Documents/develop/Angular9/exerciseList/tsconfig.json Version: 47 structureChanged: false Elapsed: 43ms
Info 205  [13:23:4.935] Different program with same set of files:: oldProgram.structureIsReused:: 2
Info 206  [13:23:5.359] Starting updateGraphWorker: Project: /home/igfersa/Documents/develop/Angular9/exerciseList/tsconfig.json
Info 207  [13:23:5.374] Finishing updateGraphWorker: Project: /home/igfersa/Documents/develop/Angular9/exerciseList/tsconfig.json Version: 48 structureChanged: false Elapsed: 15ms
Info 208  [13:23:5.374] Different program with same set of files:: oldProgram.structureIsReused:: 2
Info 209  [13:23:6.972] Starting updateGraphWorker: Project: /home/igfersa/Documents/develop/Angular9/exerciseList/tsconfig.json
Info 210  [13:23:7.76] Finishing updateGraphWorker: Project: /home/igfersa/Documents/develop/Angular9/exerciseList/tsconfig.json Version: 49 structureChanged: true Elapsed: 104ms
Info 211  [13:23:7.76] Different program with same set of files:: oldProgram.structureIsReused:: 1
Info 212  [13:23:7.974] Starting updateGraphWorker: Project: /home/igfersa/Documents/develop/Angular9/exerciseList/tsconfig.json
Info 213  [13:23:7.993] Finishing updateGraphWorker: Project: /home/igfersa/Documents/develop/Angular9/exerciseList/tsconfig.json Version: 50 structureChanged: false Elapsed: 19ms
Info 214  [13:23:7.993] Different program with same set of files:: oldProgram.structureIsReused:: 2
Info 215  [13:23:15.272] Starting updateGraphWorker: Project: /home/igfersa/Documents/develop/Angular9/exerciseList/tsconfig.json
Info 216  [13:23:15.288] Finishing updateGraphWorker: Project: /home/igfersa/Documents/develop/Angular9/exerciseList/tsconfig.json Version: 51 structureChanged: false Elapsed: 16ms
Info 217  [13:23:15.288] Different program with same set of files:: oldProgram.structureIsReused:: 2
Info 218  [13:23:15.813] Starting updateGraphWorker: Project: /home/igfersa/Documents/develop/Angular9/exerciseList/tsconfig.json
Info 219  [13:23:15.826] Finishing updateGraphWorker: Project: /home/igfersa/Documents/develop/Angular9/exerciseList/tsconfig.json Version: 52 structureChanged: false Elapsed: 13ms
Info 220  [13:23:15.826] Different program with same set of files:: oldProgram.structureIsReused:: 2
Info 221  [13:23:16.68] Starting updateGraphWorker: Project: /home/igfersa/Documents/develop/Angular9/exerciseList/tsconfig.json
Info 222  [13:23:16.85] Finishing updateGraphWorker: Project: /home/igfersa/Documents/develop/Angular9/exerciseList/tsconfig.json Version: 53 structureChanged: false Elapsed: 17ms
Info 223  [13:23:16.85] Different program with same set of files:: oldProgram.structureIsReused:: 2
Info 224  [13:23:16.350] Starting updateGraphWorker: Project: /home/igfersa/Documents/develop/Angular9/exerciseList/tsconfig.json
Info 225  [13:23:16.368] Finishing updateGraphWorker: Project: /home/igfersa/Documents/develop/Angular9/exerciseList/tsconfig.json Version: 54 structureChanged: false Elapsed: 18ms
Info 226  [13:23:16.368] Different program with same set of files:: oldProgram.structureIsReused:: 2
Info 227  [13:23:16.741] Starting updateGraphWorker: Project: /home/igfersa/Documents/develop/Angular9/exerciseList/tsconfig.json
Info 228  [13:23:16.768] Finishing updateGraphWorker: Project: /home/igfersa/Documents/develop/Angular9/exerciseList/tsconfig.json Version: 55 structureChanged: false Elapsed: 27ms
Info 229  [13:23:16.768] Different program with same set of files:: oldProgram.structureIsReused:: 2
Info 230  [13:23:17.38] Starting updateGraphWorker: Project: /home/igfersa/Documents/develop/Angular9/exerciseList/tsconfig.json
Info 231  [13:23:17.50] Finishing updateGraphWorker: Project: /home/igfersa/Documents/develop/Angular9/exerciseList/tsconfig.json Version: 56 structureChanged: false Elapsed: 12ms
Info 232  [13:23:17.50] Different program with same set of files:: oldProgram.structureIsReused:: 2
Info 233  [13:23:17.609] Starting updateGraphWorker: Project: /home/igfersa/Documents/develop/Angular9/exerciseList/tsconfig.json
Info 234  [13:23:17.630] Finishing updateGraphWorker: Project: /home/igfersa/Documents/develop/Angular9/exerciseList/tsconfig.json Version: 57 structureChanged: false Elapsed: 21ms
Info 235  [13:23:17.630] Different program with same set of files:: oldProgram.structureIsReused:: 2
Info 236  [13:23:18.64] Starting updateGraphWorker: Project: /home/igfersa/Documents/develop/Angular9/exerciseList/tsconfig.json
Info 237  [13:23:18.76] Finishing updateGraphWorker: Project: /home/igfersa/Documents/develop/Angular9/exerciseList/tsconfig.json Version: 58 structureChanged: false Elapsed: 12ms
Info 238  [13:23:18.76] Different program with same set of files:: oldProgram.structureIsReused:: 2
Info 239  [13:23:20.673] Starting updateGraphWorker: Project: /home/igfersa/Documents/develop/Angular9/exerciseList/tsconfig.json
Info 240  [13:23:20.689] Finishing updateGraphWorker: Project: /home/igfersa/Documents/develop/Angular9/exerciseList/tsconfig.json Version: 59 structureChanged: false Elapsed: 16ms
Info 241  [13:23:20.689] Different program with same set of files:: oldProgram.structureIsReused:: 2
Info 242  [13:23:50.432] Starting updateGraphWorker: Project: /home/igfersa/Documents/develop/Angular9/exerciseList/tsconfig.json
Info 243  [13:23:50.445] Finishing updateGraphWorker: Project: /home/igfersa/Documents/develop/Angular9/exerciseList/tsconfig.json Version: 60 structureChanged: false Elapsed: 13ms
Info 244  [13:23:50.445] Different program with same set of files:: oldProgram.structureIsReused:: 2
Info 245  [13:23:58.300] Starting updateGraphWorker: Project: /home/igfersa/Documents/develop/Angular9/exerciseList/tsconfig.json
Info 246  [13:23:58.339] Finishing updateGraphWorker: Project: /home/igfersa/Documents/develop/Angular9/exerciseList/tsconfig.json Version: 61 structureChanged: false Elapsed: 39ms
Info 247  [13:23:58.339] Different program with same set of files:: oldProgram.structureIsReused:: 2
Info 248  [13:23:59.427] Starting updateGraphWorker: Project: /home/igfersa/Documents/develop/Angular9/exerciseList/tsconfig.json
Info 249  [13:23:59.437] Finishing updateGraphWorker: Project: /home/igfersa/Documents/develop/Angular9/exerciseList/tsconfig.json Version: 62 structureChanged: false Elapsed: 10ms
Info 250  [13:23:59.437] Different program with same set of files:: oldProgram.structureIsReused:: 2
Info 251  [13:24:1.213] Starting updateGraphWorker: Project: /home/igfersa/Documents/develop/Angular9/exerciseList/tsconfig.json
Info 252  [13:24:1.232] Finishing updateGraphWorker: Project: /home/igfersa/Documents/develop/Angular9/exerciseList/tsconfig.json Version: 63 structureChanged: false Elapsed: 19ms
Info 253  [13:24:1.232] Different program with same set of files:: oldProgram.structureIsReused:: 2
Info 254  [13:24:1.643] Starting updateGraphWorker: Project: /home/igfersa/Documents/develop/Angular9/exerciseList/tsconfig.json
Info 255  [13:24:1.657] Finishing updateGraphWorker: Project: /home/igfersa/Documents/develop/Angular9/exerciseList/tsconfig.json Version: 64 structureChanged: false Elapsed: 14ms
Info 256  [13:24:1.657] Different program with same set of files:: oldProgram.structureIsReused:: 2
Info 257  [13:24:2.110] Starting updateGraphWorker: Project: /home/igfersa/Documents/develop/Angular9/exerciseList/tsconfig.json
Info 258  [13:24:2.126] Finishing updateGraphWorker: Project: /home/igfersa/Documents/develop/Angular9/exerciseList/tsconfig.json Version: 65 structureChanged: false Elapsed: 16ms
Info 259  [13:24:2.126] Different program with same set of files:: oldProgram.structureIsReused:: 2
Info 260  [13:24:2.340] Starting updateGraphWorker: Project: /home/igfersa/Documents/develop/Angular9/exerciseList/tsconfig.json
Info 261  [13:24:2.351] Finishing updateGraphWorker: Project: /home/igfersa/Documents/develop/Angular9/exerciseList/tsconfig.json Version: 66 structureChanged: false Elapsed: 11ms
Info 262  [13:24:2.351] Different program with same set of files:: oldProgram.structureIsReused:: 2
Info 263  [13:24:4.567] Starting updateGraphWorker: Project: /home/igfersa/Documents/develop/Angular9/exerciseList/tsconfig.json
Info 264  [13:24:4.583] Finishing updateGraphWorker: Project: /home/igfersa/Documents/develop/Angular9/exerciseList/tsconfig.json Version: 67 structureChanged: false Elapsed: 16ms
Info 265  [13:24:4.583] Different program with same set of files:: oldProgram.structureIsReused:: 2
