[Server(1674) file:///home/igfersa/Documents/develop] Started and initialize received
[Server(1674) file:///home/igfersa/Documents/develop] Setup a stylesheet lookup map
[Server(1674) file:///home/igfersa/Documents/develop] Document opened: file:///home/igfersa/Documents/develop/Angular9/exerciseList/src/app/app-routing.module.ts
[Server(1674) file:///home/igfersa/Documents/develop] Document changed: file:///home/igfersa/Documents/develop/Angular9/exerciseList/src/app/app-routing.module.ts
[Server(1674) file:///home/igfersa/Documents/develop] Document opened: file:///home/igfersa/Documents/develop/Angular9/exerciseList/src/app/panel/panel.component.html
[Server(1674) file:///home/igfersa/Documents/develop] Document changed: file:///home/igfersa/Documents/develop/Angular9/exerciseList/src/app/panel/panel.component.html
[Server(1674) file:///home/igfersa/Documents/develop] Document opened: file:///home/igfersa/Documents/develop/Angular9/exerciseList/src/app/panel/panel.component.ts
[Server(1674) file:///home/igfersa/Documents/develop] Document changed: file:///home/igfersa/Documents/develop/Angular9/exerciseList/src/app/panel/panel.component.ts
[Server(1674) file:///home/igfersa/Documents/develop] Document opened: file:///home/igfersa/Documents/develop/Angular9/exerciseList/src/app/exercises/exercises.component.ts
[Server(1674) file:///home/igfersa/Documents/develop] Document changed: file:///home/igfersa/Documents/develop/Angular9/exerciseList/src/app/exercises/exercises.component.ts
[Server(1674) file:///home/igfersa/Documents/develop] Document opened: file:///home/igfersa/Documents/develop/Angular9/exerciseList/src/app/panel/panel.component.ts
[Server(1674) file:///home/igfersa/Documents/develop] Document changed: file:///home/igfersa/Documents/develop/Angular9/exerciseList/src/app/panel/panel.component.ts
[Server(1674) file:///home/igfersa/Documents/develop] Document changed: file:///home/igfersa/Documents/develop/Angular9/exerciseList/src/app/panel/panel.component.ts
[Server(1674) file:///home/igfersa/Documents/develop] Document changed: file:///home/igfersa/Documents/develop/Angular9/exerciseList/src/app/panel/panel.component.ts
Invalid Selector...
[Server(1674) file:///home/igfersa/Documents/develop] Document opened: file:///home/igfersa/Documents/develop/Angular9/exerciseList/src/app/exercise.service.ts
[Server(1674) file:///home/igfersa/Documents/develop] Document changed: file:///home/igfersa/Documents/develop/Angular9/exerciseList/src/app/exercise.service.ts
[Server(1674) file:///home/igfersa/Documents/develop] Document changed: file:///home/igfersa/Documents/develop/Angular9/exerciseList/src/app/panel/panel.component.ts
Invalid Selector...
[Server(1674) file:///home/igfersa/Documents/develop] Document opened: file:///home/igfersa/Documents/develop/Angular9/exerciseList/src/app/exercise.service.ts
[Server(1674) file:///home/igfersa/Documents/develop] Document changed: file:///home/igfersa/Documents/develop/Angular9/exerciseList/src/app/exercise.service.ts
[Server(1674) file:///home/igfersa/Documents/develop] Document changed: file:///home/igfersa/Documents/develop/Angular9/exerciseList/src/app/panel/panel.component.ts
[Server(1674) file:///home/igfersa/Documents/develop] Document changed: file:///home/igfersa/Documents/develop/Angular9/exerciseList/src/app/panel/panel.component.ts
[Server(1674) file:///home/igfersa/Documents/develop] Document changed: file:///home/igfersa/Documents/develop/Angular9/exerciseList/src/app/panel/panel.component.ts
[Server(1674) file:///home/igfersa/Documents/develop] Document changed: file:///home/igfersa/Documents/develop/Angular9/exerciseList/src/app/panel/panel.component.ts
[Server(1674) file:///home/igfersa/Documents/develop] Document changed: file:///home/igfersa/Documents/develop/Angular9/exerciseList/src/app/panel/panel.component.ts
[Server(1674) file:///home/igfersa/Documents/develop] Document changed: file:///home/igfersa/Documents/develop/Angular9/exerciseList/src/app/panel/panel.component.ts
[Server(1674) file:///home/igfersa/Documents/develop] Document changed: file:///home/igfersa/Documents/develop/Angular9/exerciseList/src/app/panel/panel.component.ts
[Server(1674) file:///home/igfersa/Documents/develop] Document changed: file:///home/igfersa/Documents/develop/Angular9/exerciseList/src/app/panel/panel.component.ts
[Server(1674) file:///home/igfersa/Documents/develop] Document changed: file:///home/igfersa/Documents/develop/Angular9/exerciseList/src/app/panel/panel.component.ts
[Server(1674) file:///home/igfersa/Documents/develop] Document opened: file:///home/igfersa/Documents/develop/Angular9/exerciseList/src/app/panel/panel.component.html
[Server(1674) file:///home/igfersa/Documents/develop] Document changed: file:///home/igfersa/Documents/develop/Angular9/exerciseList/src/app/panel/panel.component.html
[Server(1674) file:///home/igfersa/Documents/develop] Document opened: file:///home/igfersa/Documents/develop/Angular9/exerciseList/src/app/app.component.html
[Server(1674) file:///home/igfersa/Documents/develop] Document changed: file:///home/igfersa/Documents/develop/Angular9/exerciseList/src/app/app.component.html
[Server(1674) file:///home/igfersa/Documents/develop] Document changed: file:///home/igfersa/Documents/develop/Angular9/exerciseList/src/app/app.component.html
[Server(1674) file:///home/igfersa/Documents/develop] Document changed: file:///home/igfersa/Documents/develop/Angular9/exerciseList/src/app/app.component.html
[Server(1674) file:///home/igfersa/Documents/develop] Document changed: file:///home/igfersa/Documents/develop/Angular9/exerciseList/src/app/app.component.html
[Server(1674) file:///home/igfersa/Documents/develop] Document changed: file:///home/igfersa/Documents/develop/Angular9/exerciseList/src/app/app.component.html
[Server(1674) file:///home/igfersa/Documents/develop] Document changed: file:///home/igfersa/Documents/develop/Angular9/exerciseList/src/app/app.component.html
[Server(1674) file:///home/igfersa/Documents/develop] Document changed: file:///home/igfersa/Documents/develop/Angular9/exerciseList/src/app/app.component.html
[Server(1674) file:///home/igfersa/Documents/develop] Document changed: file:///home/igfersa/Documents/develop/Angular9/exerciseList/src/app/app.component.html
[Server(1674) file:///home/igfersa/Documents/develop] Document changed: file:///home/igfersa/Documents/develop/Angular9/exerciseList/src/app/app.component.html
[Server(1674) file:///home/igfersa/Documents/develop] Document changed: file:///home/igfersa/Documents/develop/Angular9/exerciseList/src/app/app.component.html
[Server(1674) file:///home/igfersa/Documents/develop] Document changed: file:///home/igfersa/Documents/develop/Angular9/exerciseList/src/app/app.component.html
[Server(1674) file:///home/igfersa/Documents/develop] Document changed: file:///home/igfersa/Documents/develop/Angular9/exerciseList/src/app/app.component.html
[Server(1674) file:///home/igfersa/Documents/develop] Document changed: file:///home/igfersa/Documents/develop/Angular9/exerciseList/src/app/app.component.html
[Server(1674) file:///home/igfersa/Documents/develop] Document changed: file:///home/igfersa/Documents/develop/Angular9/exerciseList/src/app/app.component.html
[Server(1674) file:///home/igfersa/Documents/develop] Document changed: file:///home/igfersa/Documents/develop/Angular9/exerciseList/src/app/app.component.html
[Server(1674) file:///home/igfersa/Documents/develop] Document changed: file:///home/igfersa/Documents/develop/Angular9/exerciseList/src/app/app.component.html
[Server(1674) file:///home/igfersa/Documents/develop] Document changed: file:///home/igfersa/Documents/develop/Angular9/exerciseList/src/app/app.component.html
[Server(1674) file:///home/igfersa/Documents/develop] Document changed: file:///home/igfersa/Documents/develop/Angular9/exerciseList/src/app/app.component.html
[Server(1674) file:///home/igfersa/Documents/develop] Document changed: file:///home/igfersa/Documents/develop/Angular9/exerciseList/src/app/app.component.html
[Server(1674) file:///home/igfersa/Documents/develop] Document changed: file:///home/igfersa/Documents/develop/Angular9/exerciseList/src/app/app.component.html
[Server(1674) file:///home/igfersa/Documents/develop] Document changed: file:///home/igfersa/Documents/develop/Angular9/exerciseList/src/app/app.component.html
Invalid Selector...
[Server(1674) file:///home/igfersa/Documents/develop] Document changed: file:///home/igfersa/Documents/develop/Angular9/exerciseList/src/app/app.component.html
[Server(1674) file:///home/igfersa/Documents/develop] Document changed: file:///home/igfersa/Documents/develop/Angular9/exerciseList/src/app/app.component.html
[Server(1674) file:///home/igfersa/Documents/develop] Document changed: file:///home/igfersa/Documents/develop/Angular9/exerciseList/src/app/app.component.html
[Server(1674) file:///home/igfersa/Documents/develop] Document changed: file:///home/igfersa/Documents/develop/Angular9/exerciseList/src/app/app.component.html
[Server(1674) file:///home/igfersa/Documents/develop] Document changed: file:///home/igfersa/Documents/develop/Angular9/exerciseList/src/app/app.component.html
[Server(1674) file:///home/igfersa/Documents/develop] Document changed: file:///home/igfersa/Documents/develop/Angular9/exerciseList/src/app/app.component.html
[Server(1674) file:///home/igfersa/Documents/develop] Document changed: file:///home/igfersa/Documents/develop/Angular9/exerciseList/src/app/app.component.html
[Server(1674) file:///home/igfersa/Documents/develop] Document changed: file:///home/igfersa/Documents/develop/Angular9/exerciseList/src/app/app.component.html
[Server(1674) file:///home/igfersa/Documents/develop] Document changed: file:///home/igfersa/Documents/develop/Angular9/exerciseList/src/app/app.component.html
Invalid Selector...
[Server(1674) file:///home/igfersa/Documents/develop] Document opened: file:///home/igfersa/Documents/develop/Angular9/exerciseList/node_modules/%40angular/router/router.d.ts
[Server(1674) file:///home/igfersa/Documents/develop] Document changed: file:///home/igfersa/Documents/develop/Angular9/exerciseList/node_modules/%40angular/router/router.d.ts
[Server(1674) file:///home/igfersa/Documents/develop] Document changed: file:///home/igfersa/Documents/develop/Angular9/exerciseList/src/app/app.component.html
[Server(1674) file:///home/igfersa/Documents/develop] Document changed: file:///home/igfersa/Documents/develop/Angular9/exerciseList/src/app/app.component.html
[Server(1674) file:///home/igfersa/Documents/develop] Document changed: file:///home/igfersa/Documents/develop/Angular9/exerciseList/src/app/app.component.html
[Server(1674) file:///home/igfersa/Documents/develop] Document changed: file:///home/igfersa/Documents/develop/Angular9/exerciseList/src/app/app.component.html
[Server(1674) file:///home/igfersa/Documents/develop] Document changed: file:///home/igfersa/Documents/develop/Angular9/exerciseList/src/app/app.component.html
[Server(1674) file:///home/igfersa/Documents/develop] Document changed: file:///home/igfersa/Documents/develop/Angular9/exerciseList/src/app/app.component.html
