Info 0    [17:40:44.173] Format host information updated
Info 1    [17:40:44.173] reload projects.
Info 2    [17:40:44.173] Structure before ensureProjectForOpenFiles:
Info 3    [17:40:44.173] Structure after ensureProjectForOpenFiles:
Info 4    [17:40:44.173] Host file extension mappings updated
Info 5    [17:40:44.195] Search path: /home/igfersa/Documents/develop/Angular9/exerciseList/src/app/exercises
Info 6    [17:40:44.206] For info: /home/igfersa/Documents/develop/Angular9/exerciseList/src/app/exercises/exercises.component.html :: Config file name: /home/igfersa/Documents/develop/Angular9/exerciseList/tsconfig.json
Info 7    [17:40:44.206] Opened configuration file /home/igfersa/Documents/develop/Angular9/exerciseList/tsconfig.json
Info 8    [17:40:44.237] Config: /home/igfersa/Documents/develop/Angular9/exerciseList/tsconfig.json : {
 "rootNames": [
  "/home/igfersa/Documents/develop/Angular9/exerciseList/e2e/src/app.e2e-spec.ts",
  "/home/igfersa/Documents/develop/Angular9/exerciseList/e2e/src/app.po.ts",
  "/home/igfersa/Documents/develop/Angular9/exerciseList/src/main.ts",
  "/home/igfersa/Documents/develop/Angular9/exerciseList/src/polyfills.ts",
  "/home/igfersa/Documents/develop/Angular9/exerciseList/src/test.ts",
  "/home/igfersa/Documents/develop/Angular9/exerciseList/src/app/app-routing.module.ts",
  "/home/igfersa/Documents/develop/Angular9/exerciseList/src/app/app.component.spec.ts",
  "/home/igfersa/Documents/develop/Angular9/exerciseList/src/app/app.component.ts",
  "/home/igfersa/Documents/develop/Angular9/exerciseList/src/app/app.module.ts",
  "/home/igfersa/Documents/develop/Angular9/exerciseList/src/app/exercise.ts",
  "/home/igfersa/Documents/develop/Angular9/exerciseList/src/app/exercises/exercises.component.spec.ts",
  "/home/igfersa/Documents/develop/Angular9/exerciseList/src/app/exercises/exercises.component.ts",
  "/home/igfersa/Documents/develop/Angular9/exerciseList/src/environments/environment.prod.ts",
  "/home/igfersa/Documents/develop/Angular9/exerciseList/src/environments/environment.ts"
 ],
 "options": {
  "baseUrl": "/home/igfersa/Documents/develop/Angular9/exerciseList",
  "outDir": "/home/igfersa/Documents/develop/Angular9/exerciseList/dist/out-tsc",
  "sourceMap": true,
  "declaration": false,
  "downlevelIteration": true,
  "experimentalDecorators": true,
  "module": 99,
  "moduleResolution": 2,
  "importHelpers": true,
  "target": 2,
  "lib": [
   "lib.es2018.d.ts",
   "lib.dom.d.ts"
  ],
  "configFilePath": "/home/igfersa/Documents/develop/Angular9/exerciseList/tsconfig.json"
 }
}
Info 9    [17:40:46.534] Loading global plugin @angular/language-service
Info 10   [17:40:46.534] Enabling plugin @angular/language-service from candidate paths: /home/igfersa/.vscode-oss/extensions/angular.ng-template-0.901.0/server/node_modules/@angular/language-service/bundles/language-service.umd.js,/home/igfersa/.vscode-oss/extensions/angular.ng-template-0.901.0/node_modules/typescript/lib/tsserverlibrary.js/../../..
Info 11   [17:40:46.534] Loading @angular/language-service from /home/igfersa/.vscode-oss/extensions/angular.ng-template-0.901.0/server/node_modules/@angular/language-service/bundles/language-service.umd.js (resolved to /home/igfersa/.vscode-oss/extensions/angular.ng-template-0.901.0/server/node_modules/@angular/language-service/bundles/language-service.umd.js/node_modules)
Info 12   [17:40:46.654] Plugin validation succeded
Info 13   [17:40:46.687] Starting updateGraphWorker: Project: /home/igfersa/Documents/develop/Angular9/exerciseList/tsconfig.json
Info 14   [17:40:50.26] Finishing updateGraphWorker: Project: /home/igfersa/Documents/develop/Angular9/exerciseList/tsconfig.json Version: 1 structureChanged: true Elapsed: 3338ms
Info 15   [17:40:50.26] Project '/home/igfersa/Documents/develop/Angular9/exerciseList/tsconfig.json' (Configured) 
Info 16   [17:40:50.26] 	Files (312)

Info 17   [17:40:50.26] -----------------------------------------------
Info 18   [17:40:50.28] Starting updateGraphWorker: Project: /home/igfersa/Documents/develop/Angular9/exerciseList/tsconfig.json
Info 19   [17:40:50.45] Finishing updateGraphWorker: Project: /home/igfersa/Documents/develop/Angular9/exerciseList/tsconfig.json Version: 2 structureChanged: false Elapsed: 17ms
Info 20   [17:40:50.45] Different program with same set of files:: oldProgram.structureIsReused:: 2
Info 21   [17:40:50.54] Loading global plugin @angular/language-service
Info 22   [17:40:50.54] Enabling plugin @angular/language-service from candidate paths: /home/igfersa/.vscode-oss/extensions/angular.ng-template-0.901.0/server/node_modules/@angular/language-service/bundles/language-service.umd.js,/home/igfersa/.vscode-oss/extensions/angular.ng-template-0.901.0/node_modules/typescript/lib/tsserverlibrary.js/../../..
Info 23   [17:40:50.54] Loading @angular/language-service from /home/igfersa/.vscode-oss/extensions/angular.ng-template-0.901.0/server/node_modules/@angular/language-service/bundles/language-service.umd.js (resolved to /home/igfersa/.vscode-oss/extensions/angular.ng-template-0.901.0/server/node_modules/@angular/language-service/bundles/language-service.umd.js/node_modules)
Info 24   [17:40:50.65] Plugin validation succeded
Info 25   [17:40:50.66] Starting updateGraphWorker: Project: /dev/null/inferredProject1*
Info 26   [17:40:50.450] Finishing updateGraphWorker: Project: /dev/null/inferredProject1* Version: 1 structureChanged: true Elapsed: 384ms
Info 27   [17:40:50.450] Project '/dev/null/inferredProject1*' (Inferred) 
Info 28   [17:40:50.450] 	Files (6)

Info 29   [17:40:50.450] -----------------------------------------------
Info 30   [17:41:10.261] Search path: /home/igfersa/Documents/develop/Angular9/exerciseList/src/app
Info 31   [17:41:10.261] For info: /home/igfersa/Documents/develop/Angular9/exerciseList/src/app/app.component.html :: Config file name: /home/igfersa/Documents/develop/Angular9/exerciseList/tsconfig.json
Info 32   [17:41:10.262] Starting updateGraphWorker: Project: /dev/null/inferredProject1*
Info 33   [17:41:10.268] Finishing updateGraphWorker: Project: /dev/null/inferredProject1* Version: 2 structureChanged: true Elapsed: 6ms
Info 34   [17:41:10.268] Project '/dev/null/inferredProject1*' (Inferred) 
Info 35   [17:41:10.268] 	Files (7)

Info 36   [17:41:10.268] -----------------------------------------------
Info 37   [17:41:10.470] Search path: /home/igfersa/Documents/develop/Angular9/exerciseList/src/app/exercises
Info 38   [17:41:10.470] For info: /home/igfersa/Documents/develop/Angular9/exerciseList/src/app/exercises/exercises.component.html :: Config file name: /home/igfersa/Documents/develop/Angular9/exerciseList/tsconfig.json
Info 39   [17:41:11.327] Search path: /home/igfersa/Documents/develop/Angular9/exerciseList/src/app
Info 40   [17:41:11.327] For info: /home/igfersa/Documents/develop/Angular9/exerciseList/src/app/app.component.html :: Config file name: /home/igfersa/Documents/develop/Angular9/exerciseList/tsconfig.json
Info 41   [17:41:11.327] Starting updateGraphWorker: Project: /dev/null/inferredProject1*
Info 42   [17:41:11.330] Finishing updateGraphWorker: Project: /dev/null/inferredProject1* Version: 3 structureChanged: true Elapsed: 3ms
Info 43   [17:41:11.330] Different program with same set of files:: oldProgram.structureIsReused:: 0
Info 44   [17:41:47.973] Starting updateGraphWorker: Project: /home/igfersa/Documents/develop/Angular9/exerciseList/tsconfig.json
Info 45   [17:41:48.1] Finishing updateGraphWorker: Project: /home/igfersa/Documents/develop/Angular9/exerciseList/tsconfig.json Version: 3 structureChanged: false Elapsed: 28ms
Info 46   [17:41:48.1] Project '/home/igfersa/Documents/develop/Angular9/exerciseList/tsconfig.json' (Configured) 
Info 47   [17:41:48.1] 	Files (312)

Info 48   [17:41:48.1] -----------------------------------------------
Info 49   [17:41:52.264] Starting updateGraphWorker: Project: /home/igfersa/Documents/develop/Angular9/exerciseList/tsconfig.json
Info 50   [17:41:52.282] Finishing updateGraphWorker: Project: /home/igfersa/Documents/develop/Angular9/exerciseList/tsconfig.json Version: 4 structureChanged: false Elapsed: 18ms
Info 51   [17:41:52.282] Different program with same set of files:: oldProgram.structureIsReused:: 2
Info 52   [17:41:55.724] Starting updateGraphWorker: Project: /home/igfersa/Documents/develop/Angular9/exerciseList/tsconfig.json
Info 53   [17:41:55.737] Finishing updateGraphWorker: Project: /home/igfersa/Documents/develop/Angular9/exerciseList/tsconfig.json Version: 5 structureChanged: false Elapsed: 13ms
Info 54   [17:41:55.737] Different program with same set of files:: oldProgram.structureIsReused:: 2
Info 55   [17:41:55.990] Starting updateGraphWorker: Project: /home/igfersa/Documents/develop/Angular9/exerciseList/tsconfig.json
Info 56   [17:41:56.8] Finishing updateGraphWorker: Project: /home/igfersa/Documents/develop/Angular9/exerciseList/tsconfig.json Version: 6 structureChanged: false Elapsed: 18ms
Info 57   [17:41:56.8] Different program with same set of files:: oldProgram.structureIsReused:: 2
Info 58   [17:41:58.690] Starting updateGraphWorker: Project: /home/igfersa/Documents/develop/Angular9/exerciseList/tsconfig.json
Info 59   [17:41:58.702] Finishing updateGraphWorker: Project: /home/igfersa/Documents/develop/Angular9/exerciseList/tsconfig.json Version: 7 structureChanged: false Elapsed: 12ms
Info 60   [17:41:58.702] Different program with same set of files:: oldProgram.structureIsReused:: 2
Info 61   [17:41:59.163] Starting updateGraphWorker: Project: /home/igfersa/Documents/develop/Angular9/exerciseList/tsconfig.json
Info 62   [17:41:59.177] Finishing updateGraphWorker: Project: /home/igfersa/Documents/develop/Angular9/exerciseList/tsconfig.json Version: 8 structureChanged: false Elapsed: 14ms
Info 63   [17:41:59.178] Different program with same set of files:: oldProgram.structureIsReused:: 2
Info 64   [17:41:59.395] Starting updateGraphWorker: Project: /home/igfersa/Documents/develop/Angular9/exerciseList/tsconfig.json
Info 65   [17:41:59.419] Finishing updateGraphWorker: Project: /home/igfersa/Documents/develop/Angular9/exerciseList/tsconfig.json Version: 9 structureChanged: false Elapsed: 23ms
Info 66   [17:41:59.419] Different program with same set of files:: oldProgram.structureIsReused:: 2
Info 67   [17:42:2.196] Starting updateGraphWorker: Project: /home/igfersa/Documents/develop/Angular9/exerciseList/tsconfig.json
Info 68   [17:42:2.218] Finishing updateGraphWorker: Project: /home/igfersa/Documents/develop/Angular9/exerciseList/tsconfig.json Version: 10 structureChanged: false Elapsed: 22ms
Info 69   [17:42:2.218] Different program with same set of files:: oldProgram.structureIsReused:: 2
Info 70   [17:42:2.847] Starting updateGraphWorker: Project: /home/igfersa/Documents/develop/Angular9/exerciseList/tsconfig.json
Info 71   [17:42:2.858] Finishing updateGraphWorker: Project: /home/igfersa/Documents/develop/Angular9/exerciseList/tsconfig.json Version: 11 structureChanged: false Elapsed: 11ms
Info 72   [17:42:2.858] Different program with same set of files:: oldProgram.structureIsReused:: 2
Info 73   [17:42:21.263] Starting updateGraphWorker: Project: /home/igfersa/Documents/develop/Angular9/exerciseList/tsconfig.json
Info 74   [17:42:21.275] Finishing updateGraphWorker: Project: /home/igfersa/Documents/develop/Angular9/exerciseList/tsconfig.json Version: 12 structureChanged: false Elapsed: 11ms
Info 75   [17:42:21.275] Different program with same set of files:: oldProgram.structureIsReused:: 2
Info 76   [17:42:21.509] Starting updateGraphWorker: Project: /home/igfersa/Documents/develop/Angular9/exerciseList/tsconfig.json
Info 77   [17:42:21.527] Finishing updateGraphWorker: Project: /home/igfersa/Documents/develop/Angular9/exerciseList/tsconfig.json Version: 13 structureChanged: false Elapsed: 18ms
Info 78   [17:42:21.527] Different program with same set of files:: oldProgram.structureIsReused:: 2
Info 79   [17:42:21.747] Starting updateGraphWorker: Project: /home/igfersa/Documents/develop/Angular9/exerciseList/tsconfig.json
Info 80   [17:42:21.767] Finishing updateGraphWorker: Project: /home/igfersa/Documents/develop/Angular9/exerciseList/tsconfig.json Version: 14 structureChanged: false Elapsed: 20ms
Info 81   [17:42:21.767] Different program with same set of files:: oldProgram.structureIsReused:: 2
Info 82   [17:42:22.560] Starting updateGraphWorker: Project: /home/igfersa/Documents/develop/Angular9/exerciseList/tsconfig.json
Info 83   [17:42:22.589] Finishing updateGraphWorker: Project: /home/igfersa/Documents/develop/Angular9/exerciseList/tsconfig.json Version: 15 structureChanged: false Elapsed: 29ms
Info 84   [17:42:22.589] Different program with same set of files:: oldProgram.structureIsReused:: 2
Info 85   [17:42:23.50] Starting updateGraphWorker: Project: /home/igfersa/Documents/develop/Angular9/exerciseList/tsconfig.json
Info 86   [17:42:23.69] Finishing updateGraphWorker: Project: /home/igfersa/Documents/develop/Angular9/exerciseList/tsconfig.json Version: 16 structureChanged: false Elapsed: 19ms
Info 87   [17:42:23.70] Different program with same set of files:: oldProgram.structureIsReused:: 2
Info 88   [17:42:23.289] Starting updateGraphWorker: Project: /home/igfersa/Documents/develop/Angular9/exerciseList/tsconfig.json
Info 89   [17:42:23.299] Finishing updateGraphWorker: Project: /home/igfersa/Documents/develop/Angular9/exerciseList/tsconfig.json Version: 17 structureChanged: false Elapsed: 9ms
Info 90   [17:42:23.299] Different program with same set of files:: oldProgram.structureIsReused:: 2
Info 91   [17:42:23.702] Starting updateGraphWorker: Project: /home/igfersa/Documents/develop/Angular9/exerciseList/tsconfig.json
Info 92   [17:42:23.716] Finishing updateGraphWorker: Project: /home/igfersa/Documents/develop/Angular9/exerciseList/tsconfig.json Version: 18 structureChanged: false Elapsed: 14ms
Info 93   [17:42:23.716] Different program with same set of files:: oldProgram.structureIsReused:: 2
Info 94   [17:42:23.916] Starting updateGraphWorker: Project: /home/igfersa/Documents/develop/Angular9/exerciseList/tsconfig.json
Info 95   [17:42:23.928] Finishing updateGraphWorker: Project: /home/igfersa/Documents/develop/Angular9/exerciseList/tsconfig.json Version: 19 structureChanged: false Elapsed: 12ms
Info 96   [17:42:23.928] Different program with same set of files:: oldProgram.structureIsReused:: 2
Info 97   [17:42:26.426] Starting updateGraphWorker: Project: /home/igfersa/Documents/develop/Angular9/exerciseList/tsconfig.json
Info 98   [17:42:26.440] Finishing updateGraphWorker: Project: /home/igfersa/Documents/develop/Angular9/exerciseList/tsconfig.json Version: 20 structureChanged: false Elapsed: 13ms
Info 99   [17:42:26.440] Different program with same set of files:: oldProgram.structureIsReused:: 2
Info 100  [17:42:26.965] Starting updateGraphWorker: Project: /home/igfersa/Documents/develop/Angular9/exerciseList/tsconfig.json
Info 101  [17:42:26.983] Finishing updateGraphWorker: Project: /home/igfersa/Documents/develop/Angular9/exerciseList/tsconfig.json Version: 21 structureChanged: false Elapsed: 18ms
Info 102  [17:42:26.983] Different program with same set of files:: oldProgram.structureIsReused:: 2
Info 103  [17:42:29.596] Starting updateGraphWorker: Project: /home/igfersa/Documents/develop/Angular9/exerciseList/tsconfig.json
Info 104  [17:42:29.612] Finishing updateGraphWorker: Project: /home/igfersa/Documents/develop/Angular9/exerciseList/tsconfig.json Version: 22 structureChanged: false Elapsed: 16ms
Info 105  [17:42:29.612] Different program with same set of files:: oldProgram.structureIsReused:: 2
Info 106  [17:42:30.209] Starting updateGraphWorker: Project: /home/igfersa/Documents/develop/Angular9/exerciseList/tsconfig.json
Info 107  [17:42:30.226] Finishing updateGraphWorker: Project: /home/igfersa/Documents/develop/Angular9/exerciseList/tsconfig.json Version: 23 structureChanged: false Elapsed: 17ms
Info 108  [17:42:30.226] Different program with same set of files:: oldProgram.structureIsReused:: 2
Info 109  [17:42:30.441] Starting updateGraphWorker: Project: /home/igfersa/Documents/develop/Angular9/exerciseList/tsconfig.json
Info 110  [17:42:30.458] Finishing updateGraphWorker: Project: /home/igfersa/Documents/develop/Angular9/exerciseList/tsconfig.json Version: 24 structureChanged: false Elapsed: 17ms
Info 111  [17:42:30.458] Different program with same set of files:: oldProgram.structureIsReused:: 2
Info 112  [17:42:30.718] Starting updateGraphWorker: Project: /home/igfersa/Documents/develop/Angular9/exerciseList/tsconfig.json
Info 113  [17:42:30.729] Finishing updateGraphWorker: Project: /home/igfersa/Documents/develop/Angular9/exerciseList/tsconfig.json Version: 25 structureChanged: false Elapsed: 11ms
Info 114  [17:42:30.729] Different program with same set of files:: oldProgram.structureIsReused:: 2
Info 115  [17:42:31.23] Starting updateGraphWorker: Project: /home/igfersa/Documents/develop/Angular9/exerciseList/tsconfig.json
Info 116  [17:42:31.31] Finishing updateGraphWorker: Project: /home/igfersa/Documents/develop/Angular9/exerciseList/tsconfig.json Version: 26 structureChanged: false Elapsed: 8ms
Info 117  [17:42:31.31] Different program with same set of files:: oldProgram.structureIsReused:: 2
Info 118  [17:42:33.290] Starting updateGraphWorker: Project: /home/igfersa/Documents/develop/Angular9/exerciseList/tsconfig.json
Info 119  [17:42:33.305] Finishing updateGraphWorker: Project: /home/igfersa/Documents/develop/Angular9/exerciseList/tsconfig.json Version: 27 structureChanged: false Elapsed: 14ms
Info 120  [17:42:33.305] Different program with same set of files:: oldProgram.structureIsReused:: 2
Info 121  [17:42:33.388] Starting updateGraphWorker: Project: /home/igfersa/Documents/develop/Angular9/exerciseList/tsconfig.json
Info 122  [17:42:33.400] Finishing updateGraphWorker: Project: /home/igfersa/Documents/develop/Angular9/exerciseList/tsconfig.json Version: 28 structureChanged: false Elapsed: 12ms
Info 123  [17:42:33.400] Different program with same set of files:: oldProgram.structureIsReused:: 2
Info 124  [17:42:33.806] Starting updateGraphWorker: Project: /home/igfersa/Documents/develop/Angular9/exerciseList/tsconfig.json
Info 125  [17:42:33.819] Finishing updateGraphWorker: Project: /home/igfersa/Documents/develop/Angular9/exerciseList/tsconfig.json Version: 29 structureChanged: false Elapsed: 13ms
Info 126  [17:42:33.819] Different program with same set of files:: oldProgram.structureIsReused:: 2
Info 127  [17:42:34.153] Starting updateGraphWorker: Project: /home/igfersa/Documents/develop/Angular9/exerciseList/tsconfig.json
Info 128  [17:42:34.164] Finishing updateGraphWorker: Project: /home/igfersa/Documents/develop/Angular9/exerciseList/tsconfig.json Version: 30 structureChanged: false Elapsed: 11ms
Info 129  [17:42:34.164] Different program with same set of files:: oldProgram.structureIsReused:: 2
Info 130  [17:42:34.589] Starting updateGraphWorker: Project: /home/igfersa/Documents/develop/Angular9/exerciseList/tsconfig.json
Info 131  [17:42:34.600] Finishing updateGraphWorker: Project: /home/igfersa/Documents/develop/Angular9/exerciseList/tsconfig.json Version: 31 structureChanged: false Elapsed: 11ms
Info 132  [17:42:34.600] Different program with same set of files:: oldProgram.structureIsReused:: 2
Info 133  [17:42:35.238] Starting updateGraphWorker: Project: /home/igfersa/Documents/develop/Angular9/exerciseList/tsconfig.json
Info 134  [17:42:35.255] Finishing updateGraphWorker: Project: /home/igfersa/Documents/develop/Angular9/exerciseList/tsconfig.json Version: 32 structureChanged: false Elapsed: 17ms
Info 135  [17:42:35.256] Different program with same set of files:: oldProgram.structureIsReused:: 2
Info 136  [17:42:35.779] Starting updateGraphWorker: Project: /home/igfersa/Documents/develop/Angular9/exerciseList/tsconfig.json
Info 137  [17:42:35.795] Finishing updateGraphWorker: Project: /home/igfersa/Documents/develop/Angular9/exerciseList/tsconfig.json Version: 33 structureChanged: false Elapsed: 16ms
Info 138  [17:42:35.795] Different program with same set of files:: oldProgram.structureIsReused:: 2
Info 139  [17:42:37.108] Starting updateGraphWorker: Project: /home/igfersa/Documents/develop/Angular9/exerciseList/tsconfig.json
Info 140  [17:42:37.123] Finishing updateGraphWorker: Project: /home/igfersa/Documents/develop/Angular9/exerciseList/tsconfig.json Version: 34 structureChanged: false Elapsed: 15ms
Info 141  [17:42:37.123] Different program with same set of files:: oldProgram.structureIsReused:: 2
Info 142  [17:42:37.334] Starting updateGraphWorker: Project: /home/igfersa/Documents/develop/Angular9/exerciseList/tsconfig.json
Info 143  [17:42:37.350] Finishing updateGraphWorker: Project: /home/igfersa/Documents/develop/Angular9/exerciseList/tsconfig.json Version: 35 structureChanged: false Elapsed: 16ms
Info 144  [17:42:37.350] Different program with same set of files:: oldProgram.structureIsReused:: 2
Info 145  [17:42:38.400] Starting updateGraphWorker: Project: /home/igfersa/Documents/develop/Angular9/exerciseList/tsconfig.json
Info 146  [17:42:38.423] Finishing updateGraphWorker: Project: /home/igfersa/Documents/develop/Angular9/exerciseList/tsconfig.json Version: 36 structureChanged: false Elapsed: 23ms
Info 147  [17:42:38.423] Different program with same set of files:: oldProgram.structureIsReused:: 2
Info 148  [17:42:47.671] Starting updateGraphWorker: Project: /home/igfersa/Documents/develop/Angular9/exerciseList/tsconfig.json
Info 149  [17:42:47.683] Finishing updateGraphWorker: Project: /home/igfersa/Documents/develop/Angular9/exerciseList/tsconfig.json Version: 37 structureChanged: false Elapsed: 12ms
Info 150  [17:42:47.683] Different program with same set of files:: oldProgram.structureIsReused:: 2
Info 151  [17:42:48.326] Starting updateGraphWorker: Project: /home/igfersa/Documents/develop/Angular9/exerciseList/tsconfig.json
Info 152  [17:42:48.336] Finishing updateGraphWorker: Project: /home/igfersa/Documents/develop/Angular9/exerciseList/tsconfig.json Version: 38 structureChanged: false Elapsed: 10ms
Info 153  [17:42:48.336] Different program with same set of files:: oldProgram.structureIsReused:: 2
Info 154  [17:42:51.825] Starting updateGraphWorker: Project: /home/igfersa/Documents/develop/Angular9/exerciseList/tsconfig.json
Info 155  [17:42:51.839] Finishing updateGraphWorker: Project: /home/igfersa/Documents/develop/Angular9/exerciseList/tsconfig.json Version: 39 structureChanged: false Elapsed: 14ms
Info 156  [17:42:51.839] Different program with same set of files:: oldProgram.structureIsReused:: 2
Info 157  [17:42:52.448] Starting updateGraphWorker: Project: /home/igfersa/Documents/develop/Angular9/exerciseList/tsconfig.json
Info 158  [17:42:52.459] Finishing updateGraphWorker: Project: /home/igfersa/Documents/develop/Angular9/exerciseList/tsconfig.json Version: 40 structureChanged: false Elapsed: 11ms
Info 159  [17:42:52.459] Different program with same set of files:: oldProgram.structureIsReused:: 2
Info 160  [17:42:52.731] Starting updateGraphWorker: Project: /home/igfersa/Documents/develop/Angular9/exerciseList/tsconfig.json
Info 161  [17:42:52.742] Finishing updateGraphWorker: Project: /home/igfersa/Documents/develop/Angular9/exerciseList/tsconfig.json Version: 41 structureChanged: false Elapsed: 10ms
Info 162  [17:42:52.742] Different program with same set of files:: oldProgram.structureIsReused:: 2
Info 163  [17:42:53.794] Starting updateGraphWorker: Project: /home/igfersa/Documents/develop/Angular9/exerciseList/tsconfig.json
Info 164  [17:42:53.808] Finishing updateGraphWorker: Project: /home/igfersa/Documents/develop/Angular9/exerciseList/tsconfig.json Version: 42 structureChanged: false Elapsed: 14ms
Info 165  [17:42:53.808] Different program with same set of files:: oldProgram.structureIsReused:: 2
Info 166  [17:42:54.667] Starting updateGraphWorker: Project: /home/igfersa/Documents/develop/Angular9/exerciseList/tsconfig.json
Info 167  [17:42:54.679] Finishing updateGraphWorker: Project: /home/igfersa/Documents/develop/Angular9/exerciseList/tsconfig.json Version: 43 structureChanged: false Elapsed: 12ms
Info 168  [17:42:54.680] Different program with same set of files:: oldProgram.structureIsReused:: 2
Info 169  [17:42:55.303] Starting updateGraphWorker: Project: /home/igfersa/Documents/develop/Angular9/exerciseList/tsconfig.json
Info 170  [17:42:55.312] Finishing updateGraphWorker: Project: /home/igfersa/Documents/develop/Angular9/exerciseList/tsconfig.json Version: 44 structureChanged: false Elapsed: 9ms
Info 171  [17:42:55.312] Different program with same set of files:: oldProgram.structureIsReused:: 2
Info 172  [17:42:55.952] Starting updateGraphWorker: Project: /home/igfersa/Documents/develop/Angular9/exerciseList/tsconfig.json
Info 173  [17:42:55.966] Finishing updateGraphWorker: Project: /home/igfersa/Documents/develop/Angular9/exerciseList/tsconfig.json Version: 45 structureChanged: false Elapsed: 14ms
Info 174  [17:42:55.966] Different program with same set of files:: oldProgram.structureIsReused:: 2
Info 175  [17:43:4.517] Starting updateGraphWorker: Project: /home/igfersa/Documents/develop/Angular9/exerciseList/tsconfig.json
Info 176  [17:43:4.529] Finishing updateGraphWorker: Project: /home/igfersa/Documents/develop/Angular9/exerciseList/tsconfig.json Version: 46 structureChanged: false Elapsed: 12ms
Info 177  [17:43:4.529] Different program with same set of files:: oldProgram.structureIsReused:: 2
Info 178  [17:43:6.262] Starting updateGraphWorker: Project: /home/igfersa/Documents/develop/Angular9/exerciseList/tsconfig.json
Info 179  [17:43:6.276] Finishing updateGraphWorker: Project: /home/igfersa/Documents/develop/Angular9/exerciseList/tsconfig.json Version: 47 structureChanged: false Elapsed: 14ms
Info 180  [17:43:6.276] Different program with same set of files:: oldProgram.structureIsReused:: 2
Info 181  [17:43:6.562] Starting updateGraphWorker: Project: /home/igfersa/Documents/develop/Angular9/exerciseList/tsconfig.json
Info 182  [17:43:6.578] Finishing updateGraphWorker: Project: /home/igfersa/Documents/develop/Angular9/exerciseList/tsconfig.json Version: 48 structureChanged: false Elapsed: 16ms
Info 183  [17:43:6.578] Different program with same set of files:: oldProgram.structureIsReused:: 2
Info 184  [17:43:6.795] Starting updateGraphWorker: Project: /home/igfersa/Documents/develop/Angular9/exerciseList/tsconfig.json
Info 185  [17:43:6.807] Finishing updateGraphWorker: Project: /home/igfersa/Documents/develop/Angular9/exerciseList/tsconfig.json Version: 49 structureChanged: false Elapsed: 12ms
Info 186  [17:43:6.807] Different program with same set of files:: oldProgram.structureIsReused:: 2
Info 187  [17:43:7.197] Starting updateGraphWorker: Project: /home/igfersa/Documents/develop/Angular9/exerciseList/tsconfig.json
Info 188  [17:43:7.208] Finishing updateGraphWorker: Project: /home/igfersa/Documents/develop/Angular9/exerciseList/tsconfig.json Version: 50 structureChanged: false Elapsed: 11ms
Info 189  [17:43:7.208] Different program with same set of files:: oldProgram.structureIsReused:: 2
Info 190  [17:43:10.740] Starting updateGraphWorker: Project: /home/igfersa/Documents/develop/Angular9/exerciseList/tsconfig.json
Info 191  [17:43:10.761] Finishing updateGraphWorker: Project: /home/igfersa/Documents/develop/Angular9/exerciseList/tsconfig.json Version: 51 structureChanged: false Elapsed: 21ms
Info 192  [17:43:10.761] Different program with same set of files:: oldProgram.structureIsReused:: 2
Info 193  [17:43:11.466] Starting updateGraphWorker: Project: /home/igfersa/Documents/develop/Angular9/exerciseList/tsconfig.json
Info 194  [17:43:11.473] Finishing updateGraphWorker: Project: /home/igfersa/Documents/develop/Angular9/exerciseList/tsconfig.json Version: 52 structureChanged: false Elapsed: 6ms
Info 195  [17:43:11.473] Different program with same set of files:: oldProgram.structureIsReused:: 2
Info 196  [17:43:12.362] Starting updateGraphWorker: Project: /home/igfersa/Documents/develop/Angular9/exerciseList/tsconfig.json
Info 197  [17:43:12.374] Finishing updateGraphWorker: Project: /home/igfersa/Documents/develop/Angular9/exerciseList/tsconfig.json Version: 53 structureChanged: false Elapsed: 12ms
Info 198  [17:43:12.374] Different program with same set of files:: oldProgram.structureIsReused:: 2
Info 199  [17:43:12.931] Starting updateGraphWorker: Project: /home/igfersa/Documents/develop/Angular9/exerciseList/tsconfig.json
Info 200  [17:43:12.940] Finishing updateGraphWorker: Project: /home/igfersa/Documents/develop/Angular9/exerciseList/tsconfig.json Version: 54 structureChanged: false Elapsed: 8ms
Info 201  [17:43:12.940] Different program with same set of files:: oldProgram.structureIsReused:: 2
Info 202  [17:43:13.925] Starting updateGraphWorker: Project: /home/igfersa/Documents/develop/Angular9/exerciseList/tsconfig.json
Info 203  [17:43:13.932] Finishing updateGraphWorker: Project: /home/igfersa/Documents/develop/Angular9/exerciseList/tsconfig.json Version: 55 structureChanged: false Elapsed: 7ms
Info 204  [17:43:13.932] Different program with same set of files:: oldProgram.structureIsReused:: 2
Info 205  [17:43:14.299] Starting updateGraphWorker: Project: /home/igfersa/Documents/develop/Angular9/exerciseList/tsconfig.json
Info 206  [17:43:14.313] Finishing updateGraphWorker: Project: /home/igfersa/Documents/develop/Angular9/exerciseList/tsconfig.json Version: 56 structureChanged: false Elapsed: 13ms
Info 207  [17:43:14.313] Different program with same set of files:: oldProgram.structureIsReused:: 2
Info 208  [17:43:16.90] Starting updateGraphWorker: Project: /home/igfersa/Documents/develop/Angular9/exerciseList/tsconfig.json
Info 209  [17:43:16.101] Finishing updateGraphWorker: Project: /home/igfersa/Documents/develop/Angular9/exerciseList/tsconfig.json Version: 57 structureChanged: false Elapsed: 11ms
Info 210  [17:43:16.101] Different program with same set of files:: oldProgram.structureIsReused:: 2
Info 211  [17:43:16.603] Starting updateGraphWorker: Project: /home/igfersa/Documents/develop/Angular9/exerciseList/tsconfig.json
Info 212  [17:43:16.611] Finishing updateGraphWorker: Project: /home/igfersa/Documents/develop/Angular9/exerciseList/tsconfig.json Version: 58 structureChanged: false Elapsed: 8ms
Info 213  [17:43:16.611] Different program with same set of files:: oldProgram.structureIsReused:: 2
Info 214  [17:43:17.107] Starting updateGraphWorker: Project: /home/igfersa/Documents/develop/Angular9/exerciseList/tsconfig.json
Info 215  [17:43:17.120] Finishing updateGraphWorker: Project: /home/igfersa/Documents/develop/Angular9/exerciseList/tsconfig.json Version: 59 structureChanged: false Elapsed: 13ms
Info 216  [17:43:17.120] Different program with same set of files:: oldProgram.structureIsReused:: 2
Info 217  [17:43:17.314] Starting updateGraphWorker: Project: /home/igfersa/Documents/develop/Angular9/exerciseList/tsconfig.json
Info 218  [17:43:17.325] Finishing updateGraphWorker: Project: /home/igfersa/Documents/develop/Angular9/exerciseList/tsconfig.json Version: 60 structureChanged: false Elapsed: 11ms
Info 219  [17:43:17.325] Different program with same set of files:: oldProgram.structureIsReused:: 2
Info 220  [17:43:18.78] Starting updateGraphWorker: Project: /home/igfersa/Documents/develop/Angular9/exerciseList/tsconfig.json
Info 221  [17:43:18.91] Finishing updateGraphWorker: Project: /home/igfersa/Documents/develop/Angular9/exerciseList/tsconfig.json Version: 61 structureChanged: false Elapsed: 13ms
Info 222  [17:43:18.91] Different program with same set of files:: oldProgram.structureIsReused:: 2
Info 223  [17:43:18.355] Starting updateGraphWorker: Project: /home/igfersa/Documents/develop/Angular9/exerciseList/tsconfig.json
Info 224  [17:43:18.362] Finishing updateGraphWorker: Project: /home/igfersa/Documents/develop/Angular9/exerciseList/tsconfig.json Version: 62 structureChanged: false Elapsed: 7ms
Info 225  [17:43:18.362] Different program with same set of files:: oldProgram.structureIsReused:: 2
Info 226  [17:43:18.526] Starting updateGraphWorker: Project: /home/igfersa/Documents/develop/Angular9/exerciseList/tsconfig.json
Info 227  [17:43:18.540] Finishing updateGraphWorker: Project: /home/igfersa/Documents/develop/Angular9/exerciseList/tsconfig.json Version: 63 structureChanged: false Elapsed: 14ms
Info 228  [17:43:18.540] Different program with same set of files:: oldProgram.structureIsReused:: 2
Info 229  [17:43:18.715] Starting updateGraphWorker: Project: /home/igfersa/Documents/develop/Angular9/exerciseList/tsconfig.json
Info 230  [17:43:18.731] Finishing updateGraphWorker: Project: /home/igfersa/Documents/develop/Angular9/exerciseList/tsconfig.json Version: 64 structureChanged: false Elapsed: 16ms
Info 231  [17:43:18.731] Different program with same set of files:: oldProgram.structureIsReused:: 2
Info 232  [17:43:18.955] Starting updateGraphWorker: Project: /home/igfersa/Documents/develop/Angular9/exerciseList/tsconfig.json
Info 233  [17:43:18.966] Finishing updateGraphWorker: Project: /home/igfersa/Documents/develop/Angular9/exerciseList/tsconfig.json Version: 65 structureChanged: false Elapsed: 11ms
Info 234  [17:43:18.966] Different program with same set of files:: oldProgram.structureIsReused:: 2
Info 235  [17:43:19.658] Starting updateGraphWorker: Project: /home/igfersa/Documents/develop/Angular9/exerciseList/tsconfig.json
Info 236  [17:43:19.665] Finishing updateGraphWorker: Project: /home/igfersa/Documents/develop/Angular9/exerciseList/tsconfig.json Version: 66 structureChanged: false Elapsed: 7ms
Info 237  [17:43:19.665] Different program with same set of files:: oldProgram.structureIsReused:: 2
Info 238  [17:43:27.608] Starting updateGraphWorker: Project: /home/igfersa/Documents/develop/Angular9/exerciseList/tsconfig.json
Info 239  [17:43:27.624] Finishing updateGraphWorker: Project: /home/igfersa/Documents/develop/Angular9/exerciseList/tsconfig.json Version: 67 structureChanged: false Elapsed: 15ms
Info 240  [17:43:27.624] Different program with same set of files:: oldProgram.structureIsReused:: 2
Info 241  [17:43:29.306] Starting updateGraphWorker: Project: /home/igfersa/Documents/develop/Angular9/exerciseList/tsconfig.json
Info 242  [17:43:29.321] Finishing updateGraphWorker: Project: /home/igfersa/Documents/develop/Angular9/exerciseList/tsconfig.json Version: 68 structureChanged: false Elapsed: 15ms
Info 243  [17:43:29.321] Different program with same set of files:: oldProgram.structureIsReused:: 2
Info 244  [17:43:29.662] Starting updateGraphWorker: Project: /home/igfersa/Documents/develop/Angular9/exerciseList/tsconfig.json
Info 245  [17:43:29.673] Finishing updateGraphWorker: Project: /home/igfersa/Documents/develop/Angular9/exerciseList/tsconfig.json Version: 69 structureChanged: false Elapsed: 11ms
Info 246  [17:43:29.673] Different program with same set of files:: oldProgram.structureIsReused:: 2
Info 247  [17:43:29.692] Starting updateGraphWorker: Project: /home/igfersa/Documents/develop/Angular9/exerciseList/tsconfig.json
Info 248  [17:43:29.702] Finishing updateGraphWorker: Project: /home/igfersa/Documents/develop/Angular9/exerciseList/tsconfig.json Version: 70 structureChanged: false Elapsed: 10ms
Info 249  [17:43:29.702] Different program with same set of files:: oldProgram.structureIsReused:: 2
Info 250  [17:43:30.302] Starting updateGraphWorker: Project: /home/igfersa/Documents/develop/Angular9/exerciseList/tsconfig.json
Info 251  [17:43:30.314] Finishing updateGraphWorker: Project: /home/igfersa/Documents/develop/Angular9/exerciseList/tsconfig.json Version: 71 structureChanged: false Elapsed: 11ms
Info 252  [17:43:30.314] Different program with same set of files:: oldProgram.structureIsReused:: 2
Info 253  [17:43:30.693] Starting updateGraphWorker: Project: /home/igfersa/Documents/develop/Angular9/exerciseList/tsconfig.json
Info 254  [17:43:30.703] Finishing updateGraphWorker: Project: /home/igfersa/Documents/develop/Angular9/exerciseList/tsconfig.json Version: 72 structureChanged: false Elapsed: 10ms
Info 255  [17:43:30.703] Different program with same set of files:: oldProgram.structureIsReused:: 2
Info 256  [17:43:33.3] Starting updateGraphWorker: Project: /home/igfersa/Documents/develop/Angular9/exerciseList/tsconfig.json
Info 257  [17:43:33.15] Finishing updateGraphWorker: Project: /home/igfersa/Documents/develop/Angular9/exerciseList/tsconfig.json Version: 73 structureChanged: false Elapsed: 12ms
Info 258  [17:43:33.15] Different program with same set of files:: oldProgram.structureIsReused:: 2
Info 259  [17:43:33.479] Starting updateGraphWorker: Project: /home/igfersa/Documents/develop/Angular9/exerciseList/tsconfig.json
Info 260  [17:43:33.491] Finishing updateGraphWorker: Project: /home/igfersa/Documents/develop/Angular9/exerciseList/tsconfig.json Version: 74 structureChanged: false Elapsed: 12ms
Info 261  [17:43:33.491] Different program with same set of files:: oldProgram.structureIsReused:: 2
Info 262  [17:44:3.125] Search path: /home/igfersa/Documents/develop/Angular9/exerciseList/src/app
Info 263  [17:44:3.126] For info: /home/igfersa/Documents/develop/Angular9/exerciseList/src/app/app.module.ts :: Config file name: /home/igfersa/Documents/develop/Angular9/exerciseList/tsconfig.json
Info 264  [17:44:3.127] `remove Project::
Info 265  [17:44:3.127] Project '/dev/null/inferredProject1*' (Inferred) 
Info 266  [17:44:3.127] 	Files (6)

Info 267  [17:44:3.128] -----------------------------------------------
Info 268  [17:44:8.709] Starting updateGraphWorker: Project: /home/igfersa/Documents/develop/Angular9/exerciseList/tsconfig.json
Info 269  [17:44:8.786] Finishing updateGraphWorker: Project: /home/igfersa/Documents/develop/Angular9/exerciseList/tsconfig.json Version: 75 structureChanged: false Elapsed: 76ms
Info 270  [17:44:8.786] Different program with same set of files:: oldProgram.structureIsReused:: 2
Info 271  [17:44:9.276] Starting updateGraphWorker: Project: /home/igfersa/Documents/develop/Angular9/exerciseList/tsconfig.json
Info 272  [17:44:9.336] Finishing updateGraphWorker: Project: /home/igfersa/Documents/develop/Angular9/exerciseList/tsconfig.json Version: 76 structureChanged: false Elapsed: 56ms
Info 273  [17:44:9.336] Different program with same set of files:: oldProgram.structureIsReused:: 2
Info 274  [17:44:9.688] Starting updateGraphWorker: Project: /home/igfersa/Documents/develop/Angular9/exerciseList/tsconfig.json
Info 275  [17:44:9.729] Finishing updateGraphWorker: Project: /home/igfersa/Documents/develop/Angular9/exerciseList/tsconfig.json Version: 77 structureChanged: false Elapsed: 40ms
Info 276  [17:44:9.729] Different program with same set of files:: oldProgram.structureIsReused:: 2
Info 277  [17:44:10.21] Starting updateGraphWorker: Project: /home/igfersa/Documents/develop/Angular9/exerciseList/tsconfig.json
Info 278  [17:44:10.56] Finishing updateGraphWorker: Project: /home/igfersa/Documents/develop/Angular9/exerciseList/tsconfig.json Version: 78 structureChanged: false Elapsed: 35ms
Info 279  [17:44:10.56] Different program with same set of files:: oldProgram.structureIsReused:: 2
Info 280  [17:44:10.435] Starting updateGraphWorker: Project: /home/igfersa/Documents/develop/Angular9/exerciseList/tsconfig.json
Info 281  [17:44:10.473] Finishing updateGraphWorker: Project: /home/igfersa/Documents/develop/Angular9/exerciseList/tsconfig.json Version: 79 structureChanged: false Elapsed: 38ms
Info 282  [17:44:10.473] Different program with same set of files:: oldProgram.structureIsReused:: 2
Info 283  [17:44:10.734] Starting updateGraphWorker: Project: /home/igfersa/Documents/develop/Angular9/exerciseList/tsconfig.json
Info 284  [17:44:10.751] Finishing updateGraphWorker: Project: /home/igfersa/Documents/develop/Angular9/exerciseList/tsconfig.json Version: 80 structureChanged: false Elapsed: 17ms
Info 285  [17:44:10.751] Different program with same set of files:: oldProgram.structureIsReused:: 2
Info 286  [17:44:15.98] Starting updateGraphWorker: Project: /home/igfersa/Documents/develop/Angular9/exerciseList/tsconfig.json
Info 287  [17:44:15.118] Finishing updateGraphWorker: Project: /home/igfersa/Documents/develop/Angular9/exerciseList/tsconfig.json Version: 81 structureChanged: false Elapsed: 19ms
Info 288  [17:44:15.118] Different program with same set of files:: oldProgram.structureIsReused:: 2
Info 289  [17:44:15.707] Starting updateGraphWorker: Project: /home/igfersa/Documents/develop/Angular9/exerciseList/tsconfig.json
Info 290  [17:44:15.723] Finishing updateGraphWorker: Project: /home/igfersa/Documents/develop/Angular9/exerciseList/tsconfig.json Version: 82 structureChanged: false Elapsed: 15ms
Info 291  [17:44:15.723] Different program with same set of files:: oldProgram.structureIsReused:: 2
Info 292  [17:44:16.252] Starting updateGraphWorker: Project: /home/igfersa/Documents/develop/Angular9/exerciseList/tsconfig.json
Info 293  [17:44:16.268] Finishing updateGraphWorker: Project: /home/igfersa/Documents/develop/Angular9/exerciseList/tsconfig.json Version: 83 structureChanged: false Elapsed: 15ms
Info 294  [17:44:16.269] Different program with same set of files:: oldProgram.structureIsReused:: 2
Info 295  [17:44:17.301] Starting updateGraphWorker: Project: /home/igfersa/Documents/develop/Angular9/exerciseList/tsconfig.json
Info 296  [17:44:17.326] Finishing updateGraphWorker: Project: /home/igfersa/Documents/develop/Angular9/exerciseList/tsconfig.json Version: 84 structureChanged: false Elapsed: 25ms
Info 297  [17:44:17.326] Different program with same set of files:: oldProgram.structureIsReused:: 2
Info 298  [17:44:17.657] Starting updateGraphWorker: Project: /home/igfersa/Documents/develop/Angular9/exerciseList/tsconfig.json
Info 299  [17:44:17.669] Finishing updateGraphWorker: Project: /home/igfersa/Documents/develop/Angular9/exerciseList/tsconfig.json Version: 85 structureChanged: false Elapsed: 12ms
Info 300  [17:44:17.669] Different program with same set of files:: oldProgram.structureIsReused:: 2
Info 301  [17:44:20.156] Starting updateGraphWorker: Project: /home/igfersa/Documents/develop/Angular9/exerciseList/tsconfig.json
Info 302  [17:44:20.170] Finishing updateGraphWorker: Project: /home/igfersa/Documents/develop/Angular9/exerciseList/tsconfig.json Version: 86 structureChanged: false Elapsed: 13ms
Info 303  [17:44:20.170] Different program with same set of files:: oldProgram.structureIsReused:: 2
Info 304  [17:44:20.287] Starting updateGraphWorker: Project: /home/igfersa/Documents/develop/Angular9/exerciseList/tsconfig.json
Info 305  [17:44:20.296] Finishing updateGraphWorker: Project: /home/igfersa/Documents/develop/Angular9/exerciseList/tsconfig.json Version: 87 structureChanged: false Elapsed: 9ms
Info 306  [17:44:20.296] Different program with same set of files:: oldProgram.structureIsReused:: 2
Info 307  [17:44:20.561] Starting updateGraphWorker: Project: /home/igfersa/Documents/develop/Angular9/exerciseList/tsconfig.json
Info 308  [17:44:20.573] Finishing updateGraphWorker: Project: /home/igfersa/Documents/develop/Angular9/exerciseList/tsconfig.json Version: 88 structureChanged: false Elapsed: 11ms
Info 309  [17:44:20.573] Different program with same set of files:: oldProgram.structureIsReused:: 2
Info 310  [17:44:20.827] Starting updateGraphWorker: Project: /home/igfersa/Documents/develop/Angular9/exerciseList/tsconfig.json
Info 311  [17:44:20.852] Finishing updateGraphWorker: Project: /home/igfersa/Documents/develop/Angular9/exerciseList/tsconfig.json Version: 89 structureChanged: false Elapsed: 25ms
Info 312  [17:44:20.852] Different program with same set of files:: oldProgram.structureIsReused:: 2
Info 313  [17:44:21.161] Starting updateGraphWorker: Project: /home/igfersa/Documents/develop/Angular9/exerciseList/tsconfig.json
Info 314  [17:44:21.173] Finishing updateGraphWorker: Project: /home/igfersa/Documents/develop/Angular9/exerciseList/tsconfig.json Version: 90 structureChanged: false Elapsed: 12ms
Info 315  [17:44:21.173] Different program with same set of files:: oldProgram.structureIsReused:: 2
Info 316  [17:44:21.450] Starting updateGraphWorker: Project: /home/igfersa/Documents/develop/Angular9/exerciseList/tsconfig.json
Info 317  [17:44:21.470] Finishing updateGraphWorker: Project: /home/igfersa/Documents/develop/Angular9/exerciseList/tsconfig.json Version: 91 structureChanged: false Elapsed: 19ms
Info 318  [17:44:21.470] Different program with same set of files:: oldProgram.structureIsReused:: 2
Info 319  [17:44:21.571] Starting updateGraphWorker: Project: /home/igfersa/Documents/develop/Angular9/exerciseList/tsconfig.json
Info 320  [17:44:21.593] Finishing updateGraphWorker: Project: /home/igfersa/Documents/develop/Angular9/exerciseList/tsconfig.json Version: 92 structureChanged: false Elapsed: 21ms
Info 321  [17:44:21.593] Different program with same set of files:: oldProgram.structureIsReused:: 2
Info 322  [17:44:22.422] Starting updateGraphWorker: Project: /home/igfersa/Documents/develop/Angular9/exerciseList/tsconfig.json
Info 323  [17:44:22.440] Finishing updateGraphWorker: Project: /home/igfersa/Documents/develop/Angular9/exerciseList/tsconfig.json Version: 93 structureChanged: false Elapsed: 17ms
Info 324  [17:44:22.440] Different program with same set of files:: oldProgram.structureIsReused:: 2
Info 325  [17:44:22.731] Starting updateGraphWorker: Project: /home/igfersa/Documents/develop/Angular9/exerciseList/tsconfig.json
Info 326  [17:44:22.749] Finishing updateGraphWorker: Project: /home/igfersa/Documents/develop/Angular9/exerciseList/tsconfig.json Version: 94 structureChanged: false Elapsed: 18ms
Info 327  [17:44:22.749] Different program with same set of files:: oldProgram.structureIsReused:: 2
Info 328  [17:44:22.979] Starting updateGraphWorker: Project: /home/igfersa/Documents/develop/Angular9/exerciseList/tsconfig.json
Info 329  [17:44:22.995] Finishing updateGraphWorker: Project: /home/igfersa/Documents/develop/Angular9/exerciseList/tsconfig.json Version: 95 structureChanged: false Elapsed: 16ms
Info 330  [17:44:22.995] Different program with same set of files:: oldProgram.structureIsReused:: 2
Info 331  [17:44:23.322] Starting updateGraphWorker: Project: /home/igfersa/Documents/develop/Angular9/exerciseList/tsconfig.json
Info 332  [17:44:23.330] Finishing updateGraphWorker: Project: /home/igfersa/Documents/develop/Angular9/exerciseList/tsconfig.json Version: 96 structureChanged: false Elapsed: 8ms
Info 333  [17:44:23.330] Different program with same set of files:: oldProgram.structureIsReused:: 2
Info 334  [17:44:24.995] Starting updateGraphWorker: Project: /home/igfersa/Documents/develop/Angular9/exerciseList/tsconfig.json
Info 335  [17:44:25.24] Finishing updateGraphWorker: Project: /home/igfersa/Documents/develop/Angular9/exerciseList/tsconfig.json Version: 97 structureChanged: false Elapsed: 29ms
Info 336  [17:44:25.24] Different program with same set of files:: oldProgram.structureIsReused:: 2
Info 337  [17:44:26.516] Starting updateGraphWorker: Project: /home/igfersa/Documents/develop/Angular9/exerciseList/tsconfig.json
Info 338  [17:44:26.526] Finishing updateGraphWorker: Project: /home/igfersa/Documents/develop/Angular9/exerciseList/tsconfig.json Version: 98 structureChanged: false Elapsed: 9ms
Info 339  [17:44:26.526] Different program with same set of files:: oldProgram.structureIsReused:: 2
Info 340  [17:44:26.653] Starting updateGraphWorker: Project: /home/igfersa/Documents/develop/Angular9/exerciseList/tsconfig.json
Info 341  [17:44:26.671] Finishing updateGraphWorker: Project: /home/igfersa/Documents/develop/Angular9/exerciseList/tsconfig.json Version: 99 structureChanged: false Elapsed: 17ms
Info 342  [17:44:26.671] Different program with same set of files:: oldProgram.structureIsReused:: 2
Info 343  [17:44:27.185] Starting updateGraphWorker: Project: /home/igfersa/Documents/develop/Angular9/exerciseList/tsconfig.json
Info 344  [17:44:27.195] Finishing updateGraphWorker: Project: /home/igfersa/Documents/develop/Angular9/exerciseList/tsconfig.json Version: 100 structureChanged: false Elapsed: 10ms
Info 345  [17:44:27.195] Different program with same set of files:: oldProgram.structureIsReused:: 2
Info 346  [17:44:27.826] Starting updateGraphWorker: Project: /home/igfersa/Documents/develop/Angular9/exerciseList/tsconfig.json
Info 347  [17:44:27.872] Finishing updateGraphWorker: Project: /home/igfersa/Documents/develop/Angular9/exerciseList/tsconfig.json Version: 101 structureChanged: false Elapsed: 46ms
Info 348  [17:44:27.872] Different program with same set of files:: oldProgram.structureIsReused:: 2
Info 349  [17:44:29.222] Starting updateGraphWorker: Project: /home/igfersa/Documents/develop/Angular9/exerciseList/tsconfig.json
Info 350  [17:44:29.240] Finishing updateGraphWorker: Project: /home/igfersa/Documents/develop/Angular9/exerciseList/tsconfig.json Version: 102 structureChanged: false Elapsed: 18ms
Info 351  [17:44:29.240] Different program with same set of files:: oldProgram.structureIsReused:: 2
Info 352  [17:44:29.736] Starting updateGraphWorker: Project: /home/igfersa/Documents/develop/Angular9/exerciseList/tsconfig.json
Info 353  [17:44:29.753] Finishing updateGraphWorker: Project: /home/igfersa/Documents/develop/Angular9/exerciseList/tsconfig.json Version: 103 structureChanged: false Elapsed: 17ms
Info 354  [17:44:29.753] Different program with same set of files:: oldProgram.structureIsReused:: 2
Info 355  [17:44:30.293] Starting updateGraphWorker: Project: /home/igfersa/Documents/develop/Angular9/exerciseList/tsconfig.json
Info 356  [17:44:30.307] Finishing updateGraphWorker: Project: /home/igfersa/Documents/develop/Angular9/exerciseList/tsconfig.json Version: 104 structureChanged: false Elapsed: 14ms
Info 357  [17:44:30.307] Different program with same set of files:: oldProgram.structureIsReused:: 2
Info 358  [17:44:30.529] Starting updateGraphWorker: Project: /home/igfersa/Documents/develop/Angular9/exerciseList/tsconfig.json
Info 359  [17:44:30.550] Finishing updateGraphWorker: Project: /home/igfersa/Documents/develop/Angular9/exerciseList/tsconfig.json Version: 105 structureChanged: false Elapsed: 20ms
Info 360  [17:44:30.550] Different program with same set of files:: oldProgram.structureIsReused:: 2
Info 361  [17:44:31.865] Starting updateGraphWorker: Project: /home/igfersa/Documents/develop/Angular9/exerciseList/tsconfig.json
Info 362  [17:44:31.877] Finishing updateGraphWorker: Project: /home/igfersa/Documents/develop/Angular9/exerciseList/tsconfig.json Version: 106 structureChanged: false Elapsed: 12ms
Info 363  [17:44:31.877] Different program with same set of files:: oldProgram.structureIsReused:: 2
Info 364  [17:44:34.602] Starting updateGraphWorker: Project: /home/igfersa/Documents/develop/Angular9/exerciseList/tsconfig.json
Info 365  [17:44:34.678] Finishing updateGraphWorker: Project: /home/igfersa/Documents/develop/Angular9/exerciseList/tsconfig.json Version: 107 structureChanged: true Elapsed: 75ms
Info 366  [17:44:34.678] Different program with same set of files:: oldProgram.structureIsReused:: 1
Info 367  [17:44:35.636] Starting updateGraphWorker: Project: /home/igfersa/Documents/develop/Angular9/exerciseList/tsconfig.json
Info 368  [17:44:35.703] Finishing updateGraphWorker: Project: /home/igfersa/Documents/develop/Angular9/exerciseList/tsconfig.json Version: 108 structureChanged: true Elapsed: 66ms
Info 369  [17:44:35.703] Different program with same set of files:: oldProgram.structureIsReused:: 1
Info 370  [17:44:36.562] Starting updateGraphWorker: Project: /home/igfersa/Documents/develop/Angular9/exerciseList/tsconfig.json
Info 371  [17:44:36.637] Finishing updateGraphWorker: Project: /home/igfersa/Documents/develop/Angular9/exerciseList/tsconfig.json Version: 109 structureChanged: true Elapsed: 75ms
Info 372  [17:44:36.637] Different program with same set of files:: oldProgram.structureIsReused:: 1
Info 373  [17:44:36.927] Starting updateGraphWorker: Project: /home/igfersa/Documents/develop/Angular9/exerciseList/tsconfig.json
Info 374  [17:44:37.24] Finishing updateGraphWorker: Project: /home/igfersa/Documents/develop/Angular9/exerciseList/tsconfig.json Version: 110 structureChanged: true Elapsed: 97ms
Info 375  [17:44:37.24] Different program with same set of files:: oldProgram.structureIsReused:: 1
Info 376  [17:44:37.266] Starting updateGraphWorker: Project: /home/igfersa/Documents/develop/Angular9/exerciseList/tsconfig.json
Info 377  [17:44:37.324] Finishing updateGraphWorker: Project: /home/igfersa/Documents/develop/Angular9/exerciseList/tsconfig.json Version: 111 structureChanged: true Elapsed: 58ms
Info 378  [17:44:37.324] Different program with same set of files:: oldProgram.structureIsReused:: 1
Info 379  [17:44:41.55] Starting updateGraphWorker: Project: /home/igfersa/Documents/develop/Angular9/exerciseList/tsconfig.json
Info 380  [17:44:41.116] Finishing updateGraphWorker: Project: /home/igfersa/Documents/develop/Angular9/exerciseList/tsconfig.json Version: 112 structureChanged: true Elapsed: 61ms
Info 381  [17:44:41.116] Different program with same set of files:: oldProgram.structureIsReused:: 1
Info 382  [17:44:41.360] Starting updateGraphWorker: Project: /home/igfersa/Documents/develop/Angular9/exerciseList/tsconfig.json
Info 383  [17:44:41.412] Finishing updateGraphWorker: Project: /home/igfersa/Documents/develop/Angular9/exerciseList/tsconfig.json Version: 113 structureChanged: true Elapsed: 52ms
Info 384  [17:44:41.412] Different program with same set of files:: oldProgram.structureIsReused:: 1
Info 385  [17:44:42.156] Starting updateGraphWorker: Project: /home/igfersa/Documents/develop/Angular9/exerciseList/tsconfig.json
Info 386  [17:44:42.341] Finishing updateGraphWorker: Project: /home/igfersa/Documents/develop/Angular9/exerciseList/tsconfig.json Version: 114 structureChanged: true Elapsed: 185ms
Info 387  [17:44:42.341] Project '/home/igfersa/Documents/develop/Angular9/exerciseList/tsconfig.json' (Configured) 
Info 388  [17:44:42.341] 	Files (313)

Info 389  [17:44:42.341] -----------------------------------------------
Info 390  [17:44:45.674] Starting updateGraphWorker: Project: /home/igfersa/Documents/develop/Angular9/exerciseList/tsconfig.json
Info 391  [17:44:45.698] Finishing updateGraphWorker: Project: /home/igfersa/Documents/develop/Angular9/exerciseList/tsconfig.json Version: 115 structureChanged: false Elapsed: 24ms
Info 392  [17:44:45.698] Different program with same set of files:: oldProgram.structureIsReused:: 2
Info 393  [17:45:4.151] Starting updateGraphWorker: Project: /home/igfersa/Documents/develop/Angular9/exerciseList/tsconfig.json
Info 394  [17:45:4.184] Finishing updateGraphWorker: Project: /home/igfersa/Documents/develop/Angular9/exerciseList/tsconfig.json Version: 116 structureChanged: false Elapsed: 33ms
Info 395  [17:45:4.184] Different program with same set of files:: oldProgram.structureIsReused:: 2
Info 396  [17:45:10.455] Starting updateGraphWorker: Project: /home/igfersa/Documents/develop/Angular9/exerciseList/tsconfig.json
Info 397  [17:45:10.479] Finishing updateGraphWorker: Project: /home/igfersa/Documents/develop/Angular9/exerciseList/tsconfig.json Version: 117 structureChanged: false Elapsed: 24ms
Info 398  [17:45:10.479] Different program with same set of files:: oldProgram.structureIsReused:: 2
Info 399  [17:45:10.856] Starting updateGraphWorker: Project: /home/igfersa/Documents/develop/Angular9/exerciseList/tsconfig.json
Info 400  [17:45:10.869] Finishing updateGraphWorker: Project: /home/igfersa/Documents/develop/Angular9/exerciseList/tsconfig.json Version: 118 structureChanged: false Elapsed: 13ms
Info 401  [17:45:10.869] Different program with same set of files:: oldProgram.structureIsReused:: 2
Info 402  [17:45:12.957] Starting updateGraphWorker: Project: /home/igfersa/Documents/develop/Angular9/exerciseList/tsconfig.json
Info 403  [17:45:12.991] Finishing updateGraphWorker: Project: /home/igfersa/Documents/develop/Angular9/exerciseList/tsconfig.json Version: 119 structureChanged: false Elapsed: 34ms
Info 404  [17:45:12.991] Different program with same set of files:: oldProgram.structureIsReused:: 2
Info 405  [17:45:13.633] Starting updateGraphWorker: Project: /home/igfersa/Documents/develop/Angular9/exerciseList/tsconfig.json
Info 406  [17:45:13.645] Finishing updateGraphWorker: Project: /home/igfersa/Documents/develop/Angular9/exerciseList/tsconfig.json Version: 120 structureChanged: false Elapsed: 12ms
Info 407  [17:45:13.646] Different program with same set of files:: oldProgram.structureIsReused:: 2
Info 408  [17:45:13.894] Starting updateGraphWorker: Project: /home/igfersa/Documents/develop/Angular9/exerciseList/tsconfig.json
Info 409  [17:45:13.922] Finishing updateGraphWorker: Project: /home/igfersa/Documents/develop/Angular9/exerciseList/tsconfig.json Version: 121 structureChanged: false Elapsed: 28ms
Info 410  [17:45:13.922] Different program with same set of files:: oldProgram.structureIsReused:: 2
Info 411  [17:45:14.231] Starting updateGraphWorker: Project: /home/igfersa/Documents/develop/Angular9/exerciseList/tsconfig.json
Info 412  [17:45:14.265] Finishing updateGraphWorker: Project: /home/igfersa/Documents/develop/Angular9/exerciseList/tsconfig.json Version: 122 structureChanged: false Elapsed: 33ms
Info 413  [17:45:14.265] Different program with same set of files:: oldProgram.structureIsReused:: 2
Info 414  [17:45:15.134] Starting updateGraphWorker: Project: /home/igfersa/Documents/develop/Angular9/exerciseList/tsconfig.json
Info 415  [17:45:15.163] Finishing updateGraphWorker: Project: /home/igfersa/Documents/develop/Angular9/exerciseList/tsconfig.json Version: 123 structureChanged: false Elapsed: 28ms
Info 416  [17:45:15.163] Different program with same set of files:: oldProgram.structureIsReused:: 2
Info 417  [17:45:30.254] Starting updateGraphWorker: Project: /home/igfersa/Documents/develop/Angular9/exerciseList/tsconfig.json
Info 418  [17:45:30.268] Finishing updateGraphWorker: Project: /home/igfersa/Documents/develop/Angular9/exerciseList/tsconfig.json Version: 124 structureChanged: false Elapsed: 13ms
Info 419  [17:45:30.268] Different program with same set of files:: oldProgram.structureIsReused:: 2
Info 420  [17:45:32.384] Starting updateGraphWorker: Project: /home/igfersa/Documents/develop/Angular9/exerciseList/tsconfig.json
Info 421  [17:45:32.400] Finishing updateGraphWorker: Project: /home/igfersa/Documents/develop/Angular9/exerciseList/tsconfig.json Version: 125 structureChanged: false Elapsed: 15ms
Info 422  [17:45:32.400] Different program with same set of files:: oldProgram.structureIsReused:: 2
Info 423  [17:45:38.645] Starting updateGraphWorker: Project: /home/igfersa/Documents/develop/Angular9/exerciseList/tsconfig.json
Info 424  [17:45:38.663] Finishing updateGraphWorker: Project: /home/igfersa/Documents/develop/Angular9/exerciseList/tsconfig.json Version: 126 structureChanged: false Elapsed: 18ms
Info 425  [17:45:38.663] Different program with same set of files:: oldProgram.structureIsReused:: 2
Info 426  [17:45:39.87] Starting updateGraphWorker: Project: /home/igfersa/Documents/develop/Angular9/exerciseList/tsconfig.json
Info 427  [17:45:39.103] Finishing updateGraphWorker: Project: /home/igfersa/Documents/develop/Angular9/exerciseList/tsconfig.json Version: 127 structureChanged: false Elapsed: 16ms
Info 428  [17:45:39.103] Different program with same set of files:: oldProgram.structureIsReused:: 2
Info 429  [17:46:2.983] Starting updateGraphWorker: Project: /home/igfersa/Documents/develop/Angular9/exerciseList/tsconfig.json
Info 430  [17:46:2.995] Finishing updateGraphWorker: Project: /home/igfersa/Documents/develop/Angular9/exerciseList/tsconfig.json Version: 128 structureChanged: false Elapsed: 12ms
Info 431  [17:46:2.995] Different program with same set of files:: oldProgram.structureIsReused:: 2
Info 432  [17:46:25.138] DirectoryWatcher:: Triggered with /home/igfersa/Documents/develop/Angular9/exerciseList :: WatchInfo: /home/igfersa/Documents/develop/Angular9/exerciseList 1 undefined Project: /home/igfersa/Documents/develop/Angular9/exerciseList/tsconfig.json WatchType: Wild card directory
Info 433  [17:46:25.139] Elapsed:: 1ms DirectoryWatcher:: Triggered with /home/igfersa/Documents/develop/Angular9/exerciseList :: WatchInfo: /home/igfersa/Documents/develop/Angular9/exerciseList 1 undefined Project: /home/igfersa/Documents/develop/Angular9/exerciseList/tsconfig.json WatchType: Wild card directory
Info 434  [17:46:25.139] DirectoryWatcher:: Triggered with /home/igfersa/Documents/develop/Angular9/exerciseList/node_modules :: WatchInfo: /home/igfersa/Documents/develop/Angular9/exerciseList/node_modules 1 undefined Project:  WatchType: node_modules for closed script infos in them
Info 435  [17:46:25.143] Elapsed:: 4ms DirectoryWatcher:: Triggered with /home/igfersa/Documents/develop/Angular9/exerciseList/node_modules :: WatchInfo: /home/igfersa/Documents/develop/Angular9/exerciseList/node_modules 1 undefined Project:  WatchType: node_modules for closed script infos in them
Info 436  [17:46:25.143] DirectoryWatcher:: Triggered with /home/igfersa/Documents/develop/Angular9/exerciseList/node_modules :: WatchInfo: /home/igfersa/Documents/develop/Angular9/exerciseList/node_modules 1 undefined Project: /home/igfersa/Documents/develop/Angular9/exerciseList/tsconfig.json WatchType: Failed Lookup Locations
Info 437  [17:46:25.143] Elapsed:: 0ms DirectoryWatcher:: Triggered with /home/igfersa/Documents/develop/Angular9/exerciseList/node_modules :: WatchInfo: /home/igfersa/Documents/develop/Angular9/exerciseList/node_modules 1 undefined Project: /home/igfersa/Documents/develop/Angular9/exerciseList/tsconfig.json WatchType: Failed Lookup Locations
Info 438  [17:46:25.409] Starting updateGraphWorker: Project: /home/igfersa/Documents/develop/Angular9/exerciseList/tsconfig.json
Info 439  [17:46:26.391] Finishing updateGraphWorker: Project: /home/igfersa/Documents/develop/Angular9/exerciseList/tsconfig.json Version: 129 structureChanged: true Elapsed: 981ms
Info 440  [17:46:26.391] Different program with same set of files:: oldProgram.structureIsReused:: 1
Info 441  [17:46:26.392] Structure before ensureProjectForOpenFiles:
Info 442  [17:46:26.392] Structure after ensureProjectForOpenFiles:
Info 443  [17:46:27.548] DirectoryWatcher:: Triggered with /home/igfersa/Documents/develop/Angular9/exerciseList :: WatchInfo: /home/igfersa/Documents/develop/Angular9/exerciseList 1 undefined Project: /home/igfersa/Documents/develop/Angular9/exerciseList/tsconfig.json WatchType: Wild card directory
Info 444  [17:46:27.548] Elapsed:: 0ms DirectoryWatcher:: Triggered with /home/igfersa/Documents/develop/Angular9/exerciseList :: WatchInfo: /home/igfersa/Documents/develop/Angular9/exerciseList 1 undefined Project: /home/igfersa/Documents/develop/Angular9/exerciseList/tsconfig.json WatchType: Wild card directory
Info 445  [17:46:27.549] DirectoryWatcher:: Triggered with /home/igfersa/Documents/develop/Angular9/exerciseList/node_modules :: WatchInfo: /home/igfersa/Documents/develop/Angular9/exerciseList/node_modules 1 undefined Project:  WatchType: node_modules for closed script infos in them
Info 446  [17:46:27.551] Elapsed:: 2ms DirectoryWatcher:: Triggered with /home/igfersa/Documents/develop/Angular9/exerciseList/node_modules :: WatchInfo: /home/igfersa/Documents/develop/Angular9/exerciseList/node_modules 1 undefined Project:  WatchType: node_modules for closed script infos in them
Info 447  [17:46:27.551] DirectoryWatcher:: Triggered with /home/igfersa/Documents/develop/Angular9/exerciseList/node_modules :: WatchInfo: /home/igfersa/Documents/develop/Angular9/exerciseList/node_modules 1 undefined Project: /home/igfersa/Documents/develop/Angular9/exerciseList/tsconfig.json WatchType: Failed Lookup Locations
Info 448  [17:46:27.551] Elapsed:: 0ms DirectoryWatcher:: Triggered with /home/igfersa/Documents/develop/Angular9/exerciseList/node_modules :: WatchInfo: /home/igfersa/Documents/develop/Angular9/exerciseList/node_modules 1 undefined Project: /home/igfersa/Documents/develop/Angular9/exerciseList/tsconfig.json WatchType: Failed Lookup Locations
Info 449  [17:46:27.809] Starting updateGraphWorker: Project: /home/igfersa/Documents/develop/Angular9/exerciseList/tsconfig.json
Info 450  [17:46:28.763] Finishing updateGraphWorker: Project: /home/igfersa/Documents/develop/Angular9/exerciseList/tsconfig.json Version: 130 structureChanged: true Elapsed: 954ms
Info 451  [17:46:28.763] Different program with same set of files:: oldProgram.structureIsReused:: 1
Info 452  [17:46:28.764] Structure before ensureProjectForOpenFiles:
Info 453  [17:46:28.764] Structure after ensureProjectForOpenFiles:
Info 454  [17:47:0.430] Starting updateGraphWorker: Project: /home/igfersa/Documents/develop/Angular9/exerciseList/tsconfig.json
Info 455  [17:47:0.480] Finishing updateGraphWorker: Project: /home/igfersa/Documents/develop/Angular9/exerciseList/tsconfig.json Version: 131 structureChanged: false Elapsed: 50ms
Info 456  [17:47:0.480] Different program with same set of files:: oldProgram.structureIsReused:: 2
Info 457  [17:47:0.719] Starting updateGraphWorker: Project: /home/igfersa/Documents/develop/Angular9/exerciseList/tsconfig.json
Info 458  [17:47:0.747] Finishing updateGraphWorker: Project: /home/igfersa/Documents/develop/Angular9/exerciseList/tsconfig.json Version: 132 structureChanged: false Elapsed: 28ms
Info 459  [17:47:0.747] Different program with same set of files:: oldProgram.structureIsReused:: 2
Info 460  [17:47:2.251] Starting updateGraphWorker: Project: /home/igfersa/Documents/develop/Angular9/exerciseList/tsconfig.json
Info 461  [17:47:2.260] Finishing updateGraphWorker: Project: /home/igfersa/Documents/develop/Angular9/exerciseList/tsconfig.json Version: 133 structureChanged: false Elapsed: 9ms
Info 462  [17:47:2.260] Different program with same set of files:: oldProgram.structureIsReused:: 2
Info 463  [17:47:2.466] Starting updateGraphWorker: Project: /home/igfersa/Documents/develop/Angular9/exerciseList/tsconfig.json
Info 464  [17:47:2.478] Finishing updateGraphWorker: Project: /home/igfersa/Documents/develop/Angular9/exerciseList/tsconfig.json Version: 134 structureChanged: false Elapsed: 11ms
Info 465  [17:47:2.478] Different program with same set of files:: oldProgram.structureIsReused:: 2
Info 466  [17:47:2.602] Starting updateGraphWorker: Project: /home/igfersa/Documents/develop/Angular9/exerciseList/tsconfig.json
Info 467  [17:47:2.622] Finishing updateGraphWorker: Project: /home/igfersa/Documents/develop/Angular9/exerciseList/tsconfig.json Version: 135 structureChanged: false Elapsed: 20ms
Info 468  [17:47:2.622] Different program with same set of files:: oldProgram.structureIsReused:: 2
Info 469  [17:47:3.246] Starting updateGraphWorker: Project: /home/igfersa/Documents/develop/Angular9/exerciseList/tsconfig.json
Info 470  [17:47:3.256] Finishing updateGraphWorker: Project: /home/igfersa/Documents/develop/Angular9/exerciseList/tsconfig.json Version: 136 structureChanged: false Elapsed: 10ms
Info 471  [17:47:3.256] Different program with same set of files:: oldProgram.structureIsReused:: 2
Info 472  [17:47:11.210] Starting updateGraphWorker: Project: /home/igfersa/Documents/develop/Angular9/exerciseList/tsconfig.json
Info 473  [17:47:11.225] Finishing updateGraphWorker: Project: /home/igfersa/Documents/develop/Angular9/exerciseList/tsconfig.json Version: 137 structureChanged: false Elapsed: 15ms
Info 474  [17:47:11.225] Different program with same set of files:: oldProgram.structureIsReused:: 2
Info 475  [17:47:18.449] Starting updateGraphWorker: Project: /home/igfersa/Documents/develop/Angular9/exerciseList/tsconfig.json
Info 476  [17:47:18.464] Finishing updateGraphWorker: Project: /home/igfersa/Documents/develop/Angular9/exerciseList/tsconfig.json Version: 138 structureChanged: false Elapsed: 15ms
Info 477  [17:47:18.464] Different program with same set of files:: oldProgram.structureIsReused:: 2
Info 478  [17:47:28.328] Search path: /home/igfersa/Documents/develop/Angular9/exerciseList/src/app/exercises
Info 479  [17:47:28.329] For info: /home/igfersa/Documents/develop/Angular9/exerciseList/src/app/exercises/exercises.component.ts :: Config file name: /home/igfersa/Documents/develop/Angular9/exerciseList/tsconfig.json
Info 480  [18:5:48.772] Search path: /home/igfersa/Documents/develop/Angular9/exerciseList/node_modules/@angular/forms
Info 481  [18:5:48.772] For info: /home/igfersa/Documents/develop/Angular9/exerciseList/node_modules/@angular/forms/forms.d.ts :: Config file name: /home/igfersa/Documents/develop/Angular9/exerciseList/tsconfig.json
Info 482  [18:5:48.772] Starting updateGraphWorker: Project: /home/igfersa/Documents/develop/Angular9/exerciseList/tsconfig.json
Info 483  [18:5:49.54] Finishing updateGraphWorker: Project: /home/igfersa/Documents/develop/Angular9/exerciseList/tsconfig.json Version: 139 structureChanged: false Elapsed: 282ms
Info 484  [18:5:49.54] Different program with same set of files:: oldProgram.structureIsReused:: 2
Info 485  [18:5:49.255] Starting updateGraphWorker: Project: /home/igfersa/Documents/develop/Angular9/exerciseList/tsconfig.json
Info 486  [18:5:49.368] Finishing updateGraphWorker: Project: /home/igfersa/Documents/develop/Angular9/exerciseList/tsconfig.json Version: 140 structureChanged: false Elapsed: 113ms
Info 487  [18:5:49.368] Different program with same set of files:: oldProgram.structureIsReused:: 2
Info 488  [18:5:58.471] Search path: /home/igfersa/Documents/develop/Angular9/exerciseList/node_modules/@angular/forms
Info 489  [18:5:58.471] For info: /home/igfersa/Documents/develop/Angular9/exerciseList/node_modules/@angular/forms/forms.d.ts :: Config file name: /home/igfersa/Documents/develop/Angular9/exerciseList/tsconfig.json
Info 490  [18:5:58.471] Starting updateGraphWorker: Project: /home/igfersa/Documents/develop/Angular9/exerciseList/tsconfig.json
Info 491  [18:5:58.630] Finishing updateGraphWorker: Project: /home/igfersa/Documents/develop/Angular9/exerciseList/tsconfig.json Version: 141 structureChanged: false Elapsed: 159ms
Info 492  [18:5:58.630] Different program with same set of files:: oldProgram.structureIsReused:: 2
Info 493  [18:5:58.832] Starting updateGraphWorker: Project: /home/igfersa/Documents/develop/Angular9/exerciseList/tsconfig.json
Info 494  [18:5:58.927] Finishing updateGraphWorker: Project: /home/igfersa/Documents/develop/Angular9/exerciseList/tsconfig.json Version: 142 structureChanged: false Elapsed: 95ms
Info 495  [18:5:58.927] Different program with same set of files:: oldProgram.structureIsReused:: 2
