Info 0    [13:22:44.149] Format host information updated
Info 1    [13:22:44.150] reload projects.
Info 2    [13:22:44.150] Structure before ensureProjectForOpenFiles:
Info 3    [13:22:44.150] Structure after ensureProjectForOpenFiles:
Info 4    [13:22:44.150] Host file extension mappings updated
Info 5    [13:22:44.209] Search path: /home/igfersa/Documents/develop/Angular9/exerciseList/src/app/exercises
Info 6    [13:22:44.215] For info: /home/igfersa/Documents/develop/Angular9/exerciseList/src/app/exercises/exercises.component.ts :: Config file name: /home/igfersa/Documents/develop/Angular9/exerciseList/tsconfig.json
Info 7    [13:22:44.216] Opened configuration file /home/igfersa/Documents/develop/Angular9/exerciseList/tsconfig.json
Info 8    [13:22:44.276] Config: /home/igfersa/Documents/develop/Angular9/exerciseList/tsconfig.json : {
 "rootNames": [
  "/home/igfersa/Documents/develop/Angular9/exerciseList/e2e/src/app.e2e-spec.ts",
  "/home/igfersa/Documents/develop/Angular9/exerciseList/e2e/src/app.po.ts",
  "/home/igfersa/Documents/develop/Angular9/exerciseList/src/main.ts",
  "/home/igfersa/Documents/develop/Angular9/exerciseList/src/polyfills.ts",
  "/home/igfersa/Documents/develop/Angular9/exerciseList/src/test.ts",
  "/home/igfersa/Documents/develop/Angular9/exerciseList/src/app/app-routing.module.ts",
  "/home/igfersa/Documents/develop/Angular9/exerciseList/src/app/app.component.spec.ts",
  "/home/igfersa/Documents/develop/Angular9/exerciseList/src/app/app.component.ts",
  "/home/igfersa/Documents/develop/Angular9/exerciseList/src/app/app.module.ts",
  "/home/igfersa/Documents/develop/Angular9/exerciseList/src/app/collection-exercises.ts",
  "/home/igfersa/Documents/develop/Angular9/exerciseList/src/app/exercise.ts",
  "/home/igfersa/Documents/develop/Angular9/exerciseList/src/app/exercises/exercises.component.spec.ts",
  "/home/igfersa/Documents/develop/Angular9/exerciseList/src/app/exercises/exercises.component.ts",
  "/home/igfersa/Documents/develop/Angular9/exerciseList/src/environments/environment.prod.ts",
  "/home/igfersa/Documents/develop/Angular9/exerciseList/src/environments/environment.ts"
 ],
 "options": {
  "baseUrl": "/home/igfersa/Documents/develop/Angular9/exerciseList",
  "outDir": "/home/igfersa/Documents/develop/Angular9/exerciseList/dist/out-tsc",
  "sourceMap": true,
  "declaration": false,
  "downlevelIteration": true,
  "experimentalDecorators": true,
  "module": 99,
  "moduleResolution": 2,
  "importHelpers": true,
  "target": 2,
  "lib": [
   "lib.es2018.d.ts",
   "lib.dom.d.ts"
  ],
  "configFilePath": "/home/igfersa/Documents/develop/Angular9/exerciseList/tsconfig.json"
 }
}
Info 9    [13:22:48.504] Loading global plugin @angular/language-service
Info 10   [13:22:48.504] Enabling plugin @angular/language-service from candidate paths: /home/igfersa/.vscode-oss/extensions/angular.ng-template-0.901.0/server/node_modules/@angular/language-service/bundles/language-service.umd.js,/home/igfersa/.vscode-oss/extensions/angular.ng-template-0.901.0/node_modules/typescript/lib/tsserverlibrary.js/../../..
Info 11   [13:22:48.504] Loading @angular/language-service from /home/igfersa/.vscode-oss/extensions/angular.ng-template-0.901.0/server/node_modules/@angular/language-service/bundles/language-service.umd.js (resolved to /home/igfersa/.vscode-oss/extensions/angular.ng-template-0.901.0/server/node_modules/@angular/language-service/bundles/language-service.umd.js/node_modules)
Info 12   [13:22:48.774] Plugin validation succeded
Info 13   [13:22:48.839] Starting updateGraphWorker: Project: /home/igfersa/Documents/develop/Angular9/exerciseList/tsconfig.json
Info 14   [13:22:59.841] Finishing updateGraphWorker: Project: /home/igfersa/Documents/develop/Angular9/exerciseList/tsconfig.json Version: 1 structureChanged: true Elapsed: 11002ms
Info 15   [13:22:59.841] Project '/home/igfersa/Documents/develop/Angular9/exerciseList/tsconfig.json' (Configured) 
Info 16   [13:22:59.841] 	Files (314)

Info 17   [13:22:59.841] -----------------------------------------------
Info 18   [13:22:59.848] Starting updateGraphWorker: Project: /home/igfersa/Documents/develop/Angular9/exerciseList/tsconfig.json
Info 19   [13:22:59.905] Finishing updateGraphWorker: Project: /home/igfersa/Documents/develop/Angular9/exerciseList/tsconfig.json Version: 2 structureChanged: false Elapsed: 56ms
Info 20   [13:22:59.906] Different program with same set of files:: oldProgram.structureIsReused:: 2
Info 21   [13:22:59.965] Search path: /home/igfersa/Documents/develop/Angular9/exerciseList/src/app/exercises
Info 22   [13:22:59.966] For info: /home/igfersa/Documents/develop/Angular9/exerciseList/src/app/exercises/exercises.component.spec.ts :: Config file name: /home/igfersa/Documents/develop/Angular9/exerciseList/tsconfig.json
Info 23   [13:23:8.510] Search path: /home/igfersa/Documents/develop/Angular9/exerciseList/src/app/exercises
Info 24   [13:23:8.511] For info: /home/igfersa/Documents/develop/Angular9/exerciseList/src/app/exercises/exercises.component.html :: Config file name: /home/igfersa/Documents/develop/Angular9/exerciseList/tsconfig.json
Info 25   [13:23:8.512] Loading global plugin @angular/language-service
Info 26   [13:23:8.512] Enabling plugin @angular/language-service from candidate paths: /home/igfersa/.vscode-oss/extensions/angular.ng-template-0.901.0/server/node_modules/@angular/language-service/bundles/language-service.umd.js,/home/igfersa/.vscode-oss/extensions/angular.ng-template-0.901.0/node_modules/typescript/lib/tsserverlibrary.js/../../..
Info 27   [13:23:8.512] Loading @angular/language-service from /home/igfersa/.vscode-oss/extensions/angular.ng-template-0.901.0/server/node_modules/@angular/language-service/bundles/language-service.umd.js (resolved to /home/igfersa/.vscode-oss/extensions/angular.ng-template-0.901.0/server/node_modules/@angular/language-service/bundles/language-service.umd.js/node_modules)
Info 28   [13:23:8.552] Plugin validation succeded
Info 29   [13:23:8.557] Starting updateGraphWorker: Project: /dev/null/inferredProject1*
Info 30   [13:23:9.379] Finishing updateGraphWorker: Project: /dev/null/inferredProject1* Version: 1 structureChanged: true Elapsed: 822ms
Info 31   [13:23:9.380] Project '/dev/null/inferredProject1*' (Inferred) 
Info 32   [13:23:9.380] 	Files (6)

Info 33   [13:23:9.380] -----------------------------------------------
Info 34   [13:23:9.583] Search path: /home/igfersa/Documents/develop/Angular9/exerciseList/src/app/exercises
Info 35   [13:23:9.583] For info: /home/igfersa/Documents/develop/Angular9/exerciseList/src/app/exercises/exercises.component.html :: Config file name: /home/igfersa/Documents/develop/Angular9/exerciseList/tsconfig.json
Info 36   [13:40:36.590] Search path: /home/igfersa/Documents/develop/Angular9/exerciseList/src/app/exercises
Info 37   [13:40:36.591] For info: /home/igfersa/Documents/develop/Angular9/exerciseList/src/app/exercises/exercises.component.ts :: Config file name: /home/igfersa/Documents/develop/Angular9/exerciseList/tsconfig.json
Info 38   [13:40:36.591] `remove Project::
Info 39   [13:40:36.591] Project '/dev/null/inferredProject1*' (Inferred) 
Info 40   [13:40:36.591] 	Files (6)

Info 41   [13:40:36.591] -----------------------------------------------
Info 42   [13:40:40.297] Search path: /home/igfersa/Documents/develop/Angular9/exerciseList/src/app/exercises
Info 43   [13:40:40.298] For info: /home/igfersa/Documents/develop/Angular9/exerciseList/src/app/exercises/exercises.component.spec.ts :: Config file name: /home/igfersa/Documents/develop/Angular9/exerciseList/tsconfig.json
Info 44   [13:40:43.216] Search path: /home/igfersa/Documents/develop/Angular9/exerciseList/src/app/exercises
Info 45   [13:40:43.217] For info: /home/igfersa/Documents/develop/Angular9/exerciseList/src/app/exercises/exercises.component.html :: Config file name: /home/igfersa/Documents/develop/Angular9/exerciseList/tsconfig.json
Info 46   [13:40:45.451] Search path: /home/igfersa/Documents/develop/Angular9/exerciseList/src/app/exercises
Info 47   [13:40:45.452] For info: /home/igfersa/Documents/develop/Angular9/exerciseList/src/app/exercises/exercises.component.html :: Config file name: /home/igfersa/Documents/develop/Angular9/exerciseList/tsconfig.json
Info 48   [13:40:47.139] Search path: /home/igfersa/Documents/develop/Angular9/exerciseList/src/app
Info 49   [13:40:47.140] For info: /home/igfersa/Documents/develop/Angular9/exerciseList/src/app/app.module.ts :: Config file name: /home/igfersa/Documents/develop/Angular9/exerciseList/tsconfig.json
Info 50   [13:40:51.401] Search path: /home/igfersa/Documents/develop/Angular9/exerciseList/src/app
Info 51   [13:40:51.402] For info: /home/igfersa/Documents/develop/Angular9/exerciseList/src/app/app.component.ts :: Config file name: /home/igfersa/Documents/develop/Angular9/exerciseList/tsconfig.json
Info 52   [13:40:54.414] Search path: /home/igfersa/Documents/develop/Angular9/exerciseList/src/app
Info 53   [13:40:54.414] For info: /home/igfersa/Documents/develop/Angular9/exerciseList/src/app/exercise.ts :: Config file name: /home/igfersa/Documents/develop/Angular9/exerciseList/tsconfig.json
Info 54   [13:40:55.661] Search path: /home/igfersa/Documents/develop/Angular9/exerciseList/src/app
Info 55   [13:40:55.662] For info: /home/igfersa/Documents/develop/Angular9/exerciseList/src/app/collection-exercises.ts :: Config file name: /home/igfersa/Documents/develop/Angular9/exerciseList/tsconfig.json
Info 56   [13:40:59.961] Search path: /home/igfersa/Documents/develop/Angular9/exerciseList/src/app
Info 57   [13:40:59.962] For info: /home/igfersa/Documents/develop/Angular9/exerciseList/src/app/app.component.html :: Config file name: /home/igfersa/Documents/develop/Angular9/exerciseList/tsconfig.json
Info 58   [13:40:59.962] Loading global plugin @angular/language-service
Info 59   [13:40:59.962] Enabling plugin @angular/language-service from candidate paths: /home/igfersa/.vscode-oss/extensions/angular.ng-template-0.901.0/server/node_modules/@angular/language-service/bundles/language-service.umd.js,/home/igfersa/.vscode-oss/extensions/angular.ng-template-0.901.0/node_modules/typescript/lib/tsserverlibrary.js/../../..
Info 60   [13:40:59.962] Loading @angular/language-service from /home/igfersa/.vscode-oss/extensions/angular.ng-template-0.901.0/server/node_modules/@angular/language-service/bundles/language-service.umd.js (resolved to /home/igfersa/.vscode-oss/extensions/angular.ng-template-0.901.0/server/node_modules/@angular/language-service/bundles/language-service.umd.js/node_modules)
Info 61   [13:41:0.0] Plugin validation succeded
Info 62   [13:41:0.2] Starting updateGraphWorker: Project: /dev/null/inferredProject2*
Info 63   [13:41:0.19] Finishing updateGraphWorker: Project: /dev/null/inferredProject2* Version: 1 structureChanged: true Elapsed: 17ms
Info 64   [13:41:0.19] Project '/dev/null/inferredProject2*' (Inferred) 
Info 65   [13:41:0.19] 	Files (6)

Info 66   [13:41:0.19] -----------------------------------------------
Info 67   [13:41:0.223] Search path: /home/igfersa/Documents/develop/Angular9/exerciseList/src/app
Info 68   [13:41:0.223] For info: /home/igfersa/Documents/develop/Angular9/exerciseList/src/app/app.component.html :: Config file name: /home/igfersa/Documents/develop/Angular9/exerciseList/tsconfig.json
Info 69   [13:41:1.764] Search path: /home/igfersa/Documents/develop/Angular9/exerciseList/src/app
Info 70   [13:41:1.764] For info: /home/igfersa/Documents/develop/Angular9/exerciseList/src/app/app.component.ts :: Config file name: /home/igfersa/Documents/develop/Angular9/exerciseList/tsconfig.json
Info 71   [13:41:1.764] `remove Project::
Info 72   [13:41:1.764] Project '/dev/null/inferredProject2*' (Inferred) 
Info 73   [13:41:1.764] 	Files (6)

Info 74   [13:41:1.764] -----------------------------------------------
Info 75   [13:41:3.437] Search path: /home/igfersa/Documents/develop/Angular9/exerciseList/src/app
Info 76   [13:41:3.438] For info: /home/igfersa/Documents/develop/Angular9/exerciseList/src/app/app.module.ts :: Config file name: /home/igfersa/Documents/develop/Angular9/exerciseList/tsconfig.json
Info 77   [13:41:8.163] Search path: /home/igfersa/Documents/develop/Angular9/exerciseList/src/app
Info 78   [13:41:8.163] For info: /home/igfersa/Documents/develop/Angular9/exerciseList/src/app/app.component.html :: Config file name: /home/igfersa/Documents/develop/Angular9/exerciseList/tsconfig.json
Info 79   [13:42:15.607] DirectoryWatcher:: Triggered with /home/igfersa/Documents/develop/Angular9/exerciseList :: WatchInfo: /home/igfersa/Documents/develop/Angular9/exerciseList 1 undefined Project: /home/igfersa/Documents/develop/Angular9/exerciseList/tsconfig.json WatchType: Wild card directory
Info 80   [13:42:15.608] Elapsed:: 1ms DirectoryWatcher:: Triggered with /home/igfersa/Documents/develop/Angular9/exerciseList :: WatchInfo: /home/igfersa/Documents/develop/Angular9/exerciseList 1 undefined Project: /home/igfersa/Documents/develop/Angular9/exerciseList/tsconfig.json WatchType: Wild card directory
Info 81   [13:42:15.608] DirectoryWatcher:: Triggered with /home/igfersa/Documents/develop/Angular9/exerciseList/node_modules :: WatchInfo: /home/igfersa/Documents/develop/Angular9/exerciseList/node_modules 1 undefined Project:  WatchType: node_modules for closed script infos in them
Info 82   [13:42:15.614] Elapsed:: 6ms DirectoryWatcher:: Triggered with /home/igfersa/Documents/develop/Angular9/exerciseList/node_modules :: WatchInfo: /home/igfersa/Documents/develop/Angular9/exerciseList/node_modules 1 undefined Project:  WatchType: node_modules for closed script infos in them
Info 83   [13:42:15.614] DirectoryWatcher:: Triggered with /home/igfersa/Documents/develop/Angular9/exerciseList/node_modules :: WatchInfo: /home/igfersa/Documents/develop/Angular9/exerciseList/node_modules 1 undefined Project: /home/igfersa/Documents/develop/Angular9/exerciseList/tsconfig.json WatchType: Failed Lookup Locations
Info 84   [13:42:15.615] Elapsed:: 1ms DirectoryWatcher:: Triggered with /home/igfersa/Documents/develop/Angular9/exerciseList/node_modules :: WatchInfo: /home/igfersa/Documents/develop/Angular9/exerciseList/node_modules 1 undefined Project: /home/igfersa/Documents/develop/Angular9/exerciseList/tsconfig.json WatchType: Failed Lookup Locations
Info 85   [13:42:15.881] Starting updateGraphWorker: Project: /home/igfersa/Documents/develop/Angular9/exerciseList/tsconfig.json
Info 86   [13:42:17.436] Finishing updateGraphWorker: Project: /home/igfersa/Documents/develop/Angular9/exerciseList/tsconfig.json Version: 3 structureChanged: true Elapsed: 1555ms
Info 87   [13:42:17.436] Project '/home/igfersa/Documents/develop/Angular9/exerciseList/tsconfig.json' (Configured) 
Info 88   [13:42:17.436] 	Files (314)

Info 89   [13:42:17.436] -----------------------------------------------
Info 90   [13:42:17.437] Structure before ensureProjectForOpenFiles:
Info 91   [13:42:17.437] Structure after ensureProjectForOpenFiles:
Info 92   [13:42:18.793] DirectoryWatcher:: Triggered with /home/igfersa/Documents/develop/Angular9/exerciseList :: WatchInfo: /home/igfersa/Documents/develop/Angular9/exerciseList 1 undefined Project: /home/igfersa/Documents/develop/Angular9/exerciseList/tsconfig.json WatchType: Wild card directory
Info 93   [13:42:18.793] Elapsed:: 0ms DirectoryWatcher:: Triggered with /home/igfersa/Documents/develop/Angular9/exerciseList :: WatchInfo: /home/igfersa/Documents/develop/Angular9/exerciseList 1 undefined Project: /home/igfersa/Documents/develop/Angular9/exerciseList/tsconfig.json WatchType: Wild card directory
Info 94   [13:42:18.793] DirectoryWatcher:: Triggered with /home/igfersa/Documents/develop/Angular9/exerciseList/node_modules :: WatchInfo: /home/igfersa/Documents/develop/Angular9/exerciseList/node_modules 1 undefined Project:  WatchType: node_modules for closed script infos in them
Info 95   [13:42:18.796] Elapsed:: 3ms DirectoryWatcher:: Triggered with /home/igfersa/Documents/develop/Angular9/exerciseList/node_modules :: WatchInfo: /home/igfersa/Documents/develop/Angular9/exerciseList/node_modules 1 undefined Project:  WatchType: node_modules for closed script infos in them
Info 96   [13:42:18.796] DirectoryWatcher:: Triggered with /home/igfersa/Documents/develop/Angular9/exerciseList/node_modules :: WatchInfo: /home/igfersa/Documents/develop/Angular9/exerciseList/node_modules 1 undefined Project: /home/igfersa/Documents/develop/Angular9/exerciseList/tsconfig.json WatchType: Failed Lookup Locations
Info 97   [13:42:18.796] Elapsed:: 0ms DirectoryWatcher:: Triggered with /home/igfersa/Documents/develop/Angular9/exerciseList/node_modules :: WatchInfo: /home/igfersa/Documents/develop/Angular9/exerciseList/node_modules 1 undefined Project: /home/igfersa/Documents/develop/Angular9/exerciseList/tsconfig.json WatchType: Failed Lookup Locations
Info 98   [13:42:19.52] Starting updateGraphWorker: Project: /home/igfersa/Documents/develop/Angular9/exerciseList/tsconfig.json
Info 99   [13:42:20.449] Finishing updateGraphWorker: Project: /home/igfersa/Documents/develop/Angular9/exerciseList/tsconfig.json Version: 4 structureChanged: true Elapsed: 1397ms
Info 100  [13:42:20.449] Different program with same set of files:: oldProgram.structureIsReused:: 1
Info 101  [13:42:20.455] Structure before ensureProjectForOpenFiles:
Info 102  [13:42:20.455] Structure after ensureProjectForOpenFiles:
Info 103  [13:43:13.535] Search path: /home/igfersa/Documents/develop/Angular9/exerciseList/src/app
Info 104  [13:43:13.536] For info: /home/igfersa/Documents/develop/Angular9/exerciseList/src/app/app.component.html :: Config file name: /home/igfersa/Documents/develop/Angular9/exerciseList/tsconfig.json
Info 105  [13:43:18.608] Search path: /home/igfersa/Documents/develop/Angular9/exerciseList/src/app/exercises
Info 106  [13:43:18.609] For info: /home/igfersa/Documents/develop/Angular9/exerciseList/src/app/exercises/exercises.component.html :: Config file name: /home/igfersa/Documents/develop/Angular9/exerciseList/tsconfig.json
Info 107  [13:43:24.294] Starting updateGraphWorker: Project: /home/igfersa/Documents/develop/Angular9/exerciseList/tsconfig.json
Info 108  [13:43:24.312] Finishing updateGraphWorker: Project: /home/igfersa/Documents/develop/Angular9/exerciseList/tsconfig.json Version: 5 structureChanged: false Elapsed: 18ms
Info 109  [13:43:24.313] Different program with same set of files:: oldProgram.structureIsReused:: 2
Info 110  [13:43:24.639] Starting updateGraphWorker: Project: /home/igfersa/Documents/develop/Angular9/exerciseList/tsconfig.json
Info 111  [13:43:24.663] Finishing updateGraphWorker: Project: /home/igfersa/Documents/develop/Angular9/exerciseList/tsconfig.json Version: 6 structureChanged: false Elapsed: 24ms
Info 112  [13:43:24.663] Different program with same set of files:: oldProgram.structureIsReused:: 2
Info 113  [13:43:25.479] Starting updateGraphWorker: Project: /home/igfersa/Documents/develop/Angular9/exerciseList/tsconfig.json
Info 114  [13:43:25.503] Finishing updateGraphWorker: Project: /home/igfersa/Documents/develop/Angular9/exerciseList/tsconfig.json Version: 7 structureChanged: false Elapsed: 24ms
Info 115  [13:43:25.503] Different program with same set of files:: oldProgram.structureIsReused:: 2
Info 116  [13:43:26.408] Starting updateGraphWorker: Project: /home/igfersa/Documents/develop/Angular9/exerciseList/tsconfig.json
Info 117  [13:43:26.424] Finishing updateGraphWorker: Project: /home/igfersa/Documents/develop/Angular9/exerciseList/tsconfig.json Version: 8 structureChanged: false Elapsed: 16ms
Info 118  [13:43:26.424] Different program with same set of files:: oldProgram.structureIsReused:: 2
Info 119  [13:43:26.746] Starting updateGraphWorker: Project: /home/igfersa/Documents/develop/Angular9/exerciseList/tsconfig.json
Info 120  [13:43:26.762] Finishing updateGraphWorker: Project: /home/igfersa/Documents/develop/Angular9/exerciseList/tsconfig.json Version: 9 structureChanged: false Elapsed: 16ms
Info 121  [13:43:26.762] Different program with same set of files:: oldProgram.structureIsReused:: 2
Info 122  [13:43:27.117] Starting updateGraphWorker: Project: /home/igfersa/Documents/develop/Angular9/exerciseList/tsconfig.json
Info 123  [13:43:27.133] Finishing updateGraphWorker: Project: /home/igfersa/Documents/develop/Angular9/exerciseList/tsconfig.json Version: 10 structureChanged: false Elapsed: 16ms
Info 124  [13:43:27.133] Different program with same set of files:: oldProgram.structureIsReused:: 2
Info 125  [13:43:32.244] Starting updateGraphWorker: Project: /home/igfersa/Documents/develop/Angular9/exerciseList/tsconfig.json
Info 126  [13:43:32.272] Finishing updateGraphWorker: Project: /home/igfersa/Documents/develop/Angular9/exerciseList/tsconfig.json Version: 11 structureChanged: false Elapsed: 28ms
Info 127  [13:43:32.272] Different program with same set of files:: oldProgram.structureIsReused:: 2
Info 128  [13:43:32.513] Starting updateGraphWorker: Project: /home/igfersa/Documents/develop/Angular9/exerciseList/tsconfig.json
Info 129  [13:43:32.534] Finishing updateGraphWorker: Project: /home/igfersa/Documents/develop/Angular9/exerciseList/tsconfig.json Version: 12 structureChanged: false Elapsed: 21ms
Info 130  [13:43:32.534] Different program with same set of files:: oldProgram.structureIsReused:: 2
Info 131  [13:43:33.94] Starting updateGraphWorker: Project: /home/igfersa/Documents/develop/Angular9/exerciseList/tsconfig.json
Info 132  [13:43:33.104] Finishing updateGraphWorker: Project: /home/igfersa/Documents/develop/Angular9/exerciseList/tsconfig.json Version: 13 structureChanged: false Elapsed: 10ms
Info 133  [13:43:33.104] Different program with same set of files:: oldProgram.structureIsReused:: 2
Info 134  [13:43:33.476] Starting updateGraphWorker: Project: /home/igfersa/Documents/develop/Angular9/exerciseList/tsconfig.json
Info 135  [13:43:33.492] Finishing updateGraphWorker: Project: /home/igfersa/Documents/develop/Angular9/exerciseList/tsconfig.json Version: 14 structureChanged: false Elapsed: 16ms
Info 136  [13:43:33.492] Different program with same set of files:: oldProgram.structureIsReused:: 2
Info 137  [13:43:34.9] Starting updateGraphWorker: Project: /home/igfersa/Documents/develop/Angular9/exerciseList/tsconfig.json
Info 138  [13:43:34.22] Finishing updateGraphWorker: Project: /home/igfersa/Documents/develop/Angular9/exerciseList/tsconfig.json Version: 15 structureChanged: false Elapsed: 13ms
Info 139  [13:43:34.23] Different program with same set of files:: oldProgram.structureIsReused:: 2
Info 140  [13:43:34.413] Starting updateGraphWorker: Project: /home/igfersa/Documents/develop/Angular9/exerciseList/tsconfig.json
Info 141  [13:43:34.428] Finishing updateGraphWorker: Project: /home/igfersa/Documents/develop/Angular9/exerciseList/tsconfig.json Version: 16 structureChanged: false Elapsed: 15ms
Info 142  [13:43:34.428] Different program with same set of files:: oldProgram.structureIsReused:: 2
Info 143  [13:43:34.812] Starting updateGraphWorker: Project: /home/igfersa/Documents/develop/Angular9/exerciseList/tsconfig.json
Info 144  [13:43:34.831] Finishing updateGraphWorker: Project: /home/igfersa/Documents/develop/Angular9/exerciseList/tsconfig.json Version: 17 structureChanged: false Elapsed: 19ms
Info 145  [13:43:34.831] Different program with same set of files:: oldProgram.structureIsReused:: 2
Info 146  [13:43:35.591] Starting updateGraphWorker: Project: /home/igfersa/Documents/develop/Angular9/exerciseList/tsconfig.json
Info 147  [13:43:35.602] Finishing updateGraphWorker: Project: /home/igfersa/Documents/develop/Angular9/exerciseList/tsconfig.json Version: 18 structureChanged: false Elapsed: 11ms
Info 148  [13:43:35.602] Different program with same set of files:: oldProgram.structureIsReused:: 2
Info 149  [13:43:35.923] Starting updateGraphWorker: Project: /home/igfersa/Documents/develop/Angular9/exerciseList/tsconfig.json
Info 150  [13:43:35.934] Finishing updateGraphWorker: Project: /home/igfersa/Documents/develop/Angular9/exerciseList/tsconfig.json Version: 19 structureChanged: false Elapsed: 11ms
Info 151  [13:43:35.934] Different program with same set of files:: oldProgram.structureIsReused:: 2
Info 152  [13:43:40.783] Starting updateGraphWorker: Project: /home/igfersa/Documents/develop/Angular9/exerciseList/tsconfig.json
Info 153  [13:43:40.801] Finishing updateGraphWorker: Project: /home/igfersa/Documents/develop/Angular9/exerciseList/tsconfig.json Version: 20 structureChanged: false Elapsed: 18ms
Info 154  [13:43:40.801] Different program with same set of files:: oldProgram.structureIsReused:: 2
Info 155  [13:43:41.178] Starting updateGraphWorker: Project: /home/igfersa/Documents/develop/Angular9/exerciseList/tsconfig.json
Info 156  [13:43:41.193] Finishing updateGraphWorker: Project: /home/igfersa/Documents/develop/Angular9/exerciseList/tsconfig.json Version: 21 structureChanged: false Elapsed: 15ms
Info 157  [13:43:41.193] Different program with same set of files:: oldProgram.structureIsReused:: 2
Info 158  [13:43:41.787] Starting updateGraphWorker: Project: /home/igfersa/Documents/develop/Angular9/exerciseList/tsconfig.json
Info 159  [13:43:41.796] Finishing updateGraphWorker: Project: /home/igfersa/Documents/develop/Angular9/exerciseList/tsconfig.json Version: 22 structureChanged: false Elapsed: 9ms
Info 160  [13:43:41.796] Different program with same set of files:: oldProgram.structureIsReused:: 2
Info 161  [13:43:42.4] Starting updateGraphWorker: Project: /home/igfersa/Documents/develop/Angular9/exerciseList/tsconfig.json
Info 162  [13:43:42.13] Finishing updateGraphWorker: Project: /home/igfersa/Documents/develop/Angular9/exerciseList/tsconfig.json Version: 23 structureChanged: false Elapsed: 9ms
Info 163  [13:43:42.13] Different program with same set of files:: oldProgram.structureIsReused:: 2
Info 164  [13:43:42.315] Starting updateGraphWorker: Project: /home/igfersa/Documents/develop/Angular9/exerciseList/tsconfig.json
Info 165  [13:43:42.332] Finishing updateGraphWorker: Project: /home/igfersa/Documents/develop/Angular9/exerciseList/tsconfig.json Version: 24 structureChanged: false Elapsed: 17ms
Info 166  [13:43:42.332] Different program with same set of files:: oldProgram.structureIsReused:: 2
Info 167  [13:43:42.504] Starting updateGraphWorker: Project: /home/igfersa/Documents/develop/Angular9/exerciseList/tsconfig.json
Info 168  [13:43:42.522] Finishing updateGraphWorker: Project: /home/igfersa/Documents/develop/Angular9/exerciseList/tsconfig.json Version: 25 structureChanged: false Elapsed: 18ms
Info 169  [13:43:42.523] Different program with same set of files:: oldProgram.structureIsReused:: 2
Info 170  [13:43:42.576] Starting updateGraphWorker: Project: /home/igfersa/Documents/develop/Angular9/exerciseList/tsconfig.json
Info 171  [13:43:42.591] Finishing updateGraphWorker: Project: /home/igfersa/Documents/develop/Angular9/exerciseList/tsconfig.json Version: 26 structureChanged: false Elapsed: 15ms
Info 172  [13:43:42.591] Different program with same set of files:: oldProgram.structureIsReused:: 2
Info 173  [13:43:43.28] Starting updateGraphWorker: Project: /home/igfersa/Documents/develop/Angular9/exerciseList/tsconfig.json
Info 174  [13:43:43.42] Finishing updateGraphWorker: Project: /home/igfersa/Documents/develop/Angular9/exerciseList/tsconfig.json Version: 27 structureChanged: false Elapsed: 14ms
Info 175  [13:43:43.42] Different program with same set of files:: oldProgram.structureIsReused:: 2
Info 176  [13:43:43.252] Starting updateGraphWorker: Project: /home/igfersa/Documents/develop/Angular9/exerciseList/tsconfig.json
Info 177  [13:43:43.271] Finishing updateGraphWorker: Project: /home/igfersa/Documents/develop/Angular9/exerciseList/tsconfig.json Version: 28 structureChanged: false Elapsed: 18ms
Info 178  [13:43:43.271] Different program with same set of files:: oldProgram.structureIsReused:: 2
Info 179  [13:43:43.556] Starting updateGraphWorker: Project: /home/igfersa/Documents/develop/Angular9/exerciseList/tsconfig.json
Info 180  [13:43:43.573] Finishing updateGraphWorker: Project: /home/igfersa/Documents/develop/Angular9/exerciseList/tsconfig.json Version: 29 structureChanged: false Elapsed: 16ms
Info 181  [13:43:43.573] Different program with same set of files:: oldProgram.structureIsReused:: 2
Info 182  [13:43:44.496] Starting updateGraphWorker: Project: /home/igfersa/Documents/develop/Angular9/exerciseList/tsconfig.json
Info 183  [13:43:44.512] Finishing updateGraphWorker: Project: /home/igfersa/Documents/develop/Angular9/exerciseList/tsconfig.json Version: 30 structureChanged: false Elapsed: 16ms
Info 184  [13:43:44.512] Different program with same set of files:: oldProgram.structureIsReused:: 2
Info 185  [13:43:44.847] Starting updateGraphWorker: Project: /home/igfersa/Documents/develop/Angular9/exerciseList/tsconfig.json
Info 186  [13:43:44.867] Finishing updateGraphWorker: Project: /home/igfersa/Documents/develop/Angular9/exerciseList/tsconfig.json Version: 31 structureChanged: false Elapsed: 20ms
Info 187  [13:43:44.867] Different program with same set of files:: oldProgram.structureIsReused:: 2
Info 188  [13:43:45.127] Starting updateGraphWorker: Project: /home/igfersa/Documents/develop/Angular9/exerciseList/tsconfig.json
Info 189  [13:43:45.137] Finishing updateGraphWorker: Project: /home/igfersa/Documents/develop/Angular9/exerciseList/tsconfig.json Version: 32 structureChanged: false Elapsed: 10ms
Info 190  [13:43:45.137] Different program with same set of files:: oldProgram.structureIsReused:: 2
Info 191  [13:43:45.359] Starting updateGraphWorker: Project: /home/igfersa/Documents/develop/Angular9/exerciseList/tsconfig.json
Info 192  [13:43:45.370] Finishing updateGraphWorker: Project: /home/igfersa/Documents/develop/Angular9/exerciseList/tsconfig.json Version: 33 structureChanged: false Elapsed: 11ms
Info 193  [13:43:45.370] Different program with same set of files:: oldProgram.structureIsReused:: 2
Info 194  [13:43:45.844] Starting updateGraphWorker: Project: /home/igfersa/Documents/develop/Angular9/exerciseList/tsconfig.json
Info 195  [13:43:45.862] Finishing updateGraphWorker: Project: /home/igfersa/Documents/develop/Angular9/exerciseList/tsconfig.json Version: 34 structureChanged: false Elapsed: 18ms
Info 196  [13:43:45.862] Different program with same set of files:: oldProgram.structureIsReused:: 2
Info 197  [13:43:46.166] Starting updateGraphWorker: Project: /home/igfersa/Documents/develop/Angular9/exerciseList/tsconfig.json
Info 198  [13:43:46.178] Finishing updateGraphWorker: Project: /home/igfersa/Documents/develop/Angular9/exerciseList/tsconfig.json Version: 35 structureChanged: false Elapsed: 12ms
Info 199  [13:43:46.178] Different program with same set of files:: oldProgram.structureIsReused:: 2
Info 200  [13:43:46.308] Starting updateGraphWorker: Project: /home/igfersa/Documents/develop/Angular9/exerciseList/tsconfig.json
Info 201  [13:43:46.330] Finishing updateGraphWorker: Project: /home/igfersa/Documents/develop/Angular9/exerciseList/tsconfig.json Version: 36 structureChanged: false Elapsed: 21ms
Info 202  [13:43:46.330] Different program with same set of files:: oldProgram.structureIsReused:: 2
Info 203  [13:43:46.502] Starting updateGraphWorker: Project: /home/igfersa/Documents/develop/Angular9/exerciseList/tsconfig.json
Info 204  [13:43:46.515] Finishing updateGraphWorker: Project: /home/igfersa/Documents/develop/Angular9/exerciseList/tsconfig.json Version: 37 structureChanged: false Elapsed: 13ms
Info 205  [13:43:46.515] Different program with same set of files:: oldProgram.structureIsReused:: 2
Info 206  [13:43:47.301] Starting updateGraphWorker: Project: /home/igfersa/Documents/develop/Angular9/exerciseList/tsconfig.json
Info 207  [13:43:47.312] Finishing updateGraphWorker: Project: /home/igfersa/Documents/develop/Angular9/exerciseList/tsconfig.json Version: 38 structureChanged: false Elapsed: 11ms
Info 208  [13:43:47.312] Different program with same set of files:: oldProgram.structureIsReused:: 2
Info 209  [13:43:50.274] Starting updateGraphWorker: Project: /home/igfersa/Documents/develop/Angular9/exerciseList/tsconfig.json
Info 210  [13:43:50.281] Finishing updateGraphWorker: Project: /home/igfersa/Documents/develop/Angular9/exerciseList/tsconfig.json Version: 39 structureChanged: false Elapsed: 7ms
Info 211  [13:43:50.281] Different program with same set of files:: oldProgram.structureIsReused:: 2
Info 212  [13:43:50.819] Starting updateGraphWorker: Project: /home/igfersa/Documents/develop/Angular9/exerciseList/tsconfig.json
Info 213  [13:43:50.830] Finishing updateGraphWorker: Project: /home/igfersa/Documents/develop/Angular9/exerciseList/tsconfig.json Version: 40 structureChanged: false Elapsed: 11ms
Info 214  [13:43:50.830] Different program with same set of files:: oldProgram.structureIsReused:: 2
Info 215  [13:43:51.147] Starting updateGraphWorker: Project: /home/igfersa/Documents/develop/Angular9/exerciseList/tsconfig.json
Info 216  [13:43:51.156] Finishing updateGraphWorker: Project: /home/igfersa/Documents/develop/Angular9/exerciseList/tsconfig.json Version: 41 structureChanged: false Elapsed: 9ms
Info 217  [13:43:51.157] Different program with same set of files:: oldProgram.structureIsReused:: 2
Info 218  [13:43:51.606] Starting updateGraphWorker: Project: /home/igfersa/Documents/develop/Angular9/exerciseList/tsconfig.json
Info 219  [13:43:51.613] Finishing updateGraphWorker: Project: /home/igfersa/Documents/develop/Angular9/exerciseList/tsconfig.json Version: 42 structureChanged: false Elapsed: 7ms
Info 220  [13:43:51.613] Different program with same set of files:: oldProgram.structureIsReused:: 2
Info 221  [13:43:52.952] Starting updateGraphWorker: Project: /home/igfersa/Documents/develop/Angular9/exerciseList/tsconfig.json
Info 222  [13:43:52.966] Finishing updateGraphWorker: Project: /home/igfersa/Documents/develop/Angular9/exerciseList/tsconfig.json Version: 43 structureChanged: false Elapsed: 14ms
Info 223  [13:43:52.966] Different program with same set of files:: oldProgram.structureIsReused:: 2
Info 224  [13:44:33.897] Search path: /home/igfersa/Documents/develop/Angular9/exerciseList/src/app/exercises
Info 225  [13:44:33.897] For info: /home/igfersa/Documents/develop/Angular9/exerciseList/src/app/exercises/exercises.component.ts :: Config file name: /home/igfersa/Documents/develop/Angular9/exerciseList/tsconfig.json
Info 226  [13:44:33.897] Starting updateGraphWorker: Project: /home/igfersa/Documents/develop/Angular9/exerciseList/tsconfig.json
Info 227  [13:44:33.917] Finishing updateGraphWorker: Project: /home/igfersa/Documents/develop/Angular9/exerciseList/tsconfig.json Version: 44 structureChanged: false Elapsed: 20ms
Info 228  [13:44:33.917] Different program with same set of files:: oldProgram.structureIsReused:: 2
Info 229  [13:44:38.725] Starting updateGraphWorker: Project: /home/igfersa/Documents/develop/Angular9/exerciseList/tsconfig.json
Info 230  [13:44:38.742] Finishing updateGraphWorker: Project: /home/igfersa/Documents/develop/Angular9/exerciseList/tsconfig.json Version: 45 structureChanged: false Elapsed: 17ms
Info 231  [13:44:38.742] Different program with same set of files:: oldProgram.structureIsReused:: 2
Info 232  [13:44:39.183] Starting updateGraphWorker: Project: /home/igfersa/Documents/develop/Angular9/exerciseList/tsconfig.json
Info 233  [13:44:39.207] Finishing updateGraphWorker: Project: /home/igfersa/Documents/develop/Angular9/exerciseList/tsconfig.json Version: 46 structureChanged: false Elapsed: 24ms
Info 234  [13:44:39.207] Different program with same set of files:: oldProgram.structureIsReused:: 2
Info 235  [13:44:39.675] Starting updateGraphWorker: Project: /home/igfersa/Documents/develop/Angular9/exerciseList/tsconfig.json
Info 236  [13:44:39.697] Finishing updateGraphWorker: Project: /home/igfersa/Documents/develop/Angular9/exerciseList/tsconfig.json Version: 47 structureChanged: false Elapsed: 22ms
Info 237  [13:44:39.698] Different program with same set of files:: oldProgram.structureIsReused:: 2
Info 238  [13:44:40.93] Starting updateGraphWorker: Project: /home/igfersa/Documents/develop/Angular9/exerciseList/tsconfig.json
Info 239  [13:44:40.106] Finishing updateGraphWorker: Project: /home/igfersa/Documents/develop/Angular9/exerciseList/tsconfig.json Version: 48 structureChanged: false Elapsed: 13ms
Info 240  [13:44:40.106] Different program with same set of files:: oldProgram.structureIsReused:: 2
Info 241  [13:44:41.227] Starting updateGraphWorker: Project: /home/igfersa/Documents/develop/Angular9/exerciseList/tsconfig.json
Info 242  [13:44:41.256] Finishing updateGraphWorker: Project: /home/igfersa/Documents/develop/Angular9/exerciseList/tsconfig.json Version: 49 structureChanged: false Elapsed: 29ms
Info 243  [13:44:41.256] Different program with same set of files:: oldProgram.structureIsReused:: 2
Info 244  [13:44:41.871] Starting updateGraphWorker: Project: /home/igfersa/Documents/develop/Angular9/exerciseList/tsconfig.json
Info 245  [13:44:41.882] Finishing updateGraphWorker: Project: /home/igfersa/Documents/develop/Angular9/exerciseList/tsconfig.json Version: 50 structureChanged: false Elapsed: 11ms
Info 246  [13:44:41.882] Different program with same set of files:: oldProgram.structureIsReused:: 2
Info 247  [13:44:41.975] Starting updateGraphWorker: Project: /home/igfersa/Documents/develop/Angular9/exerciseList/tsconfig.json
Info 248  [13:44:42.3] Finishing updateGraphWorker: Project: /home/igfersa/Documents/develop/Angular9/exerciseList/tsconfig.json Version: 51 structureChanged: false Elapsed: 28ms
Info 249  [13:44:42.3] Different program with same set of files:: oldProgram.structureIsReused:: 2
Info 250  [13:44:42.231] Starting updateGraphWorker: Project: /home/igfersa/Documents/develop/Angular9/exerciseList/tsconfig.json
Info 251  [13:44:42.266] Finishing updateGraphWorker: Project: /home/igfersa/Documents/develop/Angular9/exerciseList/tsconfig.json Version: 52 structureChanged: false Elapsed: 34ms
Info 252  [13:44:42.266] Different program with same set of files:: oldProgram.structureIsReused:: 2
Info 253  [13:44:42.743] Starting updateGraphWorker: Project: /home/igfersa/Documents/develop/Angular9/exerciseList/tsconfig.json
Info 254  [13:44:42.764] Finishing updateGraphWorker: Project: /home/igfersa/Documents/develop/Angular9/exerciseList/tsconfig.json Version: 53 structureChanged: false Elapsed: 21ms
Info 255  [13:44:42.764] Different program with same set of files:: oldProgram.structureIsReused:: 2
Info 256  [13:44:43.161] Starting updateGraphWorker: Project: /home/igfersa/Documents/develop/Angular9/exerciseList/tsconfig.json
Info 257  [13:44:43.185] Finishing updateGraphWorker: Project: /home/igfersa/Documents/develop/Angular9/exerciseList/tsconfig.json Version: 54 structureChanged: false Elapsed: 24ms
Info 258  [13:44:43.185] Different program with same set of files:: oldProgram.structureIsReused:: 2
Info 259  [13:44:43.488] Starting updateGraphWorker: Project: /home/igfersa/Documents/develop/Angular9/exerciseList/tsconfig.json
Info 260  [13:44:43.498] Finishing updateGraphWorker: Project: /home/igfersa/Documents/develop/Angular9/exerciseList/tsconfig.json Version: 55 structureChanged: false Elapsed: 10ms
Info 261  [13:44:43.499] Different program with same set of files:: oldProgram.structureIsReused:: 2
Info 262  [13:44:43.711] Starting updateGraphWorker: Project: /home/igfersa/Documents/develop/Angular9/exerciseList/tsconfig.json
Info 263  [13:44:43.730] Finishing updateGraphWorker: Project: /home/igfersa/Documents/develop/Angular9/exerciseList/tsconfig.json Version: 56 structureChanged: false Elapsed: 19ms
Info 264  [13:44:43.730] Different program with same set of files:: oldProgram.structureIsReused:: 2
Info 265  [13:44:44.15] Starting updateGraphWorker: Project: /home/igfersa/Documents/develop/Angular9/exerciseList/tsconfig.json
Info 266  [13:44:44.48] Finishing updateGraphWorker: Project: /home/igfersa/Documents/develop/Angular9/exerciseList/tsconfig.json Version: 57 structureChanged: false Elapsed: 33ms
Info 267  [13:44:44.48] Different program with same set of files:: oldProgram.structureIsReused:: 2
Info 268  [13:44:44.328] Starting updateGraphWorker: Project: /home/igfersa/Documents/develop/Angular9/exerciseList/tsconfig.json
Info 269  [13:44:44.347] Finishing updateGraphWorker: Project: /home/igfersa/Documents/develop/Angular9/exerciseList/tsconfig.json Version: 58 structureChanged: false Elapsed: 19ms
Info 270  [13:44:44.347] Different program with same set of files:: oldProgram.structureIsReused:: 2
Info 271  [13:44:44.556] Starting updateGraphWorker: Project: /home/igfersa/Documents/develop/Angular9/exerciseList/tsconfig.json
Info 272  [13:44:44.573] Finishing updateGraphWorker: Project: /home/igfersa/Documents/develop/Angular9/exerciseList/tsconfig.json Version: 59 structureChanged: false Elapsed: 17ms
Info 273  [13:44:44.573] Different program with same set of files:: oldProgram.structureIsReused:: 2
Info 274  [13:44:45.25] Starting updateGraphWorker: Project: /home/igfersa/Documents/develop/Angular9/exerciseList/tsconfig.json
Info 275  [13:44:45.43] Finishing updateGraphWorker: Project: /home/igfersa/Documents/develop/Angular9/exerciseList/tsconfig.json Version: 60 structureChanged: false Elapsed: 18ms
Info 276  [13:44:45.43] Different program with same set of files:: oldProgram.structureIsReused:: 2
Info 277  [13:44:46.15] Starting updateGraphWorker: Project: /home/igfersa/Documents/develop/Angular9/exerciseList/tsconfig.json
Info 278  [13:44:46.35] Finishing updateGraphWorker: Project: /home/igfersa/Documents/develop/Angular9/exerciseList/tsconfig.json Version: 61 structureChanged: false Elapsed: 20ms
Info 279  [13:44:46.35] Different program with same set of files:: oldProgram.structureIsReused:: 2
Info 280  [13:44:49.106] Starting updateGraphWorker: Project: /home/igfersa/Documents/develop/Angular9/exerciseList/tsconfig.json
Info 281  [13:44:49.142] Finishing updateGraphWorker: Project: /home/igfersa/Documents/develop/Angular9/exerciseList/tsconfig.json Version: 62 structureChanged: false Elapsed: 36ms
Info 282  [13:44:49.142] Different program with same set of files:: oldProgram.structureIsReused:: 2
Info 283  [13:44:49.500] Starting updateGraphWorker: Project: /home/igfersa/Documents/develop/Angular9/exerciseList/tsconfig.json
Info 284  [13:44:49.513] Finishing updateGraphWorker: Project: /home/igfersa/Documents/develop/Angular9/exerciseList/tsconfig.json Version: 63 structureChanged: false Elapsed: 13ms
Info 285  [13:44:49.513] Different program with same set of files:: oldProgram.structureIsReused:: 2
Info 286  [13:44:50.427] Starting updateGraphWorker: Project: /home/igfersa/Documents/develop/Angular9/exerciseList/tsconfig.json
Info 287  [13:44:50.438] Finishing updateGraphWorker: Project: /home/igfersa/Documents/develop/Angular9/exerciseList/tsconfig.json Version: 64 structureChanged: false Elapsed: 11ms
Info 288  [13:44:50.438] Different program with same set of files:: oldProgram.structureIsReused:: 2
Info 289  [13:44:50.801] Starting updateGraphWorker: Project: /home/igfersa/Documents/develop/Angular9/exerciseList/tsconfig.json
Info 290  [13:44:50.814] Finishing updateGraphWorker: Project: /home/igfersa/Documents/develop/Angular9/exerciseList/tsconfig.json Version: 65 structureChanged: false Elapsed: 12ms
Info 291  [13:44:50.814] Different program with same set of files:: oldProgram.structureIsReused:: 2
Info 292  [13:44:51.2] Starting updateGraphWorker: Project: /home/igfersa/Documents/develop/Angular9/exerciseList/tsconfig.json
Info 293  [13:44:51.30] Finishing updateGraphWorker: Project: /home/igfersa/Documents/develop/Angular9/exerciseList/tsconfig.json Version: 66 structureChanged: false Elapsed: 28ms
Info 294  [13:44:51.30] Different program with same set of files:: oldProgram.structureIsReused:: 2
Info 295  [13:44:51.729] Starting updateGraphWorker: Project: /home/igfersa/Documents/develop/Angular9/exerciseList/tsconfig.json
Info 296  [13:44:51.744] Finishing updateGraphWorker: Project: /home/igfersa/Documents/develop/Angular9/exerciseList/tsconfig.json Version: 67 structureChanged: false Elapsed: 15ms
Info 297  [13:44:51.744] Different program with same set of files:: oldProgram.structureIsReused:: 2
Info 298  [13:44:52.164] Starting updateGraphWorker: Project: /home/igfersa/Documents/develop/Angular9/exerciseList/tsconfig.json
Info 299  [13:44:52.191] Finishing updateGraphWorker: Project: /home/igfersa/Documents/develop/Angular9/exerciseList/tsconfig.json Version: 68 structureChanged: false Elapsed: 27ms
Info 300  [13:44:52.191] Different program with same set of files:: oldProgram.structureIsReused:: 2
Info 301  [13:44:52.609] Starting updateGraphWorker: Project: /home/igfersa/Documents/develop/Angular9/exerciseList/tsconfig.json
Info 302  [13:44:52.622] Finishing updateGraphWorker: Project: /home/igfersa/Documents/develop/Angular9/exerciseList/tsconfig.json Version: 69 structureChanged: false Elapsed: 13ms
Info 303  [13:44:52.623] Different program with same set of files:: oldProgram.structureIsReused:: 2
Info 304  [13:44:53.293] Starting updateGraphWorker: Project: /home/igfersa/Documents/develop/Angular9/exerciseList/tsconfig.json
Info 305  [13:44:53.310] Finishing updateGraphWorker: Project: /home/igfersa/Documents/develop/Angular9/exerciseList/tsconfig.json Version: 70 structureChanged: false Elapsed: 17ms
Info 306  [13:44:53.310] Different program with same set of files:: oldProgram.structureIsReused:: 2
Info 307  [13:44:56.937] Starting updateGraphWorker: Project: /home/igfersa/Documents/develop/Angular9/exerciseList/tsconfig.json
Info 308  [13:44:56.953] Finishing updateGraphWorker: Project: /home/igfersa/Documents/develop/Angular9/exerciseList/tsconfig.json Version: 71 structureChanged: false Elapsed: 16ms
Info 309  [13:44:56.953] Different program with same set of files:: oldProgram.structureIsReused:: 2
Info 310  [13:44:57.497] Starting updateGraphWorker: Project: /home/igfersa/Documents/develop/Angular9/exerciseList/tsconfig.json
Info 311  [13:44:57.521] Finishing updateGraphWorker: Project: /home/igfersa/Documents/develop/Angular9/exerciseList/tsconfig.json Version: 72 structureChanged: false Elapsed: 24ms
Info 312  [13:44:57.521] Different program with same set of files:: oldProgram.structureIsReused:: 2
Info 313  [13:44:58.144] Starting updateGraphWorker: Project: /home/igfersa/Documents/develop/Angular9/exerciseList/tsconfig.json
Info 314  [13:44:58.168] Finishing updateGraphWorker: Project: /home/igfersa/Documents/develop/Angular9/exerciseList/tsconfig.json Version: 73 structureChanged: false Elapsed: 24ms
Info 315  [13:44:58.168] Different program with same set of files:: oldProgram.structureIsReused:: 2
Info 316  [13:44:58.436] Starting updateGraphWorker: Project: /home/igfersa/Documents/develop/Angular9/exerciseList/tsconfig.json
Info 317  [13:44:58.463] Finishing updateGraphWorker: Project: /home/igfersa/Documents/develop/Angular9/exerciseList/tsconfig.json Version: 74 structureChanged: false Elapsed: 27ms
Info 318  [13:44:58.463] Different program with same set of files:: oldProgram.structureIsReused:: 2
Info 319  [13:44:59.373] Starting updateGraphWorker: Project: /home/igfersa/Documents/develop/Angular9/exerciseList/tsconfig.json
Info 320  [13:44:59.383] Finishing updateGraphWorker: Project: /home/igfersa/Documents/develop/Angular9/exerciseList/tsconfig.json Version: 75 structureChanged: false Elapsed: 10ms
Info 321  [13:44:59.383] Different program with same set of files:: oldProgram.structureIsReused:: 2
Info 322  [13:45:0.515] Starting updateGraphWorker: Project: /home/igfersa/Documents/develop/Angular9/exerciseList/tsconfig.json
Info 323  [13:45:0.597] Finishing updateGraphWorker: Project: /home/igfersa/Documents/develop/Angular9/exerciseList/tsconfig.json Version: 76 structureChanged: true Elapsed: 82ms
Info 324  [13:45:0.597] Different program with same set of files:: oldProgram.structureIsReused:: 1
Info 325  [13:45:4.368] Starting updateGraphWorker: Project: /home/igfersa/Documents/develop/Angular9/exerciseList/tsconfig.json
Info 326  [13:45:4.377] Finishing updateGraphWorker: Project: /home/igfersa/Documents/develop/Angular9/exerciseList/tsconfig.json Version: 77 structureChanged: false Elapsed: 9ms
Info 327  [13:45:4.378] Different program with same set of files:: oldProgram.structureIsReused:: 2
Info 328  [13:45:5.83] Starting updateGraphWorker: Project: /home/igfersa/Documents/develop/Angular9/exerciseList/tsconfig.json
Info 329  [13:45:5.113] Finishing updateGraphWorker: Project: /home/igfersa/Documents/develop/Angular9/exerciseList/tsconfig.json Version: 78 structureChanged: false Elapsed: 30ms
Info 330  [13:45:5.113] Different program with same set of files:: oldProgram.structureIsReused:: 2
Info 331  [13:45:5.706] Starting updateGraphWorker: Project: /home/igfersa/Documents/develop/Angular9/exerciseList/tsconfig.json
Info 332  [13:45:5.727] Finishing updateGraphWorker: Project: /home/igfersa/Documents/develop/Angular9/exerciseList/tsconfig.json Version: 79 structureChanged: false Elapsed: 21ms
Info 333  [13:45:5.727] Different program with same set of files:: oldProgram.structureIsReused:: 2
Info 334  [13:45:6.40] Starting updateGraphWorker: Project: /home/igfersa/Documents/develop/Angular9/exerciseList/tsconfig.json
Info 335  [13:45:6.54] Finishing updateGraphWorker: Project: /home/igfersa/Documents/develop/Angular9/exerciseList/tsconfig.json Version: 80 structureChanged: false Elapsed: 14ms
Info 336  [13:45:6.54] Different program with same set of files:: oldProgram.structureIsReused:: 2
Info 337  [13:45:6.503] Starting updateGraphWorker: Project: /home/igfersa/Documents/develop/Angular9/exerciseList/tsconfig.json
Info 338  [13:45:6.513] Finishing updateGraphWorker: Project: /home/igfersa/Documents/develop/Angular9/exerciseList/tsconfig.json Version: 81 structureChanged: false Elapsed: 10ms
Info 339  [13:45:6.513] Different program with same set of files:: oldProgram.structureIsReused:: 2
Info 340  [13:45:9.794] Starting updateGraphWorker: Project: /home/igfersa/Documents/develop/Angular9/exerciseList/tsconfig.json
Info 341  [13:45:9.811] Finishing updateGraphWorker: Project: /home/igfersa/Documents/develop/Angular9/exerciseList/tsconfig.json Version: 82 structureChanged: false Elapsed: 17ms
Info 342  [13:45:9.811] Different program with same set of files:: oldProgram.structureIsReused:: 2
Info 343  [13:45:12.713] Starting updateGraphWorker: Project: /home/igfersa/Documents/develop/Angular9/exerciseList/tsconfig.json
Info 344  [13:45:12.751] Finishing updateGraphWorker: Project: /home/igfersa/Documents/develop/Angular9/exerciseList/tsconfig.json Version: 83 structureChanged: false Elapsed: 38ms
Info 345  [13:45:12.751] Different program with same set of files:: oldProgram.structureIsReused:: 2
Info 346  [13:45:13.417] Starting updateGraphWorker: Project: /home/igfersa/Documents/develop/Angular9/exerciseList/tsconfig.json
Info 347  [13:45:13.436] Finishing updateGraphWorker: Project: /home/igfersa/Documents/develop/Angular9/exerciseList/tsconfig.json Version: 84 structureChanged: false Elapsed: 18ms
Info 348  [13:45:13.436] Different program with same set of files:: oldProgram.structureIsReused:: 2
Info 349  [13:45:13.958] Starting updateGraphWorker: Project: /home/igfersa/Documents/develop/Angular9/exerciseList/tsconfig.json
Info 350  [13:45:13.979] Finishing updateGraphWorker: Project: /home/igfersa/Documents/develop/Angular9/exerciseList/tsconfig.json Version: 85 structureChanged: false Elapsed: 20ms
Info 351  [13:45:13.979] Different program with same set of files:: oldProgram.structureIsReused:: 2
Info 352  [13:45:14.413] Starting updateGraphWorker: Project: /home/igfersa/Documents/develop/Angular9/exerciseList/tsconfig.json
Info 353  [13:45:14.427] Finishing updateGraphWorker: Project: /home/igfersa/Documents/develop/Angular9/exerciseList/tsconfig.json Version: 86 structureChanged: false Elapsed: 14ms
Info 354  [13:45:14.427] Different program with same set of files:: oldProgram.structureIsReused:: 2
Info 355  [13:45:14.893] Starting updateGraphWorker: Project: /home/igfersa/Documents/develop/Angular9/exerciseList/tsconfig.json
Info 356  [13:45:14.902] Finishing updateGraphWorker: Project: /home/igfersa/Documents/develop/Angular9/exerciseList/tsconfig.json Version: 87 structureChanged: false Elapsed: 9ms
Info 357  [13:45:14.903] Different program with same set of files:: oldProgram.structureIsReused:: 2
Info 358  [13:45:15.206] Starting updateGraphWorker: Project: /home/igfersa/Documents/develop/Angular9/exerciseList/tsconfig.json
Info 359  [13:45:15.245] Finishing updateGraphWorker: Project: /home/igfersa/Documents/develop/Angular9/exerciseList/tsconfig.json Version: 88 structureChanged: false Elapsed: 39ms
Info 360  [13:45:15.246] Different program with same set of files:: oldProgram.structureIsReused:: 2
Info 361  [13:45:15.984] Starting updateGraphWorker: Project: /home/igfersa/Documents/develop/Angular9/exerciseList/tsconfig.json
Info 362  [13:45:15.994] Finishing updateGraphWorker: Project: /home/igfersa/Documents/develop/Angular9/exerciseList/tsconfig.json Version: 89 structureChanged: false Elapsed: 10ms
Info 363  [13:45:15.994] Different program with same set of files:: oldProgram.structureIsReused:: 2
Info 364  [13:45:16.238] Starting updateGraphWorker: Project: /home/igfersa/Documents/develop/Angular9/exerciseList/tsconfig.json
Info 365  [13:45:16.246] Finishing updateGraphWorker: Project: /home/igfersa/Documents/develop/Angular9/exerciseList/tsconfig.json Version: 90 structureChanged: false Elapsed: 8ms
Info 366  [13:45:16.246] Different program with same set of files:: oldProgram.structureIsReused:: 2
Info 367  [13:45:16.548] Starting updateGraphWorker: Project: /home/igfersa/Documents/develop/Angular9/exerciseList/tsconfig.json
Info 368  [13:45:16.561] Finishing updateGraphWorker: Project: /home/igfersa/Documents/develop/Angular9/exerciseList/tsconfig.json Version: 91 structureChanged: false Elapsed: 12ms
Info 369  [13:45:16.561] Different program with same set of files:: oldProgram.structureIsReused:: 2
Info 370  [13:45:17.636] Starting updateGraphWorker: Project: /home/igfersa/Documents/develop/Angular9/exerciseList/tsconfig.json
Info 371  [13:45:17.677] Finishing updateGraphWorker: Project: /home/igfersa/Documents/develop/Angular9/exerciseList/tsconfig.json Version: 92 structureChanged: false Elapsed: 41ms
Info 372  [13:45:17.677] Different program with same set of files:: oldProgram.structureIsReused:: 2
Info 373  [13:45:20.324] Starting updateGraphWorker: Project: /home/igfersa/Documents/develop/Angular9/exerciseList/tsconfig.json
Info 374  [13:45:20.336] Finishing updateGraphWorker: Project: /home/igfersa/Documents/develop/Angular9/exerciseList/tsconfig.json Version: 93 structureChanged: false Elapsed: 11ms
Info 375  [13:45:20.336] Different program with same set of files:: oldProgram.structureIsReused:: 2
Info 376  [13:45:21.208] Starting updateGraphWorker: Project: /home/igfersa/Documents/develop/Angular9/exerciseList/tsconfig.json
Info 377  [13:45:21.228] Finishing updateGraphWorker: Project: /home/igfersa/Documents/develop/Angular9/exerciseList/tsconfig.json Version: 94 structureChanged: false Elapsed: 20ms
Info 378  [13:45:21.228] Different program with same set of files:: oldProgram.structureIsReused:: 2
Info 379  [13:45:21.486] Starting updateGraphWorker: Project: /home/igfersa/Documents/develop/Angular9/exerciseList/tsconfig.json
Info 380  [13:45:21.497] Finishing updateGraphWorker: Project: /home/igfersa/Documents/develop/Angular9/exerciseList/tsconfig.json Version: 95 structureChanged: false Elapsed: 11ms
Info 381  [13:45:21.497] Different program with same set of files:: oldProgram.structureIsReused:: 2
Info 382  [13:45:21.929] Starting updateGraphWorker: Project: /home/igfersa/Documents/develop/Angular9/exerciseList/tsconfig.json
Info 383  [13:45:21.949] Finishing updateGraphWorker: Project: /home/igfersa/Documents/develop/Angular9/exerciseList/tsconfig.json Version: 96 structureChanged: false Elapsed: 20ms
Info 384  [13:45:21.949] Different program with same set of files:: oldProgram.structureIsReused:: 2
Info 385  [13:45:22.527] Starting updateGraphWorker: Project: /home/igfersa/Documents/develop/Angular9/exerciseList/tsconfig.json
Info 386  [13:45:22.556] Finishing updateGraphWorker: Project: /home/igfersa/Documents/develop/Angular9/exerciseList/tsconfig.json Version: 97 structureChanged: false Elapsed: 29ms
Info 387  [13:45:22.556] Different program with same set of files:: oldProgram.structureIsReused:: 2
Info 388  [13:45:23.376] Starting updateGraphWorker: Project: /home/igfersa/Documents/develop/Angular9/exerciseList/tsconfig.json
Info 389  [13:45:23.390] Finishing updateGraphWorker: Project: /home/igfersa/Documents/develop/Angular9/exerciseList/tsconfig.json Version: 98 structureChanged: false Elapsed: 14ms
Info 390  [13:45:23.390] Different program with same set of files:: oldProgram.structureIsReused:: 2
Info 391  [13:45:23.810] Starting updateGraphWorker: Project: /home/igfersa/Documents/develop/Angular9/exerciseList/tsconfig.json
Info 392  [13:45:23.821] Finishing updateGraphWorker: Project: /home/igfersa/Documents/develop/Angular9/exerciseList/tsconfig.json Version: 99 structureChanged: false Elapsed: 11ms
Info 393  [13:45:23.822] Different program with same set of files:: oldProgram.structureIsReused:: 2
Info 394  [13:45:24.105] Starting updateGraphWorker: Project: /home/igfersa/Documents/develop/Angular9/exerciseList/tsconfig.json
Info 395  [13:45:24.117] Finishing updateGraphWorker: Project: /home/igfersa/Documents/develop/Angular9/exerciseList/tsconfig.json Version: 100 structureChanged: false Elapsed: 12ms
Info 396  [13:45:24.117] Different program with same set of files:: oldProgram.structureIsReused:: 2
Info 397  [13:45:24.449] Starting updateGraphWorker: Project: /home/igfersa/Documents/develop/Angular9/exerciseList/tsconfig.json
Info 398  [13:45:24.469] Finishing updateGraphWorker: Project: /home/igfersa/Documents/develop/Angular9/exerciseList/tsconfig.json Version: 101 structureChanged: false Elapsed: 20ms
Info 399  [13:45:24.469] Different program with same set of files:: oldProgram.structureIsReused:: 2
Info 400  [13:45:25.4] Starting updateGraphWorker: Project: /home/igfersa/Documents/develop/Angular9/exerciseList/tsconfig.json
Info 401  [13:45:25.16] Finishing updateGraphWorker: Project: /home/igfersa/Documents/develop/Angular9/exerciseList/tsconfig.json Version: 102 structureChanged: false Elapsed: 12ms
Info 402  [13:45:25.16] Different program with same set of files:: oldProgram.structureIsReused:: 2
Info 403  [13:45:25.485] Starting updateGraphWorker: Project: /home/igfersa/Documents/develop/Angular9/exerciseList/tsconfig.json
Info 404  [13:45:25.498] Finishing updateGraphWorker: Project: /home/igfersa/Documents/develop/Angular9/exerciseList/tsconfig.json Version: 103 structureChanged: false Elapsed: 13ms
Info 405  [13:45:25.498] Different program with same set of files:: oldProgram.structureIsReused:: 2
Info 406  [13:45:25.721] Starting updateGraphWorker: Project: /home/igfersa/Documents/develop/Angular9/exerciseList/tsconfig.json
Info 407  [13:45:25.739] Finishing updateGraphWorker: Project: /home/igfersa/Documents/develop/Angular9/exerciseList/tsconfig.json Version: 104 structureChanged: false Elapsed: 18ms
Info 408  [13:45:25.739] Different program with same set of files:: oldProgram.structureIsReused:: 2
Info 409  [13:45:25.978] Starting updateGraphWorker: Project: /home/igfersa/Documents/develop/Angular9/exerciseList/tsconfig.json
Info 410  [13:45:25.989] Finishing updateGraphWorker: Project: /home/igfersa/Documents/develop/Angular9/exerciseList/tsconfig.json Version: 105 structureChanged: false Elapsed: 11ms
Info 411  [13:45:25.989] Different program with same set of files:: oldProgram.structureIsReused:: 2
Info 412  [13:45:31.764] Starting updateGraphWorker: Project: /home/igfersa/Documents/develop/Angular9/exerciseList/tsconfig.json
Info 413  [13:45:31.775] Finishing updateGraphWorker: Project: /home/igfersa/Documents/develop/Angular9/exerciseList/tsconfig.json Version: 106 structureChanged: false Elapsed: 10ms
Info 414  [13:45:31.775] Different program with same set of files:: oldProgram.structureIsReused:: 2
Info 415  [13:45:32.464] Starting updateGraphWorker: Project: /home/igfersa/Documents/develop/Angular9/exerciseList/tsconfig.json
Info 416  [13:45:32.473] Finishing updateGraphWorker: Project: /home/igfersa/Documents/develop/Angular9/exerciseList/tsconfig.json Version: 107 structureChanged: false Elapsed: 9ms
Info 417  [13:45:32.473] Different program with same set of files:: oldProgram.structureIsReused:: 2
Info 418  [13:45:33.77] Starting updateGraphWorker: Project: /home/igfersa/Documents/develop/Angular9/exerciseList/tsconfig.json
Info 419  [13:45:33.99] Finishing updateGraphWorker: Project: /home/igfersa/Documents/develop/Angular9/exerciseList/tsconfig.json Version: 108 structureChanged: false Elapsed: 22ms
Info 420  [13:45:33.99] Different program with same set of files:: oldProgram.structureIsReused:: 2
Info 421  [13:45:33.355] Starting updateGraphWorker: Project: /home/igfersa/Documents/develop/Angular9/exerciseList/tsconfig.json
Info 422  [13:45:33.369] Finishing updateGraphWorker: Project: /home/igfersa/Documents/develop/Angular9/exerciseList/tsconfig.json Version: 109 structureChanged: false Elapsed: 14ms
Info 423  [13:45:33.369] Different program with same set of files:: oldProgram.structureIsReused:: 2
Info 424  [13:45:33.720] Starting updateGraphWorker: Project: /home/igfersa/Documents/develop/Angular9/exerciseList/tsconfig.json
Info 425  [13:45:33.736] Finishing updateGraphWorker: Project: /home/igfersa/Documents/develop/Angular9/exerciseList/tsconfig.json Version: 110 structureChanged: false Elapsed: 16ms
Info 426  [13:45:33.736] Different program with same set of files:: oldProgram.structureIsReused:: 2
Info 427  [13:45:34.11] Starting updateGraphWorker: Project: /home/igfersa/Documents/develop/Angular9/exerciseList/tsconfig.json
Info 428  [13:45:34.22] Finishing updateGraphWorker: Project: /home/igfersa/Documents/develop/Angular9/exerciseList/tsconfig.json Version: 111 structureChanged: false Elapsed: 11ms
Info 429  [13:45:34.22] Different program with same set of files:: oldProgram.structureIsReused:: 2
Info 430  [13:45:34.285] Starting updateGraphWorker: Project: /home/igfersa/Documents/develop/Angular9/exerciseList/tsconfig.json
Info 431  [13:45:34.305] Finishing updateGraphWorker: Project: /home/igfersa/Documents/develop/Angular9/exerciseList/tsconfig.json Version: 112 structureChanged: false Elapsed: 20ms
Info 432  [13:45:34.305] Different program with same set of files:: oldProgram.structureIsReused:: 2
Info 433  [13:45:34.545] Starting updateGraphWorker: Project: /home/igfersa/Documents/develop/Angular9/exerciseList/tsconfig.json
Info 434  [13:45:34.560] Finishing updateGraphWorker: Project: /home/igfersa/Documents/develop/Angular9/exerciseList/tsconfig.json Version: 113 structureChanged: false Elapsed: 15ms
Info 435  [13:45:34.560] Different program with same set of files:: oldProgram.structureIsReused:: 2
Info 436  [13:45:37.459] Starting updateGraphWorker: Project: /home/igfersa/Documents/develop/Angular9/exerciseList/tsconfig.json
Info 437  [13:45:37.476] Finishing updateGraphWorker: Project: /home/igfersa/Documents/develop/Angular9/exerciseList/tsconfig.json Version: 114 structureChanged: false Elapsed: 17ms
Info 438  [13:45:37.477] Different program with same set of files:: oldProgram.structureIsReused:: 2
Info 439  [13:45:39.463] Starting updateGraphWorker: Project: /home/igfersa/Documents/develop/Angular9/exerciseList/tsconfig.json
Info 440  [13:45:39.477] Finishing updateGraphWorker: Project: /home/igfersa/Documents/develop/Angular9/exerciseList/tsconfig.json Version: 115 structureChanged: false Elapsed: 14ms
Info 441  [13:45:39.477] Different program with same set of files:: oldProgram.structureIsReused:: 2
Info 442  [13:45:39.864] Starting updateGraphWorker: Project: /home/igfersa/Documents/develop/Angular9/exerciseList/tsconfig.json
Info 443  [13:45:39.888] Finishing updateGraphWorker: Project: /home/igfersa/Documents/develop/Angular9/exerciseList/tsconfig.json Version: 116 structureChanged: false Elapsed: 24ms
Info 444  [13:45:39.888] Different program with same set of files:: oldProgram.structureIsReused:: 2
Info 445  [13:45:40.126] Starting updateGraphWorker: Project: /home/igfersa/Documents/develop/Angular9/exerciseList/tsconfig.json
Info 446  [13:45:40.136] Finishing updateGraphWorker: Project: /home/igfersa/Documents/develop/Angular9/exerciseList/tsconfig.json Version: 117 structureChanged: false Elapsed: 10ms
Info 447  [13:45:40.136] Different program with same set of files:: oldProgram.structureIsReused:: 2
Info 448  [13:45:40.579] Starting updateGraphWorker: Project: /home/igfersa/Documents/develop/Angular9/exerciseList/tsconfig.json
Info 449  [13:45:40.602] Finishing updateGraphWorker: Project: /home/igfersa/Documents/develop/Angular9/exerciseList/tsconfig.json Version: 118 structureChanged: false Elapsed: 23ms
Info 450  [13:45:40.602] Different program with same set of files:: oldProgram.structureIsReused:: 2
Info 451  [13:45:40.915] Starting updateGraphWorker: Project: /home/igfersa/Documents/develop/Angular9/exerciseList/tsconfig.json
Info 452  [13:45:40.932] Finishing updateGraphWorker: Project: /home/igfersa/Documents/develop/Angular9/exerciseList/tsconfig.json Version: 119 structureChanged: false Elapsed: 16ms
Info 453  [13:45:40.932] Different program with same set of files:: oldProgram.structureIsReused:: 2
Info 454  [13:45:41.556] Starting updateGraphWorker: Project: /home/igfersa/Documents/develop/Angular9/exerciseList/tsconfig.json
Info 455  [13:45:41.567] Finishing updateGraphWorker: Project: /home/igfersa/Documents/develop/Angular9/exerciseList/tsconfig.json Version: 120 structureChanged: false Elapsed: 11ms
Info 456  [13:45:41.567] Different program with same set of files:: oldProgram.structureIsReused:: 2
Info 457  [13:45:41.893] Starting updateGraphWorker: Project: /home/igfersa/Documents/develop/Angular9/exerciseList/tsconfig.json
Info 458  [13:45:41.925] Finishing updateGraphWorker: Project: /home/igfersa/Documents/develop/Angular9/exerciseList/tsconfig.json Version: 121 structureChanged: false Elapsed: 32ms
Info 459  [13:45:41.925] Different program with same set of files:: oldProgram.structureIsReused:: 2
Info 460  [13:45:42.182] Starting updateGraphWorker: Project: /home/igfersa/Documents/develop/Angular9/exerciseList/tsconfig.json
Info 461  [13:45:42.200] Finishing updateGraphWorker: Project: /home/igfersa/Documents/develop/Angular9/exerciseList/tsconfig.json Version: 122 structureChanged: false Elapsed: 18ms
Info 462  [13:45:42.200] Different program with same set of files:: oldProgram.structureIsReused:: 2
Info 463  [13:45:42.511] Starting updateGraphWorker: Project: /home/igfersa/Documents/develop/Angular9/exerciseList/tsconfig.json
Info 464  [13:45:42.540] Finishing updateGraphWorker: Project: /home/igfersa/Documents/develop/Angular9/exerciseList/tsconfig.json Version: 123 structureChanged: false Elapsed: 29ms
Info 465  [13:45:42.540] Different program with same set of files:: oldProgram.structureIsReused:: 2
Info 466  [13:45:43.458] Starting updateGraphWorker: Project: /home/igfersa/Documents/develop/Angular9/exerciseList/tsconfig.json
Info 467  [13:45:43.472] Finishing updateGraphWorker: Project: /home/igfersa/Documents/develop/Angular9/exerciseList/tsconfig.json Version: 124 structureChanged: false Elapsed: 14ms
Info 468  [13:45:43.472] Different program with same set of files:: oldProgram.structureIsReused:: 2
Info 469  [13:45:44.72] Starting updateGraphWorker: Project: /home/igfersa/Documents/develop/Angular9/exerciseList/tsconfig.json
Info 470  [13:45:44.81] Finishing updateGraphWorker: Project: /home/igfersa/Documents/develop/Angular9/exerciseList/tsconfig.json Version: 125 structureChanged: false Elapsed: 9ms
Info 471  [13:45:44.81] Different program with same set of files:: oldProgram.structureIsReused:: 2
Info 472  [13:45:44.697] Starting updateGraphWorker: Project: /home/igfersa/Documents/develop/Angular9/exerciseList/tsconfig.json
Info 473  [13:45:44.712] Finishing updateGraphWorker: Project: /home/igfersa/Documents/develop/Angular9/exerciseList/tsconfig.json Version: 126 structureChanged: false Elapsed: 15ms
Info 474  [13:45:44.712] Different program with same set of files:: oldProgram.structureIsReused:: 2
Info 475  [13:45:46.16] Starting updateGraphWorker: Project: /home/igfersa/Documents/develop/Angular9/exerciseList/tsconfig.json
Info 476  [13:45:46.32] Finishing updateGraphWorker: Project: /home/igfersa/Documents/develop/Angular9/exerciseList/tsconfig.json Version: 127 structureChanged: false Elapsed: 16ms
Info 477  [13:45:46.32] Different program with same set of files:: oldProgram.structureIsReused:: 2
Info 478  [13:45:46.547] Starting updateGraphWorker: Project: /home/igfersa/Documents/develop/Angular9/exerciseList/tsconfig.json
Info 479  [13:45:46.567] Finishing updateGraphWorker: Project: /home/igfersa/Documents/develop/Angular9/exerciseList/tsconfig.json Version: 128 structureChanged: false Elapsed: 20ms
Info 480  [13:45:46.568] Different program with same set of files:: oldProgram.structureIsReused:: 2
Info 481  [13:45:46.811] Starting updateGraphWorker: Project: /home/igfersa/Documents/develop/Angular9/exerciseList/tsconfig.json
Info 482  [13:45:46.823] Finishing updateGraphWorker: Project: /home/igfersa/Documents/develop/Angular9/exerciseList/tsconfig.json Version: 129 structureChanged: false Elapsed: 12ms
Info 483  [13:45:46.823] Different program with same set of files:: oldProgram.structureIsReused:: 2
Info 484  [13:45:47.172] Starting updateGraphWorker: Project: /home/igfersa/Documents/develop/Angular9/exerciseList/tsconfig.json
Info 485  [13:45:47.183] Finishing updateGraphWorker: Project: /home/igfersa/Documents/develop/Angular9/exerciseList/tsconfig.json Version: 130 structureChanged: false Elapsed: 11ms
Info 486  [13:45:47.183] Different program with same set of files:: oldProgram.structureIsReused:: 2
Info 487  [13:45:49.162] Starting updateGraphWorker: Project: /home/igfersa/Documents/develop/Angular9/exerciseList/tsconfig.json
Info 488  [13:45:49.171] Finishing updateGraphWorker: Project: /home/igfersa/Documents/develop/Angular9/exerciseList/tsconfig.json Version: 131 structureChanged: false Elapsed: 9ms
Info 489  [13:45:49.171] Different program with same set of files:: oldProgram.structureIsReused:: 2
Info 490  [13:45:49.775] Starting updateGraphWorker: Project: /home/igfersa/Documents/develop/Angular9/exerciseList/tsconfig.json
Info 491  [13:45:49.791] Finishing updateGraphWorker: Project: /home/igfersa/Documents/develop/Angular9/exerciseList/tsconfig.json Version: 132 structureChanged: false Elapsed: 16ms
Info 492  [13:45:49.791] Different program with same set of files:: oldProgram.structureIsReused:: 2
Info 493  [13:45:50.173] Starting updateGraphWorker: Project: /home/igfersa/Documents/develop/Angular9/exerciseList/tsconfig.json
Info 494  [13:45:50.181] Finishing updateGraphWorker: Project: /home/igfersa/Documents/develop/Angular9/exerciseList/tsconfig.json Version: 133 structureChanged: false Elapsed: 8ms
Info 495  [13:45:50.181] Different program with same set of files:: oldProgram.structureIsReused:: 2
Info 496  [13:45:51.706] Starting updateGraphWorker: Project: /home/igfersa/Documents/develop/Angular9/exerciseList/tsconfig.json
Info 497  [13:45:51.720] Finishing updateGraphWorker: Project: /home/igfersa/Documents/develop/Angular9/exerciseList/tsconfig.json Version: 134 structureChanged: false Elapsed: 14ms
Info 498  [13:45:51.720] Different program with same set of files:: oldProgram.structureIsReused:: 2
Info 499  [13:45:51.981] Starting updateGraphWorker: Project: /home/igfersa/Documents/develop/Angular9/exerciseList/tsconfig.json
Info 500  [13:45:51.999] Finishing updateGraphWorker: Project: /home/igfersa/Documents/develop/Angular9/exerciseList/tsconfig.json Version: 135 structureChanged: false Elapsed: 18ms
Info 501  [13:45:51.999] Different program with same set of files:: oldProgram.structureIsReused:: 2
Info 502  [13:45:52.243] Starting updateGraphWorker: Project: /home/igfersa/Documents/develop/Angular9/exerciseList/tsconfig.json
Info 503  [13:45:52.274] Finishing updateGraphWorker: Project: /home/igfersa/Documents/develop/Angular9/exerciseList/tsconfig.json Version: 136 structureChanged: false Elapsed: 31ms
Info 504  [13:45:52.274] Different program with same set of files:: oldProgram.structureIsReused:: 2
Info 505  [13:45:52.563] Starting updateGraphWorker: Project: /home/igfersa/Documents/develop/Angular9/exerciseList/tsconfig.json
Info 506  [13:45:52.572] Finishing updateGraphWorker: Project: /home/igfersa/Documents/develop/Angular9/exerciseList/tsconfig.json Version: 137 structureChanged: false Elapsed: 9ms
Info 507  [13:45:52.572] Different program with same set of files:: oldProgram.structureIsReused:: 2
Info 508  [13:45:53.26] Starting updateGraphWorker: Project: /home/igfersa/Documents/develop/Angular9/exerciseList/tsconfig.json
Info 509  [13:45:53.36] Finishing updateGraphWorker: Project: /home/igfersa/Documents/develop/Angular9/exerciseList/tsconfig.json Version: 138 structureChanged: false Elapsed: 10ms
Info 510  [13:45:53.36] Different program with same set of files:: oldProgram.structureIsReused:: 2
Info 511  [13:45:53.311] Starting updateGraphWorker: Project: /home/igfersa/Documents/develop/Angular9/exerciseList/tsconfig.json
Info 512  [13:45:53.326] Finishing updateGraphWorker: Project: /home/igfersa/Documents/develop/Angular9/exerciseList/tsconfig.json Version: 139 structureChanged: false Elapsed: 15ms
Info 513  [13:45:53.326] Different program with same set of files:: oldProgram.structureIsReused:: 2
Info 514  [13:45:53.802] Starting updateGraphWorker: Project: /home/igfersa/Documents/develop/Angular9/exerciseList/tsconfig.json
Info 515  [13:45:53.812] Finishing updateGraphWorker: Project: /home/igfersa/Documents/develop/Angular9/exerciseList/tsconfig.json Version: 140 structureChanged: false Elapsed: 10ms
Info 516  [13:45:53.813] Different program with same set of files:: oldProgram.structureIsReused:: 2
Info 517  [13:45:54.226] Starting updateGraphWorker: Project: /home/igfersa/Documents/develop/Angular9/exerciseList/tsconfig.json
Info 518  [13:45:54.241] Finishing updateGraphWorker: Project: /home/igfersa/Documents/develop/Angular9/exerciseList/tsconfig.json Version: 141 structureChanged: false Elapsed: 15ms
Info 519  [13:45:54.241] Different program with same set of files:: oldProgram.structureIsReused:: 2
Info 520  [13:45:55.12] Starting updateGraphWorker: Project: /home/igfersa/Documents/develop/Angular9/exerciseList/tsconfig.json
Info 521  [13:45:55.27] Finishing updateGraphWorker: Project: /home/igfersa/Documents/develop/Angular9/exerciseList/tsconfig.json Version: 142 structureChanged: false Elapsed: 15ms
Info 522  [13:45:55.27] Different program with same set of files:: oldProgram.structureIsReused:: 2
Info 523  [13:45:55.519] Starting updateGraphWorker: Project: /home/igfersa/Documents/develop/Angular9/exerciseList/tsconfig.json
Info 524  [13:45:55.548] Finishing updateGraphWorker: Project: /home/igfersa/Documents/develop/Angular9/exerciseList/tsconfig.json Version: 143 structureChanged: false Elapsed: 29ms
Info 525  [13:45:55.548] Different program with same set of files:: oldProgram.structureIsReused:: 2
Info 526  [13:45:55.909] Starting updateGraphWorker: Project: /home/igfersa/Documents/develop/Angular9/exerciseList/tsconfig.json
Info 527  [13:45:55.922] Finishing updateGraphWorker: Project: /home/igfersa/Documents/develop/Angular9/exerciseList/tsconfig.json Version: 144 structureChanged: false Elapsed: 13ms
Info 528  [13:45:55.922] Different program with same set of files:: oldProgram.structureIsReused:: 2
Info 529  [13:46:0.350] Starting updateGraphWorker: Project: /home/igfersa/Documents/develop/Angular9/exerciseList/tsconfig.json
Info 530  [13:46:0.373] Finishing updateGraphWorker: Project: /home/igfersa/Documents/develop/Angular9/exerciseList/tsconfig.json Version: 145 structureChanged: false Elapsed: 23ms
Info 531  [13:46:0.373] Different program with same set of files:: oldProgram.structureIsReused:: 2
Info 532  [13:46:1.208] Starting updateGraphWorker: Project: /home/igfersa/Documents/develop/Angular9/exerciseList/tsconfig.json
Info 533  [13:46:1.221] Finishing updateGraphWorker: Project: /home/igfersa/Documents/develop/Angular9/exerciseList/tsconfig.json Version: 146 structureChanged: false Elapsed: 13ms
Info 534  [13:46:1.221] Different program with same set of files:: oldProgram.structureIsReused:: 2
Info 535  [13:46:2.419] Starting updateGraphWorker: Project: /home/igfersa/Documents/develop/Angular9/exerciseList/tsconfig.json
Info 536  [13:46:2.457] Finishing updateGraphWorker: Project: /home/igfersa/Documents/develop/Angular9/exerciseList/tsconfig.json Version: 147 structureChanged: false Elapsed: 38ms
Info 537  [13:46:2.457] Different program with same set of files:: oldProgram.structureIsReused:: 2
Info 538  [13:46:4.413] Starting updateGraphWorker: Project: /home/igfersa/Documents/develop/Angular9/exerciseList/tsconfig.json
Info 539  [13:46:4.438] Finishing updateGraphWorker: Project: /home/igfersa/Documents/develop/Angular9/exerciseList/tsconfig.json Version: 148 structureChanged: false Elapsed: 25ms
Info 540  [13:46:4.438] Different program with same set of files:: oldProgram.structureIsReused:: 2
Info 541  [13:47:14.618] Starting updateGraphWorker: Project: /home/igfersa/Documents/develop/Angular9/exerciseList/tsconfig.json
Info 542  [13:47:14.641] Finishing updateGraphWorker: Project: /home/igfersa/Documents/develop/Angular9/exerciseList/tsconfig.json Version: 149 structureChanged: false Elapsed: 22ms
Info 543  [13:47:14.641] Different program with same set of files:: oldProgram.structureIsReused:: 2
