[Server(3485) file:///home/igfersa/Documents/develop] Started and initialize received
[Server(3485) file:///home/igfersa/Documents/develop] Setup a stylesheet lookup map
[Server(3485) file:///home/igfersa/Documents/develop] Document opened: file:///home/igfersa/Documents/develop/Angular9/exerciseList/src/app/exercises/exercises.component.ts
[Server(3485) file:///home/igfersa/Documents/develop] Document changed: file:///home/igfersa/Documents/develop/Angular9/exerciseList/src/app/exercises/exercises.component.ts
[Server(3485) file:///home/igfersa/Documents/develop] Document opened: file:///home/igfersa/Documents/develop/Angular9/exerciseList/src/app/app-routing.module.ts
[Server(3485) file:///home/igfersa/Documents/develop] Document changed: file:///home/igfersa/Documents/develop/Angular9/exerciseList/src/app/app-routing.module.ts
[Server(3485) file:///home/igfersa/Documents/develop] Document opened: file:///home/igfersa/Documents/develop/Angular9/exerciseList/src/app/app.module.ts
[Server(3485) file:///home/igfersa/Documents/develop] Document changed: file:///home/igfersa/Documents/develop/Angular9/exerciseList/src/app/app.module.ts
[Server(3485) file:///home/igfersa/Documents/develop] Document opened: file:///home/igfersa/Documents/develop/Angular9/exerciseList/src/app/app-routing.module.ts
[Server(3485) file:///home/igfersa/Documents/develop] Document changed: file:///home/igfersa/Documents/develop/Angular9/exerciseList/src/app/app-routing.module.ts
[Server(3485) file:///home/igfersa/Documents/develop] Document changed: file:///home/igfersa/Documents/develop/Angular9/exerciseList/src/app/app-routing.module.ts
[Server(3485) file:///home/igfersa/Documents/develop] Document changed: file:///home/igfersa/Documents/develop/Angular9/exerciseList/src/app/app-routing.module.ts
[Server(3485) file:///home/igfersa/Documents/develop] Document changed: file:///home/igfersa/Documents/develop/Angular9/exerciseList/src/app/app-routing.module.ts
[Server(3485) file:///home/igfersa/Documents/develop] Document changed: file:///home/igfersa/Documents/develop/Angular9/exerciseList/src/app/app-routing.module.ts
[Server(3485) file:///home/igfersa/Documents/develop] Document changed: file:///home/igfersa/Documents/develop/Angular9/exerciseList/src/app/app-routing.module.ts
[Server(3485) file:///home/igfersa/Documents/develop] Document changed: file:///home/igfersa/Documents/develop/Angular9/exerciseList/src/app/app-routing.module.ts
[Server(3485) file:///home/igfersa/Documents/develop] Document changed: file:///home/igfersa/Documents/develop/Angular9/exerciseList/src/app/app-routing.module.ts
[Server(3485) file:///home/igfersa/Documents/develop] Document changed: file:///home/igfersa/Documents/develop/Angular9/exerciseList/src/app/app-routing.module.ts
[Server(3485) file:///home/igfersa/Documents/develop] Document changed: file:///home/igfersa/Documents/develop/Angular9/exerciseList/src/app/app-routing.module.ts
[Server(3485) file:///home/igfersa/Documents/develop] Document changed: file:///home/igfersa/Documents/develop/Angular9/exerciseList/src/app/app-routing.module.ts
[Server(3485) file:///home/igfersa/Documents/develop] Document changed: file:///home/igfersa/Documents/develop/Angular9/exerciseList/src/app/app-routing.module.ts
[Server(3485) file:///home/igfersa/Documents/develop] Document changed: file:///home/igfersa/Documents/develop/Angular9/exerciseList/src/app/app-routing.module.ts
[Server(3485) file:///home/igfersa/Documents/develop] Document changed: file:///home/igfersa/Documents/develop/Angular9/exerciseList/src/app/app-routing.module.ts
[Server(3485) file:///home/igfersa/Documents/develop] Document changed: file:///home/igfersa/Documents/develop/Angular9/exerciseList/src/app/app-routing.module.ts
[Server(3485) file:///home/igfersa/Documents/develop] Document changed: file:///home/igfersa/Documents/develop/Angular9/exerciseList/src/app/app-routing.module.ts
[Server(3485) file:///home/igfersa/Documents/develop] Document changed: file:///home/igfersa/Documents/develop/Angular9/exerciseList/src/app/app-routing.module.ts
[Server(3485) file:///home/igfersa/Documents/develop] Document changed: file:///home/igfersa/Documents/develop/Angular9/exerciseList/src/app/app-routing.module.ts
[Server(3485) file:///home/igfersa/Documents/develop] Document changed: file:///home/igfersa/Documents/develop/Angular9/exerciseList/src/app/app-routing.module.ts
[Server(3485) file:///home/igfersa/Documents/develop] Document changed: file:///home/igfersa/Documents/develop/Angular9/exerciseList/src/app/app-routing.module.ts
[Server(3485) file:///home/igfersa/Documents/develop] Document changed: file:///home/igfersa/Documents/develop/Angular9/exerciseList/src/app/app-routing.module.ts
[Server(3485) file:///home/igfersa/Documents/develop] Document changed: file:///home/igfersa/Documents/develop/Angular9/exerciseList/src/app/app-routing.module.ts
[Server(3485) file:///home/igfersa/Documents/develop] Document changed: file:///home/igfersa/Documents/develop/Angular9/exerciseList/src/app/app-routing.module.ts
[Server(3485) file:///home/igfersa/Documents/develop] Document changed: file:///home/igfersa/Documents/develop/Angular9/exerciseList/src/app/app-routing.module.ts
Invalid Selector...
Invalid Selector...
[Server(3485) file:///home/igfersa/Documents/develop] Document changed: file:///home/igfersa/Documents/develop/Angular9/exerciseList/src/app/app-routing.module.ts
[Server(3485) file:///home/igfersa/Documents/develop] Document changed: file:///home/igfersa/Documents/develop/Angular9/exerciseList/src/app/app-routing.module.ts
[Server(3485) file:///home/igfersa/Documents/develop] Document changed: file:///home/igfersa/Documents/develop/Angular9/exerciseList/src/app/app-routing.module.ts
