Info 0    [15:49:18.9] Format host information updated
Info 1    [15:49:18.10] reload projects.
Info 2    [15:49:18.10] Structure before ensureProjectForOpenFiles:
Info 3    [15:49:18.10] Structure after ensureProjectForOpenFiles:
Info 4    [15:49:18.10] Host file extension mappings updated
Info 5    [15:49:18.47] Search path: /home/igfersa/Documents/develop/Angular9/exerciseList/src/app
Info 6    [15:49:18.49] For info: /home/igfersa/Documents/develop/Angular9/exerciseList/src/app/app.component.html :: Config file name: /home/igfersa/Documents/develop/Angular9/exerciseList/tsconfig.json
Info 7    [15:49:18.52] Opened configuration file /home/igfersa/Documents/develop/Angular9/exerciseList/tsconfig.json
Info 8    [15:49:18.108] Config: /home/igfersa/Documents/develop/Angular9/exerciseList/tsconfig.json : {
 "rootNames": [
  "/home/igfersa/Documents/develop/Angular9/exerciseList/e2e/src/app.e2e-spec.ts",
  "/home/igfersa/Documents/develop/Angular9/exerciseList/e2e/src/app.po.ts",
  "/home/igfersa/Documents/develop/Angular9/exerciseList/src/main.ts",
  "/home/igfersa/Documents/develop/Angular9/exerciseList/src/polyfills.ts",
  "/home/igfersa/Documents/develop/Angular9/exerciseList/src/test.ts",
  "/home/igfersa/Documents/develop/Angular9/exerciseList/src/app/app-routing.module.ts",
  "/home/igfersa/Documents/develop/Angular9/exerciseList/src/app/app.component.spec.ts",
  "/home/igfersa/Documents/develop/Angular9/exerciseList/src/app/app.component.ts",
  "/home/igfersa/Documents/develop/Angular9/exerciseList/src/app/app.module.ts",
  "/home/igfersa/Documents/develop/Angular9/exerciseList/src/app/collection-exercises.ts",
  "/home/igfersa/Documents/develop/Angular9/exerciseList/src/app/exercise.service.spec.ts",
  "/home/igfersa/Documents/develop/Angular9/exerciseList/src/app/exercise.service.ts",
  "/home/igfersa/Documents/develop/Angular9/exerciseList/src/app/exercise.ts",
  "/home/igfersa/Documents/develop/Angular9/exerciseList/src/app/exercise-detail/exercise-detail.component.spec.ts",
  "/home/igfersa/Documents/develop/Angular9/exerciseList/src/app/exercise-detail/exercise-detail.component.ts",
  "/home/igfersa/Documents/develop/Angular9/exerciseList/src/app/exercises/exercises.component.spec.ts",
  "/home/igfersa/Documents/develop/Angular9/exerciseList/src/app/exercises/exercises.component.ts",
  "/home/igfersa/Documents/develop/Angular9/exerciseList/src/app/panel/panel.component.spec.ts",
  "/home/igfersa/Documents/develop/Angular9/exerciseList/src/app/panel/panel.component.ts",
  "/home/igfersa/Documents/develop/Angular9/exerciseList/src/environments/environment.prod.ts",
  "/home/igfersa/Documents/develop/Angular9/exerciseList/src/environments/environment.ts"
 ],
 "options": {
  "baseUrl": "/home/igfersa/Documents/develop/Angular9/exerciseList",
  "outDir": "/home/igfersa/Documents/develop/Angular9/exerciseList/dist/out-tsc",
  "sourceMap": true,
  "declaration": false,
  "downlevelIteration": true,
  "experimentalDecorators": true,
  "module": 99,
  "moduleResolution": 2,
  "importHelpers": true,
  "target": 2,
  "lib": [
   "lib.es2018.d.ts",
   "lib.dom.d.ts"
  ],
  "configFilePath": "/home/igfersa/Documents/develop/Angular9/exerciseList/tsconfig.json"
 }
}
Info 9    [15:49:19.79] Loading global plugin @angular/language-service
Info 10   [15:49:19.79] Enabling plugin @angular/language-service from candidate paths: /home/igfersa/.vscode-oss/extensions/angular.ng-template-0.901.4/server/node_modules/@angular/language-service/bundles/language-service.umd.js,/home/igfersa/.vscode-oss/extensions/angular.ng-template-0.901.4/node_modules/typescript/lib/tsserverlibrary.js/../../..
Info 11   [15:49:19.79] Loading @angular/language-service from /home/igfersa/.vscode-oss/extensions/angular.ng-template-0.901.4/server/node_modules/@angular/language-service/bundles/language-service.umd.js (resolved to /home/igfersa/.vscode-oss/extensions/angular.ng-template-0.901.4/server/node_modules/@angular/language-service/bundles/language-service.umd.js/node_modules)
Info 12   [15:49:19.190] Plugin validation succeded
Info 13   [15:49:19.216] Starting updateGraphWorker: Project: /home/igfersa/Documents/develop/Angular9/exerciseList/tsconfig.json
Info 14   [15:49:22.907] Finishing updateGraphWorker: Project: /home/igfersa/Documents/develop/Angular9/exerciseList/tsconfig.json Version: 1 structureChanged: true Elapsed: 3691ms
Info 15   [15:49:22.908] Project '/home/igfersa/Documents/develop/Angular9/exerciseList/tsconfig.json' (Configured) 
Info 16   [15:49:22.908] 	Files (320)

Info 17   [15:49:22.908] -----------------------------------------------
Info 18   [15:49:22.910] Starting updateGraphWorker: Project: /home/igfersa/Documents/develop/Angular9/exerciseList/tsconfig.json
Info 19   [15:49:22.929] Finishing updateGraphWorker: Project: /home/igfersa/Documents/develop/Angular9/exerciseList/tsconfig.json Version: 2 structureChanged: false Elapsed: 19ms
Info 20   [15:49:22.929] Different program with same set of files:: oldProgram.structureIsReused:: 2
Info 21   [15:49:22.932] Loading global plugin @angular/language-service
Info 22   [15:49:22.932] Enabling plugin @angular/language-service from candidate paths: /home/igfersa/.vscode-oss/extensions/angular.ng-template-0.901.4/server/node_modules/@angular/language-service/bundles/language-service.umd.js,/home/igfersa/.vscode-oss/extensions/angular.ng-template-0.901.4/node_modules/typescript/lib/tsserverlibrary.js/../../..
Info 23   [15:49:22.932] Loading @angular/language-service from /home/igfersa/.vscode-oss/extensions/angular.ng-template-0.901.4/server/node_modules/@angular/language-service/bundles/language-service.umd.js (resolved to /home/igfersa/.vscode-oss/extensions/angular.ng-template-0.901.4/server/node_modules/@angular/language-service/bundles/language-service.umd.js/node_modules)
Info 24   [15:49:22.945] Plugin validation succeded
Info 25   [15:49:22.946] Starting updateGraphWorker: Project: /dev/null/inferredProject1*
Info 26   [15:49:23.372] Finishing updateGraphWorker: Project: /dev/null/inferredProject1* Version: 1 structureChanged: true Elapsed: 426ms
Info 27   [15:49:23.372] Project '/dev/null/inferredProject1*' (Inferred) 
Info 28   [15:49:23.372] 	Files (6)

Info 29   [15:49:23.372] -----------------------------------------------
Info 30   [15:50:10.950] Search path: /home/igfersa/Documents/develop/Angular9/exerciseList/src/app
Info 31   [15:50:10.951] For info: /home/igfersa/Documents/develop/Angular9/exerciseList/src/app/app.component.html :: Config file name: /home/igfersa/Documents/develop/Angular9/exerciseList/tsconfig.json
