Looking for git in: git
Using git 2.26.1 from git
> git rev-parse --show-toplevel
fatal: not a git repository (or any of the parent directories): .git
> git rev-parse --show-toplevel
> git rev-parse --git-dir
Open repository: /home/igfersa/Documents/develop/Angular9/exerciseList
> git status -z -u
> git symbolic-ref --short HEAD
> git rev-parse master
> git rev-parse --symbolic-full-name master@{u}
fatal: no upstream configured for branch 'master'
> git for-each-ref --format %(refname) %(objectname) --sort -committerdate
> git remote --verbose
> git config --get commit.template
> git rev-parse --show-toplevel
fatal: not a git repository (or any of the parent directories): .git
> git show :src/app/exercise.service.ts
> git ls-files --stage -- /home/igfersa/Documents/develop/Angular9/exerciseList/src/app/exercise.service.ts
> git check-ignore -v -z --stdin
> git rev-parse --show-toplevel
fatal: not a git repository (or any of the parent directories): .git
> git rev-parse --show-toplevel
fatal: not a git repository (or any of the parent directories): .git
> git rev-parse --show-toplevel
fatal: not a git repository (or any of the parent directories): .git
> git rev-parse --show-toplevel
fatal: not a git repository (or any of the parent directories): .git
> git rev-parse --show-toplevel
fatal: not a git repository (or any of the parent directories): .git
> git rev-parse --show-toplevel
fatal: not a git repository (or any of the parent directories): .git
> git rev-parse --show-toplevel
fatal: not a git repository (or any of the parent directories): .git
> git check-ignore -v -z --stdin
> git rev-parse --show-toplevel
fatal: not a git repository (or any of the parent directories): .git
> git rev-parse --show-toplevel
fatal: not a git repository (or any of the parent directories): .git
> git show :src/app/app.module.ts
> git ls-files --stage -- /home/igfersa/Documents/develop/Angular9/exerciseList/src/app/app.module.ts
> git cat-file -s 2c3ba2995c8510c02ca812f90280146738f162cf
> git check-ignore -v -z --stdin
> git rev-parse --show-toplevel
fatal: not a git repository (or any of the parent directories): .git
> git rev-parse --show-toplevel
fatal: not a git repository (or any of the parent directories): .git
> git rev-parse --show-toplevel
fatal: not a git repository (or any of the parent directories): .git
> git rev-parse --show-toplevel
fatal: not a git repository (or any of the parent directories): .git
> git rev-parse --show-toplevel
fatal: not a git repository (or any of the parent directories): .git
> git show :src/app/exercise-detail/exercise-detail.component.html
> git ls-files --stage -- /home/igfersa/Documents/develop/Angular9/exerciseList/src/app/exercise-detail/exercise-detail.component.html
> git rev-parse --show-toplevel
fatal: not a git repository (or any of the parent directories): .git
> git check-ignore -v -z --stdin
> git rev-parse --show-toplevel
fatal: not a git repository (or any of the parent directories): .git
> git rev-parse --show-toplevel
fatal: not a git repository (or any of the parent directories): .git
> git show :src/app/exercise-detail/exercise-detail.component.html
> git ls-files --stage -- /home/igfersa/Documents/develop/Angular9/exerciseList/src/app/exercise-detail/exercise-detail.component.html
> git show :src/app/exercise.service.ts
> git ls-files --stage -- /home/igfersa/Documents/develop/Angular9/exerciseList/src/app/exercise.service.ts
> git show :src/app/exercise-detail/exercise-detail.component.html
> git ls-files --stage -- /home/igfersa/Documents/develop/Angular9/exerciseList/src/app/exercise-detail/exercise-detail.component.html
> git show :src/app/exercise.service.ts
> git ls-files --stage -- /home/igfersa/Documents/develop/Angular9/exerciseList/src/app/exercise.service.ts
