Initializing document watcher...
/home/igfersa/.config/Code - OSS/User/settings.json: {}
/home/igfersa/.config/Code - OSS/User/settings.json: {}
/home/igfersa/.config/Code - OSS/User/settings.json: {}
/home/igfersa/.config/Code - OSS/User/settings.json: {}
/home/igfersa/.config/Code - OSS/User/settings.json: {}
/home/igfersa/.config/Code - OSS/User/settings.json: {}
/home/igfersa/.config/Code - OSS/User/settings.json: Using EditorConfig core...
/home/igfersa/.config/Code - OSS/User/settings.json: {}
/home/igfersa/.config/Code - OSS/User/settings.json: {}
/home/igfersa/.config/Code - OSS/User/settings.json: {}
/home/igfersa/.config/Code - OSS/User/settings.json: {}
/home/igfersa/.config/Code - OSS/User/settings.json: {}
/home/igfersa/.config/Code - OSS/User/settings.json: {}
/home/igfersa/.config/Code - OSS/User/settings.json: {}
/home/igfersa/.config/Code - OSS/User/settings.json: {}
/home/igfersa/.config/Code - OSS/User/settings.json: {}
/home/igfersa/.config/Code - OSS/User/settings.json: {}
/home/igfersa/.config/Code - OSS/User/settings.json: {}
/home/igfersa/.config/Code - OSS/User/settings.json: {}
/home/igfersa/.config/Code - OSS/User/settings.json: {}
/home/igfersa/.config/Code - OSS/User/settings.json: Using EditorConfig core...
/home/igfersa/.config/Code - OSS/User/settings.json: Using EditorConfig core...
/home/igfersa/.config/Code - OSS/User/settings.json: {}
/home/igfersa/.config/Code - OSS/User/settings.json: {}
/home/igfersa/.config/Code - OSS/User/settings.json: {}
/home/igfersa/.config/Code - OSS/User/settings.json: Using EditorConfig core...
/home/igfersa/.config/Code - OSS/User/settings.json: {}
/home/igfersa/.config/Code - OSS/User/settings.json: {}
/home/igfersa/.config/Code - OSS/User/settings.json: {}
/home/igfersa/.config/Code - OSS/User/settings.json: {}
/home/igfersa/.config/Code - OSS/User/settings.json: Using EditorConfig core...
/home/igfersa/.config/Code - OSS/User/settings.json: {}
/home/igfersa/.config/Code - OSS/User/settings.json: {}
/home/igfersa/.config/Code - OSS/User/settings.json: {}
/home/igfersa/.config/Code - OSS/User/settings.json: {}
/home/igfersa/.config/Code - OSS/User/settings.json: {}
/home/igfersa/.config/Code - OSS/User/settings.json: Using EditorConfig core...
/home/igfersa/.config/Code - OSS/User/settings.json: {}
/home/igfersa/.config/Code - OSS/User/settings.json: {}
/home/igfersa/.config/Code - OSS/User/settings.json: {}
/home/igfersa/.config/Code - OSS/User/settings.json: Using EditorConfig core...
/home/igfersa/.config/Code - OSS/User/settings.json: {}
/home/igfersa/.config/Code - OSS/User/settings.json: {}
/home/igfersa/.config/Code - OSS/User/settings.json: Using EditorConfig core...
/home/igfersa/.config/Code - OSS/User/settings.json: {}
/home/igfersa/.config/Code - OSS/User/settings.json: {}
/home/igfersa/.config/Code - OSS/User/settings.json: {}
/home/igfersa/.config/Code - OSS/User/settings.json: {}
/home/igfersa/.config/Code - OSS/User/settings.json: {}
/home/igfersa/.config/Code - OSS/User/settings.json: Using EditorConfig core...
/home/igfersa/.config/Code - OSS/User/settings.json: Using EditorConfig core...
develop/Angular9/exerciseList/src/app/app.module.ts: {"insertSpaces":true,"tabSize":2}
develop/Angular9/exerciseList/src/app/app.module.ts: {"insertSpaces":true,"tabSize":2}
develop/Angular9/exerciseList/src/app/app.module.ts: {"insertSpaces":true,"tabSize":2}
develop/Angular9/exerciseList/src/app/app.module.ts: {"insertSpaces":true,"tabSize":2}
develop/Angular9/exerciseList/src/app/app.module.ts: {"insertSpaces":true,"tabSize":2}
develop/Angular9/exerciseList/src/app/app.module.ts: {"insertSpaces":true,"tabSize":2}
develop/Angular9/exerciseList/src/app/app.module.ts: {"insertSpaces":true,"tabSize":2}
develop/Angular9/exerciseList/src/app/app.module.ts: {"insertSpaces":true,"tabSize":2}
develop/Angular9/exerciseList/src/app/app.module.ts: {"insertSpaces":true,"tabSize":2}
develop/Angular9/exerciseList/src/app/exercise-detail/exercise-detail.component.html: {"insertSpaces":true,"tabSize":2}
/home/igfersa/.config/Code - OSS/User/settings.json: {}
/home/igfersa/.config/Code - OSS/User/settings.json: Using EditorConfig core...
/home/igfersa/.config/Code - OSS/User/settings.json: {}
/home/igfersa/.config/Code - OSS/User/settings.json: Using EditorConfig core...
/home/igfersa/.config/Code - OSS/User/settings.json: Using EditorConfig core...
/home/igfersa/.config/Code - OSS/User/settings.json: {}
develop/Angular9/exerciseList/src/app/exercise-detail/exercise-detail.component.html: {"insertSpaces":true,"tabSize":2}
develop/Angular9/exerciseList/src/app/exercise.service.ts: {"insertSpaces":true,"tabSize":2}
develop/Angular9/exerciseList/src/app/exercise-detail/exercise-detail.component.html: {"insertSpaces":true,"tabSize":2}
develop/Angular9/exerciseList/src/app/exercise.service.ts: {"insertSpaces":true,"tabSize":2}
