Initializing document watcher...
develop/Angular9/exerciseList/src/app/exercises/exercises.component.html: {"insertSpaces":true,"tabSize":2}
develop/Angular9/exerciseList/src/app/exercise-detail/exercise-detail.component.html: {"insertSpaces":true,"tabSize":2}
develop/Angular9/exerciseList/src/app/exercise-detail/exercise-detail.component.html: {"insertSpaces":true,"tabSize":2}
develop/Angular9/exerciseList/src/app/exercise-detail/exercise-detail.component.html: {"insertSpaces":true,"tabSize":2}
develop/Angular9/exerciseList/src/app/app.component.html: {"insertSpaces":true,"tabSize":2}
develop/Angular9/exerciseList/src/app/app.component.html: {"insertSpaces":true,"tabSize":2}
develop/Angular9/exerciseList/src/app/app.component.html: {"insertSpaces":true,"tabSize":2}
develop/Angular9/exerciseList/src/app/exercises/exercises.component.html: {"insertSpaces":true,"tabSize":2}
develop/Angular9/exerciseList/src/app/exercises/exercises.component.html: {"insertSpaces":true,"tabSize":2}
develop/Angular9/exerciseList/src/app/exercises/exercises.component.html: {"insertSpaces":true,"tabSize":2}
develop/Angular9/exerciseList/src/app/exercises/exercises.component.html: {"insertSpaces":true,"tabSize":2}
develop/Angular9/exerciseList/src/app/exercises/exercises.component.html: {"insertSpaces":true,"tabSize":2}
develop/Angular9/exerciseList/src/app/exercise-detail/exercise-detail.component.ts: {"insertSpaces":true,"tabSize":2}
develop/Angular9/exerciseList/src/app/exercise-detail/exercise-detail.component.spec.ts: {"insertSpaces":true,"tabSize":2}
develop/Angular9/exerciseList/src/app/exercise-detail/exercise-detail.component.spec.ts: {"insertSpaces":true,"tabSize":2}
develop/Angular9/exerciseList/src/app/exercise-detail/exercise-detail.component.css: {"insertSpaces":true,"tabSize":2}
develop/Angular9/exerciseList/src/app/exercise-detail/exercise-detail.component.html: {"insertSpaces":true,"tabSize":2}
develop/Angular9/exerciseList/src/app/exercise-detail/exercise-detail.component.ts: {"insertSpaces":true,"tabSize":2}
develop/Angular9/exerciseList/src/app/exercises/exercises.component.html: {"insertSpaces":true,"tabSize":2}
develop/Angular9/exerciseList/src/app/exercises/exercises.component.html: {"insertSpaces":true,"tabSize":2}
develop/Angular9/exerciseList/src/app/exercises/exercises.component.html: {"insertSpaces":true,"tabSize":2}
develop/Angular9/exerciseList/src/app/exercises/exercises.component.html: Using EditorConfig core...
Angular9/exerciseList/src/app/exercises/exercises.component.html: editor.action.trimTrailingWhitespace
develop/Angular9/exerciseList/src/app/exercises/exercises.component.html: {"insertSpaces":true,"tabSize":2}
develop/Angular9/exerciseList/src/app/exercises/exercises.component.html: {"insertSpaces":true,"tabSize":2}
develop/Angular9/exerciseList/src/app/exercises/exercises.component.html: {"insertSpaces":true,"tabSize":2}
develop/Angular9/exerciseList/src/app/exercises/exercises.component.html: {"insertSpaces":true,"tabSize":2}
develop/Angular9/exerciseList/src/app/exercises/exercises.component.html: {"insertSpaces":true,"tabSize":2}
develop/Angular9/exerciseList/src/app/exercises/exercises.component.html: {"insertSpaces":true,"tabSize":2}
develop/Angular9/exerciseList/src/app/exercises/exercises.component.html: {"insertSpaces":true,"tabSize":2}
develop/Angular9/exerciseList/src/app/exercises/exercises.component.html: {"insertSpaces":true,"tabSize":2}
develop/Angular9/exerciseList/src/app/exercises/exercises.component.html: {"insertSpaces":true,"tabSize":2}
develop/Angular9/exerciseList/src/app/exercises/exercises.component.html: {"insertSpaces":true,"tabSize":2}
develop/Angular9/exerciseList/src/app/exercises/exercises.component.html: Using EditorConfig core...
Angular9/exerciseList/src/app/exercises/exercises.component.html: editor.action.trimTrailingWhitespace
develop/Angular9/exerciseList/src/app/exercises/exercises.component.html: {"insertSpaces":true,"tabSize":2}
develop/Angular9/exerciseList/src/app/exercise-detail/exercise-detail.component.ts: {"insertSpaces":true,"tabSize":2}
develop/Angular9/exerciseList/src/app/exercise-detail/exercise-detail.component.ts: {"insertSpaces":true,"tabSize":2}
develop/Angular9/exerciseList/src/app/exercise-detail/exercise-detail.component.ts: {"insertSpaces":true,"tabSize":2}
develop/Angular9/exerciseList/src/app/exercise-detail/exercise-detail.component.ts: {"insertSpaces":true,"tabSize":2}
develop/Angular9/exerciseList/src/app/exercise-detail/exercise-detail.component.ts: {"insertSpaces":true,"tabSize":2}
develop/Angular9/exerciseList/src/app/exercise-detail/exercise-detail.component.ts: {"insertSpaces":true,"tabSize":2}
develop/Angular9/exerciseList/src/app/exercise-detail/exercise-detail.component.ts: Using EditorConfig core...
Angular9/exerciseList/src/app/exercise-detail/exercise-detail.component.ts: editor.action.trimTrailingWhitespace
develop/Angular9/exerciseList/src/app/exercise-detail/exercise-detail.component.ts: {"insertSpaces":true,"tabSize":2}
develop/Angular9/exerciseList/src/app/exercise-detail/exercise-detail.component.ts: {"insertSpaces":true,"tabSize":2}
develop/Angular9/exerciseList/src/app/exercise-detail/exercise-detail.component.ts: {"insertSpaces":true,"tabSize":2}
develop/Angular9/exerciseList/src/app/exercise-detail/exercise-detail.component.html: {"insertSpaces":true,"tabSize":2}
develop/Angular9/exerciseList/src/app/exercise-detail/exercise-detail.component.html: {"insertSpaces":true,"tabSize":2}
develop/Angular9/exerciseList/src/app/exercise-detail/exercise-detail.component.html: Using EditorConfig core...
Angular9/exerciseList/src/app/exercise-detail/exercise-detail.component.html: editor.action.trimTrailingWhitespace
develop/Angular9/exerciseList/src/app/exercises/exercises.component.html: {"insertSpaces":true,"tabSize":2}
develop/Angular9/exerciseList/src/app/exercise-detail/exercise-detail.component.html: {"insertSpaces":true,"tabSize":2}
develop/Angular9/exerciseList/src/app/exercise-detail/exercise-detail.component.ts: {"insertSpaces":true,"tabSize":2}
No more open editors.
