Info 0    [12:54:28.997] Format host information updated
Info 1    [12:54:28.997] reload projects.
Info 2    [12:54:28.997] Structure before ensureProjectForOpenFiles:
Info 3    [12:54:28.997] Structure after ensureProjectForOpenFiles:
Info 4    [12:54:28.998] Host file extension mappings updated
Info 5    [12:54:29.21] Search path: /home/igfersa/Documents/develop/Angular9/exerciseList/src/app
Info 6    [12:54:29.24] For info: /home/igfersa/Documents/develop/Angular9/exerciseList/src/app/app.component.html :: Config file name: /home/igfersa/Documents/develop/Angular9/exerciseList/tsconfig.json
Info 7    [12:54:29.25] Opened configuration file /home/igfersa/Documents/develop/Angular9/exerciseList/tsconfig.json
Info 8    [12:54:29.101] Config: /home/igfersa/Documents/develop/Angular9/exerciseList/tsconfig.json : {
 "rootNames": [
  "/home/igfersa/Documents/develop/Angular9/exerciseList/e2e/src/app.e2e-spec.ts",
  "/home/igfersa/Documents/develop/Angular9/exerciseList/e2e/src/app.po.ts",
  "/home/igfersa/Documents/develop/Angular9/exerciseList/src/main.ts",
  "/home/igfersa/Documents/develop/Angular9/exerciseList/src/polyfills.ts",
  "/home/igfersa/Documents/develop/Angular9/exerciseList/src/test.ts",
  "/home/igfersa/Documents/develop/Angular9/exerciseList/src/app/app-routing.module.ts",
  "/home/igfersa/Documents/develop/Angular9/exerciseList/src/app/app.component.spec.ts",
  "/home/igfersa/Documents/develop/Angular9/exerciseList/src/app/app.component.ts",
  "/home/igfersa/Documents/develop/Angular9/exerciseList/src/app/app.module.ts",
  "/home/igfersa/Documents/develop/Angular9/exerciseList/src/app/collection-exercises.ts",
  "/home/igfersa/Documents/develop/Angular9/exerciseList/src/app/exercise.service.spec.ts",
  "/home/igfersa/Documents/develop/Angular9/exerciseList/src/app/exercise.service.ts",
  "/home/igfersa/Documents/develop/Angular9/exerciseList/src/app/exercise.ts",
  "/home/igfersa/Documents/develop/Angular9/exerciseList/src/app/exercise-detail/exercise-detail.component.spec.ts",
  "/home/igfersa/Documents/develop/Angular9/exerciseList/src/app/exercise-detail/exercise-detail.component.ts",
  "/home/igfersa/Documents/develop/Angular9/exerciseList/src/app/exercises/exercises.component.spec.ts",
  "/home/igfersa/Documents/develop/Angular9/exerciseList/src/app/exercises/exercises.component.ts",
  "/home/igfersa/Documents/develop/Angular9/exerciseList/src/environments/environment.prod.ts",
  "/home/igfersa/Documents/develop/Angular9/exerciseList/src/environments/environment.ts"
 ],
 "options": {
  "baseUrl": "/home/igfersa/Documents/develop/Angular9/exerciseList",
  "outDir": "/home/igfersa/Documents/develop/Angular9/exerciseList/dist/out-tsc",
  "sourceMap": true,
  "declaration": false,
  "downlevelIteration": true,
  "experimentalDecorators": true,
  "module": 99,
  "moduleResolution": 2,
  "importHelpers": true,
  "target": 2,
  "lib": [
   "lib.es2018.d.ts",
   "lib.dom.d.ts"
  ],
  "configFilePath": "/home/igfersa/Documents/develop/Angular9/exerciseList/tsconfig.json"
 }
}
Info 9    [12:54:31.527] Loading global plugin @angular/language-service
Info 10   [12:54:31.528] Enabling plugin @angular/language-service from candidate paths: /home/igfersa/.vscode-oss/extensions/angular.ng-template-0.901.3/server/node_modules/@angular/language-service/bundles/language-service.umd.js,/home/igfersa/.vscode-oss/extensions/angular.ng-template-0.901.3/node_modules/typescript/lib/tsserverlibrary.js/../../..
Info 11   [12:54:31.528] Loading @angular/language-service from /home/igfersa/.vscode-oss/extensions/angular.ng-template-0.901.3/server/node_modules/@angular/language-service/bundles/language-service.umd.js (resolved to /home/igfersa/.vscode-oss/extensions/angular.ng-template-0.901.3/server/node_modules/@angular/language-service/bundles/language-service.umd.js/node_modules)
Info 12   [12:54:31.697] Plugin validation succeded
Info 13   [12:54:31.741] Starting updateGraphWorker: Project: /home/igfersa/Documents/develop/Angular9/exerciseList/tsconfig.json
Info 14   [12:54:36.261] Finishing updateGraphWorker: Project: /home/igfersa/Documents/develop/Angular9/exerciseList/tsconfig.json Version: 1 structureChanged: true Elapsed: 4520ms
Info 15   [12:54:36.261] Project '/home/igfersa/Documents/develop/Angular9/exerciseList/tsconfig.json' (Configured) 
Info 16   [12:54:36.261] 	Files (318)

Info 17   [12:54:36.261] -----------------------------------------------
Info 18   [12:54:36.263] Starting updateGraphWorker: Project: /home/igfersa/Documents/develop/Angular9/exerciseList/tsconfig.json
Info 19   [12:54:36.277] Finishing updateGraphWorker: Project: /home/igfersa/Documents/develop/Angular9/exerciseList/tsconfig.json Version: 2 structureChanged: false Elapsed: 14ms
Info 20   [12:54:36.277] Different program with same set of files:: oldProgram.structureIsReused:: 2
Info 21   [12:54:36.286] Loading global plugin @angular/language-service
Info 22   [12:54:36.286] Enabling plugin @angular/language-service from candidate paths: /home/igfersa/.vscode-oss/extensions/angular.ng-template-0.901.3/server/node_modules/@angular/language-service/bundles/language-service.umd.js,/home/igfersa/.vscode-oss/extensions/angular.ng-template-0.901.3/node_modules/typescript/lib/tsserverlibrary.js/../../..
Info 23   [12:54:36.286] Loading @angular/language-service from /home/igfersa/.vscode-oss/extensions/angular.ng-template-0.901.3/server/node_modules/@angular/language-service/bundles/language-service.umd.js (resolved to /home/igfersa/.vscode-oss/extensions/angular.ng-template-0.901.3/server/node_modules/@angular/language-service/bundles/language-service.umd.js/node_modules)
Info 24   [12:54:36.296] Plugin validation succeded
Info 25   [12:54:36.298] Starting updateGraphWorker: Project: /dev/null/inferredProject1*
Info 26   [12:54:36.762] Finishing updateGraphWorker: Project: /dev/null/inferredProject1* Version: 1 structureChanged: true Elapsed: 464ms
Info 27   [12:54:36.762] Project '/dev/null/inferredProject1*' (Inferred) 
Info 28   [12:54:36.762] 	Files (6)

Info 29   [12:54:36.762] -----------------------------------------------
Info 30   [12:55:15.317] FileWatcher:: Triggered with /home/igfersa/Documents/develop/Angular9/exerciseList/src/app/app.module.ts 1:: WatchInfo: /home/igfersa/Documents/develop/Angular9/exerciseList/src/app/app.module.ts 500 undefined Project:  WatchType: Closed Script info
Info 31   [12:55:15.317] Elapsed:: 0ms FileWatcher:: Triggered with /home/igfersa/Documents/develop/Angular9/exerciseList/src/app/app.module.ts 1:: WatchInfo: /home/igfersa/Documents/develop/Angular9/exerciseList/src/app/app.module.ts 500 undefined Project:  WatchType: Closed Script info
Info 32   [12:55:15.318] FileWatcher:: Triggered with /home/igfersa/Documents/develop/Angular9/exerciseList/src/app/app.module.ts 1:: WatchInfo: /home/igfersa/Documents/develop/Angular9/exerciseList/src/app/app.module.ts 500 undefined Project:  WatchType: Closed Script info
Info 33   [12:55:15.318] Elapsed:: 0ms FileWatcher:: Triggered with /home/igfersa/Documents/develop/Angular9/exerciseList/src/app/app.module.ts 1:: WatchInfo: /home/igfersa/Documents/develop/Angular9/exerciseList/src/app/app.module.ts 500 undefined Project:  WatchType: Closed Script info
Info 34   [12:55:15.568] Starting updateGraphWorker: Project: /home/igfersa/Documents/develop/Angular9/exerciseList/tsconfig.json
Info 35   [12:55:15.657] Finishing updateGraphWorker: Project: /home/igfersa/Documents/develop/Angular9/exerciseList/tsconfig.json Version: 3 structureChanged: true Elapsed: 89ms
Info 36   [12:55:15.657] Project '/home/igfersa/Documents/develop/Angular9/exerciseList/tsconfig.json' (Configured) 
Info 37   [12:55:15.657] 	Files (319)

Info 38   [12:55:15.657] -----------------------------------------------
Info 39   [12:55:15.659] Structure before ensureProjectForOpenFiles:
Info 40   [12:55:15.659] Structure after ensureProjectForOpenFiles:
Info 41   [12:55:15.860] Search path: /home/igfersa/Documents/develop/Angular9/exerciseList/src/app
Info 42   [12:55:15.861] For info: /home/igfersa/Documents/develop/Angular9/exerciseList/src/app/app.component.html :: Config file name: /home/igfersa/Documents/develop/Angular9/exerciseList/tsconfig.json
Info 43   [12:55:16.585] DirectoryWatcher:: Triggered with /home/igfersa/Documents/develop/Angular9/exerciseList :: WatchInfo: /home/igfersa/Documents/develop/Angular9/exerciseList 1 undefined Project: /home/igfersa/Documents/develop/Angular9/exerciseList/tsconfig.json WatchType: Wild card directory
Info 44   [12:55:16.586] Elapsed:: 1ms DirectoryWatcher:: Triggered with /home/igfersa/Documents/develop/Angular9/exerciseList :: WatchInfo: /home/igfersa/Documents/develop/Angular9/exerciseList 1 undefined Project: /home/igfersa/Documents/develop/Angular9/exerciseList/tsconfig.json WatchType: Wild card directory
Info 45   [12:55:16.586] DirectoryWatcher:: Triggered with /home/igfersa/Documents/develop/Angular9/exerciseList/src :: WatchInfo: /home/igfersa/Documents/develop/Angular9/exerciseList/src 1 undefined Project: /home/igfersa/Documents/develop/Angular9/exerciseList/tsconfig.json WatchType: Failed Lookup Locations
Info 46   [12:55:16.586] Elapsed:: 0ms DirectoryWatcher:: Triggered with /home/igfersa/Documents/develop/Angular9/exerciseList/src :: WatchInfo: /home/igfersa/Documents/develop/Angular9/exerciseList/src 1 undefined Project: /home/igfersa/Documents/develop/Angular9/exerciseList/tsconfig.json WatchType: Failed Lookup Locations
Info 47   [12:55:16.851] Starting updateGraphWorker: Project: /home/igfersa/Documents/develop/Angular9/exerciseList/tsconfig.json
Info 48   [12:55:17.485] Finishing updateGraphWorker: Project: /home/igfersa/Documents/develop/Angular9/exerciseList/tsconfig.json Version: 4 structureChanged: true Elapsed: 634ms
Info 49   [12:55:17.485] Project '/home/igfersa/Documents/develop/Angular9/exerciseList/tsconfig.json' (Configured) 
Info 50   [12:55:17.485] 	Files (320)

Info 51   [12:55:17.485] -----------------------------------------------
Info 52   [12:55:17.486] Structure before ensureProjectForOpenFiles:
Info 53   [12:55:17.486] Starting updateGraphWorker: Project: /dev/null/inferredProject1*
Info 54   [12:55:17.488] Finishing updateGraphWorker: Project: /dev/null/inferredProject1* Version: 2 structureChanged: true Elapsed: 2ms
Info 55   [12:55:17.488] Project '/dev/null/inferredProject1*' (Inferred) 
Info 56   [12:55:17.488] 	Files (0)

Info 57   [12:55:17.488] -----------------------------------------------
Info 58   [12:55:17.488] Structure after ensureProjectForOpenFiles:
Info 59   [12:55:36.479] Search path: /home/igfersa/Documents/develop/Angular9/exerciseList/src/app/panel
Info 60   [12:55:36.479] For info: /home/igfersa/Documents/develop/Angular9/exerciseList/src/app/panel/panel.component.ts :: Config file name: /home/igfersa/Documents/develop/Angular9/exerciseList/tsconfig.json
Info 61   [12:55:36.480] `remove Project::
Info 62   [12:55:36.480] Project '/dev/null/inferredProject1*' (Inferred) 
Info 63   [12:55:36.480] 	Files (0)

Info 64   [12:55:36.480] -----------------------------------------------
Info 65   [12:55:39.64] Search path: /home/igfersa/Documents/develop/Angular9/exerciseList/src/app/panel
Info 66   [12:55:39.64] For info: /home/igfersa/Documents/develop/Angular9/exerciseList/src/app/panel/panel.component.html :: Config file name: /home/igfersa/Documents/develop/Angular9/exerciseList/tsconfig.json
Info 67   [12:55:39.65] Loading global plugin @angular/language-service
Info 68   [12:55:39.65] Enabling plugin @angular/language-service from candidate paths: /home/igfersa/.vscode-oss/extensions/angular.ng-template-0.901.3/server/node_modules/@angular/language-service/bundles/language-service.umd.js,/home/igfersa/.vscode-oss/extensions/angular.ng-template-0.901.3/node_modules/typescript/lib/tsserverlibrary.js/../../..
Info 69   [12:55:39.65] Loading @angular/language-service from /home/igfersa/.vscode-oss/extensions/angular.ng-template-0.901.3/server/node_modules/@angular/language-service/bundles/language-service.umd.js (resolved to /home/igfersa/.vscode-oss/extensions/angular.ng-template-0.901.3/server/node_modules/@angular/language-service/bundles/language-service.umd.js/node_modules)
Info 70   [12:55:39.134] Plugin validation succeded
Info 71   [12:55:39.135] Starting updateGraphWorker: Project: /dev/null/inferredProject2*
Info 72   [12:55:39.171] Finishing updateGraphWorker: Project: /dev/null/inferredProject2* Version: 1 structureChanged: true Elapsed: 36ms
Info 73   [12:55:39.172] Project '/dev/null/inferredProject2*' (Inferred) 
Info 74   [12:55:39.172] 	Files (6)

Info 75   [12:55:39.172] -----------------------------------------------
Info 76   [12:55:39.399] Search path: /home/igfersa/Documents/develop/Angular9/exerciseList/src/app/panel
Info 77   [12:55:39.399] For info: /home/igfersa/Documents/develop/Angular9/exerciseList/src/app/panel/panel.component.html :: Config file name: /home/igfersa/Documents/develop/Angular9/exerciseList/tsconfig.json
Info 78   [12:55:41.897] Starting updateGraphWorker: Project: /home/igfersa/Documents/develop/Angular9/exerciseList/tsconfig.json
Info 79   [12:55:41.993] Finishing updateGraphWorker: Project: /home/igfersa/Documents/develop/Angular9/exerciseList/tsconfig.json Version: 5 structureChanged: false Elapsed: 96ms
Info 80   [12:55:41.993] Project '/home/igfersa/Documents/develop/Angular9/exerciseList/tsconfig.json' (Configured) 
Info 81   [12:55:41.993] 	Files (320)

Info 82   [12:55:41.993] -----------------------------------------------
Info 83   [12:55:44.552] Starting updateGraphWorker: Project: /home/igfersa/Documents/develop/Angular9/exerciseList/tsconfig.json
Info 84   [12:55:44.620] Finishing updateGraphWorker: Project: /home/igfersa/Documents/develop/Angular9/exerciseList/tsconfig.json Version: 6 structureChanged: false Elapsed: 68ms
Info 85   [12:55:44.620] Different program with same set of files:: oldProgram.structureIsReused:: 2
Info 86   [12:55:45.824] Starting updateGraphWorker: Project: /home/igfersa/Documents/develop/Angular9/exerciseList/tsconfig.json
Info 87   [12:55:45.855] Finishing updateGraphWorker: Project: /home/igfersa/Documents/develop/Angular9/exerciseList/tsconfig.json Version: 7 structureChanged: false Elapsed: 31ms
Info 88   [12:55:45.855] Different program with same set of files:: oldProgram.structureIsReused:: 2
Info 89   [12:55:46.671] Starting updateGraphWorker: Project: /home/igfersa/Documents/develop/Angular9/exerciseList/tsconfig.json
Info 90   [12:55:46.695] Finishing updateGraphWorker: Project: /home/igfersa/Documents/develop/Angular9/exerciseList/tsconfig.json Version: 8 structureChanged: false Elapsed: 24ms
Info 91   [12:55:46.696] Different program with same set of files:: oldProgram.structureIsReused:: 2
Info 92   [12:55:47.639] Starting updateGraphWorker: Project: /home/igfersa/Documents/develop/Angular9/exerciseList/tsconfig.json
Info 93   [12:55:47.660] Finishing updateGraphWorker: Project: /home/igfersa/Documents/develop/Angular9/exerciseList/tsconfig.json Version: 9 structureChanged: false Elapsed: 21ms
Info 94   [12:55:47.660] Different program with same set of files:: oldProgram.structureIsReused:: 2
Info 95   [12:55:49.439] Starting updateGraphWorker: Project: /home/igfersa/Documents/develop/Angular9/exerciseList/tsconfig.json
Info 96   [12:55:49.463] Finishing updateGraphWorker: Project: /home/igfersa/Documents/develop/Angular9/exerciseList/tsconfig.json Version: 10 structureChanged: false Elapsed: 24ms
Info 97   [12:55:49.463] Different program with same set of files:: oldProgram.structureIsReused:: 2
Info 98   [12:55:50.179] Starting updateGraphWorker: Project: /home/igfersa/Documents/develop/Angular9/exerciseList/tsconfig.json
Info 99   [12:55:50.202] Finishing updateGraphWorker: Project: /home/igfersa/Documents/develop/Angular9/exerciseList/tsconfig.json Version: 11 structureChanged: false Elapsed: 23ms
Info 100  [12:55:50.202] Different program with same set of files:: oldProgram.structureIsReused:: 2
Info 101  [12:55:50.245] Starting updateGraphWorker: Project: /home/igfersa/Documents/develop/Angular9/exerciseList/tsconfig.json
Info 102  [12:55:50.264] Finishing updateGraphWorker: Project: /home/igfersa/Documents/develop/Angular9/exerciseList/tsconfig.json Version: 12 structureChanged: false Elapsed: 19ms
Info 103  [12:55:50.264] Different program with same set of files:: oldProgram.structureIsReused:: 2
Info 104  [12:55:51.179] Starting updateGraphWorker: Project: /home/igfersa/Documents/develop/Angular9/exerciseList/tsconfig.json
Info 105  [12:55:51.202] Finishing updateGraphWorker: Project: /home/igfersa/Documents/develop/Angular9/exerciseList/tsconfig.json Version: 13 structureChanged: false Elapsed: 23ms
Info 106  [12:55:51.202] Different program with same set of files:: oldProgram.structureIsReused:: 2
Info 107  [12:55:51.571] Starting updateGraphWorker: Project: /home/igfersa/Documents/develop/Angular9/exerciseList/tsconfig.json
Info 108  [12:55:51.593] Finishing updateGraphWorker: Project: /home/igfersa/Documents/develop/Angular9/exerciseList/tsconfig.json Version: 14 structureChanged: false Elapsed: 22ms
Info 109  [12:55:51.593] Different program with same set of files:: oldProgram.structureIsReused:: 2
Info 110  [12:55:51.728] Starting updateGraphWorker: Project: /home/igfersa/Documents/develop/Angular9/exerciseList/tsconfig.json
Info 111  [12:55:51.740] Finishing updateGraphWorker: Project: /home/igfersa/Documents/develop/Angular9/exerciseList/tsconfig.json Version: 15 structureChanged: false Elapsed: 12ms
Info 112  [12:55:51.740] Different program with same set of files:: oldProgram.structureIsReused:: 2
Info 113  [12:55:52.24] Starting updateGraphWorker: Project: /home/igfersa/Documents/develop/Angular9/exerciseList/tsconfig.json
Info 114  [12:55:52.36] Finishing updateGraphWorker: Project: /home/igfersa/Documents/develop/Angular9/exerciseList/tsconfig.json Version: 16 structureChanged: false Elapsed: 12ms
Info 115  [12:55:52.36] Different program with same set of files:: oldProgram.structureIsReused:: 2
Info 116  [12:55:52.673] Starting updateGraphWorker: Project: /home/igfersa/Documents/develop/Angular9/exerciseList/tsconfig.json
Info 117  [12:55:52.697] Finishing updateGraphWorker: Project: /home/igfersa/Documents/develop/Angular9/exerciseList/tsconfig.json Version: 17 structureChanged: false Elapsed: 24ms
Info 118  [12:55:52.697] Different program with same set of files:: oldProgram.structureIsReused:: 2
Info 119  [12:55:54.880] Starting updateGraphWorker: Project: /home/igfersa/Documents/develop/Angular9/exerciseList/tsconfig.json
Info 120  [12:55:54.899] Finishing updateGraphWorker: Project: /home/igfersa/Documents/develop/Angular9/exerciseList/tsconfig.json Version: 18 structureChanged: false Elapsed: 19ms
Info 121  [12:55:54.899] Different program with same set of files:: oldProgram.structureIsReused:: 2
Info 122  [12:55:55.492] Starting updateGraphWorker: Project: /home/igfersa/Documents/develop/Angular9/exerciseList/tsconfig.json
Info 123  [12:55:55.502] Finishing updateGraphWorker: Project: /home/igfersa/Documents/develop/Angular9/exerciseList/tsconfig.json Version: 19 structureChanged: false Elapsed: 10ms
Info 124  [12:55:55.502] Different program with same set of files:: oldProgram.structureIsReused:: 2
Info 125  [12:55:55.520] Starting updateGraphWorker: Project: /home/igfersa/Documents/develop/Angular9/exerciseList/tsconfig.json
Info 126  [12:55:55.548] Finishing updateGraphWorker: Project: /home/igfersa/Documents/develop/Angular9/exerciseList/tsconfig.json Version: 20 structureChanged: false Elapsed: 28ms
Info 127  [12:55:55.548] Different program with same set of files:: oldProgram.structureIsReused:: 2
Info 128  [12:55:56.81] Starting updateGraphWorker: Project: /home/igfersa/Documents/develop/Angular9/exerciseList/tsconfig.json
Info 129  [12:55:56.96] Finishing updateGraphWorker: Project: /home/igfersa/Documents/develop/Angular9/exerciseList/tsconfig.json Version: 21 structureChanged: false Elapsed: 15ms
Info 130  [12:55:56.96] Different program with same set of files:: oldProgram.structureIsReused:: 2
Info 131  [12:55:56.769] Starting updateGraphWorker: Project: /home/igfersa/Documents/develop/Angular9/exerciseList/tsconfig.json
Info 132  [12:55:56.786] Finishing updateGraphWorker: Project: /home/igfersa/Documents/develop/Angular9/exerciseList/tsconfig.json Version: 22 structureChanged: false Elapsed: 16ms
Info 133  [12:55:56.786] Different program with same set of files:: oldProgram.structureIsReused:: 2
Info 134  [12:55:57.285] Starting updateGraphWorker: Project: /home/igfersa/Documents/develop/Angular9/exerciseList/tsconfig.json
Info 135  [12:55:57.295] Finishing updateGraphWorker: Project: /home/igfersa/Documents/develop/Angular9/exerciseList/tsconfig.json Version: 23 structureChanged: false Elapsed: 10ms
Info 136  [12:55:57.295] Different program with same set of files:: oldProgram.structureIsReused:: 2
Info 137  [12:55:57.589] Starting updateGraphWorker: Project: /home/igfersa/Documents/develop/Angular9/exerciseList/tsconfig.json
Info 138  [12:55:57.603] Finishing updateGraphWorker: Project: /home/igfersa/Documents/develop/Angular9/exerciseList/tsconfig.json Version: 24 structureChanged: false Elapsed: 14ms
Info 139  [12:55:57.603] Different program with same set of files:: oldProgram.structureIsReused:: 2
Info 140  [12:55:57.827] Starting updateGraphWorker: Project: /home/igfersa/Documents/develop/Angular9/exerciseList/tsconfig.json
Info 141  [12:55:57.837] Finishing updateGraphWorker: Project: /home/igfersa/Documents/develop/Angular9/exerciseList/tsconfig.json Version: 25 structureChanged: false Elapsed: 9ms
Info 142  [12:55:57.837] Different program with same set of files:: oldProgram.structureIsReused:: 2
Info 143  [12:55:58.91] Starting updateGraphWorker: Project: /home/igfersa/Documents/develop/Angular9/exerciseList/tsconfig.json
Info 144  [12:55:58.100] Finishing updateGraphWorker: Project: /home/igfersa/Documents/develop/Angular9/exerciseList/tsconfig.json Version: 26 structureChanged: false Elapsed: 9ms
Info 145  [12:55:58.100] Different program with same set of files:: oldProgram.structureIsReused:: 2
Info 146  [12:55:58.935] Starting updateGraphWorker: Project: /home/igfersa/Documents/develop/Angular9/exerciseList/tsconfig.json
Info 147  [12:55:58.949] Finishing updateGraphWorker: Project: /home/igfersa/Documents/develop/Angular9/exerciseList/tsconfig.json Version: 27 structureChanged: false Elapsed: 14ms
Info 148  [12:55:58.949] Different program with same set of files:: oldProgram.structureIsReused:: 2
Info 149  [12:56:4.199] Starting updateGraphWorker: Project: /home/igfersa/Documents/develop/Angular9/exerciseList/tsconfig.json
Info 150  [12:56:4.208] Finishing updateGraphWorker: Project: /home/igfersa/Documents/develop/Angular9/exerciseList/tsconfig.json Version: 28 structureChanged: false Elapsed: 9ms
Info 151  [12:56:4.208] Different program with same set of files:: oldProgram.structureIsReused:: 2
Info 152  [12:56:6.162] Starting updateGraphWorker: Project: /home/igfersa/Documents/develop/Angular9/exerciseList/tsconfig.json
Info 153  [12:56:6.180] Finishing updateGraphWorker: Project: /home/igfersa/Documents/develop/Angular9/exerciseList/tsconfig.json Version: 29 structureChanged: false Elapsed: 18ms
Info 154  [12:56:6.180] Different program with same set of files:: oldProgram.structureIsReused:: 2
Info 155  [12:56:6.838] Starting updateGraphWorker: Project: /home/igfersa/Documents/develop/Angular9/exerciseList/tsconfig.json
Info 156  [12:56:6.855] Finishing updateGraphWorker: Project: /home/igfersa/Documents/develop/Angular9/exerciseList/tsconfig.json Version: 30 structureChanged: false Elapsed: 17ms
Info 157  [12:56:6.855] Different program with same set of files:: oldProgram.structureIsReused:: 2
Info 158  [12:56:7.575] Starting updateGraphWorker: Project: /home/igfersa/Documents/develop/Angular9/exerciseList/tsconfig.json
Info 159  [12:56:7.591] Finishing updateGraphWorker: Project: /home/igfersa/Documents/develop/Angular9/exerciseList/tsconfig.json Version: 31 structureChanged: false Elapsed: 16ms
Info 160  [12:56:7.591] Different program with same set of files:: oldProgram.structureIsReused:: 2
Info 161  [12:56:8.341] Starting updateGraphWorker: Project: /home/igfersa/Documents/develop/Angular9/exerciseList/tsconfig.json
Info 162  [12:56:8.356] Finishing updateGraphWorker: Project: /home/igfersa/Documents/develop/Angular9/exerciseList/tsconfig.json Version: 32 structureChanged: false Elapsed: 14ms
Info 163  [12:56:8.356] Different program with same set of files:: oldProgram.structureIsReused:: 2
Info 164  [12:56:8.434] Starting updateGraphWorker: Project: /home/igfersa/Documents/develop/Angular9/exerciseList/tsconfig.json
Info 165  [12:56:8.459] Finishing updateGraphWorker: Project: /home/igfersa/Documents/develop/Angular9/exerciseList/tsconfig.json Version: 33 structureChanged: false Elapsed: 25ms
Info 166  [12:56:8.459] Different program with same set of files:: oldProgram.structureIsReused:: 2
Info 167  [12:56:9.398] Starting updateGraphWorker: Project: /home/igfersa/Documents/develop/Angular9/exerciseList/tsconfig.json
Info 168  [12:56:9.405] Finishing updateGraphWorker: Project: /home/igfersa/Documents/develop/Angular9/exerciseList/tsconfig.json Version: 34 structureChanged: false Elapsed: 7ms
Info 169  [12:56:9.405] Different program with same set of files:: oldProgram.structureIsReused:: 2
Info 170  [12:56:12.4] Starting updateGraphWorker: Project: /home/igfersa/Documents/develop/Angular9/exerciseList/tsconfig.json
Info 171  [12:56:12.13] Finishing updateGraphWorker: Project: /home/igfersa/Documents/develop/Angular9/exerciseList/tsconfig.json Version: 35 structureChanged: false Elapsed: 8ms
Info 172  [12:56:12.13] Different program with same set of files:: oldProgram.structureIsReused:: 2
Info 173  [12:56:12.397] Starting updateGraphWorker: Project: /home/igfersa/Documents/develop/Angular9/exerciseList/tsconfig.json
Info 174  [12:56:12.407] Finishing updateGraphWorker: Project: /home/igfersa/Documents/develop/Angular9/exerciseList/tsconfig.json Version: 36 structureChanged: false Elapsed: 10ms
Info 175  [12:56:12.407] Different program with same set of files:: oldProgram.structureIsReused:: 2
Info 176  [12:56:14.763] Starting updateGraphWorker: Project: /home/igfersa/Documents/develop/Angular9/exerciseList/tsconfig.json
Info 177  [12:56:14.772] Finishing updateGraphWorker: Project: /home/igfersa/Documents/develop/Angular9/exerciseList/tsconfig.json Version: 37 structureChanged: false Elapsed: 9ms
Info 178  [12:56:14.772] Different program with same set of files:: oldProgram.structureIsReused:: 2
Info 179  [12:56:15.560] Starting updateGraphWorker: Project: /home/igfersa/Documents/develop/Angular9/exerciseList/tsconfig.json
Info 180  [12:56:15.578] Finishing updateGraphWorker: Project: /home/igfersa/Documents/develop/Angular9/exerciseList/tsconfig.json Version: 38 structureChanged: false Elapsed: 18ms
Info 181  [12:56:15.578] Different program with same set of files:: oldProgram.structureIsReused:: 2
Info 182  [12:56:16.573] Starting updateGraphWorker: Project: /home/igfersa/Documents/develop/Angular9/exerciseList/tsconfig.json
Info 183  [12:56:16.587] Finishing updateGraphWorker: Project: /home/igfersa/Documents/develop/Angular9/exerciseList/tsconfig.json Version: 39 structureChanged: false Elapsed: 14ms
Info 184  [12:56:16.587] Different program with same set of files:: oldProgram.structureIsReused:: 2
Info 185  [12:56:17.58] Starting updateGraphWorker: Project: /home/igfersa/Documents/develop/Angular9/exerciseList/tsconfig.json
Info 186  [12:56:17.65] Finishing updateGraphWorker: Project: /home/igfersa/Documents/develop/Angular9/exerciseList/tsconfig.json Version: 40 structureChanged: false Elapsed: 7ms
Info 187  [12:56:17.65] Different program with same set of files:: oldProgram.structureIsReused:: 2
Info 188  [12:56:17.898] Starting updateGraphWorker: Project: /home/igfersa/Documents/develop/Angular9/exerciseList/tsconfig.json
Info 189  [12:56:17.911] Finishing updateGraphWorker: Project: /home/igfersa/Documents/develop/Angular9/exerciseList/tsconfig.json Version: 41 structureChanged: false Elapsed: 13ms
Info 190  [12:56:17.911] Different program with same set of files:: oldProgram.structureIsReused:: 2
Info 191  [12:56:18.538] Starting updateGraphWorker: Project: /home/igfersa/Documents/develop/Angular9/exerciseList/tsconfig.json
Info 192  [12:56:18.555] Finishing updateGraphWorker: Project: /home/igfersa/Documents/develop/Angular9/exerciseList/tsconfig.json Version: 42 structureChanged: false Elapsed: 17ms
Info 193  [12:56:18.556] Different program with same set of files:: oldProgram.structureIsReused:: 2
Info 194  [12:56:21.200] Starting updateGraphWorker: Project: /home/igfersa/Documents/develop/Angular9/exerciseList/tsconfig.json
Info 195  [12:56:21.217] Finishing updateGraphWorker: Project: /home/igfersa/Documents/develop/Angular9/exerciseList/tsconfig.json Version: 43 structureChanged: false Elapsed: 16ms
Info 196  [12:56:21.217] Different program with same set of files:: oldProgram.structureIsReused:: 2
Info 197  [12:56:21.651] Starting updateGraphWorker: Project: /home/igfersa/Documents/develop/Angular9/exerciseList/tsconfig.json
Info 198  [12:56:21.664] Finishing updateGraphWorker: Project: /home/igfersa/Documents/develop/Angular9/exerciseList/tsconfig.json Version: 44 structureChanged: false Elapsed: 12ms
Info 199  [12:56:21.664] Different program with same set of files:: oldProgram.structureIsReused:: 2
Info 200  [12:56:23.474] Starting updateGraphWorker: Project: /home/igfersa/Documents/develop/Angular9/exerciseList/tsconfig.json
Info 201  [12:56:23.488] Finishing updateGraphWorker: Project: /home/igfersa/Documents/develop/Angular9/exerciseList/tsconfig.json Version: 45 structureChanged: false Elapsed: 14ms
Info 202  [12:56:23.488] Different program with same set of files:: oldProgram.structureIsReused:: 2
Info 203  [12:56:24.114] Starting updateGraphWorker: Project: /home/igfersa/Documents/develop/Angular9/exerciseList/tsconfig.json
Info 204  [12:56:24.131] Finishing updateGraphWorker: Project: /home/igfersa/Documents/develop/Angular9/exerciseList/tsconfig.json Version: 46 structureChanged: false Elapsed: 17ms
Info 205  [12:56:24.131] Different program with same set of files:: oldProgram.structureIsReused:: 2
Info 206  [12:56:24.974] Starting updateGraphWorker: Project: /home/igfersa/Documents/develop/Angular9/exerciseList/tsconfig.json
Info 207  [12:56:24.984] Finishing updateGraphWorker: Project: /home/igfersa/Documents/develop/Angular9/exerciseList/tsconfig.json Version: 47 structureChanged: false Elapsed: 10ms
Info 208  [12:56:24.984] Different program with same set of files:: oldProgram.structureIsReused:: 2
Info 209  [12:56:25.850] Starting updateGraphWorker: Project: /home/igfersa/Documents/develop/Angular9/exerciseList/tsconfig.json
Info 210  [12:56:25.864] Finishing updateGraphWorker: Project: /home/igfersa/Documents/develop/Angular9/exerciseList/tsconfig.json Version: 48 structureChanged: false Elapsed: 14ms
Info 211  [12:56:25.864] Different program with same set of files:: oldProgram.structureIsReused:: 2
Info 212  [12:56:26.591] Starting updateGraphWorker: Project: /home/igfersa/Documents/develop/Angular9/exerciseList/tsconfig.json
Info 213  [12:56:26.609] Finishing updateGraphWorker: Project: /home/igfersa/Documents/develop/Angular9/exerciseList/tsconfig.json Version: 49 structureChanged: false Elapsed: 18ms
Info 214  [12:56:26.610] Different program with same set of files:: oldProgram.structureIsReused:: 2
Info 215  [12:56:26.832] Starting updateGraphWorker: Project: /home/igfersa/Documents/develop/Angular9/exerciseList/tsconfig.json
Info 216  [12:56:26.839] Finishing updateGraphWorker: Project: /home/igfersa/Documents/develop/Angular9/exerciseList/tsconfig.json Version: 50 structureChanged: false Elapsed: 7ms
Info 217  [12:56:26.839] Different program with same set of files:: oldProgram.structureIsReused:: 2
Info 218  [12:56:28.800] Starting updateGraphWorker: Project: /home/igfersa/Documents/develop/Angular9/exerciseList/tsconfig.json
Info 219  [12:56:28.812] Finishing updateGraphWorker: Project: /home/igfersa/Documents/develop/Angular9/exerciseList/tsconfig.json Version: 51 structureChanged: false Elapsed: 12ms
Info 220  [12:56:28.812] Different program with same set of files:: oldProgram.structureIsReused:: 2
Info 221  [12:56:29.964] Starting updateGraphWorker: Project: /home/igfersa/Documents/develop/Angular9/exerciseList/tsconfig.json
Info 222  [12:56:29.971] Finishing updateGraphWorker: Project: /home/igfersa/Documents/develop/Angular9/exerciseList/tsconfig.json Version: 52 structureChanged: false Elapsed: 7ms
Info 223  [12:56:29.971] Different program with same set of files:: oldProgram.structureIsReused:: 2
Info 224  [12:56:30.414] Starting updateGraphWorker: Project: /home/igfersa/Documents/develop/Angular9/exerciseList/tsconfig.json
Info 225  [12:56:30.427] Finishing updateGraphWorker: Project: /home/igfersa/Documents/develop/Angular9/exerciseList/tsconfig.json Version: 53 structureChanged: false Elapsed: 13ms
Info 226  [12:56:30.427] Different program with same set of files:: oldProgram.structureIsReused:: 2
Info 227  [12:56:34.605] Starting updateGraphWorker: Project: /home/igfersa/Documents/develop/Angular9/exerciseList/tsconfig.json
Info 228  [12:56:34.636] Finishing updateGraphWorker: Project: /home/igfersa/Documents/develop/Angular9/exerciseList/tsconfig.json Version: 54 structureChanged: false Elapsed: 31ms
Info 229  [12:56:34.636] Different program with same set of files:: oldProgram.structureIsReused:: 2
Info 230  [12:56:37.426] Starting updateGraphWorker: Project: /home/igfersa/Documents/develop/Angular9/exerciseList/tsconfig.json
Info 231  [12:56:37.433] Finishing updateGraphWorker: Project: /home/igfersa/Documents/develop/Angular9/exerciseList/tsconfig.json Version: 55 structureChanged: false Elapsed: 7ms
Info 232  [12:56:37.433] Different program with same set of files:: oldProgram.structureIsReused:: 2
Info 233  [12:56:38.269] Starting updateGraphWorker: Project: /home/igfersa/Documents/develop/Angular9/exerciseList/tsconfig.json
Info 234  [12:56:38.282] Finishing updateGraphWorker: Project: /home/igfersa/Documents/develop/Angular9/exerciseList/tsconfig.json Version: 56 structureChanged: false Elapsed: 13ms
Info 235  [12:56:38.282] Different program with same set of files:: oldProgram.structureIsReused:: 2
Info 236  [12:56:40.415] Starting updateGraphWorker: Project: /home/igfersa/Documents/develop/Angular9/exerciseList/tsconfig.json
Info 237  [12:56:40.433] Finishing updateGraphWorker: Project: /home/igfersa/Documents/develop/Angular9/exerciseList/tsconfig.json Version: 57 structureChanged: false Elapsed: 17ms
Info 238  [12:56:40.433] Different program with same set of files:: oldProgram.structureIsReused:: 2
Info 239  [12:56:40.739] Starting updateGraphWorker: Project: /home/igfersa/Documents/develop/Angular9/exerciseList/tsconfig.json
Info 240  [12:56:40.754] Finishing updateGraphWorker: Project: /home/igfersa/Documents/develop/Angular9/exerciseList/tsconfig.json Version: 58 structureChanged: false Elapsed: 15ms
Info 241  [12:56:40.754] Different program with same set of files:: oldProgram.structureIsReused:: 2
Info 242  [12:56:40.980] Starting updateGraphWorker: Project: /home/igfersa/Documents/develop/Angular9/exerciseList/tsconfig.json
Info 243  [12:56:41.2] Finishing updateGraphWorker: Project: /home/igfersa/Documents/develop/Angular9/exerciseList/tsconfig.json Version: 59 structureChanged: false Elapsed: 22ms
Info 244  [12:56:41.2] Different program with same set of files:: oldProgram.structureIsReused:: 2
Info 245  [12:56:41.229] Starting updateGraphWorker: Project: /home/igfersa/Documents/develop/Angular9/exerciseList/tsconfig.json
Info 246  [12:56:41.236] Finishing updateGraphWorker: Project: /home/igfersa/Documents/develop/Angular9/exerciseList/tsconfig.json Version: 60 structureChanged: false Elapsed: 7ms
Info 247  [12:56:41.236] Different program with same set of files:: oldProgram.structureIsReused:: 2
Info 248  [12:56:41.298] Starting updateGraphWorker: Project: /home/igfersa/Documents/develop/Angular9/exerciseList/tsconfig.json
Info 249  [12:56:41.310] Finishing updateGraphWorker: Project: /home/igfersa/Documents/develop/Angular9/exerciseList/tsconfig.json Version: 61 structureChanged: false Elapsed: 12ms
Info 250  [12:56:41.311] Different program with same set of files:: oldProgram.structureIsReused:: 2
Info 251  [12:56:41.774] Starting updateGraphWorker: Project: /home/igfersa/Documents/develop/Angular9/exerciseList/tsconfig.json
Info 252  [12:56:41.788] Finishing updateGraphWorker: Project: /home/igfersa/Documents/develop/Angular9/exerciseList/tsconfig.json Version: 62 structureChanged: false Elapsed: 14ms
Info 253  [12:56:41.788] Different program with same set of files:: oldProgram.structureIsReused:: 2
Info 254  [12:56:41.825] Starting updateGraphWorker: Project: /home/igfersa/Documents/develop/Angular9/exerciseList/tsconfig.json
Info 255  [12:56:41.834] Finishing updateGraphWorker: Project: /home/igfersa/Documents/develop/Angular9/exerciseList/tsconfig.json Version: 63 structureChanged: false Elapsed: 9ms
Info 256  [12:56:41.834] Different program with same set of files:: oldProgram.structureIsReused:: 2
Info 257  [12:56:42.10] Starting updateGraphWorker: Project: /home/igfersa/Documents/develop/Angular9/exerciseList/tsconfig.json
Info 258  [12:56:42.22] Finishing updateGraphWorker: Project: /home/igfersa/Documents/develop/Angular9/exerciseList/tsconfig.json Version: 64 structureChanged: false Elapsed: 11ms
Info 259  [12:56:42.22] Different program with same set of files:: oldProgram.structureIsReused:: 2
Info 260  [12:56:42.298] Starting updateGraphWorker: Project: /home/igfersa/Documents/develop/Angular9/exerciseList/tsconfig.json
Info 261  [12:56:42.309] Finishing updateGraphWorker: Project: /home/igfersa/Documents/develop/Angular9/exerciseList/tsconfig.json Version: 65 structureChanged: false Elapsed: 10ms
Info 262  [12:56:42.309] Different program with same set of files:: oldProgram.structureIsReused:: 2
Info 263  [12:56:42.513] Starting updateGraphWorker: Project: /home/igfersa/Documents/develop/Angular9/exerciseList/tsconfig.json
Info 264  [12:56:42.529] Finishing updateGraphWorker: Project: /home/igfersa/Documents/develop/Angular9/exerciseList/tsconfig.json Version: 66 structureChanged: false Elapsed: 16ms
Info 265  [12:56:42.529] Different program with same set of files:: oldProgram.structureIsReused:: 2
Info 266  [12:56:42.661] Starting updateGraphWorker: Project: /home/igfersa/Documents/develop/Angular9/exerciseList/tsconfig.json
Info 267  [12:56:42.672] Finishing updateGraphWorker: Project: /home/igfersa/Documents/develop/Angular9/exerciseList/tsconfig.json Version: 67 structureChanged: false Elapsed: 11ms
Info 268  [12:56:42.672] Different program with same set of files:: oldProgram.structureIsReused:: 2
Info 269  [12:56:42.858] Starting updateGraphWorker: Project: /home/igfersa/Documents/develop/Angular9/exerciseList/tsconfig.json
Info 270  [12:56:42.867] Finishing updateGraphWorker: Project: /home/igfersa/Documents/develop/Angular9/exerciseList/tsconfig.json Version: 68 structureChanged: false Elapsed: 9ms
Info 271  [12:56:42.867] Different program with same set of files:: oldProgram.structureIsReused:: 2
Info 272  [12:56:43.209] Starting updateGraphWorker: Project: /home/igfersa/Documents/develop/Angular9/exerciseList/tsconfig.json
Info 273  [12:56:43.221] Finishing updateGraphWorker: Project: /home/igfersa/Documents/develop/Angular9/exerciseList/tsconfig.json Version: 69 structureChanged: false Elapsed: 12ms
Info 274  [12:56:43.221] Different program with same set of files:: oldProgram.structureIsReused:: 2
Info 275  [12:56:44.744] Starting updateGraphWorker: Project: /home/igfersa/Documents/develop/Angular9/exerciseList/tsconfig.json
Info 276  [12:56:44.759] Finishing updateGraphWorker: Project: /home/igfersa/Documents/develop/Angular9/exerciseList/tsconfig.json Version: 70 structureChanged: false Elapsed: 15ms
Info 277  [12:56:44.759] Different program with same set of files:: oldProgram.structureIsReused:: 2
Info 278  [12:56:44.929] Starting updateGraphWorker: Project: /home/igfersa/Documents/develop/Angular9/exerciseList/tsconfig.json
Info 279  [12:56:44.940] Finishing updateGraphWorker: Project: /home/igfersa/Documents/develop/Angular9/exerciseList/tsconfig.json Version: 71 structureChanged: false Elapsed: 11ms
Info 280  [12:56:44.940] Different program with same set of files:: oldProgram.structureIsReused:: 2
Info 281  [12:56:45.517] Starting updateGraphWorker: Project: /home/igfersa/Documents/develop/Angular9/exerciseList/tsconfig.json
Info 282  [12:56:45.536] Finishing updateGraphWorker: Project: /home/igfersa/Documents/develop/Angular9/exerciseList/tsconfig.json Version: 72 structureChanged: false Elapsed: 19ms
Info 283  [12:56:45.536] Different program with same set of files:: oldProgram.structureIsReused:: 2
Info 284  [12:56:45.934] Starting updateGraphWorker: Project: /home/igfersa/Documents/develop/Angular9/exerciseList/tsconfig.json
Info 285  [12:56:45.943] Finishing updateGraphWorker: Project: /home/igfersa/Documents/develop/Angular9/exerciseList/tsconfig.json Version: 73 structureChanged: false Elapsed: 9ms
Info 286  [12:56:45.943] Different program with same set of files:: oldProgram.structureIsReused:: 2
Info 287  [12:56:46.33] Starting updateGraphWorker: Project: /home/igfersa/Documents/develop/Angular9/exerciseList/tsconfig.json
Info 288  [12:56:46.44] Finishing updateGraphWorker: Project: /home/igfersa/Documents/develop/Angular9/exerciseList/tsconfig.json Version: 74 structureChanged: false Elapsed: 11ms
Info 289  [12:56:46.45] Different program with same set of files:: oldProgram.structureIsReused:: 2
Info 290  [12:56:46.245] Starting updateGraphWorker: Project: /home/igfersa/Documents/develop/Angular9/exerciseList/tsconfig.json
Info 291  [12:56:46.261] Finishing updateGraphWorker: Project: /home/igfersa/Documents/develop/Angular9/exerciseList/tsconfig.json Version: 75 structureChanged: false Elapsed: 16ms
Info 292  [12:56:46.261] Different program with same set of files:: oldProgram.structureIsReused:: 2
Info 293  [12:56:46.467] Starting updateGraphWorker: Project: /home/igfersa/Documents/develop/Angular9/exerciseList/tsconfig.json
Info 294  [12:56:46.478] Finishing updateGraphWorker: Project: /home/igfersa/Documents/develop/Angular9/exerciseList/tsconfig.json Version: 76 structureChanged: false Elapsed: 11ms
Info 295  [12:56:46.478] Different program with same set of files:: oldProgram.structureIsReused:: 2
Info 296  [12:56:46.699] Starting updateGraphWorker: Project: /home/igfersa/Documents/develop/Angular9/exerciseList/tsconfig.json
Info 297  [12:56:46.722] Finishing updateGraphWorker: Project: /home/igfersa/Documents/develop/Angular9/exerciseList/tsconfig.json Version: 77 structureChanged: false Elapsed: 23ms
Info 298  [12:56:46.722] Different program with same set of files:: oldProgram.structureIsReused:: 2
Info 299  [12:56:46.838] Starting updateGraphWorker: Project: /home/igfersa/Documents/develop/Angular9/exerciseList/tsconfig.json
Info 300  [12:56:46.857] Finishing updateGraphWorker: Project: /home/igfersa/Documents/develop/Angular9/exerciseList/tsconfig.json Version: 78 structureChanged: false Elapsed: 19ms
Info 301  [12:56:46.857] Different program with same set of files:: oldProgram.structureIsReused:: 2
Info 302  [12:56:47.60] Starting updateGraphWorker: Project: /home/igfersa/Documents/develop/Angular9/exerciseList/tsconfig.json
Info 303  [12:56:47.71] Finishing updateGraphWorker: Project: /home/igfersa/Documents/develop/Angular9/exerciseList/tsconfig.json Version: 79 structureChanged: false Elapsed: 11ms
Info 304  [12:56:47.71] Different program with same set of files:: oldProgram.structureIsReused:: 2
Info 305  [12:56:47.228] Starting updateGraphWorker: Project: /home/igfersa/Documents/develop/Angular9/exerciseList/tsconfig.json
Info 306  [12:56:47.238] Finishing updateGraphWorker: Project: /home/igfersa/Documents/develop/Angular9/exerciseList/tsconfig.json Version: 80 structureChanged: false Elapsed: 10ms
Info 307  [12:56:47.238] Different program with same set of files:: oldProgram.structureIsReused:: 2
Info 308  [12:56:49.847] Starting updateGraphWorker: Project: /home/igfersa/Documents/develop/Angular9/exerciseList/tsconfig.json
Info 309  [12:56:49.866] Finishing updateGraphWorker: Project: /home/igfersa/Documents/develop/Angular9/exerciseList/tsconfig.json Version: 81 structureChanged: false Elapsed: 19ms
Info 310  [12:56:49.866] Different program with same set of files:: oldProgram.structureIsReused:: 2
Info 311  [12:56:50.554] Starting updateGraphWorker: Project: /home/igfersa/Documents/develop/Angular9/exerciseList/tsconfig.json
Info 312  [12:56:50.564] Finishing updateGraphWorker: Project: /home/igfersa/Documents/develop/Angular9/exerciseList/tsconfig.json Version: 82 structureChanged: false Elapsed: 10ms
Info 313  [12:56:50.564] Different program with same set of files:: oldProgram.structureIsReused:: 2
Info 314  [12:56:51.733] Starting updateGraphWorker: Project: /home/igfersa/Documents/develop/Angular9/exerciseList/tsconfig.json
Info 315  [12:56:51.742] Finishing updateGraphWorker: Project: /home/igfersa/Documents/develop/Angular9/exerciseList/tsconfig.json Version: 83 structureChanged: false Elapsed: 9ms
Info 316  [12:56:51.742] Different program with same set of files:: oldProgram.structureIsReused:: 2
Info 317  [12:56:55.437] Starting updateGraphWorker: Project: /home/igfersa/Documents/develop/Angular9/exerciseList/tsconfig.json
Info 318  [12:56:55.452] Finishing updateGraphWorker: Project: /home/igfersa/Documents/develop/Angular9/exerciseList/tsconfig.json Version: 84 structureChanged: false Elapsed: 15ms
Info 319  [12:56:55.452] Different program with same set of files:: oldProgram.structureIsReused:: 2
Info 320  [12:56:59.157] Starting updateGraphWorker: Project: /home/igfersa/Documents/develop/Angular9/exerciseList/tsconfig.json
Info 321  [12:56:59.168] Finishing updateGraphWorker: Project: /home/igfersa/Documents/develop/Angular9/exerciseList/tsconfig.json Version: 85 structureChanged: false Elapsed: 11ms
Info 322  [12:56:59.168] Different program with same set of files:: oldProgram.structureIsReused:: 2
Info 323  [12:56:59.887] Starting updateGraphWorker: Project: /home/igfersa/Documents/develop/Angular9/exerciseList/tsconfig.json
Info 324  [12:56:59.900] Finishing updateGraphWorker: Project: /home/igfersa/Documents/develop/Angular9/exerciseList/tsconfig.json Version: 86 structureChanged: false Elapsed: 13ms
Info 325  [12:56:59.900] Different program with same set of files:: oldProgram.structureIsReused:: 2
Info 326  [12:57:1.298] Starting updateGraphWorker: Project: /home/igfersa/Documents/develop/Angular9/exerciseList/tsconfig.json
Info 327  [12:57:1.309] Finishing updateGraphWorker: Project: /home/igfersa/Documents/develop/Angular9/exerciseList/tsconfig.json Version: 87 structureChanged: false Elapsed: 11ms
Info 328  [12:57:1.309] Different program with same set of files:: oldProgram.structureIsReused:: 2
Info 329  [12:57:2.250] Starting updateGraphWorker: Project: /home/igfersa/Documents/develop/Angular9/exerciseList/tsconfig.json
Info 330  [12:57:2.262] Finishing updateGraphWorker: Project: /home/igfersa/Documents/develop/Angular9/exerciseList/tsconfig.json Version: 88 structureChanged: false Elapsed: 12ms
Info 331  [12:57:2.262] Different program with same set of files:: oldProgram.structureIsReused:: 2
Info 332  [12:57:2.611] Starting updateGraphWorker: Project: /home/igfersa/Documents/develop/Angular9/exerciseList/tsconfig.json
Info 333  [12:57:2.622] Finishing updateGraphWorker: Project: /home/igfersa/Documents/develop/Angular9/exerciseList/tsconfig.json Version: 89 structureChanged: false Elapsed: 11ms
Info 334  [12:57:2.622] Different program with same set of files:: oldProgram.structureIsReused:: 2
Info 335  [12:57:3.215] Starting updateGraphWorker: Project: /home/igfersa/Documents/develop/Angular9/exerciseList/tsconfig.json
Info 336  [12:57:3.226] Finishing updateGraphWorker: Project: /home/igfersa/Documents/develop/Angular9/exerciseList/tsconfig.json Version: 90 structureChanged: false Elapsed: 11ms
Info 337  [12:57:3.226] Different program with same set of files:: oldProgram.structureIsReused:: 2
Info 338  [12:57:5.360] Starting updateGraphWorker: Project: /home/igfersa/Documents/develop/Angular9/exerciseList/tsconfig.json
Info 339  [12:57:5.378] Finishing updateGraphWorker: Project: /home/igfersa/Documents/develop/Angular9/exerciseList/tsconfig.json Version: 91 structureChanged: false Elapsed: 17ms
Info 340  [12:57:5.378] Different program with same set of files:: oldProgram.structureIsReused:: 2
Info 341  [12:57:22.242] Starting updateGraphWorker: Project: /home/igfersa/Documents/develop/Angular9/exerciseList/tsconfig.json
Info 342  [12:57:22.259] Finishing updateGraphWorker: Project: /home/igfersa/Documents/develop/Angular9/exerciseList/tsconfig.json Version: 92 structureChanged: false Elapsed: 17ms
Info 343  [12:57:22.259] Different program with same set of files:: oldProgram.structureIsReused:: 2
Info 344  [12:57:25.448] Starting updateGraphWorker: Project: /home/igfersa/Documents/develop/Angular9/exerciseList/tsconfig.json
Info 345  [12:57:25.462] Finishing updateGraphWorker: Project: /home/igfersa/Documents/develop/Angular9/exerciseList/tsconfig.json Version: 93 structureChanged: false Elapsed: 14ms
Info 346  [12:57:25.462] Different program with same set of files:: oldProgram.structureIsReused:: 2
Info 347  [12:57:33.487] Starting updateGraphWorker: Project: /home/igfersa/Documents/develop/Angular9/exerciseList/tsconfig.json
Info 348  [12:57:33.514] Finishing updateGraphWorker: Project: /home/igfersa/Documents/develop/Angular9/exerciseList/tsconfig.json Version: 94 structureChanged: false Elapsed: 27ms
Info 349  [12:57:33.514] Different program with same set of files:: oldProgram.structureIsReused:: 2
Info 350  [12:57:33.780] Starting updateGraphWorker: Project: /home/igfersa/Documents/develop/Angular9/exerciseList/tsconfig.json
Info 351  [12:57:33.794] Finishing updateGraphWorker: Project: /home/igfersa/Documents/develop/Angular9/exerciseList/tsconfig.json Version: 95 structureChanged: false Elapsed: 13ms
Info 352  [12:57:33.794] Different program with same set of files:: oldProgram.structureIsReused:: 2
Info 353  [12:57:34.551] Starting updateGraphWorker: Project: /home/igfersa/Documents/develop/Angular9/exerciseList/tsconfig.json
Info 354  [12:57:34.563] Finishing updateGraphWorker: Project: /home/igfersa/Documents/develop/Angular9/exerciseList/tsconfig.json Version: 96 structureChanged: false Elapsed: 11ms
Info 355  [12:57:34.563] Different program with same set of files:: oldProgram.structureIsReused:: 2
Info 356  [12:57:35.226] Starting updateGraphWorker: Project: /home/igfersa/Documents/develop/Angular9/exerciseList/tsconfig.json
Info 357  [12:57:35.240] Finishing updateGraphWorker: Project: /home/igfersa/Documents/develop/Angular9/exerciseList/tsconfig.json Version: 97 structureChanged: false Elapsed: 14ms
Info 358  [12:57:35.240] Different program with same set of files:: oldProgram.structureIsReused:: 2
Info 359  [12:57:36.575] Starting updateGraphWorker: Project: /home/igfersa/Documents/develop/Angular9/exerciseList/tsconfig.json
Info 360  [12:57:36.584] Finishing updateGraphWorker: Project: /home/igfersa/Documents/develop/Angular9/exerciseList/tsconfig.json Version: 98 structureChanged: false Elapsed: 9ms
Info 361  [12:57:36.585] Different program with same set of files:: oldProgram.structureIsReused:: 2
Info 362  [12:57:41.659] Starting updateGraphWorker: Project: /home/igfersa/Documents/develop/Angular9/exerciseList/tsconfig.json
Info 363  [12:57:41.672] Finishing updateGraphWorker: Project: /home/igfersa/Documents/develop/Angular9/exerciseList/tsconfig.json Version: 99 structureChanged: false Elapsed: 13ms
Info 364  [12:57:41.672] Different program with same set of files:: oldProgram.structureIsReused:: 2
Info 365  [12:57:42.312] Starting updateGraphWorker: Project: /home/igfersa/Documents/develop/Angular9/exerciseList/tsconfig.json
Info 366  [12:57:42.327] Finishing updateGraphWorker: Project: /home/igfersa/Documents/develop/Angular9/exerciseList/tsconfig.json Version: 100 structureChanged: false Elapsed: 15ms
Info 367  [12:57:42.327] Different program with same set of files:: oldProgram.structureIsReused:: 2
Info 368  [12:57:42.344] Starting updateGraphWorker: Project: /home/igfersa/Documents/develop/Angular9/exerciseList/tsconfig.json
Info 369  [12:57:42.353] Finishing updateGraphWorker: Project: /home/igfersa/Documents/develop/Angular9/exerciseList/tsconfig.json Version: 101 structureChanged: false Elapsed: 9ms
Info 370  [12:57:42.353] Different program with same set of files:: oldProgram.structureIsReused:: 2
Info 371  [12:57:43.851] Starting updateGraphWorker: Project: /home/igfersa/Documents/develop/Angular9/exerciseList/tsconfig.json
Info 372  [12:57:43.867] Finishing updateGraphWorker: Project: /home/igfersa/Documents/develop/Angular9/exerciseList/tsconfig.json Version: 102 structureChanged: false Elapsed: 16ms
Info 373  [12:57:43.867] Different program with same set of files:: oldProgram.structureIsReused:: 2
Info 374  [12:57:43.966] Starting updateGraphWorker: Project: /home/igfersa/Documents/develop/Angular9/exerciseList/tsconfig.json
Info 375  [12:57:43.979] Finishing updateGraphWorker: Project: /home/igfersa/Documents/develop/Angular9/exerciseList/tsconfig.json Version: 103 structureChanged: false Elapsed: 12ms
Info 376  [12:57:43.979] Different program with same set of files:: oldProgram.structureIsReused:: 2
Info 377  [12:57:44.473] Starting updateGraphWorker: Project: /home/igfersa/Documents/develop/Angular9/exerciseList/tsconfig.json
Info 378  [12:57:44.484] Finishing updateGraphWorker: Project: /home/igfersa/Documents/develop/Angular9/exerciseList/tsconfig.json Version: 104 structureChanged: false Elapsed: 11ms
Info 379  [12:57:44.484] Different program with same set of files:: oldProgram.structureIsReused:: 2
Info 380  [12:57:46.525] Starting updateGraphWorker: Project: /home/igfersa/Documents/develop/Angular9/exerciseList/tsconfig.json
Info 381  [12:57:46.536] Finishing updateGraphWorker: Project: /home/igfersa/Documents/develop/Angular9/exerciseList/tsconfig.json Version: 105 structureChanged: false Elapsed: 11ms
Info 382  [12:57:46.536] Different program with same set of files:: oldProgram.structureIsReused:: 2
Info 383  [12:57:46.943] Starting updateGraphWorker: Project: /home/igfersa/Documents/develop/Angular9/exerciseList/tsconfig.json
Info 384  [12:57:46.959] Finishing updateGraphWorker: Project: /home/igfersa/Documents/develop/Angular9/exerciseList/tsconfig.json Version: 106 structureChanged: false Elapsed: 16ms
Info 385  [12:57:46.959] Different program with same set of files:: oldProgram.structureIsReused:: 2
Info 386  [12:57:47.98] Starting updateGraphWorker: Project: /home/igfersa/Documents/develop/Angular9/exerciseList/tsconfig.json
Info 387  [12:57:47.111] Finishing updateGraphWorker: Project: /home/igfersa/Documents/develop/Angular9/exerciseList/tsconfig.json Version: 107 structureChanged: false Elapsed: 13ms
Info 388  [12:57:47.111] Different program with same set of files:: oldProgram.structureIsReused:: 2
Info 389  [12:57:47.853] Starting updateGraphWorker: Project: /home/igfersa/Documents/develop/Angular9/exerciseList/tsconfig.json
Info 390  [12:57:47.868] Finishing updateGraphWorker: Project: /home/igfersa/Documents/develop/Angular9/exerciseList/tsconfig.json Version: 108 structureChanged: false Elapsed: 15ms
Info 391  [12:57:47.868] Different program with same set of files:: oldProgram.structureIsReused:: 2
Info 392  [12:57:48.504] Starting updateGraphWorker: Project: /home/igfersa/Documents/develop/Angular9/exerciseList/tsconfig.json
Info 393  [12:57:48.513] Finishing updateGraphWorker: Project: /home/igfersa/Documents/develop/Angular9/exerciseList/tsconfig.json Version: 109 structureChanged: false Elapsed: 9ms
Info 394  [12:57:48.513] Different program with same set of files:: oldProgram.structureIsReused:: 2
Info 395  [12:57:57.889] Starting updateGraphWorker: Project: /home/igfersa/Documents/develop/Angular9/exerciseList/tsconfig.json
Info 396  [12:57:57.899] Finishing updateGraphWorker: Project: /home/igfersa/Documents/develop/Angular9/exerciseList/tsconfig.json Version: 110 structureChanged: false Elapsed: 10ms
Info 397  [12:57:57.899] Different program with same set of files:: oldProgram.structureIsReused:: 2
Info 398  [12:57:59.868] Starting updateGraphWorker: Project: /home/igfersa/Documents/develop/Angular9/exerciseList/tsconfig.json
Info 399  [12:57:59.877] Finishing updateGraphWorker: Project: /home/igfersa/Documents/develop/Angular9/exerciseList/tsconfig.json Version: 111 structureChanged: false Elapsed: 9ms
Info 400  [12:57:59.877] Different program with same set of files:: oldProgram.structureIsReused:: 2
Info 401  [12:58:0.658] Starting updateGraphWorker: Project: /home/igfersa/Documents/develop/Angular9/exerciseList/tsconfig.json
Info 402  [12:58:0.669] Finishing updateGraphWorker: Project: /home/igfersa/Documents/develop/Angular9/exerciseList/tsconfig.json Version: 112 structureChanged: false Elapsed: 11ms
Info 403  [12:58:0.669] Different program with same set of files:: oldProgram.structureIsReused:: 2
Info 404  [12:58:1.85] Starting updateGraphWorker: Project: /home/igfersa/Documents/develop/Angular9/exerciseList/tsconfig.json
Info 405  [12:58:1.108] Finishing updateGraphWorker: Project: /home/igfersa/Documents/develop/Angular9/exerciseList/tsconfig.json Version: 113 structureChanged: false Elapsed: 23ms
Info 406  [12:58:1.108] Different program with same set of files:: oldProgram.structureIsReused:: 2
Info 407  [12:58:2.119] Starting updateGraphWorker: Project: /home/igfersa/Documents/develop/Angular9/exerciseList/tsconfig.json
Info 408  [12:58:2.130] Finishing updateGraphWorker: Project: /home/igfersa/Documents/develop/Angular9/exerciseList/tsconfig.json Version: 114 structureChanged: false Elapsed: 11ms
Info 409  [12:58:2.130] Different program with same set of files:: oldProgram.structureIsReused:: 2
Info 410  [12:58:2.610] Starting updateGraphWorker: Project: /home/igfersa/Documents/develop/Angular9/exerciseList/tsconfig.json
Info 411  [12:58:2.625] Finishing updateGraphWorker: Project: /home/igfersa/Documents/develop/Angular9/exerciseList/tsconfig.json Version: 115 structureChanged: false Elapsed: 15ms
Info 412  [12:58:2.625] Different program with same set of files:: oldProgram.structureIsReused:: 2
Info 413  [12:58:3.276] Starting updateGraphWorker: Project: /home/igfersa/Documents/develop/Angular9/exerciseList/tsconfig.json
Info 414  [12:58:3.292] Finishing updateGraphWorker: Project: /home/igfersa/Documents/develop/Angular9/exerciseList/tsconfig.json Version: 116 structureChanged: false Elapsed: 16ms
Info 415  [12:58:3.292] Different program with same set of files:: oldProgram.structureIsReused:: 2
Info 416  [12:58:3.853] Starting updateGraphWorker: Project: /home/igfersa/Documents/develop/Angular9/exerciseList/tsconfig.json
Info 417  [12:58:3.862] Finishing updateGraphWorker: Project: /home/igfersa/Documents/develop/Angular9/exerciseList/tsconfig.json Version: 117 structureChanged: false Elapsed: 9ms
Info 418  [12:58:3.862] Different program with same set of files:: oldProgram.structureIsReused:: 2
Info 419  [12:58:12.590] Starting updateGraphWorker: Project: /home/igfersa/Documents/develop/Angular9/exerciseList/tsconfig.json
Info 420  [12:58:12.604] Finishing updateGraphWorker: Project: /home/igfersa/Documents/develop/Angular9/exerciseList/tsconfig.json Version: 118 structureChanged: false Elapsed: 14ms
Info 421  [12:58:12.604] Different program with same set of files:: oldProgram.structureIsReused:: 2
Info 422  [12:58:13.426] Starting updateGraphWorker: Project: /home/igfersa/Documents/develop/Angular9/exerciseList/tsconfig.json
Info 423  [12:58:13.439] Finishing updateGraphWorker: Project: /home/igfersa/Documents/develop/Angular9/exerciseList/tsconfig.json Version: 119 structureChanged: false Elapsed: 13ms
Info 424  [12:58:13.439] Different program with same set of files:: oldProgram.structureIsReused:: 2
Info 425  [12:58:13.810] Starting updateGraphWorker: Project: /home/igfersa/Documents/develop/Angular9/exerciseList/tsconfig.json
Info 426  [12:58:13.829] Finishing updateGraphWorker: Project: /home/igfersa/Documents/develop/Angular9/exerciseList/tsconfig.json Version: 120 structureChanged: false Elapsed: 18ms
Info 427  [12:58:13.829] Different program with same set of files:: oldProgram.structureIsReused:: 2
Info 428  [12:58:15.12] Starting updateGraphWorker: Project: /home/igfersa/Documents/develop/Angular9/exerciseList/tsconfig.json
Info 429  [12:58:15.31] Finishing updateGraphWorker: Project: /home/igfersa/Documents/develop/Angular9/exerciseList/tsconfig.json Version: 121 structureChanged: false Elapsed: 19ms
Info 430  [12:58:15.31] Different program with same set of files:: oldProgram.structureIsReused:: 2
Info 431  [12:58:18.236] Starting updateGraphWorker: Project: /home/igfersa/Documents/develop/Angular9/exerciseList/tsconfig.json
Info 432  [12:58:18.249] Finishing updateGraphWorker: Project: /home/igfersa/Documents/develop/Angular9/exerciseList/tsconfig.json Version: 122 structureChanged: false Elapsed: 13ms
Info 433  [12:58:18.249] Different program with same set of files:: oldProgram.structureIsReused:: 2
Info 434  [12:58:19.198] Starting updateGraphWorker: Project: /home/igfersa/Documents/develop/Angular9/exerciseList/tsconfig.json
Info 435  [12:58:19.209] Finishing updateGraphWorker: Project: /home/igfersa/Documents/develop/Angular9/exerciseList/tsconfig.json Version: 123 structureChanged: false Elapsed: 10ms
Info 436  [12:58:19.209] Different program with same set of files:: oldProgram.structureIsReused:: 2
Info 437  [12:58:20.474] Starting updateGraphWorker: Project: /home/igfersa/Documents/develop/Angular9/exerciseList/tsconfig.json
Info 438  [12:58:20.487] Finishing updateGraphWorker: Project: /home/igfersa/Documents/develop/Angular9/exerciseList/tsconfig.json Version: 124 structureChanged: false Elapsed: 13ms
Info 439  [12:58:20.487] Different program with same set of files:: oldProgram.structureIsReused:: 2
Info 440  [12:58:24.694] Starting updateGraphWorker: Project: /home/igfersa/Documents/develop/Angular9/exerciseList/tsconfig.json
Info 441  [12:58:24.707] Finishing updateGraphWorker: Project: /home/igfersa/Documents/develop/Angular9/exerciseList/tsconfig.json Version: 125 structureChanged: false Elapsed: 13ms
Info 442  [12:58:24.707] Different program with same set of files:: oldProgram.structureIsReused:: 2
Info 443  [12:58:25.397] Starting updateGraphWorker: Project: /home/igfersa/Documents/develop/Angular9/exerciseList/tsconfig.json
Info 444  [12:58:25.408] Finishing updateGraphWorker: Project: /home/igfersa/Documents/develop/Angular9/exerciseList/tsconfig.json Version: 126 structureChanged: false Elapsed: 11ms
Info 445  [12:58:25.408] Different program with same set of files:: oldProgram.structureIsReused:: 2
Info 446  [12:58:25.960] Starting updateGraphWorker: Project: /home/igfersa/Documents/develop/Angular9/exerciseList/tsconfig.json
Info 447  [12:58:25.973] Finishing updateGraphWorker: Project: /home/igfersa/Documents/develop/Angular9/exerciseList/tsconfig.json Version: 127 structureChanged: false Elapsed: 13ms
Info 448  [12:58:25.973] Different program with same set of files:: oldProgram.structureIsReused:: 2
Info 449  [12:58:26.195] Starting updateGraphWorker: Project: /home/igfersa/Documents/develop/Angular9/exerciseList/tsconfig.json
Info 450  [12:58:26.204] Finishing updateGraphWorker: Project: /home/igfersa/Documents/develop/Angular9/exerciseList/tsconfig.json Version: 128 structureChanged: false Elapsed: 9ms
Info 451  [12:58:26.204] Different program with same set of files:: oldProgram.structureIsReused:: 2
Info 452  [12:58:26.461] Starting updateGraphWorker: Project: /home/igfersa/Documents/develop/Angular9/exerciseList/tsconfig.json
Info 453  [12:58:26.468] Finishing updateGraphWorker: Project: /home/igfersa/Documents/develop/Angular9/exerciseList/tsconfig.json Version: 129 structureChanged: false Elapsed: 7ms
Info 454  [12:58:26.468] Different program with same set of files:: oldProgram.structureIsReused:: 2
Info 455  [12:58:26.856] Starting updateGraphWorker: Project: /home/igfersa/Documents/develop/Angular9/exerciseList/tsconfig.json
Info 456  [12:58:26.867] Finishing updateGraphWorker: Project: /home/igfersa/Documents/develop/Angular9/exerciseList/tsconfig.json Version: 130 structureChanged: false Elapsed: 11ms
Info 457  [12:58:26.867] Different program with same set of files:: oldProgram.structureIsReused:: 2
Info 458  [12:58:27.543] Starting updateGraphWorker: Project: /home/igfersa/Documents/develop/Angular9/exerciseList/tsconfig.json
Info 459  [12:58:27.557] Finishing updateGraphWorker: Project: /home/igfersa/Documents/develop/Angular9/exerciseList/tsconfig.json Version: 131 structureChanged: false Elapsed: 14ms
Info 460  [12:58:27.557] Different program with same set of files:: oldProgram.structureIsReused:: 2
Info 461  [12:58:27.843] Starting updateGraphWorker: Project: /home/igfersa/Documents/develop/Angular9/exerciseList/tsconfig.json
Info 462  [12:58:27.860] Finishing updateGraphWorker: Project: /home/igfersa/Documents/develop/Angular9/exerciseList/tsconfig.json Version: 132 structureChanged: false Elapsed: 17ms
Info 463  [12:58:27.860] Different program with same set of files:: oldProgram.structureIsReused:: 2
Info 464  [12:58:32.484] Starting updateGraphWorker: Project: /home/igfersa/Documents/develop/Angular9/exerciseList/tsconfig.json
Info 465  [12:58:32.498] Finishing updateGraphWorker: Project: /home/igfersa/Documents/develop/Angular9/exerciseList/tsconfig.json Version: 133 structureChanged: false Elapsed: 14ms
Info 466  [12:58:32.498] Different program with same set of files:: oldProgram.structureIsReused:: 2
Info 467  [12:58:33.93] Starting updateGraphWorker: Project: /home/igfersa/Documents/develop/Angular9/exerciseList/tsconfig.json
Info 468  [12:58:33.103] Finishing updateGraphWorker: Project: /home/igfersa/Documents/develop/Angular9/exerciseList/tsconfig.json Version: 134 structureChanged: false Elapsed: 10ms
Info 469  [12:58:33.103] Different program with same set of files:: oldProgram.structureIsReused:: 2
Info 470  [12:58:35.441] Starting updateGraphWorker: Project: /home/igfersa/Documents/develop/Angular9/exerciseList/tsconfig.json
Info 471  [12:58:35.454] Finishing updateGraphWorker: Project: /home/igfersa/Documents/develop/Angular9/exerciseList/tsconfig.json Version: 135 structureChanged: false Elapsed: 13ms
Info 472  [12:58:35.454] Different program with same set of files:: oldProgram.structureIsReused:: 2
Info 473  [12:58:42.386] Starting updateGraphWorker: Project: /home/igfersa/Documents/develop/Angular9/exerciseList/tsconfig.json
Info 474  [12:58:42.395] Finishing updateGraphWorker: Project: /home/igfersa/Documents/develop/Angular9/exerciseList/tsconfig.json Version: 136 structureChanged: false Elapsed: 9ms
Info 475  [12:58:42.396] Different program with same set of files:: oldProgram.structureIsReused:: 2
Info 476  [12:58:43.901] Starting updateGraphWorker: Project: /home/igfersa/Documents/develop/Angular9/exerciseList/tsconfig.json
Info 477  [12:58:43.918] Finishing updateGraphWorker: Project: /home/igfersa/Documents/develop/Angular9/exerciseList/tsconfig.json Version: 137 structureChanged: false Elapsed: 17ms
Info 478  [12:58:43.918] Different program with same set of files:: oldProgram.structureIsReused:: 2
Info 479  [12:58:44.131] Starting updateGraphWorker: Project: /home/igfersa/Documents/develop/Angular9/exerciseList/tsconfig.json
Info 480  [12:58:44.141] Finishing updateGraphWorker: Project: /home/igfersa/Documents/develop/Angular9/exerciseList/tsconfig.json Version: 138 structureChanged: false Elapsed: 10ms
Info 481  [12:58:44.141] Different program with same set of files:: oldProgram.structureIsReused:: 2
Info 482  [12:58:44.446] Starting updateGraphWorker: Project: /home/igfersa/Documents/develop/Angular9/exerciseList/tsconfig.json
Info 483  [12:58:44.474] Finishing updateGraphWorker: Project: /home/igfersa/Documents/develop/Angular9/exerciseList/tsconfig.json Version: 139 structureChanged: false Elapsed: 28ms
Info 484  [12:58:44.475] Different program with same set of files:: oldProgram.structureIsReused:: 2
Info 485  [12:58:46.204] Starting updateGraphWorker: Project: /home/igfersa/Documents/develop/Angular9/exerciseList/tsconfig.json
Info 486  [12:58:46.211] Finishing updateGraphWorker: Project: /home/igfersa/Documents/develop/Angular9/exerciseList/tsconfig.json Version: 140 structureChanged: false Elapsed: 7ms
Info 487  [12:58:46.211] Different program with same set of files:: oldProgram.structureIsReused:: 2
Info 488  [12:58:46.425] Starting updateGraphWorker: Project: /home/igfersa/Documents/develop/Angular9/exerciseList/tsconfig.json
Info 489  [12:58:46.432] Finishing updateGraphWorker: Project: /home/igfersa/Documents/develop/Angular9/exerciseList/tsconfig.json Version: 141 structureChanged: false Elapsed: 7ms
Info 490  [12:58:46.432] Different program with same set of files:: oldProgram.structureIsReused:: 2
Info 491  [12:58:46.810] Starting updateGraphWorker: Project: /home/igfersa/Documents/develop/Angular9/exerciseList/tsconfig.json
Info 492  [12:58:46.829] Finishing updateGraphWorker: Project: /home/igfersa/Documents/develop/Angular9/exerciseList/tsconfig.json Version: 142 structureChanged: false Elapsed: 19ms
Info 493  [12:58:46.829] Different program with same set of files:: oldProgram.structureIsReused:: 2
Info 494  [12:58:47.203] Starting updateGraphWorker: Project: /home/igfersa/Documents/develop/Angular9/exerciseList/tsconfig.json
Info 495  [12:58:47.215] Finishing updateGraphWorker: Project: /home/igfersa/Documents/develop/Angular9/exerciseList/tsconfig.json Version: 143 structureChanged: false Elapsed: 12ms
Info 496  [12:58:47.215] Different program with same set of files:: oldProgram.structureIsReused:: 2
Info 497  [12:58:47.324] Starting updateGraphWorker: Project: /home/igfersa/Documents/develop/Angular9/exerciseList/tsconfig.json
Info 498  [12:58:47.336] Finishing updateGraphWorker: Project: /home/igfersa/Documents/develop/Angular9/exerciseList/tsconfig.json Version: 144 structureChanged: false Elapsed: 12ms
Info 499  [12:58:47.336] Different program with same set of files:: oldProgram.structureIsReused:: 2
Info 500  [12:58:47.901] Starting updateGraphWorker: Project: /home/igfersa/Documents/develop/Angular9/exerciseList/tsconfig.json
Info 501  [12:58:47.911] Finishing updateGraphWorker: Project: /home/igfersa/Documents/develop/Angular9/exerciseList/tsconfig.json Version: 145 structureChanged: false Elapsed: 10ms
Info 502  [12:58:47.911] Different program with same set of files:: oldProgram.structureIsReused:: 2
Info 503  [12:58:48.470] Starting updateGraphWorker: Project: /home/igfersa/Documents/develop/Angular9/exerciseList/tsconfig.json
Info 504  [12:58:48.489] Finishing updateGraphWorker: Project: /home/igfersa/Documents/develop/Angular9/exerciseList/tsconfig.json Version: 146 structureChanged: false Elapsed: 19ms
Info 505  [12:58:48.489] Different program with same set of files:: oldProgram.structureIsReused:: 2
Info 506  [12:58:56.522] Starting updateGraphWorker: Project: /home/igfersa/Documents/develop/Angular9/exerciseList/tsconfig.json
Info 507  [12:58:56.535] Finishing updateGraphWorker: Project: /home/igfersa/Documents/develop/Angular9/exerciseList/tsconfig.json Version: 147 structureChanged: false Elapsed: 13ms
Info 508  [12:58:56.535] Different program with same set of files:: oldProgram.structureIsReused:: 2
Info 509  [12:58:57.174] Starting updateGraphWorker: Project: /home/igfersa/Documents/develop/Angular9/exerciseList/tsconfig.json
Info 510  [12:58:57.194] Finishing updateGraphWorker: Project: /home/igfersa/Documents/develop/Angular9/exerciseList/tsconfig.json Version: 148 structureChanged: false Elapsed: 20ms
Info 511  [12:58:57.194] Different program with same set of files:: oldProgram.structureIsReused:: 2
Info 512  [12:58:57.446] Starting updateGraphWorker: Project: /home/igfersa/Documents/develop/Angular9/exerciseList/tsconfig.json
Info 513  [12:58:57.461] Finishing updateGraphWorker: Project: /home/igfersa/Documents/develop/Angular9/exerciseList/tsconfig.json Version: 149 structureChanged: false Elapsed: 15ms
Info 514  [12:58:57.461] Different program with same set of files:: oldProgram.structureIsReused:: 2
Info 515  [12:58:59.773] Starting updateGraphWorker: Project: /home/igfersa/Documents/develop/Angular9/exerciseList/tsconfig.json
Info 516  [12:58:59.789] Finishing updateGraphWorker: Project: /home/igfersa/Documents/develop/Angular9/exerciseList/tsconfig.json Version: 150 structureChanged: false Elapsed: 16ms
Info 517  [12:58:59.789] Different program with same set of files:: oldProgram.structureIsReused:: 2
Info 518  [12:59:0.212] Starting updateGraphWorker: Project: /home/igfersa/Documents/develop/Angular9/exerciseList/tsconfig.json
Info 519  [12:59:0.226] Finishing updateGraphWorker: Project: /home/igfersa/Documents/develop/Angular9/exerciseList/tsconfig.json Version: 151 structureChanged: false Elapsed: 13ms
Info 520  [12:59:0.226] Different program with same set of files:: oldProgram.structureIsReused:: 2
Info 521  [12:59:0.628] Starting updateGraphWorker: Project: /home/igfersa/Documents/develop/Angular9/exerciseList/tsconfig.json
Info 522  [12:59:0.635] Finishing updateGraphWorker: Project: /home/igfersa/Documents/develop/Angular9/exerciseList/tsconfig.json Version: 152 structureChanged: false Elapsed: 7ms
Info 523  [12:59:0.635] Different program with same set of files:: oldProgram.structureIsReused:: 2
Info 524  [12:59:1.319] Starting updateGraphWorker: Project: /home/igfersa/Documents/develop/Angular9/exerciseList/tsconfig.json
Info 525  [12:59:1.328] Finishing updateGraphWorker: Project: /home/igfersa/Documents/develop/Angular9/exerciseList/tsconfig.json Version: 153 structureChanged: false Elapsed: 9ms
Info 526  [12:59:1.328] Different program with same set of files:: oldProgram.structureIsReused:: 2
Info 527  [12:59:1.567] Starting updateGraphWorker: Project: /home/igfersa/Documents/develop/Angular9/exerciseList/tsconfig.json
Info 528  [12:59:1.581] Finishing updateGraphWorker: Project: /home/igfersa/Documents/develop/Angular9/exerciseList/tsconfig.json Version: 154 structureChanged: false Elapsed: 14ms
Info 529  [12:59:1.581] Different program with same set of files:: oldProgram.structureIsReused:: 2
Info 530  [12:59:1.822] Starting updateGraphWorker: Project: /home/igfersa/Documents/develop/Angular9/exerciseList/tsconfig.json
Info 531  [12:59:1.829] Finishing updateGraphWorker: Project: /home/igfersa/Documents/develop/Angular9/exerciseList/tsconfig.json Version: 155 structureChanged: false Elapsed: 7ms
Info 532  [12:59:1.829] Different program with same set of files:: oldProgram.structureIsReused:: 2
Info 533  [12:59:2.99] Starting updateGraphWorker: Project: /home/igfersa/Documents/develop/Angular9/exerciseList/tsconfig.json
Info 534  [12:59:2.114] Finishing updateGraphWorker: Project: /home/igfersa/Documents/develop/Angular9/exerciseList/tsconfig.json Version: 156 structureChanged: false Elapsed: 15ms
Info 535  [12:59:2.114] Different program with same set of files:: oldProgram.structureIsReused:: 2
Info 536  [12:59:2.334] Starting updateGraphWorker: Project: /home/igfersa/Documents/develop/Angular9/exerciseList/tsconfig.json
Info 537  [12:59:2.346] Finishing updateGraphWorker: Project: /home/igfersa/Documents/develop/Angular9/exerciseList/tsconfig.json Version: 157 structureChanged: false Elapsed: 12ms
Info 538  [12:59:2.347] Different program with same set of files:: oldProgram.structureIsReused:: 2
Info 539  [12:59:2.561] Starting updateGraphWorker: Project: /home/igfersa/Documents/develop/Angular9/exerciseList/tsconfig.json
Info 540  [12:59:2.577] Finishing updateGraphWorker: Project: /home/igfersa/Documents/develop/Angular9/exerciseList/tsconfig.json Version: 158 structureChanged: false Elapsed: 16ms
Info 541  [12:59:2.577] Different program with same set of files:: oldProgram.structureIsReused:: 2
Info 542  [12:59:3.136] Starting updateGraphWorker: Project: /home/igfersa/Documents/develop/Angular9/exerciseList/tsconfig.json
Info 543  [12:59:3.143] Finishing updateGraphWorker: Project: /home/igfersa/Documents/develop/Angular9/exerciseList/tsconfig.json Version: 159 structureChanged: false Elapsed: 7ms
Info 544  [12:59:3.143] Different program with same set of files:: oldProgram.structureIsReused:: 2
Info 545  [12:59:3.510] Starting updateGraphWorker: Project: /home/igfersa/Documents/develop/Angular9/exerciseList/tsconfig.json
Info 546  [12:59:3.522] Finishing updateGraphWorker: Project: /home/igfersa/Documents/develop/Angular9/exerciseList/tsconfig.json Version: 160 structureChanged: false Elapsed: 12ms
Info 547  [12:59:3.522] Different program with same set of files:: oldProgram.structureIsReused:: 2
Info 548  [12:59:27.344] Search path: /home/igfersa/Documents/develop/Angular9/exerciseList/src/app/exercises
Info 549  [12:59:27.351] For info: /home/igfersa/Documents/develop/Angular9/exerciseList/src/app/exercises/exercises.component.ts :: Config file name: /home/igfersa/Documents/develop/Angular9/exerciseList/tsconfig.json
Info 550  [12:59:27.351] Starting updateGraphWorker: Project: /home/igfersa/Documents/develop/Angular9/exerciseList/tsconfig.json
Info 551  [12:59:27.419] Finishing updateGraphWorker: Project: /home/igfersa/Documents/develop/Angular9/exerciseList/tsconfig.json Version: 161 structureChanged: false Elapsed: 68ms
Info 552  [12:59:27.420] Different program with same set of files:: oldProgram.structureIsReused:: 2
Info 553  [12:59:27.423] `remove Project::
Info 554  [12:59:27.425] Project '/dev/null/inferredProject2*' (Inferred) 
Info 555  [12:59:27.426] 	Files (6)

Info 556  [12:59:27.426] -----------------------------------------------
Info 557  [12:59:44.445] Search path: /home/igfersa/Documents/develop/Angular9/exerciseList/src/app/panel
Info 558  [12:59:44.445] For info: /home/igfersa/Documents/develop/Angular9/exerciseList/src/app/panel/panel.component.ts :: Config file name: /home/igfersa/Documents/develop/Angular9/exerciseList/tsconfig.json
Info 559  [12:59:56.453] Starting updateGraphWorker: Project: /home/igfersa/Documents/develop/Angular9/exerciseList/tsconfig.json
Info 560  [12:59:56.471] Finishing updateGraphWorker: Project: /home/igfersa/Documents/develop/Angular9/exerciseList/tsconfig.json Version: 162 structureChanged: false Elapsed: 17ms
Info 561  [12:59:56.472] Different program with same set of files:: oldProgram.structureIsReused:: 2
Info 562  [12:59:59.442] Starting updateGraphWorker: Project: /home/igfersa/Documents/develop/Angular9/exerciseList/tsconfig.json
Info 563  [12:59:59.460] Finishing updateGraphWorker: Project: /home/igfersa/Documents/develop/Angular9/exerciseList/tsconfig.json Version: 163 structureChanged: false Elapsed: 18ms
Info 564  [12:59:59.460] Different program with same set of files:: oldProgram.structureIsReused:: 2
Info 565  [13:0:0.274] Starting updateGraphWorker: Project: /home/igfersa/Documents/develop/Angular9/exerciseList/tsconfig.json
Info 566  [13:0:0.290] Finishing updateGraphWorker: Project: /home/igfersa/Documents/develop/Angular9/exerciseList/tsconfig.json Version: 164 structureChanged: false Elapsed: 16ms
Info 567  [13:0:0.290] Different program with same set of files:: oldProgram.structureIsReused:: 2
Info 568  [13:0:8.19] Starting updateGraphWorker: Project: /home/igfersa/Documents/develop/Angular9/exerciseList/tsconfig.json
Info 569  [13:0:8.112] Finishing updateGraphWorker: Project: /home/igfersa/Documents/develop/Angular9/exerciseList/tsconfig.json Version: 165 structureChanged: true Elapsed: 93ms
Info 570  [13:0:8.112] Different program with same set of files:: oldProgram.structureIsReused:: 1
Info 571  [13:0:39.261] Search path: /home/igfersa/Documents/develop/Angular9/exerciseList/src/app/exercises
Info 572  [13:0:39.262] For info: /home/igfersa/Documents/develop/Angular9/exerciseList/src/app/exercises/exercises.component.html :: Config file name: /home/igfersa/Documents/develop/Angular9/exerciseList/tsconfig.json
Info 573  [13:0:39.267] Loading global plugin @angular/language-service
Info 574  [13:0:39.267] Enabling plugin @angular/language-service from candidate paths: /home/igfersa/.vscode-oss/extensions/angular.ng-template-0.901.3/server/node_modules/@angular/language-service/bundles/language-service.umd.js,/home/igfersa/.vscode-oss/extensions/angular.ng-template-0.901.3/node_modules/typescript/lib/tsserverlibrary.js/../../..
Info 575  [13:0:39.268] Loading @angular/language-service from /home/igfersa/.vscode-oss/extensions/angular.ng-template-0.901.3/server/node_modules/@angular/language-service/bundles/language-service.umd.js (resolved to /home/igfersa/.vscode-oss/extensions/angular.ng-template-0.901.3/server/node_modules/@angular/language-service/bundles/language-service.umd.js/node_modules)
Info 576  [13:0:39.427] Plugin validation succeded
Info 577  [13:0:39.437] Starting updateGraphWorker: Project: /dev/null/inferredProject3*
Info 578  [13:0:39.487] Finishing updateGraphWorker: Project: /dev/null/inferredProject3* Version: 1 structureChanged: true Elapsed: 50ms
Info 579  [13:0:39.487] Project '/dev/null/inferredProject3*' (Inferred) 
Info 580  [13:0:39.487] 	Files (6)

Info 581  [13:0:39.487] -----------------------------------------------
Info 582  [13:0:39.711] Search path: /home/igfersa/Documents/develop/Angular9/exerciseList/src/app/exercises
Info 583  [13:0:39.711] For info: /home/igfersa/Documents/develop/Angular9/exerciseList/src/app/exercises/exercises.component.html :: Config file name: /home/igfersa/Documents/develop/Angular9/exerciseList/tsconfig.json
Info 584  [13:0:41.817] Search path: /home/igfersa/Documents/develop/Angular9/exerciseList/src/app/exercises
Info 585  [13:0:41.818] For info: /home/igfersa/Documents/develop/Angular9/exerciseList/src/app/exercises/exercises.component.ts :: Config file name: /home/igfersa/Documents/develop/Angular9/exerciseList/tsconfig.json
Info 586  [13:0:41.818] `remove Project::
Info 587  [13:0:41.818] Project '/dev/null/inferredProject3*' (Inferred) 
Info 588  [13:0:41.818] 	Files (6)

Info 589  [13:0:41.818] -----------------------------------------------
Info 590  [13:0:52.67] Starting updateGraphWorker: Project: /home/igfersa/Documents/develop/Angular9/exerciseList/tsconfig.json
Info 591  [13:0:52.91] Finishing updateGraphWorker: Project: /home/igfersa/Documents/develop/Angular9/exerciseList/tsconfig.json Version: 166 structureChanged: false Elapsed: 24ms
Info 592  [13:0:52.91] Project '/home/igfersa/Documents/develop/Angular9/exerciseList/tsconfig.json' (Configured) 
Info 593  [13:0:52.91] 	Files (320)

Info 594  [13:0:52.91] -----------------------------------------------
Info 595  [13:0:52.800] Starting updateGraphWorker: Project: /home/igfersa/Documents/develop/Angular9/exerciseList/tsconfig.json
Info 596  [13:0:52.822] Finishing updateGraphWorker: Project: /home/igfersa/Documents/develop/Angular9/exerciseList/tsconfig.json Version: 167 structureChanged: false Elapsed: 22ms
Info 597  [13:0:52.822] Different program with same set of files:: oldProgram.structureIsReused:: 2
Info 598  [13:0:53.220] Starting updateGraphWorker: Project: /home/igfersa/Documents/develop/Angular9/exerciseList/tsconfig.json
Info 599  [13:0:53.233] Finishing updateGraphWorker: Project: /home/igfersa/Documents/develop/Angular9/exerciseList/tsconfig.json Version: 168 structureChanged: false Elapsed: 13ms
Info 600  [13:0:53.233] Different program with same set of files:: oldProgram.structureIsReused:: 2
Info 601  [13:1:36.626] Starting updateGraphWorker: Project: /home/igfersa/Documents/develop/Angular9/exerciseList/tsconfig.json
Info 602  [13:1:36.641] Finishing updateGraphWorker: Project: /home/igfersa/Documents/develop/Angular9/exerciseList/tsconfig.json Version: 169 structureChanged: false Elapsed: 15ms
Info 603  [13:1:36.641] Different program with same set of files:: oldProgram.structureIsReused:: 2
Info 604  [13:1:36.894] Starting updateGraphWorker: Project: /home/igfersa/Documents/develop/Angular9/exerciseList/tsconfig.json
Info 605  [13:1:36.960] Finishing updateGraphWorker: Project: /home/igfersa/Documents/develop/Angular9/exerciseList/tsconfig.json Version: 170 structureChanged: true Elapsed: 66ms
Info 606  [13:1:36.960] Different program with same set of files:: oldProgram.structureIsReused:: 1
Info 607  [13:2:7.631] Search path: /home/igfersa/Documents/develop/Angular9/exerciseList/src/app
Info 608  [13:2:7.631] For info: /home/igfersa/Documents/develop/Angular9/exerciseList/src/app/exercise.service.ts :: Config file name: /home/igfersa/Documents/develop/Angular9/exerciseList/tsconfig.json
Info 609  [13:2:15.525] Starting updateGraphWorker: Project: /home/igfersa/Documents/develop/Angular9/exerciseList/tsconfig.json
Info 610  [13:2:15.547] Finishing updateGraphWorker: Project: /home/igfersa/Documents/develop/Angular9/exerciseList/tsconfig.json Version: 171 structureChanged: false Elapsed: 21ms
Info 611  [13:2:15.547] Different program with same set of files:: oldProgram.structureIsReused:: 2
Info 612  [13:2:20.206] Starting updateGraphWorker: Project: /home/igfersa/Documents/develop/Angular9/exerciseList/tsconfig.json
Info 613  [13:2:20.239] Finishing updateGraphWorker: Project: /home/igfersa/Documents/develop/Angular9/exerciseList/tsconfig.json Version: 172 structureChanged: false Elapsed: 33ms
Info 614  [13:2:20.239] Different program with same set of files:: oldProgram.structureIsReused:: 2
Info 615  [13:2:30.780] Search path: /home/igfersa/Documents/develop/Angular9/exerciseList/src/app
Info 616  [13:2:30.780] For info: /home/igfersa/Documents/develop/Angular9/exerciseList/src/app/exercise.ts :: Config file name: /home/igfersa/Documents/develop/Angular9/exerciseList/tsconfig.json
Info 617  [13:2:32.352] Search path: /home/igfersa/Documents/develop/Angular9/exerciseList/node_modules/@angular/core
Info 618  [13:2:32.353] For info: /home/igfersa/Documents/develop/Angular9/exerciseList/node_modules/@angular/core/core.d.ts :: Config file name: /home/igfersa/Documents/develop/Angular9/exerciseList/tsconfig.json
Info 619  [13:2:32.353] Starting updateGraphWorker: Project: /home/igfersa/Documents/develop/Angular9/exerciseList/tsconfig.json
Info 620  [13:2:33.201] Finishing updateGraphWorker: Project: /home/igfersa/Documents/develop/Angular9/exerciseList/tsconfig.json Version: 173 structureChanged: true Elapsed: 848ms
Info 621  [13:2:33.201] Different program with same set of files:: oldProgram.structureIsReused:: 0
Info 622  [13:2:33.211] Starting updateGraphWorker: Project: /home/igfersa/Documents/develop/Angular9/exerciseList/tsconfig.json
Info 623  [13:2:33.476] Finishing updateGraphWorker: Project: /home/igfersa/Documents/develop/Angular9/exerciseList/tsconfig.json Version: 174 structureChanged: true Elapsed: 264ms
Info 624  [13:2:33.476] Different program with same set of files:: oldProgram.structureIsReused:: 0
Info 625  [13:2:33.601] Search path: /home/igfersa/Documents/develop/Angular9/exerciseList/src/app
Info 626  [13:2:33.601] For info: /home/igfersa/Documents/develop/Angular9/exerciseList/src/app/exercise.ts :: Config file name: /home/igfersa/Documents/develop/Angular9/exerciseList/tsconfig.json
