Initializing document watcher...
develop/Angular9/exerciseList/src/app/exercises/exercises.component.html: {"insertSpaces":true,"tabSize":2}
develop/Angular9/exerciseList/src/app/exercises/exercises.component.html: {"insertSpaces":true,"tabSize":2}
develop/Angular9/exerciseList/src/app/exercises/exercises.component.html: {"insertSpaces":true,"tabSize":2}
develop/Angular9/exerciseList/src/app/exercises/exercises.component.html: {"insertSpaces":true,"tabSize":2}
develop/Angular9/exerciseList/src/app/exercises/exercises.component.html: {"insertSpaces":true,"tabSize":2}
develop/Angular9/exerciseList/src/app/exercises/exercises.component.html: {"insertSpaces":true,"tabSize":2}
develop/Angular9/exerciseList/src/app/exercises/exercises.component.html: {"insertSpaces":true,"tabSize":2}
develop/Angular9/exerciseList/src/app/exercises/exercises.component.html: {"insertSpaces":true,"tabSize":2}
develop/Angular9/exerciseList/src/app/exercises/exercises.component.html: {"insertSpaces":true,"tabSize":2}
develop/Angular9/exerciseList/src/app/exercises/exercises.component.html: {"insertSpaces":true,"tabSize":2}
develop/Angular9/exerciseList/src/app/exercises/exercises.component.html: Using EditorConfig core...
Angular9/exerciseList/src/app/exercises/exercises.component.html: editor.action.trimTrailingWhitespace
Angular9/exerciseList/src/app/exercises/exercises.component.html: insertFinalNewline(LF)
develop/Angular9/exerciseList/src/app/exercises/exercises.component.html: {"insertSpaces":true,"tabSize":2}
develop/Angular9/exerciseList/src/app/exercises/exercises.component.ts: {"insertSpaces":true,"tabSize":2}
develop/Angular9/exerciseList/src/app/exercises/exercises.component.ts: {"insertSpaces":true,"tabSize":2}
develop/Angular9/exerciseList/src/app/exercises/exercises.component.ts: {"insertSpaces":true,"tabSize":2}
develop/Angular9/exerciseList/src/app/exercises/exercises.component.ts: {"insertSpaces":true,"tabSize":2}
develop/Angular9/exerciseList/src/app/exercises/exercises.component.ts: Using EditorConfig core...
Angular9/exerciseList/src/app/exercises/exercises.component.ts: editor.action.trimTrailingWhitespace
develop/Angular9/exerciseList/src/app/exercises/exercises.component.ts: {"insertSpaces":true,"tabSize":2}
develop/Angular9/exerciseList/src/app/exercises/exercises.component.ts: {"insertSpaces":true,"tabSize":2}
develop/Angular9/exerciseList/src/app/exercises/exercises.component.ts: {"insertSpaces":true,"tabSize":2}
develop/Angular9/exerciseList/src/app/exercises/exercises.component.ts: Using EditorConfig core...
Angular9/exerciseList/src/app/exercises/exercises.component.ts: editor.action.trimTrailingWhitespace
develop/Angular9/exerciseList/src/app/exercises/exercises.component.ts: {"insertSpaces":true,"tabSize":2}
develop/Angular9/exerciseList/src/app/exercises/exercises.component.ts: {"insertSpaces":true,"tabSize":2}
develop/Angular9/exerciseList/src/app/exercises/exercises.component.ts: {"insertSpaces":true,"tabSize":2}
develop/Angular9/exerciseList/src/app/exercises/exercises.component.ts: {"insertSpaces":true,"tabSize":2}
develop/Angular9/exerciseList/src/app/exercises/exercises.component.ts: {"insertSpaces":true,"tabSize":2}
develop/Angular9/exerciseList/src/app/exercises/exercises.component.ts: {"insertSpaces":true,"tabSize":2}
develop/Angular9/exerciseList/src/app/exercises/exercises.component.ts: {"insertSpaces":true,"tabSize":2}
develop/Angular9/exerciseList/src/app/exercises/exercises.component.html: {"insertSpaces":true,"tabSize":2}
develop/Angular9/exerciseList/src/app/exercises/exercises.component.ts: {"insertSpaces":true,"tabSize":2}
develop/Angular9/exerciseList/src/app/exercises/exercises.component.ts: Using EditorConfig core...
Angular9/exerciseList/src/app/exercises/exercises.component.ts: editor.action.trimTrailingWhitespace
develop/Angular9/exerciseList/src/app/exercises/exercises.component.html: {"insertSpaces":true,"tabSize":2}
develop/Angular9/exerciseList/src/app/exercises/exercises.component.html: Using EditorConfig core...
Angular9/exerciseList/src/app/exercises/exercises.component.html: editor.action.trimTrailingWhitespace
develop/Angular9/exerciseList/src/app/exercises/exercises.component.html: {"insertSpaces":true,"tabSize":2}
develop/Angular9/exerciseList/src/app/exercises/exercises.component.html: {"insertSpaces":true,"tabSize":2}
develop/Angular9/exerciseList/src/app/exercises/exercises.component.html: {"insertSpaces":true,"tabSize":2}
develop/Angular9/exerciseList/src/app/exercises/exercises.component.html: {"insertSpaces":true,"tabSize":2}
develop/Angular9/exerciseList/src/app/exercises/exercises.component.html: Using EditorConfig core...
Angular9/exerciseList/src/app/exercises/exercises.component.html: editor.action.trimTrailingWhitespace
develop/Angular9/exerciseList/src/app/exercises/exercises.component.html: {"insertSpaces":true,"tabSize":2}
develop/Angular9/exerciseList/src/app/exercises/exercises.component.html: {"insertSpaces":true,"tabSize":2}
develop/Angular9/exerciseList/src/app/exercises/exercises.component.html: {"insertSpaces":true,"tabSize":2}
develop/Angular9/exerciseList/src/app/exercises/exercises.component.html: {"insertSpaces":true,"tabSize":2}
develop/Angular9/exerciseList/src/app/exercises/exercises.component.html: Using EditorConfig core...
Angular9/exerciseList/src/app/exercises/exercises.component.html: editor.action.trimTrailingWhitespace
Angular9/exerciseList/src/app/exercises/exercises.component.html: insertFinalNewline(LF)
develop/Angular9/exerciseList/src/app/exercises/exercises.component.html: {"insertSpaces":true,"tabSize":2}
develop/Angular9/exerciseList/src/app/exercises/exercises.component.html: {"insertSpaces":true,"tabSize":2}
develop/Angular9/exerciseList/src/app/exercises/exercises.component.html: Using EditorConfig core...
Angular9/exerciseList/src/app/exercises/exercises.component.html: editor.action.trimTrailingWhitespace
develop/Angular9/exerciseList/src/app/exercises/exercises.component.html: {"insertSpaces":true,"tabSize":2}
