[2020-04-06 22:37:06.226] [exthost] [info] extension host started
[2020-04-06 22:37:06.422] [exthost] [info] ExtensionService#_doActivateExtension vscode.extension-editing {"startup":false,"extensionId":{"value":"vscode.extension-editing","_lower":"vscode.extension-editing"},"activationEvent":"onLanguage:typescript"}
[2020-04-06 22:37:06.422] [exthost] [info] ExtensionService#loadCommonJSModule file:///usr/lib/code/extensions/extension-editing/dist/extension
[2020-04-06 22:37:06.428] [exthost] [info] ExtensionService#_doActivateExtension vscode.typescript-language-features {"startup":false,"extensionId":{"value":"vscode.typescript-language-features","_lower":"vscode.typescript-language-features"},"activationEvent":"onLanguage:typescript"}
[2020-04-06 22:37:06.428] [exthost] [info] ExtensionService#loadCommonJSModule file:///usr/lib/code/extensions/typescript-language-features/dist/extension
[2020-04-06 22:37:06.462] [exthost] [info] ExtensionService#_doActivateExtension Angular.ng-template {"startup":false,"extensionId":{"value":"Angular.ng-template","_lower":"angular.ng-template"},"activationEvent":"onLanguage:typescript"}
[2020-04-06 22:37:06.462] [exthost] [info] ExtensionService#loadCommonJSModule file:///home/igfersa/.vscode-oss/extensions/angular.ng-template-0.901.0/client
[2020-04-06 22:37:06.598] [exthost] [info] ExtensionService#_doActivateExtension vscode.debug-auto-launch {"startup":true,"extensionId":{"value":"vscode.debug-auto-launch","_lower":"vscode.debug-auto-launch"},"activationEvent":"*"}
[2020-04-06 22:37:06.598] [exthost] [info] ExtensionService#loadCommonJSModule file:///usr/lib/code/extensions/debug-auto-launch/dist/extension
[2020-04-06 22:37:06.601] [exthost] [info] ExtensionService#_doActivateExtension vscode.emmet {"startup":true,"extensionId":{"value":"vscode.emmet","_lower":"vscode.emmet"},"activationEvent":"*"}
[2020-04-06 22:37:06.601] [exthost] [info] ExtensionService#loadCommonJSModule file:///usr/lib/code/extensions/emmet/dist/extension
[2020-04-06 22:37:06.623] [exthost] [info] ExtensionService#_doActivateExtension vscode.git {"startup":true,"extensionId":{"value":"vscode.git","_lower":"vscode.git"},"activationEvent":"*"}
[2020-04-06 22:37:06.623] [exthost] [info] ExtensionService#loadCommonJSModule file:///usr/lib/code/extensions/git/dist/main
[2020-04-06 22:37:06.651] [exthost] [info] ExtensionService#_doActivateExtension vscode.github-authentication {"startup":true,"extensionId":{"value":"vscode.github-authentication","_lower":"vscode.github-authentication"},"activationEvent":"*"}
[2020-04-06 22:37:06.651] [exthost] [info] ExtensionService#loadCommonJSModule file:///usr/lib/code/extensions/github-authentication/dist/extension.js
[2020-04-06 22:37:06.655] [exthost] [info] ExtensionService#_doActivateExtension vscode.merge-conflict {"startup":true,"extensionId":{"value":"vscode.merge-conflict","_lower":"vscode.merge-conflict"},"activationEvent":"*"}
[2020-04-06 22:37:06.655] [exthost] [info] ExtensionService#loadCommonJSModule file:///usr/lib/code/extensions/merge-conflict/dist/extension
[2020-04-06 22:37:06.658] [exthost] [info] ExtensionService#_doActivateExtension vscode.search-result {"startup":true,"extensionId":{"value":"vscode.search-result","_lower":"vscode.search-result"},"activationEvent":"*"}
[2020-04-06 22:37:06.658] [exthost] [info] ExtensionService#loadCommonJSModule file:///usr/lib/code/extensions/search-result/dist/extension.js
[2020-04-06 22:37:06.670] [exthost] [info] ExtensionService#_doActivateExtension vscode.vscode-account {"startup":true,"extensionId":{"value":"vscode.vscode-account","_lower":"vscode.vscode-account"},"activationEvent":"*"}
[2020-04-06 22:37:06.674] [exthost] [info] ExtensionService#loadCommonJSModule file:///usr/lib/code/extensions/vscode-account/dist/extension.js
[2020-04-06 22:37:06.684] [exthost] [info] ExtensionService#_doActivateExtension dbaeumer.vscode-eslint {"startup":true,"extensionId":{"value":"dbaeumer.vscode-eslint","_lower":"dbaeumer.vscode-eslint"},"activationEvent":"*"}
[2020-04-06 22:37:06.684] [exthost] [info] ExtensionService#loadCommonJSModule file:///home/igfersa/.vscode-oss/extensions/dbaeumer.vscode-eslint-2.1.2/client/out/extension
[2020-04-06 22:37:06.727] [exthost] [info] ExtensionService#_doActivateExtension EditorConfig.EditorConfig {"startup":true,"extensionId":{"value":"EditorConfig.EditorConfig","_lower":"editorconfig.editorconfig"},"activationEvent":"*"}
[2020-04-06 22:37:06.727] [exthost] [info] ExtensionService#loadCommonJSModule file:///home/igfersa/.vscode-oss/extensions/editorconfig.editorconfig-0.14.4/out/editorConfigMain.js
[2020-04-06 22:37:06.851] [exthost] [info] ExtensionService#_doActivateExtension esbenp.prettier-vscode {"startup":true,"extensionId":{"value":"esbenp.prettier-vscode","_lower":"esbenp.prettier-vscode"},"activationEvent":"*"}
[2020-04-06 22:37:06.851] [exthost] [info] ExtensionService#loadCommonJSModule file:///home/igfersa/.vscode-oss/extensions/esbenp.prettier-vscode-4.0.0/dist/extension
[2020-04-06 22:37:06.966] [exthost] [info] ExtensionService#_doActivateExtension johnpapa.vscode-peacock {"startup":true,"extensionId":{"value":"johnpapa.vscode-peacock","_lower":"johnpapa.vscode-peacock"},"activationEvent":"*"}
[2020-04-06 22:37:06.966] [exthost] [info] ExtensionService#loadCommonJSModule file:///home/igfersa/.vscode-oss/extensions/johnpapa.vscode-peacock-3.6.0/dist/extension
[2020-04-06 22:37:06.984] [exthost] [info] ExtensionService#_doActivateExtension nrwl.angular-console {"startup":true,"extensionId":{"value":"nrwl.angular-console","_lower":"nrwl.angular-console"},"activationEvent":"*"}
[2020-04-06 22:37:06.984] [exthost] [info] ExtensionService#loadCommonJSModule file:///home/igfersa/.vscode-oss/extensions/nrwl.angular-console-11.1.3/main.js
[2020-04-06 22:37:07.439] [exthost] [info] ExtensionService#_doActivateExtension PKief.material-icon-theme {"startup":true,"extensionId":{"value":"PKief.material-icon-theme","_lower":"pkief.material-icon-theme"},"activationEvent":"*"}
[2020-04-06 22:37:07.439] [exthost] [info] ExtensionService#loadCommonJSModule file:///home/igfersa/.vscode-oss/extensions/pkief.material-icon-theme-4.0.1/dist/extension
[2020-04-06 22:37:07.481] [exthost] [info] eager extensions activated
[2020-04-06 22:37:20.418] [exthost] [info] ExtensionService#_doActivateExtension vscode.html-language-features {"startup":false,"extensionId":{"value":"vscode.html-language-features","_lower":"vscode.html-language-features"},"activationEvent":"onLanguage:html"}
[2020-04-06 22:37:20.439] [exthost] [info] ExtensionService#loadCommonJSModule file:///usr/lib/code/extensions/html-language-features/client/dist/htmlMain
[2020-04-06 22:37:23.067] [exthost] [info] ExtensionService#_doActivateExtension vscode.configuration-editing {"startup":false,"extensionId":{"value":"vscode.configuration-editing","_lower":"vscode.configuration-editing"},"activationEvent":"onLanguage:jsonc"}
[2020-04-06 22:37:23.068] [exthost] [info] ExtensionService#loadCommonJSModule file:///usr/lib/code/extensions/configuration-editing/dist/extension
[2020-04-06 22:37:23.081] [exthost] [info] ExtensionService#_doActivateExtension vscode.json-language-features {"startup":false,"extensionId":{"value":"vscode.json-language-features","_lower":"vscode.json-language-features"},"activationEvent":"onLanguage:jsonc"}
[2020-04-06 22:37:23.081] [exthost] [info] ExtensionService#loadCommonJSModule file:///usr/lib/code/extensions/json-language-features/client/dist/jsonMain
[2020-04-06 22:37:30.611] [exthost] [info] ExtensionService#_doActivateExtension vscode.css-language-features {"startup":false,"extensionId":{"value":"vscode.css-language-features","_lower":"vscode.css-language-features"},"activationEvent":"onLanguage:css"}
[2020-04-06 22:37:30.611] [exthost] [info] ExtensionService#loadCommonJSModule file:///usr/lib/code/extensions/css-language-features/client/dist/cssMain
[2020-04-06 22:45:12.110] [exthost] [error] Error: write EPIPE
	at afterWriteDispatched (internal/stream_base_commons.js:146:25)
	at writeGeneric (internal/stream_base_commons.js:137:3)
	at Socket._writeGeneric (net.js:698:11)
	at Socket._write (net.js:710:8)
	at doWrite (_stream_writable.js:418:12)
	at writeOrBuffer (_stream_writable.js:402:5)
	at Socket.Writable.write (_stream_writable.js:302:11)
	at Socket.Writable.end (_stream_writable.js:583:10)
	at Socket.end (net.js:536:31)
	at /usr/lib/code/extensions/git/dist/main.js:1:97661
	at new Promise (<anonymous>)
	at /usr/lib/code/extensions/git/dist/main.js:1:97462
	at R.retryRun (/usr/lib/code/extensions/git/dist/main.js:1:98714)
	at R.run (/usr/lib/code/extensions/git/dist/main.js:1:98412)
	at R.checkIgnore (/usr/lib/code/extensions/git/dist/main.js:1:97440)
	at checkIgnoreSoon (/usr/lib/code/extensions/git/dist/main.js:1:653654)
	at Timeout._onTimeout (/usr/lib/code/extensions/git/dist/main.js:1:25098)
	at listOnTimeout (internal/timers.js:531:17)
	at processTimers (internal/timers.js:475:7)
[2020-04-06 22:45:12.110] [exthost] [error] Error: write EPIPE
	at afterWriteDispatched (internal/stream_base_commons.js:146:25)
	at writeGeneric (internal/stream_base_commons.js:137:3)
	at Socket._writeGeneric (net.js:698:11)
	at Socket._write (net.js:710:8)
	at doWrite (_stream_writable.js:418:12)
	at writeOrBuffer (_stream_writable.js:402:5)
	at Socket.Writable.write (_stream_writable.js:302:11)
	at Socket.Writable.end (_stream_writable.js:583:10)
	at Socket.end (net.js:536:31)
	at /usr/lib/code/extensions/git/dist/main.js:1:97661
	at new Promise (<anonymous>)
	at /usr/lib/code/extensions/git/dist/main.js:1:97462
	at R.retryRun (/usr/lib/code/extensions/git/dist/main.js:1:98714)
	at R.run (/usr/lib/code/extensions/git/dist/main.js:1:98412)
	at R.checkIgnore (/usr/lib/code/extensions/git/dist/main.js:1:97440)
	at checkIgnoreSoon (/usr/lib/code/extensions/git/dist/main.js:1:653654)
	at Timeout._onTimeout (/usr/lib/code/extensions/git/dist/main.js:1:25098)
	at listOnTimeout (internal/timers.js:531:17)
	at processTimers (internal/timers.js:475:7)
[2020-04-06 22:45:12.110] [exthost] [error] Error: write EPIPE
	at afterWriteDispatched (internal/stream_base_commons.js:146:25)
	at writeGeneric (internal/stream_base_commons.js:137:3)
	at Socket._writeGeneric (net.js:698:11)
	at Socket._write (net.js:710:8)
	at doWrite (_stream_writable.js:418:12)
	at writeOrBuffer (_stream_writable.js:402:5)
	at Socket.Writable.write (_stream_writable.js:302:11)
	at Socket.Writable.end (_stream_writable.js:583:10)
	at Socket.end (net.js:536:31)
	at /usr/lib/code/extensions/git/dist/main.js:1:97661
	at new Promise (<anonymous>)
	at /usr/lib/code/extensions/git/dist/main.js:1:97462
	at R.retryRun (/usr/lib/code/extensions/git/dist/main.js:1:98714)
	at R.run (/usr/lib/code/extensions/git/dist/main.js:1:98412)
	at R.checkIgnore (/usr/lib/code/extensions/git/dist/main.js:1:97440)
	at checkIgnoreSoon (/usr/lib/code/extensions/git/dist/main.js:1:653654)
	at Timeout._onTimeout (/usr/lib/code/extensions/git/dist/main.js:1:25098)
	at listOnTimeout (internal/timers.js:531:17)
	at processTimers (internal/timers.js:475:7)
[2020-04-06 22:45:48.350] [exthost] [error] [vscode.typescript-language-features] provider FAILED
[2020-04-06 22:45:48.350] [exthost] [error] Error: busy
	at o._provideSemanticTokens (/usr/lib/code/extensions/typescript-language-features/dist/extension.js:1:180337)
[2020-04-06 22:45:48.360] [exthost] [error] [vscode.typescript-language-features] provider FAILED
[2020-04-06 22:45:48.360] [exthost] [error] Error: busy
	at o._provideSemanticTokens (/usr/lib/code/extensions/typescript-language-features/dist/extension.js:1:180337)
[2020-04-06 22:45:48.372] [exthost] [error] [vscode.typescript-language-features] provider FAILED
[2020-04-06 22:45:48.372] [exthost] [error] Error: busy
	at o._provideSemanticTokens (/usr/lib/code/extensions/typescript-language-features/dist/extension.js:1:180337)
[2020-04-06 22:45:48.376] [exthost] [error] [vscode.typescript-language-features] provider FAILED
[2020-04-06 22:45:48.376] [exthost] [error] Error: busy
	at o._provideSemanticTokens (/usr/lib/code/extensions/typescript-language-features/dist/extension.js:1:180337)
[2020-04-06 22:45:48.389] [exthost] [error] [vscode.typescript-language-features] provider FAILED
[2020-04-06 22:45:48.389] [exthost] [error] Error: busy
	at o._provideSemanticTokens (/usr/lib/code/extensions/typescript-language-features/dist/extension.js:1:180337)
[2020-04-06 22:45:48.391] [exthost] [error] [vscode.typescript-language-features] provider FAILED
[2020-04-06 22:45:48.391] [exthost] [error] Error: busy
	at o._provideSemanticTokens (/usr/lib/code/extensions/typescript-language-features/dist/extension.js:1:180337)
[2020-04-06 22:45:48.405] [exthost] [error] [vscode.typescript-language-features] provider FAILED
[2020-04-06 22:45:48.405] [exthost] [error] Error: busy
	at o._provideSemanticTokens (/usr/lib/code/extensions/typescript-language-features/dist/extension.js:1:180337)
[2020-04-06 22:45:48.417] [exthost] [error] [vscode.typescript-language-features] provider FAILED
[2020-04-06 22:45:48.418] [exthost] [error] Error: busy
	at o._provideSemanticTokens (/usr/lib/code/extensions/typescript-language-features/dist/extension.js:1:180337)
[2020-04-06 22:45:48.424] [exthost] [error] [vscode.typescript-language-features] provider FAILED
[2020-04-06 22:45:48.424] [exthost] [error] Error: busy
	at o._provideSemanticTokens (/usr/lib/code/extensions/typescript-language-features/dist/extension.js:1:180337)
[2020-04-06 22:45:48.428] [exthost] [error] [vscode.typescript-language-features] provider FAILED
[2020-04-06 22:45:48.428] [exthost] [error] Error: busy
	at o._provideSemanticTokens (/usr/lib/code/extensions/typescript-language-features/dist/extension.js:1:180337)
[2020-04-06 22:45:48.434] [exthost] [error] [vscode.typescript-language-features] provider FAILED
[2020-04-06 22:45:48.434] [exthost] [error] Error: busy
	at o._provideSemanticTokens (/usr/lib/code/extensions/typescript-language-features/dist/extension.js:1:180337)
[2020-04-06 22:45:48.442] [exthost] [error] [vscode.typescript-language-features] provider FAILED
[2020-04-06 22:45:48.442] [exthost] [error] Error: busy
	at o._provideSemanticTokens (/usr/lib/code/extensions/typescript-language-features/dist/extension.js:1:180337)
[2020-04-06 22:45:48.469] [exthost] [error] [vscode.typescript-language-features] provider FAILED
[2020-04-06 22:45:48.469] [exthost] [error] Error: busy
	at o._provideSemanticTokens (/usr/lib/code/extensions/typescript-language-features/dist/extension.js:1:180337)
[2020-04-06 22:45:48.473] [exthost] [error] [vscode.typescript-language-features] provider FAILED
[2020-04-06 22:45:48.473] [exthost] [error] Error: busy
	at o._provideSemanticTokens (/usr/lib/code/extensions/typescript-language-features/dist/extension.js:1:180337)
[2020-04-06 22:45:48.480] [exthost] [error] [vscode.typescript-language-features] provider FAILED
[2020-04-06 22:45:48.480] [exthost] [error] Error: busy
	at o._provideSemanticTokens (/usr/lib/code/extensions/typescript-language-features/dist/extension.js:1:180337)
[2020-04-06 22:45:48.509] [exthost] [error] [vscode.typescript-language-features] provider FAILED
[2020-04-06 22:45:48.509] [exthost] [error] Error: busy
	at o._provideSemanticTokens (/usr/lib/code/extensions/typescript-language-features/dist/extension.js:1:180337)
[2020-04-06 22:45:48.513] [exthost] [error] [vscode.typescript-language-features] provider FAILED
[2020-04-06 22:45:48.513] [exthost] [error] Error: busy
	at o._provideSemanticTokens (/usr/lib/code/extensions/typescript-language-features/dist/extension.js:1:180337)
[2020-04-06 22:45:48.526] [exthost] [error] [vscode.typescript-language-features] provider FAILED
[2020-04-06 22:45:48.526] [exthost] [error] Error: busy
	at o._provideSemanticTokens (/usr/lib/code/extensions/typescript-language-features/dist/extension.js:1:180337)
[2020-04-06 22:45:48.603] [exthost] [error] [vscode.typescript-language-features] provider FAILED
[2020-04-06 22:45:48.603] [exthost] [error] Error: busy
	at o._provideSemanticTokens (/usr/lib/code/extensions/typescript-language-features/dist/extension.js:1:180337)
[2020-04-06 22:45:48.627] [exthost] [error] [vscode.typescript-language-features] provider FAILED
[2020-04-06 22:45:48.628] [exthost] [error] Error: busy
	at o._provideSemanticTokens (/usr/lib/code/extensions/typescript-language-features/dist/extension.js:1:180337)
[2020-04-06 22:45:48.641] [exthost] [error] [vscode.typescript-language-features] provider FAILED
[2020-04-06 22:45:48.641] [exthost] [error] Error: busy
	at o._provideSemanticTokens (/usr/lib/code/extensions/typescript-language-features/dist/extension.js:1:180337)
[2020-04-06 22:45:48.644] [exthost] [error] [vscode.typescript-language-features] provider FAILED
[2020-04-06 22:45:48.644] [exthost] [error] Error: busy
	at o._provideSemanticTokens (/usr/lib/code/extensions/typescript-language-features/dist/extension.js:1:180337)
[2020-04-06 22:45:48.648] [exthost] [error] [vscode.typescript-language-features] provider FAILED
[2020-04-06 22:45:48.648] [exthost] [error] Error: busy
	at o._provideSemanticTokens (/usr/lib/code/extensions/typescript-language-features/dist/extension.js:1:180337)
[2020-04-06 22:45:48.650] [exthost] [error] [vscode.typescript-language-features] provider FAILED
[2020-04-06 22:45:48.650] [exthost] [error] Error: busy
	at o._provideSemanticTokens (/usr/lib/code/extensions/typescript-language-features/dist/extension.js:1:180337)
[2020-04-06 22:45:48.653] [exthost] [error] [vscode.typescript-language-features] provider FAILED
[2020-04-06 22:45:48.653] [exthost] [error] Error: busy
	at o._provideSemanticTokens (/usr/lib/code/extensions/typescript-language-features/dist/extension.js:1:180337)
[2020-04-06 22:45:48.656] [exthost] [error] [vscode.typescript-language-features] provider FAILED
[2020-04-06 22:45:48.656] [exthost] [error] Error: busy
	at o._provideSemanticTokens (/usr/lib/code/extensions/typescript-language-features/dist/extension.js:1:180337)
[2020-04-06 22:45:48.659] [exthost] [error] [vscode.typescript-language-features] provider FAILED
[2020-04-06 22:45:48.659] [exthost] [error] Error: busy
	at o._provideSemanticTokens (/usr/lib/code/extensions/typescript-language-features/dist/extension.js:1:180337)
[2020-04-06 22:45:48.661] [exthost] [error] [vscode.typescript-language-features] provider FAILED
[2020-04-06 22:45:48.661] [exthost] [error] Error: busy
	at o._provideSemanticTokens (/usr/lib/code/extensions/typescript-language-features/dist/extension.js:1:180337)
[2020-04-06 22:45:48.663] [exthost] [error] [vscode.typescript-language-features] provider FAILED
[2020-04-06 22:45:48.664] [exthost] [error] Error: busy
	at o._provideSemanticTokens (/usr/lib/code/extensions/typescript-language-features/dist/extension.js:1:180337)
[2020-04-06 22:45:48.667] [exthost] [error] [vscode.typescript-language-features] provider FAILED
[2020-04-06 22:45:48.667] [exthost] [error] Error: busy
	at o._provideSemanticTokens (/usr/lib/code/extensions/typescript-language-features/dist/extension.js:1:180337)
[2020-04-06 22:45:48.669] [exthost] [error] [vscode.typescript-language-features] provider FAILED
[2020-04-06 22:45:48.669] [exthost] [error] Error: busy
	at o._provideSemanticTokens (/usr/lib/code/extensions/typescript-language-features/dist/extension.js:1:180337)
[2020-04-06 22:45:48.674] [exthost] [error] [vscode.typescript-language-features] provider FAILED
[2020-04-06 22:45:48.674] [exthost] [error] Error: busy
	at o._provideSemanticTokens (/usr/lib/code/extensions/typescript-language-features/dist/extension.js:1:180337)
[2020-04-06 22:45:48.690] [exthost] [error] [vscode.typescript-language-features] provider FAILED
[2020-04-06 22:45:48.690] [exthost] [error] Error: busy
	at o._provideSemanticTokens (/usr/lib/code/extensions/typescript-language-features/dist/extension.js:1:180337)
[2020-04-06 22:45:48.693] [exthost] [error] [vscode.typescript-language-features] provider FAILED
[2020-04-06 22:45:48.693] [exthost] [error] Error: busy
	at o._provideSemanticTokens (/usr/lib/code/extensions/typescript-language-features/dist/extension.js:1:180337)
[2020-04-06 22:45:48.708] [exthost] [error] [vscode.typescript-language-features] provider FAILED
[2020-04-06 22:45:48.708] [exthost] [error] Error: busy
	at o._provideSemanticTokens (/usr/lib/code/extensions/typescript-language-features/dist/extension.js:1:180337)
[2020-04-06 22:45:48.715] [exthost] [error] [vscode.typescript-language-features] provider FAILED
[2020-04-06 22:45:48.715] [exthost] [error] Error: busy
	at o._provideSemanticTokens (/usr/lib/code/extensions/typescript-language-features/dist/extension.js:1:180337)
[2020-04-06 22:45:48.744] [exthost] [error] [vscode.typescript-language-features] provider FAILED
[2020-04-06 22:45:48.744] [exthost] [error] Error: busy
	at o._provideSemanticTokens (/usr/lib/code/extensions/typescript-language-features/dist/extension.js:1:180337)
[2020-04-06 22:45:48.770] [exthost] [error] [vscode.typescript-language-features] provider FAILED
[2020-04-06 22:45:48.771] [exthost] [error] Error: busy
	at o._provideSemanticTokens (/usr/lib/code/extensions/typescript-language-features/dist/extension.js:1:180337)
[2020-04-06 22:45:49.101] [exthost] [error] [vscode.typescript-language-features] provider FAILED
[2020-04-06 22:45:49.102] [exthost] [error] Error: busy
	at o._provideSemanticTokens (/usr/lib/code/extensions/typescript-language-features/dist/extension.js:1:180337)
[2020-04-06 22:45:49.106] [exthost] [error] [vscode.typescript-language-features] provider FAILED
[2020-04-06 22:45:49.106] [exthost] [error] Error: busy
	at o._provideSemanticTokens (/usr/lib/code/extensions/typescript-language-features/dist/extension.js:1:180337)
[2020-04-06 22:45:49.107] [exthost] [error] [vscode.typescript-language-features] provider FAILED
[2020-04-06 22:45:49.107] [exthost] [error] Error: busy
	at o._provideSemanticTokens (/usr/lib/code/extensions/typescript-language-features/dist/extension.js:1:180337)
[2020-04-06 22:45:49.150] [exthost] [error] [vscode.typescript-language-features] provider FAILED
[2020-04-06 22:45:49.151] [exthost] [error] Error: busy
	at o._provideSemanticTokens (/usr/lib/code/extensions/typescript-language-features/dist/extension.js:1:180337)
[2020-04-06 22:45:49.212] [exthost] [error] [vscode.typescript-language-features] provider FAILED
[2020-04-06 22:45:49.213] [exthost] [error] Error: busy
	at o._provideSemanticTokens (/usr/lib/code/extensions/typescript-language-features/dist/extension.js:1:180337)
[2020-04-06 22:45:49.257] [exthost] [error] [vscode.typescript-language-features] provider FAILED
[2020-04-06 22:45:49.257] [exthost] [error] Error: busy
	at o._provideSemanticTokens (/usr/lib/code/extensions/typescript-language-features/dist/extension.js:1:180337)
[2020-04-06 22:45:49.267] [exthost] [error] [vscode.typescript-language-features] provider FAILED
[2020-04-06 22:45:49.267] [exthost] [error] Error: busy
	at o._provideSemanticTokens (/usr/lib/code/extensions/typescript-language-features/dist/extension.js:1:180337)
[2020-04-06 22:45:49.281] [exthost] [error] [vscode.typescript-language-features] provider FAILED
[2020-04-06 22:45:49.281] [exthost] [error] Error: busy
	at o._provideSemanticTokens (/usr/lib/code/extensions/typescript-language-features/dist/extension.js:1:180337)
[2020-04-06 22:45:49.289] [exthost] [error] [vscode.typescript-language-features] provider FAILED
[2020-04-06 22:45:49.289] [exthost] [error] Error: busy
	at o._provideSemanticTokens (/usr/lib/code/extensions/typescript-language-features/dist/extension.js:1:180337)
[2020-04-06 22:45:49.292] [exthost] [error] [vscode.typescript-language-features] provider FAILED
[2020-04-06 22:45:49.292] [exthost] [error] Error: busy
	at o._provideSemanticTokens (/usr/lib/code/extensions/typescript-language-features/dist/extension.js:1:180337)
[2020-04-06 22:45:49.299] [exthost] [error] [vscode.typescript-language-features] provider FAILED
[2020-04-06 22:45:49.299] [exthost] [error] Error: busy
	at o._provideSemanticTokens (/usr/lib/code/extensions/typescript-language-features/dist/extension.js:1:180337)
[2020-04-06 22:45:49.315] [exthost] [error] [vscode.typescript-language-features] provider FAILED
[2020-04-06 22:45:49.315] [exthost] [error] Error: busy
	at o._provideSemanticTokens (/usr/lib/code/extensions/typescript-language-features/dist/extension.js:1:180337)
[2020-04-06 22:45:49.317] [exthost] [error] [vscode.typescript-language-features] provider FAILED
[2020-04-06 22:45:49.318] [exthost] [error] Error: busy
	at o._provideSemanticTokens (/usr/lib/code/extensions/typescript-language-features/dist/extension.js:1:180337)
[2020-04-06 22:45:49.354] [exthost] [error] [vscode.typescript-language-features] provider FAILED
[2020-04-06 22:45:49.355] [exthost] [error] Error: busy
	at o._provideSemanticTokens (/usr/lib/code/extensions/typescript-language-features/dist/extension.js:1:180337)
[2020-04-06 22:45:49.408] [exthost] [error] [vscode.typescript-language-features] provider FAILED
[2020-04-06 22:45:49.408] [exthost] [error] Error: busy
	at o._provideSemanticTokens (/usr/lib/code/extensions/typescript-language-features/dist/extension.js:1:180337)
[2020-04-06 22:45:49.497] [exthost] [error] [vscode.typescript-language-features] provider FAILED
[2020-04-06 22:45:49.497] [exthost] [error] Error: busy
	at o._provideSemanticTokens (/usr/lib/code/extensions/typescript-language-features/dist/extension.js:1:180337)
[2020-04-06 22:45:49.499] [exthost] [error] [vscode.typescript-language-features] provider FAILED
[2020-04-06 22:45:49.499] [exthost] [error] Error: busy
	at o._provideSemanticTokens (/usr/lib/code/extensions/typescript-language-features/dist/extension.js:1:180337)
[2020-04-06 22:45:49.501] [exthost] [error] [vscode.typescript-language-features] provider FAILED
[2020-04-06 22:45:49.501] [exthost] [error] Error: busy
	at o._provideSemanticTokens (/usr/lib/code/extensions/typescript-language-features/dist/extension.js:1:180337)
[2020-04-06 22:45:49.507] [exthost] [error] [vscode.typescript-language-features] provider FAILED
[2020-04-06 22:45:49.507] [exthost] [error] Error: busy
	at o._provideSemanticTokens (/usr/lib/code/extensions/typescript-language-features/dist/extension.js:1:180337)
[2020-04-06 22:45:49.525] [exthost] [error] [vscode.typescript-language-features] provider FAILED
[2020-04-06 22:45:49.526] [exthost] [error] Error: busy
	at o._provideSemanticTokens (/usr/lib/code/extensions/typescript-language-features/dist/extension.js:1:180337)
[2020-04-06 22:45:49.527] [exthost] [error] [vscode.typescript-language-features] provider FAILED
[2020-04-06 22:45:49.527] [exthost] [error] Error: busy
	at o._provideSemanticTokens (/usr/lib/code/extensions/typescript-language-features/dist/extension.js:1:180337)
[2020-04-06 22:45:49.531] [exthost] [error] [vscode.typescript-language-features] provider FAILED
[2020-04-06 22:45:49.531] [exthost] [error] Error: busy
	at o._provideSemanticTokens (/usr/lib/code/extensions/typescript-language-features/dist/extension.js:1:180337)
[2020-04-06 22:45:49.533] [exthost] [error] [vscode.typescript-language-features] provider FAILED
[2020-04-06 22:45:49.533] [exthost] [error] Error: busy
	at o._provideSemanticTokens (/usr/lib/code/extensions/typescript-language-features/dist/extension.js:1:180337)
[2020-04-06 22:45:49.551] [exthost] [error] [vscode.typescript-language-features] provider FAILED
[2020-04-06 22:45:49.551] [exthost] [error] Error: busy
	at o._provideSemanticTokens (/usr/lib/code/extensions/typescript-language-features/dist/extension.js:1:180337)
[2020-04-06 22:45:49.556] [exthost] [error] [vscode.typescript-language-features] provider FAILED
[2020-04-06 22:45:49.556] [exthost] [error] Error: busy
	at o._provideSemanticTokens (/usr/lib/code/extensions/typescript-language-features/dist/extension.js:1:180337)
[2020-04-06 22:45:49.583] [exthost] [error] [vscode.typescript-language-features] provider FAILED
[2020-04-06 22:45:49.583] [exthost] [error] Error: busy
	at o._provideSemanticTokens (/usr/lib/code/extensions/typescript-language-features/dist/extension.js:1:180337)
[2020-04-06 22:45:49.603] [exthost] [error] [vscode.typescript-language-features] provider FAILED
[2020-04-06 22:45:49.603] [exthost] [error] Error: busy
	at o._provideSemanticTokens (/usr/lib/code/extensions/typescript-language-features/dist/extension.js:1:180337)
[2020-04-06 22:45:49.658] [exthost] [error] [vscode.typescript-language-features] provider FAILED
[2020-04-06 22:45:49.658] [exthost] [error] Error: busy
	at o._provideSemanticTokens (/usr/lib/code/extensions/typescript-language-features/dist/extension.js:1:180337)
[2020-04-06 22:45:49.659] [exthost] [error] [vscode.typescript-language-features] provider FAILED
[2020-04-06 22:45:49.659] [exthost] [error] Error: busy
	at o._provideSemanticTokens (/usr/lib/code/extensions/typescript-language-features/dist/extension.js:1:180337)
[2020-04-06 22:45:49.687] [exthost] [error] [vscode.typescript-language-features] provider FAILED
[2020-04-06 22:45:49.687] [exthost] [error] Error: busy
	at o._provideSemanticTokens (/usr/lib/code/extensions/typescript-language-features/dist/extension.js:1:180337)
[2020-04-06 22:45:49.714] [exthost] [error] [vscode.typescript-language-features] provider FAILED
[2020-04-06 22:45:49.714] [exthost] [error] Error: busy
	at o._provideSemanticTokens (/usr/lib/code/extensions/typescript-language-features/dist/extension.js:1:180337)
[2020-04-06 22:45:49.716] [exthost] [error] [vscode.typescript-language-features] provider FAILED
[2020-04-06 22:45:49.716] [exthost] [error] Error: busy
	at o._provideSemanticTokens (/usr/lib/code/extensions/typescript-language-features/dist/extension.js:1:180337)
[2020-04-06 22:45:49.717] [exthost] [error] [vscode.typescript-language-features] provider FAILED
[2020-04-06 22:45:49.717] [exthost] [error] Error: busy
	at o._provideSemanticTokens (/usr/lib/code/extensions/typescript-language-features/dist/extension.js:1:180337)
[2020-04-06 22:45:49.726] [exthost] [error] [vscode.typescript-language-features] provider FAILED
[2020-04-06 22:45:49.726] [exthost] [error] Error: busy
	at o._provideSemanticTokens (/usr/lib/code/extensions/typescript-language-features/dist/extension.js:1:180337)
[2020-04-06 22:45:49.728] [exthost] [error] [vscode.typescript-language-features] provider FAILED
[2020-04-06 22:45:49.728] [exthost] [error] Error: busy
	at o._provideSemanticTokens (/usr/lib/code/extensions/typescript-language-features/dist/extension.js:1:180337)
[2020-04-06 22:45:49.730] [exthost] [error] [vscode.typescript-language-features] provider FAILED
[2020-04-06 22:45:49.730] [exthost] [error] Error: busy
	at o._provideSemanticTokens (/usr/lib/code/extensions/typescript-language-features/dist/extension.js:1:180337)
[2020-04-06 22:45:49.731] [exthost] [error] [vscode.typescript-language-features] provider FAILED
[2020-04-06 22:45:49.732] [exthost] [error] Error: busy
	at o._provideSemanticTokens (/usr/lib/code/extensions/typescript-language-features/dist/extension.js:1:180337)
[2020-04-06 22:45:49.734] [exthost] [error] [vscode.typescript-language-features] provider FAILED
[2020-04-06 22:45:49.734] [exthost] [error] Error: busy
	at o._provideSemanticTokens (/usr/lib/code/extensions/typescript-language-features/dist/extension.js:1:180337)
[2020-04-06 22:45:49.738] [exthost] [error] [vscode.typescript-language-features] provider FAILED
[2020-04-06 22:45:49.738] [exthost] [error] Error: busy
	at o._provideSemanticTokens (/usr/lib/code/extensions/typescript-language-features/dist/extension.js:1:180337)
[2020-04-06 22:45:49.752] [exthost] [error] [vscode.typescript-language-features] provider FAILED
[2020-04-06 22:45:49.752] [exthost] [error] Error: busy
	at o._provideSemanticTokens (/usr/lib/code/extensions/typescript-language-features/dist/extension.js:1:180337)
[2020-04-06 22:45:49.755] [exthost] [error] [vscode.typescript-language-features] provider FAILED
[2020-04-06 22:45:49.755] [exthost] [error] Error: busy
	at o._provideSemanticTokens (/usr/lib/code/extensions/typescript-language-features/dist/extension.js:1:180337)
[2020-04-06 22:45:49.759] [exthost] [error] [vscode.typescript-language-features] provider FAILED
[2020-04-06 22:45:49.760] [exthost] [error] Error: busy
	at o._provideSemanticTokens (/usr/lib/code/extensions/typescript-language-features/dist/extension.js:1:180337)
[2020-04-06 22:45:49.761] [exthost] [error] [vscode.typescript-language-features] provider FAILED
[2020-04-06 22:45:49.761] [exthost] [error] Error: busy
	at o._provideSemanticTokens (/usr/lib/code/extensions/typescript-language-features/dist/extension.js:1:180337)
[2020-04-06 22:45:49.763] [exthost] [error] [vscode.typescript-language-features] provider FAILED
[2020-04-06 22:45:49.763] [exthost] [error] Error: busy
	at o._provideSemanticTokens (/usr/lib/code/extensions/typescript-language-features/dist/extension.js:1:180337)
[2020-04-06 22:45:49.764] [exthost] [error] [vscode.typescript-language-features] provider FAILED
[2020-04-06 22:45:49.764] [exthost] [error] Error: busy
	at o._provideSemanticTokens (/usr/lib/code/extensions/typescript-language-features/dist/extension.js:1:180337)
[2020-04-06 22:45:49.766] [exthost] [error] [vscode.typescript-language-features] provider FAILED
[2020-04-06 22:45:49.767] [exthost] [error] Error: busy
	at o._provideSemanticTokens (/usr/lib/code/extensions/typescript-language-features/dist/extension.js:1:180337)
[2020-04-06 22:45:49.767] [exthost] [error] [vscode.typescript-language-features] provider FAILED
[2020-04-06 22:45:49.767] [exthost] [error] Error: busy
	at o._provideSemanticTokens (/usr/lib/code/extensions/typescript-language-features/dist/extension.js:1:180337)
[2020-04-06 22:45:49.770] [exthost] [error] [vscode.typescript-language-features] provider FAILED
[2020-04-06 22:45:49.770] [exthost] [error] Error: busy
	at o._provideSemanticTokens (/usr/lib/code/extensions/typescript-language-features/dist/extension.js:1:180337)
[2020-04-06 22:45:49.773] [exthost] [error] [vscode.typescript-language-features] provider FAILED
[2020-04-06 22:45:49.773] [exthost] [error] Error: busy
	at o._provideSemanticTokens (/usr/lib/code/extensions/typescript-language-features/dist/extension.js:1:180337)
[2020-04-06 22:45:49.786] [exthost] [error] [vscode.typescript-language-features] provider FAILED
[2020-04-06 22:45:49.786] [exthost] [error] Error: busy
	at o._provideSemanticTokens (/usr/lib/code/extensions/typescript-language-features/dist/extension.js:1:180337)
[2020-04-06 22:45:49.810] [exthost] [error] [vscode.typescript-language-features] provider FAILED
[2020-04-06 22:45:49.810] [exthost] [error] Error: busy
	at o._provideSemanticTokens (/usr/lib/code/extensions/typescript-language-features/dist/extension.js:1:180337)
[2020-04-06 22:45:49.812] [exthost] [error] [vscode.typescript-language-features] provider FAILED
[2020-04-06 22:45:49.812] [exthost] [error] Error: busy
	at o._provideSemanticTokens (/usr/lib/code/extensions/typescript-language-features/dist/extension.js:1:180337)
[2020-04-06 22:45:49.830] [exthost] [error] [vscode.typescript-language-features] provider FAILED
[2020-04-06 22:45:49.830] [exthost] [error] Error: busy
	at o._provideSemanticTokens (/usr/lib/code/extensions/typescript-language-features/dist/extension.js:1:180337)
[2020-04-06 22:45:49.840] [exthost] [error] [vscode.typescript-language-features] provider FAILED
[2020-04-06 22:45:49.840] [exthost] [error] Error: busy
	at o._provideSemanticTokens (/usr/lib/code/extensions/typescript-language-features/dist/extension.js:1:180337)
[2020-04-06 22:45:49.847] [exthost] [error] [vscode.typescript-language-features] provider FAILED
[2020-04-06 22:45:49.847] [exthost] [error] Error: busy
	at o._provideSemanticTokens (/usr/lib/code/extensions/typescript-language-features/dist/extension.js:1:180337)
[2020-04-06 22:45:49.852] [exthost] [error] [vscode.typescript-language-features] provider FAILED
[2020-04-06 22:45:49.853] [exthost] [error] Error: busy
	at o._provideSemanticTokens (/usr/lib/code/extensions/typescript-language-features/dist/extension.js:1:180337)
[2020-04-06 22:45:49.859] [exthost] [error] [vscode.typescript-language-features] provider FAILED
[2020-04-06 22:45:49.859] [exthost] [error] Error: busy
	at o._provideSemanticTokens (/usr/lib/code/extensions/typescript-language-features/dist/extension.js:1:180337)
[2020-04-06 22:45:49.894] [exthost] [error] [vscode.typescript-language-features] provider FAILED
[2020-04-06 22:45:49.894] [exthost] [error] Error: busy
	at o._provideSemanticTokens (/usr/lib/code/extensions/typescript-language-features/dist/extension.js:1:180337)
[2020-04-06 22:45:49.897] [exthost] [error] [vscode.typescript-language-features] provider FAILED
[2020-04-06 22:45:49.897] [exthost] [error] Error: busy
	at o._provideSemanticTokens (/usr/lib/code/extensions/typescript-language-features/dist/extension.js:1:180337)
[2020-04-06 22:45:49.899] [exthost] [error] [vscode.typescript-language-features] provider FAILED
[2020-04-06 22:45:49.899] [exthost] [error] Error: busy
	at o._provideSemanticTokens (/usr/lib/code/extensions/typescript-language-features/dist/extension.js:1:180337)
[2020-04-06 22:45:49.944] [exthost] [error] [vscode.typescript-language-features] provider FAILED
[2020-04-06 22:45:49.945] [exthost] [error] Error: busy
	at o._provideSemanticTokens (/usr/lib/code/extensions/typescript-language-features/dist/extension.js:1:180337)
[2020-04-06 22:45:49.948] [exthost] [error] [vscode.typescript-language-features] provider FAILED
[2020-04-06 22:45:49.948] [exthost] [error] Error: busy
	at o._provideSemanticTokens (/usr/lib/code/extensions/typescript-language-features/dist/extension.js:1:180337)
[2020-04-06 22:45:49.954] [exthost] [error] [vscode.typescript-language-features] provider FAILED
[2020-04-06 22:45:49.954] [exthost] [error] Error: busy
	at o._provideSemanticTokens (/usr/lib/code/extensions/typescript-language-features/dist/extension.js:1:180337)
[2020-04-06 22:45:49.956] [exthost] [error] [vscode.typescript-language-features] provider FAILED
[2020-04-06 22:45:49.956] [exthost] [error] Error: busy
	at o._provideSemanticTokens (/usr/lib/code/extensions/typescript-language-features/dist/extension.js:1:180337)
[2020-04-06 22:45:49.980] [exthost] [error] [vscode.typescript-language-features] provider FAILED
[2020-04-06 22:45:49.980] [exthost] [error] Error: busy
	at o._provideSemanticTokens (/usr/lib/code/extensions/typescript-language-features/dist/extension.js:1:180337)
[2020-04-06 22:45:50.012] [exthost] [error] [vscode.typescript-language-features] provider FAILED
[2020-04-06 22:45:50.012] [exthost] [error] Error: busy
	at o._provideSemanticTokens (/usr/lib/code/extensions/typescript-language-features/dist/extension.js:1:180337)
[2020-04-06 22:45:50.049] [exthost] [error] [vscode.typescript-language-features] provider FAILED
[2020-04-06 22:45:50.049] [exthost] [error] Error: busy
	at o._provideSemanticTokens (/usr/lib/code/extensions/typescript-language-features/dist/extension.js:1:180337)
[2020-04-06 22:45:50.050] [exthost] [error] [vscode.typescript-language-features] provider FAILED
[2020-04-06 22:45:50.050] [exthost] [error] Error: busy
	at o._provideSemanticTokens (/usr/lib/code/extensions/typescript-language-features/dist/extension.js:1:180337)
[2020-04-06 22:45:50.055] [exthost] [error] [vscode.typescript-language-features] provider FAILED
[2020-04-06 22:45:50.055] [exthost] [error] Error: busy
	at o._provideSemanticTokens (/usr/lib/code/extensions/typescript-language-features/dist/extension.js:1:180337)
[2020-04-06 22:45:50.057] [exthost] [error] [vscode.typescript-language-features] provider FAILED
[2020-04-06 22:45:50.057] [exthost] [error] Error: busy
	at o._provideSemanticTokens (/usr/lib/code/extensions/typescript-language-features/dist/extension.js:1:180337)
[2020-04-06 22:45:50.060] [exthost] [error] [vscode.typescript-language-features] provider FAILED
[2020-04-06 22:45:50.060] [exthost] [error] Error: busy
	at o._provideSemanticTokens (/usr/lib/code/extensions/typescript-language-features/dist/extension.js:1:180337)
[2020-04-06 22:45:50.063] [exthost] [error] [vscode.typescript-language-features] provider FAILED
[2020-04-06 22:45:50.063] [exthost] [error] Error: busy
	at o._provideSemanticTokens (/usr/lib/code/extensions/typescript-language-features/dist/extension.js:1:180337)
[2020-04-06 22:45:50.064] [exthost] [error] [vscode.typescript-language-features] provider FAILED
[2020-04-06 22:45:50.064] [exthost] [error] Error: busy
	at o._provideSemanticTokens (/usr/lib/code/extensions/typescript-language-features/dist/extension.js:1:180337)
[2020-04-06 22:45:50.073] [exthost] [error] [vscode.typescript-language-features] provider FAILED
[2020-04-06 22:45:50.073] [exthost] [error] Error: busy
	at o._provideSemanticTokens (/usr/lib/code/extensions/typescript-language-features/dist/extension.js:1:180337)
[2020-04-06 22:45:50.074] [exthost] [error] [vscode.typescript-language-features] provider FAILED
[2020-04-06 22:45:50.074] [exthost] [error] Error: busy
	at o._provideSemanticTokens (/usr/lib/code/extensions/typescript-language-features/dist/extension.js:1:180337)
[2020-04-06 22:45:50.076] [exthost] [error] [vscode.typescript-language-features] provider FAILED
[2020-04-06 22:45:50.076] [exthost] [error] Error: busy
	at o._provideSemanticTokens (/usr/lib/code/extensions/typescript-language-features/dist/extension.js:1:180337)
[2020-04-06 22:45:50.082] [exthost] [error] [vscode.typescript-language-features] provider FAILED
[2020-04-06 22:45:50.083] [exthost] [error] Error: busy
	at o._provideSemanticTokens (/usr/lib/code/extensions/typescript-language-features/dist/extension.js:1:180337)
[2020-04-06 22:45:50.090] [exthost] [error] [vscode.typescript-language-features] provider FAILED
[2020-04-06 22:45:50.090] [exthost] [error] Error: busy
	at o._provideSemanticTokens (/usr/lib/code/extensions/typescript-language-features/dist/extension.js:1:180337)
[2020-04-06 22:45:50.091] [exthost] [error] [vscode.typescript-language-features] provider FAILED
[2020-04-06 22:45:50.091] [exthost] [error] Error: busy
	at o._provideSemanticTokens (/usr/lib/code/extensions/typescript-language-features/dist/extension.js:1:180337)
[2020-04-06 22:45:50.097] [exthost] [error] [vscode.typescript-language-features] provider FAILED
[2020-04-06 22:45:50.097] [exthost] [error] Error: busy
	at o._provideSemanticTokens (/usr/lib/code/extensions/typescript-language-features/dist/extension.js:1:180337)
[2020-04-06 22:45:50.100] [exthost] [error] [vscode.typescript-language-features] provider FAILED
[2020-04-06 22:45:50.100] [exthost] [error] Error: busy
	at o._provideSemanticTokens (/usr/lib/code/extensions/typescript-language-features/dist/extension.js:1:180337)
[2020-04-06 22:45:50.150] [exthost] [error] [vscode.typescript-language-features] provider FAILED
[2020-04-06 22:45:50.150] [exthost] [error] Error: busy
	at o._provideSemanticTokens (/usr/lib/code/extensions/typescript-language-features/dist/extension.js:1:180337)
