Initializing document watcher...
develop/Angular9/exerciseList/src/app/app-routing.module.ts: {"insertSpaces":true,"tabSize":2}
develop/Angular9/exerciseList/src/app/app-routing.module.ts: {"insertSpaces":true,"tabSize":2}
develop/Angular9/exerciseList/src/app/app-routing.module.ts: {"insertSpaces":true,"tabSize":2}
develop/Angular9/exerciseList/src/app/app-routing.module.ts: {"insertSpaces":true,"tabSize":2}
develop/Angular9/exerciseList/src/app/app-routing.module.ts: {"insertSpaces":true,"tabSize":2}
develop/Angular9/exerciseList/src/app/app.module.ts: {"insertSpaces":true,"tabSize":2}
develop/Angular9/exerciseList/src/app/app-routing.module.ts: {"insertSpaces":true,"tabSize":2}
develop/Angular9/exerciseList/src/app/app-routing.module.ts: {"insertSpaces":true,"tabSize":2}
develop/Angular9/exerciseList/src/app/app-routing.module.ts: {"insertSpaces":true,"tabSize":2}
develop/Angular9/exerciseList/src/app/app-routing.module.ts: {"insertSpaces":true,"tabSize":2}
develop/Angular9/exerciseList/src/app/app-routing.module.ts: {"insertSpaces":true,"tabSize":2}
develop/Angular9/exerciseList/src/app/app-routing.module.ts: {"insertSpaces":true,"tabSize":2}
develop/Angular9/exerciseList/src/app/app-routing.module.ts: {"insertSpaces":true,"tabSize":2}
develop/Angular9/exerciseList/src/app/app-routing.module.ts: {"insertSpaces":true,"tabSize":2}
develop/Angular9/exerciseList/src/app/app-routing.module.ts: {"insertSpaces":true,"tabSize":2}
develop/Angular9/exerciseList/src/app/app-routing.module.ts: {"insertSpaces":true,"tabSize":2}
develop/Angular9/exerciseList/src/app/app-routing.module.ts: {"insertSpaces":true,"tabSize":2}
develop/Angular9/exerciseList/src/app/app-routing.module.ts: {"insertSpaces":true,"tabSize":2}
develop/Angular9/exerciseList/src/app/app-routing.module.ts: {"insertSpaces":true,"tabSize":2}
develop/Angular9/exerciseList/src/app/exercises/exercises.component.ts: {"insertSpaces":true,"tabSize":2}
develop/Angular9/exerciseList/src/app/app-routing.module.ts: {"insertSpaces":true,"tabSize":2}
develop/Angular9/exerciseList/src/app/app-routing.module.ts: {"insertSpaces":true,"tabSize":2}
develop/Angular9/exerciseList/src/app/app-routing.module.ts: {"insertSpaces":true,"tabSize":2}
develop/Angular9/exerciseList/src/app/app-routing.module.ts: Using EditorConfig core...
Angular9/exerciseList/src/app/app-routing.module.ts: editor.action.trimTrailingWhitespace
develop/Angular9/exerciseList/src/app/app-routing.module.ts: {"insertSpaces":true,"tabSize":2}
develop/Angular9/exerciseList/src/app/app-routing.module.ts: {"insertSpaces":true,"tabSize":2}
develop/Angular9/exerciseList/src/app/app-routing.module.ts: {"insertSpaces":true,"tabSize":2}
develop/Angular9/exerciseList/src/app/app-routing.module.ts: {"insertSpaces":true,"tabSize":2}
