[2020-04-20 13:04:15.138] [exthost] [info] extension host started
[2020-04-20 13:04:15.245] [exthost] [info] ExtensionService#_doActivateExtension vscode.extension-editing {"startup":false,"extensionId":{"value":"vscode.extension-editing","_lower":"vscode.extension-editing"},"activationEvent":"onLanguage:typescript"}
[2020-04-20 13:04:15.245] [exthost] [info] ExtensionService#loadCommonJSModule file:///usr/lib/code/extensions/extension-editing/dist/extension
[2020-04-20 13:04:15.328] [exthost] [info] ExtensionService#_doActivateExtension vscode.typescript-language-features {"startup":false,"extensionId":{"value":"vscode.typescript-language-features","_lower":"vscode.typescript-language-features"},"activationEvent":"onLanguage:typescript"}
[2020-04-20 13:04:15.329] [exthost] [info] ExtensionService#loadCommonJSModule file:///usr/lib/code/extensions/typescript-language-features/dist/extension
[2020-04-20 13:04:15.493] [exthost] [info] ExtensionService#_doActivateExtension Angular.ng-template {"startup":false,"extensionId":{"value":"Angular.ng-template","_lower":"angular.ng-template"},"activationEvent":"onLanguage:typescript"}
[2020-04-20 13:04:15.493] [exthost] [info] ExtensionService#loadCommonJSModule file:///home/igfersa/.vscode-oss/extensions/angular.ng-template-0.901.2/client
[2020-04-20 13:04:15.734] [exthost] [info] ExtensionService#_doActivateExtension steoates.autoimport {"startup":false,"extensionId":{"value":"steoates.autoimport","_lower":"steoates.autoimport"},"activationEvent":"onLanguage:typescript"}
[2020-04-20 13:04:15.735] [exthost] [info] ExtensionService#loadCommonJSModule file:///home/igfersa/.vscode-oss/extensions/steoates.autoimport-1.5.3/out/src/extension
[2020-04-20 13:04:15.876] [exthost] [info] ExtensionService#_doActivateExtension vscode.debug-auto-launch {"startup":true,"extensionId":{"value":"vscode.debug-auto-launch","_lower":"vscode.debug-auto-launch"},"activationEvent":"*"}
[2020-04-20 13:04:15.877] [exthost] [info] ExtensionService#loadCommonJSModule file:///usr/lib/code/extensions/debug-auto-launch/dist/extension
[2020-04-20 13:04:15.893] [exthost] [info] ExtensionService#_doActivateExtension vscode.emmet {"startup":true,"extensionId":{"value":"vscode.emmet","_lower":"vscode.emmet"},"activationEvent":"*"}
[2020-04-20 13:04:15.893] [exthost] [info] ExtensionService#loadCommonJSModule file:///usr/lib/code/extensions/emmet/dist/extension
[2020-04-20 13:04:15.952] [exthost] [info] ExtensionService#_doActivateExtension vscode.git {"startup":true,"extensionId":{"value":"vscode.git","_lower":"vscode.git"},"activationEvent":"*"}
[2020-04-20 13:04:15.953] [exthost] [info] ExtensionService#loadCommonJSModule file:///usr/lib/code/extensions/git/dist/main
[2020-04-20 13:04:16.145] [exthost] [info] ExtensionService#_doActivateExtension vscode.github-authentication {"startup":true,"extensionId":{"value":"vscode.github-authentication","_lower":"vscode.github-authentication"},"activationEvent":"*"}
[2020-04-20 13:04:16.145] [exthost] [info] ExtensionService#loadCommonJSModule file:///usr/lib/code/extensions/github-authentication/dist/extension.js
[2020-04-20 13:04:16.179] [exthost] [info] ExtensionService#_doActivateExtension vscode.merge-conflict {"startup":true,"extensionId":{"value":"vscode.merge-conflict","_lower":"vscode.merge-conflict"},"activationEvent":"*"}
[2020-04-20 13:04:16.179] [exthost] [info] ExtensionService#loadCommonJSModule file:///usr/lib/code/extensions/merge-conflict/dist/extension
[2020-04-20 13:04:16.187] [exthost] [info] ExtensionService#_doActivateExtension vscode.search-result {"startup":true,"extensionId":{"value":"vscode.search-result","_lower":"vscode.search-result"},"activationEvent":"*"}
[2020-04-20 13:04:16.187] [exthost] [info] ExtensionService#loadCommonJSModule file:///usr/lib/code/extensions/search-result/dist/extension.js
[2020-04-20 13:04:16.189] [exthost] [info] ExtensionService#_doActivateExtension vscode.vscode-account {"startup":true,"extensionId":{"value":"vscode.vscode-account","_lower":"vscode.vscode-account"},"activationEvent":"*"}
[2020-04-20 13:04:16.189] [exthost] [info] ExtensionService#loadCommonJSModule file:///usr/lib/code/extensions/vscode-account/dist/extension.js
[2020-04-20 13:04:16.204] [exthost] [info] ExtensionService#_doActivateExtension dbaeumer.vscode-eslint {"startup":true,"extensionId":{"value":"dbaeumer.vscode-eslint","_lower":"dbaeumer.vscode-eslint"},"activationEvent":"*"}
[2020-04-20 13:04:16.204] [exthost] [info] ExtensionService#loadCommonJSModule file:///home/igfersa/.vscode-oss/extensions/dbaeumer.vscode-eslint-2.1.3/client/out/extension
[2020-04-20 13:04:16.271] [exthost] [info] ExtensionService#_doActivateExtension EditorConfig.EditorConfig {"startup":true,"extensionId":{"value":"EditorConfig.EditorConfig","_lower":"editorconfig.editorconfig"},"activationEvent":"*"}
[2020-04-20 13:04:16.271] [exthost] [info] ExtensionService#loadCommonJSModule file:///home/igfersa/.vscode-oss/extensions/editorconfig.editorconfig-0.14.5/out/editorConfigMain.js
[2020-04-20 13:04:16.391] [exthost] [info] ExtensionService#_doActivateExtension esbenp.prettier-vscode {"startup":true,"extensionId":{"value":"esbenp.prettier-vscode","_lower":"esbenp.prettier-vscode"},"activationEvent":"*"}
[2020-04-20 13:04:16.391] [exthost] [info] ExtensionService#loadCommonJSModule file:///home/igfersa/.vscode-oss/extensions/esbenp.prettier-vscode-4.4.0/dist/extension
[2020-04-20 13:04:16.642] [exthost] [info] ExtensionService#_doActivateExtension formulahendry.auto-close-tag {"startup":true,"extensionId":{"value":"formulahendry.auto-close-tag","_lower":"formulahendry.auto-close-tag"},"activationEvent":"*"}
[2020-04-20 13:04:16.642] [exthost] [info] ExtensionService#loadCommonJSModule file:///home/igfersa/.vscode-oss/extensions/formulahendry.auto-close-tag-0.5.6/out/src/extension
[2020-04-20 13:04:16.645] [exthost] [info] ExtensionService#_doActivateExtension formulahendry.auto-rename-tag {"startup":true,"extensionId":{"value":"formulahendry.auto-rename-tag","_lower":"formulahendry.auto-rename-tag"},"activationEvent":"*"}
[2020-04-20 13:04:16.645] [exthost] [info] ExtensionService#loadCommonJSModule file:///home/igfersa/.vscode-oss/extensions/formulahendry.auto-rename-tag-0.1.1/out/src/extension
[2020-04-20 13:04:16.653] [exthost] [info] ExtensionService#_doActivateExtension johnpapa.vscode-peacock {"startup":true,"extensionId":{"value":"johnpapa.vscode-peacock","_lower":"johnpapa.vscode-peacock"},"activationEvent":"*"}
[2020-04-20 13:04:16.653] [exthost] [info] ExtensionService#loadCommonJSModule file:///home/igfersa/.vscode-oss/extensions/johnpapa.vscode-peacock-3.7.0/dist/extension
[2020-04-20 13:04:16.657] [exthost] [info] ExtensionService#_doActivateExtension nrwl.angular-console {"startup":true,"extensionId":{"value":"nrwl.angular-console","_lower":"nrwl.angular-console"},"activationEvent":"*"}
[2020-04-20 13:04:16.657] [exthost] [info] ExtensionService#loadCommonJSModule file:///home/igfersa/.vscode-oss/extensions/nrwl.angular-console-11.1.3/main.js
[2020-04-20 13:04:17.174] [exthost] [info] ExtensionService#_doActivateExtension PKief.material-icon-theme {"startup":true,"extensionId":{"value":"PKief.material-icon-theme","_lower":"pkief.material-icon-theme"},"activationEvent":"*"}
[2020-04-20 13:04:17.174] [exthost] [info] ExtensionService#loadCommonJSModule file:///home/igfersa/.vscode-oss/extensions/pkief.material-icon-theme-4.0.1/dist/extension
[2020-04-20 13:04:17.191] [exthost] [info] ExtensionService#_doActivateExtension pranaygp.vscode-css-peek {"startup":true,"extensionId":{"value":"pranaygp.vscode-css-peek","_lower":"pranaygp.vscode-css-peek"},"activationEvent":"*"}
[2020-04-20 13:04:17.191] [exthost] [info] ExtensionService#loadCommonJSModule file:///home/igfersa/.vscode-oss/extensions/pranaygp.vscode-css-peek-3.0.2/out/client/src/extension
[2020-04-20 13:04:17.249] [exthost] [info] ExtensionService#_doActivateExtension wayou.vscode-todo-highlight {"startup":true,"extensionId":{"value":"wayou.vscode-todo-highlight","_lower":"wayou.vscode-todo-highlight"},"activationEvent":"*"}
[2020-04-20 13:04:17.249] [exthost] [info] ExtensionService#loadCommonJSModule file:///home/igfersa/.vscode-oss/extensions/wayou.vscode-todo-highlight-1.0.4/src/extension
[2020-04-20 13:04:17.257] [exthost] [info] eager extensions activated
[2020-04-20 13:04:29.449] [exthost] [info] ExtensionService#_doActivateExtension vscode.configuration-editing {"startup":false,"extensionId":{"value":"vscode.configuration-editing","_lower":"vscode.configuration-editing"},"activationEvent":"onLanguage:jsonc"}
[2020-04-20 13:04:29.449] [exthost] [info] ExtensionService#loadCommonJSModule file:///usr/lib/code/extensions/configuration-editing/dist/extension
[2020-04-20 13:04:29.479] [exthost] [info] ExtensionService#_doActivateExtension vscode.json-language-features {"startup":false,"extensionId":{"value":"vscode.json-language-features","_lower":"vscode.json-language-features"},"activationEvent":"onLanguage:jsonc"}
[2020-04-20 13:04:29.479] [exthost] [info] ExtensionService#loadCommonJSModule file:///usr/lib/code/extensions/json-language-features/client/dist/jsonMain
[2020-04-20 13:07:23.850] [exthost] [info] [vscode.typescript-language-features] UNSAVE result from 'resolveCompletionItem', extension SHOULD NOT change any of: additionalTextEdits, or command
[2020-04-20 13:07:24.501] [exthost] [error] [vscode.typescript-language-features] provider FAILED
[2020-04-20 13:07:24.502] [exthost] [error] Error: busy
	at a._provideSemanticTokens (/usr/lib/code/extensions/typescript-language-features/dist/extension.js:1:183890)
[2020-04-20 13:07:58.410] [exthost] [error] [vscode.typescript-language-features] provider FAILED
[2020-04-20 13:07:58.410] [exthost] [error] Error: busy
	at a._provideSemanticTokens (/usr/lib/code/extensions/typescript-language-features/dist/extension.js:1:183890)
[2020-04-20 13:09:13.206] [exthost] [error] [vscode.typescript-language-features] provider FAILED
[2020-04-20 13:09:13.206] [exthost] [error] Error: busy
	at a._provideSemanticTokens (/usr/lib/code/extensions/typescript-language-features/dist/extension.js:1:183890)
[2020-04-20 13:09:49.266] [exthost] [error] [vscode.typescript-language-features] provider FAILED
[2020-04-20 13:09:49.266] [exthost] [error] Error: busy
	at a._provideSemanticTokens (/usr/lib/code/extensions/typescript-language-features/dist/extension.js:1:183890)
[2020-04-20 13:10:17.758] [exthost] [error] [vscode.typescript-language-features] provider FAILED
[2020-04-20 13:10:17.759] [exthost] [error] Error: busy
	at a._provideSemanticTokens (/usr/lib/code/extensions/typescript-language-features/dist/extension.js:1:183890)
[2020-04-20 13:13:49.987] [exthost] [info] ExtensionService#_doActivateExtension vscode.html-language-features {"startup":false,"extensionId":{"value":"vscode.html-language-features","_lower":"vscode.html-language-features"},"activationEvent":"onLanguage:html"}
[2020-04-20 13:13:49.988] [exthost] [info] ExtensionService#loadCommonJSModule file:///usr/lib/code/extensions/html-language-features/client/dist/htmlMain
