Initializing document watcher...
develop/Angular9/exerciseList/src/app/app.component.html: {"insertSpaces":true,"tabSize":2}
develop/Angular9/exerciseList/src/app/app.component.html: Using EditorConfig core...
Angular9/exerciseList/src/app/app.component.html: editor.action.trimTrailingWhitespace
Angular9/exerciseList/src/app/app.component.html: insertFinalNewline(LF)
develop/Angular9/exerciseList/src/app/app.component.html: {"insertSpaces":true,"tabSize":2}
develop/Angular9/exerciseList/src/app/app.component.html: Using EditorConfig core...
Angular9/exerciseList/src/app/app.component.html: editor.action.trimTrailingWhitespace
develop/Angular9/exerciseList/src/app/app.module.ts: {"insertSpaces":true,"tabSize":2}
develop/Angular9/exerciseList/src/app/app-routing.module.ts: {"insertSpaces":true,"tabSize":2}
develop/Angular9/exerciseList/src/app/app.component.spec.ts: {"insertSpaces":true,"tabSize":2}
develop/Angular9/exerciseList/src/main.ts: {"insertSpaces":true,"tabSize":2}
develop/Angular9/exerciseList/src/index.html: {"insertSpaces":true,"tabSize":2}
develop/Angular9/exerciseList/src/app/app.module.ts: {"insertSpaces":true,"tabSize":2}
develop/Angular9/exerciseList/src/app/app.component.ts: {"insertSpaces":true,"tabSize":2}
develop/Angular9/exerciseList/src/app/app.module.ts: {"insertSpaces":true,"tabSize":2}
develop/Angular9/exerciseList/src/app/app.component.ts: {"insertSpaces":true,"tabSize":2}
develop/Angular9/exerciseList/src/app/app.component.ts: Using EditorConfig core...
Angular9/exerciseList/src/app/app.component.ts: editor.action.trimTrailingWhitespace
develop/Angular9/exerciseList/src/app/app.component.css: {"insertSpaces":true,"tabSize":2}
develop/Angular9/exerciseList/src/app/app.component.css: {"insertSpaces":true,"tabSize":2}
develop/Angular9/exerciseList/src/app/app.component.css: {"insertSpaces":true,"tabSize":2}
develop/Angular9/exerciseList/src/app/app.component.css: {"insertSpaces":true,"tabSize":2}
develop/Angular9/exerciseList/src/app/app.component.css: {"insertSpaces":true,"tabSize":2}
develop/Angular9/exerciseList/src/app/app.component.css: {"insertSpaces":true,"tabSize":2}
develop/Angular9/exerciseList/src/app/app.component.css: {"insertSpaces":true,"tabSize":2}
develop/Angular9/exerciseList/src/app/app.component.css: {"insertSpaces":true,"tabSize":2}
develop/Angular9/exerciseList/src/app/app.component.css: {"insertSpaces":true,"tabSize":2}
develop/Angular9/exerciseList/src/app/app.component.css: {"insertSpaces":true,"tabSize":2}
develop/Angular9/exerciseList/src/app/app.component.css: {"insertSpaces":true,"tabSize":2}
develop/Angular9/exerciseList/src/app/app.component.css: Using EditorConfig core...
Angular9/exerciseList/src/app/app.component.css: editor.action.trimTrailingWhitespace
Angular9/exerciseList/src/app/app.component.css: insertFinalNewline(LF)
develop/Angular9/exerciseList/src/app/app.component.css: {"insertSpaces":true,"tabSize":2}
develop/Angular9/exerciseList/src/app/app.component.css: Using EditorConfig core...
Angular9/exerciseList/src/app/app.component.css: editor.action.trimTrailingWhitespace
