Looking for git in: git
Using git 2.26.2 from git
> git rev-parse --show-toplevel
fatal: not a git repository (or any of the parent directories): .git
> git rev-parse --show-toplevel
> git rev-parse --git-dir
Open repository: /home/igfersa/Documents/develop/Angular9
> git status -z -u
> git symbolic-ref --short HEAD
> git rev-parse master
> git rev-parse --symbolic-full-name master@{u}
> git rev-list --left-right master...refs/remotes/origin/master
> git for-each-ref --format %(refname) %(objectname) --sort -committerdate
> git remote --verbose
> git show :exerciseList/src/app/app.component.html
> git ls-files --stage -- /home/igfersa/Documents/develop/Angular9/exerciseList/src/app/app.component.html
> git config --get commit.template
> git cat-file -s 3b30eaa0bbb302bab4e63da042d529a1b88822f3
> git check-ignore -v -z --stdin
> git show :exerciseList/src/app/panel/panel.component.css
> git ls-files --stage -- /home/igfersa/Documents/develop/Angular9/exerciseList/src/app/panel/panel.component.css
> git cat-file -s 368ca95c8dd49bad28bab8c441e41571f1a62fd7
> git show :exerciseList/src/app/app.component.html
> git ls-files --stage -- /home/igfersa/Documents/develop/Angular9/exerciseList/src/app/app.component.html
> git cat-file -s 3b30eaa0bbb302bab4e63da042d529a1b88822f3
> git check-ignore -v -z --stdin
> git show :exerciseList/src/app/app.component.css
> git ls-files --stage -- /home/igfersa/Documents/develop/Angular9/exerciseList/src/app/app.component.css
> git cat-file -s 55d0022c7dd719601e6949cbf43622c6866577ec
> git status -z -u
> git symbolic-ref --short HEAD
> git rev-parse master
> git rev-parse --symbolic-full-name master@{u}
> git rev-list --left-right master...refs/remotes/origin/master
> git for-each-ref --format %(refname) %(objectname) --sort -committerdate
> git remote --verbose
> git config --get commit.template
> git status -z -u
> git symbolic-ref --short HEAD
> git rev-parse master
> git rev-parse --symbolic-full-name master@{u}
> git rev-list --left-right master...refs/remotes/origin/master
> git for-each-ref --format %(refname) %(objectname) --sort -committerdate
> git remote --verbose
> git config --get commit.template
> git ls-files --stage -- /home/igfersa/Documents/develop/Angular9/exerciseList/src/app/app.component.css
> git cat-file -s 55d0022c7dd719601e6949cbf43622c6866577ec
> git show :exerciseList/src/app/app.component.css
> git status -z -u
> git symbolic-ref --short HEAD
> git rev-parse master
> git rev-parse --symbolic-full-name master@{u}
> git rev-list --left-right master...refs/remotes/origin/master
> git for-each-ref --format %(refname) %(objectname) --sort -committerdate
> git remote --verbose
> git config --get commit.template
> git check-ignore -v -z --stdin
> git show :exerciseList/src/app/app-routing.module.ts
> git ls-files --stage -- /home/igfersa/Documents/develop/Angular9/exerciseList/src/app/app-routing.module.ts
> git cat-file -s 2b78d7d1e5c6bd8447240e4397d2000d6444e10a
> git status -z -u
> git symbolic-ref --short HEAD
> git rev-parse master
> git rev-parse --symbolic-full-name master@{u}
> git rev-list --left-right master...refs/remotes/origin/master
> git for-each-ref --format %(refname) %(objectname) --sort -committerdate
> git remote --verbose
> git config --get commit.template
> git status -z -u
> git symbolic-ref --short HEAD
> git rev-parse master
> git rev-parse --symbolic-full-name master@{u}
> git rev-list --left-right master...refs/remotes/origin/master
> git for-each-ref --format %(refname) %(objectname) --sort -committerdate
> git remote --verbose
> git config --get commit.template
> git show :exerciseList/src/app/app.component.css
> git ls-files --stage -- /home/igfersa/Documents/develop/Angular9/exerciseList/src/app/app.component.css
> git cat-file -s 55d0022c7dd719601e6949cbf43622c6866577ec
> git show :exerciseList/src/app/app.component.html
> git ls-files --stage -- /home/igfersa/Documents/develop/Angular9/exerciseList/src/app/app.component.html
> git cat-file -s 3b30eaa0bbb302bab4e63da042d529a1b88822f3
> git show :exerciseList/src/app/panel/panel.component.ts
> git ls-files --stage -- /home/igfersa/Documents/develop/Angular9/exerciseList/src/app/panel/panel.component.ts
> git cat-file -s b0450ebee93259a52a4577cdb1ec825aa2fdd2f7
> git check-ignore -v -z --stdin
> git show :exerciseList/src/app/app-routing.module.ts
> git ls-files --stage -- /home/igfersa/Documents/develop/Angular9/exerciseList/src/app/app-routing.module.ts
> git cat-file -s 2b78d7d1e5c6bd8447240e4397d2000d6444e10a
> git show :exerciseList/src/app/exercises/exercises.component.css
> git ls-files --stage -- /home/igfersa/Documents/develop/Angular9/exerciseList/src/app/exercises/exercises.component.css
> git cat-file -s 97e8269c18c7d593ae254f978e9e68405f69d8aa
> git status -z -u
> git symbolic-ref --short HEAD
> git rev-parse master
> git rev-parse --symbolic-full-name master@{u}
> git rev-list --left-right master...refs/remotes/origin/master
> git for-each-ref --format %(refname) %(objectname) --sort -committerdate
> git remote --verbose
> git config --get commit.template
> git ls-files --stage -- /home/igfersa/Documents/develop/Angular9/exerciseList/src/app/exercises/exercises.component.css
> git cat-file -s 97e8269c18c7d593ae254f978e9e68405f69d8aa
> git show :exerciseList/src/app/exercises/exercises.component.css
> git status -z -u
> git symbolic-ref --short HEAD
> git rev-parse master
> git rev-parse --symbolic-full-name master@{u}
> git rev-list --left-right master...refs/remotes/origin/master
> git for-each-ref --format %(refname) %(objectname) --sort -committerdate
> git remote --verbose
> git config --get commit.template
> git status -z -u
> git symbolic-ref --short HEAD
> git rev-parse master
> git rev-parse --symbolic-full-name master@{u}
> git rev-list --left-right master...refs/remotes/origin/master
> git for-each-ref --format %(refname) %(objectname) --sort -committerdate
> git remote --verbose
> git config --get commit.template
> git ls-files --stage -- /home/igfersa/Documents/develop/Angular9/exerciseList/src/app/exercises/exercises.component.css
> git cat-file -s 97e8269c18c7d593ae254f978e9e68405f69d8aa
> git show :exerciseList/src/app/exercises/exercises.component.css
> git status -z -u
> git symbolic-ref --short HEAD
> git rev-parse master
> git rev-parse --symbolic-full-name master@{u}
> git rev-list --left-right master...refs/remotes/origin/master
> git for-each-ref --format %(refname) %(objectname) --sort -committerdate
> git remote --verbose
> git config --get commit.template
> git status -z -u
> git symbolic-ref --short HEAD
> git rev-parse master
> git rev-parse --symbolic-full-name master@{u}
> git rev-list --left-right master...refs/remotes/origin/master
> git for-each-ref --format %(refname) %(objectname) --sort -committerdate
> git remote --verbose
> git config --get commit.template
> git ls-files --stage -- /home/igfersa/Documents/develop/Angular9/exerciseList/src/app/exercises/exercises.component.css
> git cat-file -s 97e8269c18c7d593ae254f978e9e68405f69d8aa
> git show :exerciseList/src/app/exercises/exercises.component.css
> git status -z -u
> git symbolic-ref --short HEAD
> git rev-parse master
> git rev-parse --symbolic-full-name master@{u}
> git rev-list --left-right master...refs/remotes/origin/master
> git for-each-ref --format %(refname) %(objectname) --sort -committerdate
> git remote --verbose
> git config --get commit.template
> git ls-files --stage -- /home/igfersa/Documents/develop/Angular9/exerciseList/src/app/exercises/exercises.component.css
> git cat-file -s 97e8269c18c7d593ae254f978e9e68405f69d8aa
> git show :exerciseList/src/app/exercises/exercises.component.css
> git status -z -u
> git symbolic-ref --short HEAD
> git rev-parse master
> git rev-parse --symbolic-full-name master@{u}
> git rev-list --left-right master...refs/remotes/origin/master
> git for-each-ref --format %(refname) %(objectname) --sort -committerdate
> git remote --verbose
> git config --get commit.template
> git status -z -u
> git symbolic-ref --short HEAD
> git rev-parse master
> git rev-parse --symbolic-full-name master@{u}
> git rev-list --left-right master...refs/remotes/origin/master
> git for-each-ref --format %(refname) %(objectname) --sort -committerdate
> git remote --verbose
> git config --get commit.template
> git ls-files --stage -- /home/igfersa/Documents/develop/Angular9/exerciseList/src/app/exercises/exercises.component.css
> git cat-file -s 97e8269c18c7d593ae254f978e9e68405f69d8aa
> git show :exerciseList/src/app/exercises/exercises.component.css
> git status -z -u
> git symbolic-ref --short HEAD
> git rev-parse master
> git rev-parse --symbolic-full-name master@{u}
> git rev-list --left-right master...refs/remotes/origin/master
> git for-each-ref --format %(refname) %(objectname) --sort -committerdate
> git remote --verbose
> git config --get commit.template
> git status -z -u
> git symbolic-ref --short HEAD
> git rev-parse master
> git rev-parse --symbolic-full-name master@{u}
> git rev-list --left-right master...refs/remotes/origin/master
> git for-each-ref --format %(refname) %(objectname) --sort -committerdate
> git remote --verbose
> git config --get commit.template
> git ls-files --stage -- /home/igfersa/Documents/develop/Angular9/exerciseList/src/app/exercises/exercises.component.css
> git cat-file -s 97e8269c18c7d593ae254f978e9e68405f69d8aa
> git show :exerciseList/src/app/exercises/exercises.component.css
