Initializing document watcher...
develop/Angular9/exerciseList/src/app/panel/panel.component.css: {"insertSpaces":true,"tabSize":2}
develop/Angular9/exerciseList/src/app/app.component.html: {"insertSpaces":true,"tabSize":2}
develop/Angular9/exerciseList/src/app/app.component.css: {"insertSpaces":true,"tabSize":2}
develop/Angular9/exerciseList/src/app/app.component.css: Using EditorConfig core...
Angular9/exerciseList/src/app/app.component.css: editor.action.trimTrailingWhitespace
Angular9/exerciseList/src/app/app.component.css: insertFinalNewline(LF)
develop/Angular9/exerciseList/src/app/app-routing.module.ts: {"insertSpaces":true,"tabSize":2}
develop/Angular9/exerciseList/src/app/app-routing.module.ts: {"insertSpaces":true,"tabSize":2}
develop/Angular9/exerciseList/src/app/app-routing.module.ts: {"insertSpaces":true,"tabSize":2}
develop/Angular9/exerciseList/src/app/app-routing.module.ts: {"insertSpaces":true,"tabSize":2}
develop/Angular9/exerciseList/src/app/app-routing.module.ts: {"insertSpaces":true,"tabSize":2}
develop/Angular9/exerciseList/src/app/app-routing.module.ts: {"insertSpaces":true,"tabSize":2}
develop/Angular9/exerciseList/src/app/app-routing.module.ts: {"insertSpaces":true,"tabSize":2}
develop/Angular9/exerciseList/src/app/app-routing.module.ts: {"insertSpaces":true,"tabSize":2}
develop/Angular9/exerciseList/src/app/app-routing.module.ts: {"insertSpaces":true,"tabSize":2}
develop/Angular9/exerciseList/src/app/app-routing.module.ts: Using EditorConfig core...
Angular9/exerciseList/src/app/app-routing.module.ts: editor.action.trimTrailingWhitespace
develop/Angular9/exerciseList/src/app/app-routing.module.ts: {"insertSpaces":true,"tabSize":2}
develop/Angular9/exerciseList/src/app/app-routing.module.ts: {"insertSpaces":true,"tabSize":2}
develop/Angular9/exerciseList/src/app/app-routing.module.ts: Using EditorConfig core...
Angular9/exerciseList/src/app/app-routing.module.ts: editor.action.trimTrailingWhitespace
develop/Angular9/exerciseList/src/app/app-routing.module.ts: {"insertSpaces":true,"tabSize":2}
develop/Angular9/exerciseList/src/app/app-routing.module.ts: {"insertSpaces":true,"tabSize":2}
develop/Angular9/exerciseList/src/app/app.component.css: {"insertSpaces":true,"tabSize":2}
develop/Angular9/exerciseList/src/app/app.component.html: {"insertSpaces":true,"tabSize":2}
develop/Angular9/exerciseList/src/app/panel/panel.component.ts: {"insertSpaces":true,"tabSize":2}
develop/Angular9/exerciseList/src/app/app-routing.module.ts: {"insertSpaces":true,"tabSize":2}
develop/Angular9/exerciseList/src/app/exercises/exercises.component.css: {"insertSpaces":true,"tabSize":2}
