[Server(1511) file:///home/igfersa/Documents/develop] Started and initialize received
[Server(1511) file:///home/igfersa/Documents/develop] Setup a stylesheet lookup map
[Server(1511) file:///home/igfersa/Documents/develop] Document opened: file:///home/igfersa/Documents/develop/Angular9/exerciseList/src/app/app.component.html
[Server(1511) file:///home/igfersa/Documents/develop] Document changed: file:///home/igfersa/Documents/develop/Angular9/exerciseList/src/app/app.component.html
[Server(1511) file:///home/igfersa/Documents/develop] Document opened: file:///home/igfersa/Documents/develop/Angular9/exerciseList/src/app/app-routing.module.ts
[Server(1511) file:///home/igfersa/Documents/develop] Document changed: file:///home/igfersa/Documents/develop/Angular9/exerciseList/src/app/app-routing.module.ts
[Server(1511) file:///home/igfersa/Documents/develop] Document changed: file:///home/igfersa/Documents/develop/Angular9/exerciseList/src/app/app-routing.module.ts
[Server(1511) file:///home/igfersa/Documents/develop] Document changed: file:///home/igfersa/Documents/develop/Angular9/exerciseList/src/app/app-routing.module.ts
[Server(1511) file:///home/igfersa/Documents/develop] Document changed: file:///home/igfersa/Documents/develop/Angular9/exerciseList/src/app/app-routing.module.ts
[Server(1511) file:///home/igfersa/Documents/develop] Document changed: file:///home/igfersa/Documents/develop/Angular9/exerciseList/src/app/app-routing.module.ts
[Server(1511) file:///home/igfersa/Documents/develop] Document changed: file:///home/igfersa/Documents/develop/Angular9/exerciseList/src/app/app-routing.module.ts
[Server(1511) file:///home/igfersa/Documents/develop] Document changed: file:///home/igfersa/Documents/develop/Angular9/exerciseList/src/app/app-routing.module.ts
[Server(1511) file:///home/igfersa/Documents/develop] Document changed: file:///home/igfersa/Documents/develop/Angular9/exerciseList/src/app/app-routing.module.ts
[Server(1511) file:///home/igfersa/Documents/develop] Document changed: file:///home/igfersa/Documents/develop/Angular9/exerciseList/src/app/app-routing.module.ts
[Server(1511) file:///home/igfersa/Documents/develop] Document changed: file:///home/igfersa/Documents/develop/Angular9/exerciseList/src/app/app-routing.module.ts
[Server(1511) file:///home/igfersa/Documents/develop] Document changed: file:///home/igfersa/Documents/develop/Angular9/exerciseList/src/app/app-routing.module.ts
[Server(1511) file:///home/igfersa/Documents/develop] Document changed: file:///home/igfersa/Documents/develop/Angular9/exerciseList/src/app/app-routing.module.ts
[Server(1511) file:///home/igfersa/Documents/develop] Document changed: file:///home/igfersa/Documents/develop/Angular9/exerciseList/src/app/app-routing.module.ts
[Server(1511) file:///home/igfersa/Documents/develop] Document changed: file:///home/igfersa/Documents/develop/Angular9/exerciseList/src/app/app-routing.module.ts
[Server(1511) file:///home/igfersa/Documents/develop] Document changed: file:///home/igfersa/Documents/develop/Angular9/exerciseList/src/app/app-routing.module.ts
[Server(1511) file:///home/igfersa/Documents/develop] Document changed: file:///home/igfersa/Documents/develop/Angular9/exerciseList/src/app/app-routing.module.ts
[Server(1511) file:///home/igfersa/Documents/develop] Document changed: file:///home/igfersa/Documents/develop/Angular9/exerciseList/src/app/app-routing.module.ts
[Server(1511) file:///home/igfersa/Documents/develop] Document changed: file:///home/igfersa/Documents/develop/Angular9/exerciseList/src/app/app-routing.module.ts
[Server(1511) file:///home/igfersa/Documents/develop] Document changed: file:///home/igfersa/Documents/develop/Angular9/exerciseList/src/app/app-routing.module.ts
[Server(1511) file:///home/igfersa/Documents/develop] Document changed: file:///home/igfersa/Documents/develop/Angular9/exerciseList/src/app/app-routing.module.ts
[Server(1511) file:///home/igfersa/Documents/develop] Document changed: file:///home/igfersa/Documents/develop/Angular9/exerciseList/src/app/app-routing.module.ts
[Server(1511) file:///home/igfersa/Documents/develop] Document changed: file:///home/igfersa/Documents/develop/Angular9/exerciseList/src/app/app-routing.module.ts
[Server(1511) file:///home/igfersa/Documents/develop] Document changed: file:///home/igfersa/Documents/develop/Angular9/exerciseList/src/app/app-routing.module.ts
[Server(1511) file:///home/igfersa/Documents/develop] Document changed: file:///home/igfersa/Documents/develop/Angular9/exerciseList/src/app/app-routing.module.ts
[Server(1511) file:///home/igfersa/Documents/develop] Document changed: file:///home/igfersa/Documents/develop/Angular9/exerciseList/src/app/app-routing.module.ts
[Server(1511) file:///home/igfersa/Documents/develop] Document changed: file:///home/igfersa/Documents/develop/Angular9/exerciseList/src/app/app-routing.module.ts
[Server(1511) file:///home/igfersa/Documents/develop] Document changed: file:///home/igfersa/Documents/develop/Angular9/exerciseList/src/app/app-routing.module.ts
[Server(1511) file:///home/igfersa/Documents/develop] Document changed: file:///home/igfersa/Documents/develop/Angular9/exerciseList/src/app/app-routing.module.ts
[Server(1511) file:///home/igfersa/Documents/develop] Document changed: file:///home/igfersa/Documents/develop/Angular9/exerciseList/src/app/app-routing.module.ts
[Server(1511) file:///home/igfersa/Documents/develop] Document changed: file:///home/igfersa/Documents/develop/Angular9/exerciseList/src/app/app-routing.module.ts
[Server(1511) file:///home/igfersa/Documents/develop] Document changed: file:///home/igfersa/Documents/develop/Angular9/exerciseList/src/app/app-routing.module.ts
[Server(1511) file:///home/igfersa/Documents/develop] Document changed: file:///home/igfersa/Documents/develop/Angular9/exerciseList/src/app/app-routing.module.ts
[Server(1511) file:///home/igfersa/Documents/develop] Document changed: file:///home/igfersa/Documents/develop/Angular9/exerciseList/src/app/app-routing.module.ts
[Server(1511) file:///home/igfersa/Documents/develop] Document changed: file:///home/igfersa/Documents/develop/Angular9/exerciseList/src/app/app-routing.module.ts
[Server(1511) file:///home/igfersa/Documents/develop] Document changed: file:///home/igfersa/Documents/develop/Angular9/exerciseList/src/app/app-routing.module.ts
[Server(1511) file:///home/igfersa/Documents/develop] Document changed: file:///home/igfersa/Documents/develop/Angular9/exerciseList/src/app/app-routing.module.ts
[Server(1511) file:///home/igfersa/Documents/develop] Document changed: file:///home/igfersa/Documents/develop/Angular9/exerciseList/src/app/app-routing.module.ts
[Server(1511) file:///home/igfersa/Documents/develop] Document changed: file:///home/igfersa/Documents/develop/Angular9/exerciseList/src/app/app-routing.module.ts
[Server(1511) file:///home/igfersa/Documents/develop] Document changed: file:///home/igfersa/Documents/develop/Angular9/exerciseList/src/app/app-routing.module.ts
[Server(1511) file:///home/igfersa/Documents/develop] Document changed: file:///home/igfersa/Documents/develop/Angular9/exerciseList/src/app/app-routing.module.ts
[Server(1511) file:///home/igfersa/Documents/develop] Document changed: file:///home/igfersa/Documents/develop/Angular9/exerciseList/src/app/app-routing.module.ts
[Server(1511) file:///home/igfersa/Documents/develop] Document changed: file:///home/igfersa/Documents/develop/Angular9/exerciseList/src/app/app-routing.module.ts
[Server(1511) file:///home/igfersa/Documents/develop] Document changed: file:///home/igfersa/Documents/develop/Angular9/exerciseList/src/app/app-routing.module.ts
[Server(1511) file:///home/igfersa/Documents/develop] Document changed: file:///home/igfersa/Documents/develop/Angular9/exerciseList/src/app/app-routing.module.ts
[Server(1511) file:///home/igfersa/Documents/develop] Document changed: file:///home/igfersa/Documents/develop/Angular9/exerciseList/src/app/app-routing.module.ts
[Server(1511) file:///home/igfersa/Documents/develop] Document changed: file:///home/igfersa/Documents/develop/Angular9/exerciseList/src/app/app-routing.module.ts
[Server(1511) file:///home/igfersa/Documents/develop] Document changed: file:///home/igfersa/Documents/develop/Angular9/exerciseList/src/app/app-routing.module.ts
[Server(1511) file:///home/igfersa/Documents/develop] Document changed: file:///home/igfersa/Documents/develop/Angular9/exerciseList/src/app/app-routing.module.ts
[Server(1511) file:///home/igfersa/Documents/develop] Document changed: file:///home/igfersa/Documents/develop/Angular9/exerciseList/src/app/app-routing.module.ts
[Server(1511) file:///home/igfersa/Documents/develop] Document changed: file:///home/igfersa/Documents/develop/Angular9/exerciseList/src/app/app-routing.module.ts
[Server(1511) file:///home/igfersa/Documents/develop] Document changed: file:///home/igfersa/Documents/develop/Angular9/exerciseList/src/app/app-routing.module.ts
[Server(1511) file:///home/igfersa/Documents/develop] Document changed: file:///home/igfersa/Documents/develop/Angular9/exerciseList/src/app/app-routing.module.ts
[Server(1511) file:///home/igfersa/Documents/develop] Document changed: file:///home/igfersa/Documents/develop/Angular9/exerciseList/src/app/app-routing.module.ts
[Server(1511) file:///home/igfersa/Documents/develop] Document opened: file:///home/igfersa/Documents/develop/Angular9/exerciseList/src/app/panel/panel.component.ts
[Server(1511) file:///home/igfersa/Documents/develop] Document changed: file:///home/igfersa/Documents/develop/Angular9/exerciseList/src/app/panel/panel.component.ts
[Server(1511) file:///home/igfersa/Documents/develop] Document opened: file:///home/igfersa/Documents/develop/Angular9/exerciseList/src/app/app-routing.module.ts
[Server(1511) file:///home/igfersa/Documents/develop] Document changed: file:///home/igfersa/Documents/develop/Angular9/exerciseList/src/app/app-routing.module.ts
