Info 0    [13:41:37.653] Format host information updated
Info 1    [13:41:37.654] reload projects.
Info 2    [13:41:37.654] Structure before ensureProjectForOpenFiles:
Info 3    [13:41:37.654] Structure after ensureProjectForOpenFiles:
Info 4    [13:41:37.654] Host file extension mappings updated
Info 5    [13:41:37.686] Search path: /home/igfersa/Documents/develop/Angular9/exerciseList/src/app/exercises
Info 6    [13:41:37.687] For info: /home/igfersa/Documents/develop/Angular9/exerciseList/src/app/exercises/exercises.component.ts :: Config file name: /home/igfersa/Documents/develop/Angular9/exerciseList/tsconfig.json
Info 7    [13:41:37.688] Opened configuration file /home/igfersa/Documents/develop/Angular9/exerciseList/tsconfig.json
Info 8    [13:41:37.737] Config: /home/igfersa/Documents/develop/Angular9/exerciseList/tsconfig.json : {
 "rootNames": [
  "/home/igfersa/Documents/develop/Angular9/exerciseList/e2e/src/app.e2e-spec.ts",
  "/home/igfersa/Documents/develop/Angular9/exerciseList/e2e/src/app.po.ts",
  "/home/igfersa/Documents/develop/Angular9/exerciseList/src/main.ts",
  "/home/igfersa/Documents/develop/Angular9/exerciseList/src/polyfills.ts",
  "/home/igfersa/Documents/develop/Angular9/exerciseList/src/test.ts",
  "/home/igfersa/Documents/develop/Angular9/exerciseList/src/app/app-routing.module.ts",
  "/home/igfersa/Documents/develop/Angular9/exerciseList/src/app/app.component.spec.ts",
  "/home/igfersa/Documents/develop/Angular9/exerciseList/src/app/app.component.ts",
  "/home/igfersa/Documents/develop/Angular9/exerciseList/src/app/app.module.ts",
  "/home/igfersa/Documents/develop/Angular9/exerciseList/src/app/collection-exercises.ts",
  "/home/igfersa/Documents/develop/Angular9/exerciseList/src/app/exercise.ts",
  "/home/igfersa/Documents/develop/Angular9/exerciseList/src/app/exercises/exercises.component.spec.ts",
  "/home/igfersa/Documents/develop/Angular9/exerciseList/src/app/exercises/exercises.component.ts",
  "/home/igfersa/Documents/develop/Angular9/exerciseList/src/environments/environment.prod.ts",
  "/home/igfersa/Documents/develop/Angular9/exerciseList/src/environments/environment.ts"
 ],
 "options": {
  "baseUrl": "/home/igfersa/Documents/develop/Angular9/exerciseList",
  "outDir": "/home/igfersa/Documents/develop/Angular9/exerciseList/dist/out-tsc",
  "sourceMap": true,
  "declaration": false,
  "downlevelIteration": true,
  "experimentalDecorators": true,
  "module": 99,
  "moduleResolution": 2,
  "importHelpers": true,
  "target": 2,
  "lib": [
   "lib.es2018.d.ts",
   "lib.dom.d.ts"
  ],
  "configFilePath": "/home/igfersa/Documents/develop/Angular9/exerciseList/tsconfig.json"
 }
}
Info 9    [13:41:39.820] Loading global plugin @angular/language-service
Info 10   [13:41:39.820] Enabling plugin @angular/language-service from candidate paths: /home/igfersa/.vscode-oss/extensions/angular.ng-template-0.901.0/server/node_modules/@angular/language-service/bundles/language-service.umd.js,/home/igfersa/.vscode-oss/extensions/angular.ng-template-0.901.0/node_modules/typescript/lib/tsserverlibrary.js/../../..
Info 11   [13:41:39.820] Loading @angular/language-service from /home/igfersa/.vscode-oss/extensions/angular.ng-template-0.901.0/server/node_modules/@angular/language-service/bundles/language-service.umd.js (resolved to /home/igfersa/.vscode-oss/extensions/angular.ng-template-0.901.0/server/node_modules/@angular/language-service/bundles/language-service.umd.js/node_modules)
Info 12   [13:41:40.20] Plugin validation succeded
Info 13   [13:41:40.72] Starting updateGraphWorker: Project: /home/igfersa/Documents/develop/Angular9/exerciseList/tsconfig.json
Info 14   [13:41:44.828] Finishing updateGraphWorker: Project: /home/igfersa/Documents/develop/Angular9/exerciseList/tsconfig.json Version: 1 structureChanged: true Elapsed: 4756ms
Info 15   [13:41:44.828] Project '/home/igfersa/Documents/develop/Angular9/exerciseList/tsconfig.json' (Configured) 
Info 16   [13:41:44.829] 	Files (314)

Info 17   [13:41:44.829] -----------------------------------------------
Info 18   [13:41:44.833] Starting updateGraphWorker: Project: /home/igfersa/Documents/develop/Angular9/exerciseList/tsconfig.json
Info 19   [13:41:44.869] Finishing updateGraphWorker: Project: /home/igfersa/Documents/develop/Angular9/exerciseList/tsconfig.json Version: 2 structureChanged: false Elapsed: 36ms
Info 20   [13:41:44.869] Different program with same set of files:: oldProgram.structureIsReused:: 2
Info 21   [13:45:39.68] Search path: /home/igfersa/Documents/develop/Angular9/exerciseList/src/app/exercises
Info 22   [13:45:39.69] For info: /home/igfersa/Documents/develop/Angular9/exerciseList/src/app/exercises/exercises.component.html :: Config file name: /home/igfersa/Documents/develop/Angular9/exerciseList/tsconfig.json
Info 23   [13:45:39.73] Loading global plugin @angular/language-service
Info 24   [13:45:39.73] Enabling plugin @angular/language-service from candidate paths: /home/igfersa/.vscode-oss/extensions/angular.ng-template-0.901.0/server/node_modules/@angular/language-service/bundles/language-service.umd.js,/home/igfersa/.vscode-oss/extensions/angular.ng-template-0.901.0/node_modules/typescript/lib/tsserverlibrary.js/../../..
Info 25   [13:45:39.74] Loading @angular/language-service from /home/igfersa/.vscode-oss/extensions/angular.ng-template-0.901.0/server/node_modules/@angular/language-service/bundles/language-service.umd.js (resolved to /home/igfersa/.vscode-oss/extensions/angular.ng-template-0.901.0/server/node_modules/@angular/language-service/bundles/language-service.umd.js/node_modules)
Info 26   [13:45:39.102] Plugin validation succeded
Info 27   [13:45:39.105] Starting updateGraphWorker: Project: /dev/null/inferredProject1*
Info 28   [13:45:39.996] Finishing updateGraphWorker: Project: /dev/null/inferredProject1* Version: 1 structureChanged: true Elapsed: 891ms
Info 29   [13:45:39.996] Project '/dev/null/inferredProject1*' (Inferred) 
Info 30   [13:45:39.996] 	Files (6)

Info 31   [13:45:39.996] -----------------------------------------------
Info 32   [13:45:40.217] Search path: /home/igfersa/Documents/develop/Angular9/exerciseList/src/app/exercises
Info 33   [13:45:40.217] For info: /home/igfersa/Documents/develop/Angular9/exerciseList/src/app/exercises/exercises.component.html :: Config file name: /home/igfersa/Documents/develop/Angular9/exerciseList/tsconfig.json
Info 34   [13:45:53.846] Starting updateGraphWorker: Project: /home/igfersa/Documents/develop/Angular9/exerciseList/tsconfig.json
Info 35   [13:45:53.873] Finishing updateGraphWorker: Project: /home/igfersa/Documents/develop/Angular9/exerciseList/tsconfig.json Version: 3 structureChanged: false Elapsed: 27ms
Info 36   [13:45:53.873] Project '/home/igfersa/Documents/develop/Angular9/exerciseList/tsconfig.json' (Configured) 
Info 37   [13:45:53.873] 	Files (314)

Info 38   [13:45:53.873] -----------------------------------------------
Info 39   [13:45:55.193] Starting updateGraphWorker: Project: /home/igfersa/Documents/develop/Angular9/exerciseList/tsconfig.json
Info 40   [13:45:55.235] Finishing updateGraphWorker: Project: /home/igfersa/Documents/develop/Angular9/exerciseList/tsconfig.json Version: 4 structureChanged: false Elapsed: 42ms
Info 41   [13:45:55.235] Different program with same set of files:: oldProgram.structureIsReused:: 2
Info 42   [13:45:55.652] Starting updateGraphWorker: Project: /home/igfersa/Documents/develop/Angular9/exerciseList/tsconfig.json
Info 43   [13:45:55.670] Finishing updateGraphWorker: Project: /home/igfersa/Documents/develop/Angular9/exerciseList/tsconfig.json Version: 5 structureChanged: false Elapsed: 18ms
Info 44   [13:45:55.670] Different program with same set of files:: oldProgram.structureIsReused:: 2
Info 45   [13:45:56.182] Starting updateGraphWorker: Project: /home/igfersa/Documents/develop/Angular9/exerciseList/tsconfig.json
Info 46   [13:45:56.207] Finishing updateGraphWorker: Project: /home/igfersa/Documents/develop/Angular9/exerciseList/tsconfig.json Version: 6 structureChanged: false Elapsed: 25ms
Info 47   [13:45:56.207] Different program with same set of files:: oldProgram.structureIsReused:: 2
Info 48   [13:46:4.807] Starting updateGraphWorker: Project: /home/igfersa/Documents/develop/Angular9/exerciseList/tsconfig.json
Info 49   [13:46:4.829] Finishing updateGraphWorker: Project: /home/igfersa/Documents/develop/Angular9/exerciseList/tsconfig.json Version: 7 structureChanged: false Elapsed: 22ms
Info 50   [13:46:4.829] Different program with same set of files:: oldProgram.structureIsReused:: 2
Info 51   [13:46:5.192] Starting updateGraphWorker: Project: /home/igfersa/Documents/develop/Angular9/exerciseList/tsconfig.json
Info 52   [13:46:5.218] Finishing updateGraphWorker: Project: /home/igfersa/Documents/develop/Angular9/exerciseList/tsconfig.json Version: 8 structureChanged: false Elapsed: 26ms
Info 53   [13:46:5.218] Different program with same set of files:: oldProgram.structureIsReused:: 2
Info 54   [13:46:5.870] Starting updateGraphWorker: Project: /home/igfersa/Documents/develop/Angular9/exerciseList/tsconfig.json
Info 55   [13:46:5.886] Finishing updateGraphWorker: Project: /home/igfersa/Documents/develop/Angular9/exerciseList/tsconfig.json Version: 9 structureChanged: false Elapsed: 15ms
Info 56   [13:46:5.886] Different program with same set of files:: oldProgram.structureIsReused:: 2
Info 57   [13:46:6.518] Starting updateGraphWorker: Project: /home/igfersa/Documents/develop/Angular9/exerciseList/tsconfig.json
Info 58   [13:46:6.543] Finishing updateGraphWorker: Project: /home/igfersa/Documents/develop/Angular9/exerciseList/tsconfig.json Version: 10 structureChanged: false Elapsed: 25ms
Info 59   [13:46:6.543] Different program with same set of files:: oldProgram.structureIsReused:: 2
Info 60   [13:46:6.823] Starting updateGraphWorker: Project: /home/igfersa/Documents/develop/Angular9/exerciseList/tsconfig.json
Info 61   [13:46:6.844] Finishing updateGraphWorker: Project: /home/igfersa/Documents/develop/Angular9/exerciseList/tsconfig.json Version: 11 structureChanged: false Elapsed: 21ms
Info 62   [13:46:6.844] Different program with same set of files:: oldProgram.structureIsReused:: 2
Info 63   [13:46:6.871] Starting updateGraphWorker: Project: /home/igfersa/Documents/develop/Angular9/exerciseList/tsconfig.json
Info 64   [13:46:6.885] Finishing updateGraphWorker: Project: /home/igfersa/Documents/develop/Angular9/exerciseList/tsconfig.json Version: 12 structureChanged: false Elapsed: 14ms
Info 65   [13:46:6.885] Different program with same set of files:: oldProgram.structureIsReused:: 2
Info 66   [13:46:7.144] Starting updateGraphWorker: Project: /home/igfersa/Documents/develop/Angular9/exerciseList/tsconfig.json
Info 67   [13:46:7.158] Finishing updateGraphWorker: Project: /home/igfersa/Documents/develop/Angular9/exerciseList/tsconfig.json Version: 13 structureChanged: false Elapsed: 13ms
Info 68   [13:46:7.158] Different program with same set of files:: oldProgram.structureIsReused:: 2
Info 69   [13:46:7.302] Starting updateGraphWorker: Project: /home/igfersa/Documents/develop/Angular9/exerciseList/tsconfig.json
Info 70   [13:46:7.333] Finishing updateGraphWorker: Project: /home/igfersa/Documents/develop/Angular9/exerciseList/tsconfig.json Version: 14 structureChanged: false Elapsed: 30ms
Info 71   [13:46:7.333] Different program with same set of files:: oldProgram.structureIsReused:: 2
Info 72   [13:46:7.441] Starting updateGraphWorker: Project: /home/igfersa/Documents/develop/Angular9/exerciseList/tsconfig.json
Info 73   [13:46:7.452] Finishing updateGraphWorker: Project: /home/igfersa/Documents/develop/Angular9/exerciseList/tsconfig.json Version: 15 structureChanged: false Elapsed: 11ms
Info 74   [13:46:7.452] Different program with same set of files:: oldProgram.structureIsReused:: 2
Info 75   [13:46:10.264] Starting updateGraphWorker: Project: /home/igfersa/Documents/develop/Angular9/exerciseList/tsconfig.json
Info 76   [13:46:10.280] Finishing updateGraphWorker: Project: /home/igfersa/Documents/develop/Angular9/exerciseList/tsconfig.json Version: 16 structureChanged: false Elapsed: 16ms
Info 77   [13:46:10.280] Different program with same set of files:: oldProgram.structureIsReused:: 2
Info 78   [13:46:10.500] Starting updateGraphWorker: Project: /home/igfersa/Documents/develop/Angular9/exerciseList/tsconfig.json
Info 79   [13:46:10.509] Finishing updateGraphWorker: Project: /home/igfersa/Documents/develop/Angular9/exerciseList/tsconfig.json Version: 17 structureChanged: false Elapsed: 9ms
Info 80   [13:46:10.509] Different program with same set of files:: oldProgram.structureIsReused:: 2
Info 81   [13:46:10.980] Starting updateGraphWorker: Project: /home/igfersa/Documents/develop/Angular9/exerciseList/tsconfig.json
Info 82   [13:46:10.994] Finishing updateGraphWorker: Project: /home/igfersa/Documents/develop/Angular9/exerciseList/tsconfig.json Version: 18 structureChanged: false Elapsed: 14ms
Info 83   [13:46:10.994] Different program with same set of files:: oldProgram.structureIsReused:: 2
Info 84   [13:46:11.251] Starting updateGraphWorker: Project: /home/igfersa/Documents/develop/Angular9/exerciseList/tsconfig.json
Info 85   [13:46:11.270] Finishing updateGraphWorker: Project: /home/igfersa/Documents/develop/Angular9/exerciseList/tsconfig.json Version: 19 structureChanged: false Elapsed: 19ms
Info 86   [13:46:11.270] Different program with same set of files:: oldProgram.structureIsReused:: 2
Info 87   [13:46:11.359] Starting updateGraphWorker: Project: /home/igfersa/Documents/develop/Angular9/exerciseList/tsconfig.json
Info 88   [13:46:11.374] Finishing updateGraphWorker: Project: /home/igfersa/Documents/develop/Angular9/exerciseList/tsconfig.json Version: 20 structureChanged: false Elapsed: 15ms
Info 89   [13:46:11.374] Different program with same set of files:: oldProgram.structureIsReused:: 2
Info 90   [13:46:18.62] Starting updateGraphWorker: Project: /home/igfersa/Documents/develop/Angular9/exerciseList/tsconfig.json
Info 91   [13:46:18.81] Finishing updateGraphWorker: Project: /home/igfersa/Documents/develop/Angular9/exerciseList/tsconfig.json Version: 21 structureChanged: false Elapsed: 17ms
Info 92   [13:46:18.81] Different program with same set of files:: oldProgram.structureIsReused:: 2
Info 93   [13:46:19.1] Starting updateGraphWorker: Project: /home/igfersa/Documents/develop/Angular9/exerciseList/tsconfig.json
Info 94   [13:46:19.8] Finishing updateGraphWorker: Project: /home/igfersa/Documents/develop/Angular9/exerciseList/tsconfig.json Version: 22 structureChanged: false Elapsed: 7ms
Info 95   [13:46:19.8] Different program with same set of files:: oldProgram.structureIsReused:: 2
Info 96   [13:46:19.583] Starting updateGraphWorker: Project: /home/igfersa/Documents/develop/Angular9/exerciseList/tsconfig.json
Info 97   [13:46:19.597] Finishing updateGraphWorker: Project: /home/igfersa/Documents/develop/Angular9/exerciseList/tsconfig.json Version: 23 structureChanged: false Elapsed: 14ms
Info 98   [13:46:19.597] Different program with same set of files:: oldProgram.structureIsReused:: 2
Info 99   [13:46:20.270] Starting updateGraphWorker: Project: /home/igfersa/Documents/develop/Angular9/exerciseList/tsconfig.json
Info 100  [13:46:20.278] Finishing updateGraphWorker: Project: /home/igfersa/Documents/develop/Angular9/exerciseList/tsconfig.json Version: 24 structureChanged: false Elapsed: 8ms
Info 101  [13:46:20.278] Different program with same set of files:: oldProgram.structureIsReused:: 2
Info 102  [13:46:22.592] Starting updateGraphWorker: Project: /home/igfersa/Documents/develop/Angular9/exerciseList/tsconfig.json
Info 103  [13:46:22.610] Finishing updateGraphWorker: Project: /home/igfersa/Documents/develop/Angular9/exerciseList/tsconfig.json Version: 25 structureChanged: false Elapsed: 18ms
Info 104  [13:46:22.610] Different program with same set of files:: oldProgram.structureIsReused:: 2
Info 105  [13:46:23.685] Starting updateGraphWorker: Project: /home/igfersa/Documents/develop/Angular9/exerciseList/tsconfig.json
Info 106  [13:46:23.706] Finishing updateGraphWorker: Project: /home/igfersa/Documents/develop/Angular9/exerciseList/tsconfig.json Version: 26 structureChanged: false Elapsed: 21ms
Info 107  [13:46:23.706] Different program with same set of files:: oldProgram.structureIsReused:: 2
Info 108  [13:46:24.135] Starting updateGraphWorker: Project: /home/igfersa/Documents/develop/Angular9/exerciseList/tsconfig.json
Info 109  [13:46:24.147] Finishing updateGraphWorker: Project: /home/igfersa/Documents/develop/Angular9/exerciseList/tsconfig.json Version: 27 structureChanged: false Elapsed: 11ms
Info 110  [13:46:24.147] Different program with same set of files:: oldProgram.structureIsReused:: 2
Info 111  [13:46:24.542] Starting updateGraphWorker: Project: /home/igfersa/Documents/develop/Angular9/exerciseList/tsconfig.json
Info 112  [13:46:24.552] Finishing updateGraphWorker: Project: /home/igfersa/Documents/develop/Angular9/exerciseList/tsconfig.json Version: 28 structureChanged: false Elapsed: 10ms
Info 113  [13:46:24.552] Different program with same set of files:: oldProgram.structureIsReused:: 2
Info 114  [13:46:25.187] Starting updateGraphWorker: Project: /home/igfersa/Documents/develop/Angular9/exerciseList/tsconfig.json
Info 115  [13:46:25.204] Finishing updateGraphWorker: Project: /home/igfersa/Documents/develop/Angular9/exerciseList/tsconfig.json Version: 29 structureChanged: false Elapsed: 16ms
Info 116  [13:46:25.204] Different program with same set of files:: oldProgram.structureIsReused:: 2
Info 117  [13:46:27.623] Starting updateGraphWorker: Project: /home/igfersa/Documents/develop/Angular9/exerciseList/tsconfig.json
Info 118  [13:46:27.646] Finishing updateGraphWorker: Project: /home/igfersa/Documents/develop/Angular9/exerciseList/tsconfig.json Version: 30 structureChanged: false Elapsed: 23ms
Info 119  [13:46:27.646] Different program with same set of files:: oldProgram.structureIsReused:: 2
Info 120  [13:46:27.894] Starting updateGraphWorker: Project: /home/igfersa/Documents/develop/Angular9/exerciseList/tsconfig.json
Info 121  [13:46:27.916] Finishing updateGraphWorker: Project: /home/igfersa/Documents/develop/Angular9/exerciseList/tsconfig.json Version: 31 structureChanged: false Elapsed: 22ms
Info 122  [13:46:27.916] Different program with same set of files:: oldProgram.structureIsReused:: 2
Info 123  [13:46:28.271] Starting updateGraphWorker: Project: /home/igfersa/Documents/develop/Angular9/exerciseList/tsconfig.json
Info 124  [13:46:28.282] Finishing updateGraphWorker: Project: /home/igfersa/Documents/develop/Angular9/exerciseList/tsconfig.json Version: 32 structureChanged: false Elapsed: 11ms
Info 125  [13:46:28.282] Different program with same set of files:: oldProgram.structureIsReused:: 2
Info 126  [13:46:28.522] Starting updateGraphWorker: Project: /home/igfersa/Documents/develop/Angular9/exerciseList/tsconfig.json
Info 127  [13:46:28.536] Finishing updateGraphWorker: Project: /home/igfersa/Documents/develop/Angular9/exerciseList/tsconfig.json Version: 33 structureChanged: false Elapsed: 14ms
Info 128  [13:46:28.536] Different program with same set of files:: oldProgram.structureIsReused:: 2
Info 129  [13:46:48.771] Starting updateGraphWorker: Project: /home/igfersa/Documents/develop/Angular9/exerciseList/tsconfig.json
Info 130  [13:46:48.780] Finishing updateGraphWorker: Project: /home/igfersa/Documents/develop/Angular9/exerciseList/tsconfig.json Version: 34 structureChanged: false Elapsed: 8ms
Info 131  [13:46:48.780] Different program with same set of files:: oldProgram.structureIsReused:: 2
Info 132  [13:46:58.271] Starting updateGraphWorker: Project: /home/igfersa/Documents/develop/Angular9/exerciseList/tsconfig.json
Info 133  [13:46:58.293] Finishing updateGraphWorker: Project: /home/igfersa/Documents/develop/Angular9/exerciseList/tsconfig.json Version: 35 structureChanged: false Elapsed: 22ms
Info 134  [13:46:58.293] Different program with same set of files:: oldProgram.structureIsReused:: 2
Info 135  [13:46:59.99] Starting updateGraphWorker: Project: /home/igfersa/Documents/develop/Angular9/exerciseList/tsconfig.json
Info 136  [13:46:59.125] Finishing updateGraphWorker: Project: /home/igfersa/Documents/develop/Angular9/exerciseList/tsconfig.json Version: 36 structureChanged: false Elapsed: 26ms
Info 137  [13:46:59.126] Different program with same set of files:: oldProgram.structureIsReused:: 2
Info 138  [13:46:59.523] Starting updateGraphWorker: Project: /home/igfersa/Documents/develop/Angular9/exerciseList/tsconfig.json
Info 139  [13:46:59.537] Finishing updateGraphWorker: Project: /home/igfersa/Documents/develop/Angular9/exerciseList/tsconfig.json Version: 37 structureChanged: false Elapsed: 14ms
Info 140  [13:46:59.537] Different program with same set of files:: oldProgram.structureIsReused:: 2
Info 141  [13:47:0.374] Starting updateGraphWorker: Project: /home/igfersa/Documents/develop/Angular9/exerciseList/tsconfig.json
Info 142  [13:47:0.386] Finishing updateGraphWorker: Project: /home/igfersa/Documents/develop/Angular9/exerciseList/tsconfig.json Version: 38 structureChanged: false Elapsed: 12ms
Info 143  [13:47:0.386] Different program with same set of files:: oldProgram.structureIsReused:: 2
Info 144  [13:47:0.448] Starting updateGraphWorker: Project: /home/igfersa/Documents/develop/Angular9/exerciseList/tsconfig.json
Info 145  [13:47:0.472] Finishing updateGraphWorker: Project: /home/igfersa/Documents/develop/Angular9/exerciseList/tsconfig.json Version: 39 structureChanged: false Elapsed: 24ms
Info 146  [13:47:0.472] Different program with same set of files:: oldProgram.structureIsReused:: 2
Info 147  [13:47:1.133] Starting updateGraphWorker: Project: /home/igfersa/Documents/develop/Angular9/exerciseList/tsconfig.json
Info 148  [13:47:1.144] Finishing updateGraphWorker: Project: /home/igfersa/Documents/develop/Angular9/exerciseList/tsconfig.json Version: 40 structureChanged: false Elapsed: 11ms
Info 149  [13:47:1.145] Different program with same set of files:: oldProgram.structureIsReused:: 2
Info 150  [13:47:1.372] Starting updateGraphWorker: Project: /home/igfersa/Documents/develop/Angular9/exerciseList/tsconfig.json
Info 151  [13:47:1.391] Finishing updateGraphWorker: Project: /home/igfersa/Documents/develop/Angular9/exerciseList/tsconfig.json Version: 41 structureChanged: false Elapsed: 19ms
Info 152  [13:47:1.391] Different program with same set of files:: oldProgram.structureIsReused:: 2
Info 153  [13:47:1.925] Starting updateGraphWorker: Project: /home/igfersa/Documents/develop/Angular9/exerciseList/tsconfig.json
Info 154  [13:47:1.938] Finishing updateGraphWorker: Project: /home/igfersa/Documents/develop/Angular9/exerciseList/tsconfig.json Version: 42 structureChanged: false Elapsed: 12ms
Info 155  [13:47:1.938] Different program with same set of files:: oldProgram.structureIsReused:: 2
Info 156  [13:47:2.314] Starting updateGraphWorker: Project: /home/igfersa/Documents/develop/Angular9/exerciseList/tsconfig.json
Info 157  [13:47:2.342] Finishing updateGraphWorker: Project: /home/igfersa/Documents/develop/Angular9/exerciseList/tsconfig.json Version: 43 structureChanged: false Elapsed: 28ms
Info 158  [13:47:2.343] Different program with same set of files:: oldProgram.structureIsReused:: 2
Info 159  [13:47:2.532] Starting updateGraphWorker: Project: /home/igfersa/Documents/develop/Angular9/exerciseList/tsconfig.json
Info 160  [13:47:2.547] Finishing updateGraphWorker: Project: /home/igfersa/Documents/develop/Angular9/exerciseList/tsconfig.json Version: 44 structureChanged: false Elapsed: 15ms
Info 161  [13:47:2.547] Different program with same set of files:: oldProgram.structureIsReused:: 2
Info 162  [13:47:2.722] Starting updateGraphWorker: Project: /home/igfersa/Documents/develop/Angular9/exerciseList/tsconfig.json
Info 163  [13:47:2.741] Finishing updateGraphWorker: Project: /home/igfersa/Documents/develop/Angular9/exerciseList/tsconfig.json Version: 45 structureChanged: false Elapsed: 19ms
Info 164  [13:47:2.741] Different program with same set of files:: oldProgram.structureIsReused:: 2
Info 165  [13:47:3.169] Starting updateGraphWorker: Project: /home/igfersa/Documents/develop/Angular9/exerciseList/tsconfig.json
Info 166  [13:47:3.192] Finishing updateGraphWorker: Project: /home/igfersa/Documents/develop/Angular9/exerciseList/tsconfig.json Version: 46 structureChanged: false Elapsed: 23ms
Info 167  [13:47:3.192] Different program with same set of files:: oldProgram.structureIsReused:: 2
Info 168  [13:47:3.547] Starting updateGraphWorker: Project: /home/igfersa/Documents/develop/Angular9/exerciseList/tsconfig.json
Info 169  [13:47:3.563] Finishing updateGraphWorker: Project: /home/igfersa/Documents/develop/Angular9/exerciseList/tsconfig.json Version: 47 structureChanged: false Elapsed: 16ms
Info 170  [13:47:3.564] Different program with same set of files:: oldProgram.structureIsReused:: 2
Info 171  [13:47:4.619] Starting updateGraphWorker: Project: /home/igfersa/Documents/develop/Angular9/exerciseList/tsconfig.json
Info 172  [13:47:4.637] Finishing updateGraphWorker: Project: /home/igfersa/Documents/develop/Angular9/exerciseList/tsconfig.json Version: 48 structureChanged: false Elapsed: 18ms
Info 173  [13:47:4.637] Different program with same set of files:: oldProgram.structureIsReused:: 2
Info 174  [13:47:5.122] Starting updateGraphWorker: Project: /home/igfersa/Documents/develop/Angular9/exerciseList/tsconfig.json
Info 175  [13:47:5.150] Finishing updateGraphWorker: Project: /home/igfersa/Documents/develop/Angular9/exerciseList/tsconfig.json Version: 49 structureChanged: false Elapsed: 27ms
Info 176  [13:47:5.150] Different program with same set of files:: oldProgram.structureIsReused:: 2
Info 177  [13:47:5.510] Starting updateGraphWorker: Project: /home/igfersa/Documents/develop/Angular9/exerciseList/tsconfig.json
Info 178  [13:47:5.533] Finishing updateGraphWorker: Project: /home/igfersa/Documents/develop/Angular9/exerciseList/tsconfig.json Version: 50 structureChanged: false Elapsed: 23ms
Info 179  [13:47:5.534] Different program with same set of files:: oldProgram.structureIsReused:: 2
Info 180  [13:47:5.716] Starting updateGraphWorker: Project: /home/igfersa/Documents/develop/Angular9/exerciseList/tsconfig.json
Info 181  [13:47:5.732] Finishing updateGraphWorker: Project: /home/igfersa/Documents/develop/Angular9/exerciseList/tsconfig.json Version: 51 structureChanged: false Elapsed: 16ms
Info 182  [13:47:5.733] Different program with same set of files:: oldProgram.structureIsReused:: 2
Info 183  [13:47:6.46] Starting updateGraphWorker: Project: /home/igfersa/Documents/develop/Angular9/exerciseList/tsconfig.json
Info 184  [13:47:6.63] Finishing updateGraphWorker: Project: /home/igfersa/Documents/develop/Angular9/exerciseList/tsconfig.json Version: 52 structureChanged: false Elapsed: 17ms
Info 185  [13:47:6.63] Different program with same set of files:: oldProgram.structureIsReused:: 2
Info 186  [13:47:6.470] Starting updateGraphWorker: Project: /home/igfersa/Documents/develop/Angular9/exerciseList/tsconfig.json
Info 187  [13:47:6.491] Finishing updateGraphWorker: Project: /home/igfersa/Documents/develop/Angular9/exerciseList/tsconfig.json Version: 53 structureChanged: false Elapsed: 20ms
Info 188  [13:47:6.491] Different program with same set of files:: oldProgram.structureIsReused:: 2
Info 189  [13:47:6.615] Starting updateGraphWorker: Project: /home/igfersa/Documents/develop/Angular9/exerciseList/tsconfig.json
Info 190  [13:47:6.634] Finishing updateGraphWorker: Project: /home/igfersa/Documents/develop/Angular9/exerciseList/tsconfig.json Version: 54 structureChanged: false Elapsed: 19ms
Info 191  [13:47:6.635] Different program with same set of files:: oldProgram.structureIsReused:: 2
Info 192  [13:47:6.799] Starting updateGraphWorker: Project: /home/igfersa/Documents/develop/Angular9/exerciseList/tsconfig.json
Info 193  [13:47:6.815] Finishing updateGraphWorker: Project: /home/igfersa/Documents/develop/Angular9/exerciseList/tsconfig.json Version: 55 structureChanged: false Elapsed: 16ms
Info 194  [13:47:6.816] Different program with same set of files:: oldProgram.structureIsReused:: 2
Info 195  [13:47:11.142] Starting updateGraphWorker: Project: /home/igfersa/Documents/develop/Angular9/exerciseList/tsconfig.json
Info 196  [13:47:11.154] Finishing updateGraphWorker: Project: /home/igfersa/Documents/develop/Angular9/exerciseList/tsconfig.json Version: 56 structureChanged: false Elapsed: 11ms
Info 197  [13:47:11.154] Different program with same set of files:: oldProgram.structureIsReused:: 2
Info 198  [13:47:13.499] Starting updateGraphWorker: Project: /home/igfersa/Documents/develop/Angular9/exerciseList/tsconfig.json
Info 199  [13:47:13.520] Finishing updateGraphWorker: Project: /home/igfersa/Documents/develop/Angular9/exerciseList/tsconfig.json Version: 57 structureChanged: false Elapsed: 21ms
Info 200  [13:47:13.520] Different program with same set of files:: oldProgram.structureIsReused:: 2
Info 201  [13:47:14.264] Starting updateGraphWorker: Project: /home/igfersa/Documents/develop/Angular9/exerciseList/tsconfig.json
Info 202  [13:47:14.278] Finishing updateGraphWorker: Project: /home/igfersa/Documents/develop/Angular9/exerciseList/tsconfig.json Version: 58 structureChanged: false Elapsed: 14ms
Info 203  [13:47:14.278] Different program with same set of files:: oldProgram.structureIsReused:: 2
Info 204  [13:47:14.531] Starting updateGraphWorker: Project: /home/igfersa/Documents/develop/Angular9/exerciseList/tsconfig.json
Info 205  [13:47:14.544] Finishing updateGraphWorker: Project: /home/igfersa/Documents/develop/Angular9/exerciseList/tsconfig.json Version: 59 structureChanged: false Elapsed: 13ms
Info 206  [13:47:14.544] Different program with same set of files:: oldProgram.structureIsReused:: 2
Info 207  [13:47:14.905] Starting updateGraphWorker: Project: /home/igfersa/Documents/develop/Angular9/exerciseList/tsconfig.json
Info 208  [13:47:14.914] Finishing updateGraphWorker: Project: /home/igfersa/Documents/develop/Angular9/exerciseList/tsconfig.json Version: 60 structureChanged: false Elapsed: 9ms
Info 209  [13:47:14.914] Different program with same set of files:: oldProgram.structureIsReused:: 2
Info 210  [13:47:25.720] Starting updateGraphWorker: Project: /home/igfersa/Documents/develop/Angular9/exerciseList/tsconfig.json
Info 211  [13:47:25.747] Finishing updateGraphWorker: Project: /home/igfersa/Documents/develop/Angular9/exerciseList/tsconfig.json Version: 61 structureChanged: false Elapsed: 27ms
Info 212  [13:47:25.747] Different program with same set of files:: oldProgram.structureIsReused:: 2
Info 213  [13:47:26.327] Starting updateGraphWorker: Project: /home/igfersa/Documents/develop/Angular9/exerciseList/tsconfig.json
Info 214  [13:47:26.346] Finishing updateGraphWorker: Project: /home/igfersa/Documents/develop/Angular9/exerciseList/tsconfig.json Version: 62 structureChanged: false Elapsed: 19ms
Info 215  [13:47:26.346] Different program with same set of files:: oldProgram.structureIsReused:: 2
Info 216  [13:47:27.12] Starting updateGraphWorker: Project: /home/igfersa/Documents/develop/Angular9/exerciseList/tsconfig.json
Info 217  [13:47:27.27] Finishing updateGraphWorker: Project: /home/igfersa/Documents/develop/Angular9/exerciseList/tsconfig.json Version: 63 structureChanged: false Elapsed: 15ms
Info 218  [13:47:27.27] Different program with same set of files:: oldProgram.structureIsReused:: 2
Info 219  [13:47:29.423] Starting updateGraphWorker: Project: /home/igfersa/Documents/develop/Angular9/exerciseList/tsconfig.json
Info 220  [13:47:29.443] Finishing updateGraphWorker: Project: /home/igfersa/Documents/develop/Angular9/exerciseList/tsconfig.json Version: 64 structureChanged: false Elapsed: 20ms
Info 221  [13:47:29.443] Different program with same set of files:: oldProgram.structureIsReused:: 2
Info 222  [13:47:29.617] Starting updateGraphWorker: Project: /home/igfersa/Documents/develop/Angular9/exerciseList/tsconfig.json
Info 223  [13:47:29.643] Finishing updateGraphWorker: Project: /home/igfersa/Documents/develop/Angular9/exerciseList/tsconfig.json Version: 65 structureChanged: false Elapsed: 26ms
Info 224  [13:47:29.643] Different program with same set of files:: oldProgram.structureIsReused:: 2
Info 225  [13:47:30.136] Starting updateGraphWorker: Project: /home/igfersa/Documents/develop/Angular9/exerciseList/tsconfig.json
Info 226  [13:47:30.158] Finishing updateGraphWorker: Project: /home/igfersa/Documents/develop/Angular9/exerciseList/tsconfig.json Version: 66 structureChanged: false Elapsed: 22ms
Info 227  [13:47:30.158] Different program with same set of files:: oldProgram.structureIsReused:: 2
Info 228  [13:47:30.675] Starting updateGraphWorker: Project: /home/igfersa/Documents/develop/Angular9/exerciseList/tsconfig.json
Info 229  [13:47:30.701] Finishing updateGraphWorker: Project: /home/igfersa/Documents/develop/Angular9/exerciseList/tsconfig.json Version: 67 structureChanged: false Elapsed: 26ms
Info 230  [13:47:30.702] Different program with same set of files:: oldProgram.structureIsReused:: 2
Info 231  [13:47:31.153] Starting updateGraphWorker: Project: /home/igfersa/Documents/develop/Angular9/exerciseList/tsconfig.json
Info 232  [13:47:31.173] Finishing updateGraphWorker: Project: /home/igfersa/Documents/develop/Angular9/exerciseList/tsconfig.json Version: 68 structureChanged: false Elapsed: 20ms
Info 233  [13:47:31.173] Different program with same set of files:: oldProgram.structureIsReused:: 2
Info 234  [13:47:31.586] Starting updateGraphWorker: Project: /home/igfersa/Documents/develop/Angular9/exerciseList/tsconfig.json
Info 235  [13:47:31.604] Finishing updateGraphWorker: Project: /home/igfersa/Documents/develop/Angular9/exerciseList/tsconfig.json Version: 69 structureChanged: false Elapsed: 18ms
Info 236  [13:47:31.604] Different program with same set of files:: oldProgram.structureIsReused:: 2
Info 237  [13:47:31.847] Starting updateGraphWorker: Project: /home/igfersa/Documents/develop/Angular9/exerciseList/tsconfig.json
Info 238  [13:47:31.870] Finishing updateGraphWorker: Project: /home/igfersa/Documents/develop/Angular9/exerciseList/tsconfig.json Version: 70 structureChanged: false Elapsed: 23ms
Info 239  [13:47:31.870] Different program with same set of files:: oldProgram.structureIsReused:: 2
Info 240  [13:47:32.273] Starting updateGraphWorker: Project: /home/igfersa/Documents/develop/Angular9/exerciseList/tsconfig.json
Info 241  [13:47:32.283] Finishing updateGraphWorker: Project: /home/igfersa/Documents/develop/Angular9/exerciseList/tsconfig.json Version: 71 structureChanged: false Elapsed: 10ms
Info 242  [13:47:32.283] Different program with same set of files:: oldProgram.structureIsReused:: 2
Info 243  [13:47:33.802] Starting updateGraphWorker: Project: /home/igfersa/Documents/develop/Angular9/exerciseList/tsconfig.json
Info 244  [13:47:33.814] Finishing updateGraphWorker: Project: /home/igfersa/Documents/develop/Angular9/exerciseList/tsconfig.json Version: 72 structureChanged: false Elapsed: 12ms
Info 245  [13:47:33.814] Different program with same set of files:: oldProgram.structureIsReused:: 2
Info 246  [13:47:34.113] Starting updateGraphWorker: Project: /home/igfersa/Documents/develop/Angular9/exerciseList/tsconfig.json
Info 247  [13:47:34.135] Finishing updateGraphWorker: Project: /home/igfersa/Documents/develop/Angular9/exerciseList/tsconfig.json Version: 73 structureChanged: false Elapsed: 22ms
Info 248  [13:47:34.135] Different program with same set of files:: oldProgram.structureIsReused:: 2
Info 249  [13:47:34.845] Starting updateGraphWorker: Project: /home/igfersa/Documents/develop/Angular9/exerciseList/tsconfig.json
Info 250  [13:47:34.866] Finishing updateGraphWorker: Project: /home/igfersa/Documents/develop/Angular9/exerciseList/tsconfig.json Version: 74 structureChanged: false Elapsed: 21ms
Info 251  [13:47:34.866] Different program with same set of files:: oldProgram.structureIsReused:: 2
Info 252  [13:47:35.117] Starting updateGraphWorker: Project: /home/igfersa/Documents/develop/Angular9/exerciseList/tsconfig.json
Info 253  [13:47:35.139] Finishing updateGraphWorker: Project: /home/igfersa/Documents/develop/Angular9/exerciseList/tsconfig.json Version: 75 structureChanged: false Elapsed: 22ms
Info 254  [13:47:35.139] Different program with same set of files:: oldProgram.structureIsReused:: 2
Info 255  [13:47:35.375] Starting updateGraphWorker: Project: /home/igfersa/Documents/develop/Angular9/exerciseList/tsconfig.json
Info 256  [13:47:35.392] Finishing updateGraphWorker: Project: /home/igfersa/Documents/develop/Angular9/exerciseList/tsconfig.json Version: 76 structureChanged: false Elapsed: 17ms
Info 257  [13:47:35.392] Different program with same set of files:: oldProgram.structureIsReused:: 2
Info 258  [13:49:1.259] DirectoryWatcher:: Triggered with /home/igfersa/Documents/develop/Angular9/exerciseList :: WatchInfo: /home/igfersa/Documents/develop/Angular9/exerciseList 1 undefined Project: /home/igfersa/Documents/develop/Angular9/exerciseList/tsconfig.json WatchType: Wild card directory
Info 259  [13:49:1.260] Elapsed:: 0ms DirectoryWatcher:: Triggered with /home/igfersa/Documents/develop/Angular9/exerciseList :: WatchInfo: /home/igfersa/Documents/develop/Angular9/exerciseList 1 undefined Project: /home/igfersa/Documents/develop/Angular9/exerciseList/tsconfig.json WatchType: Wild card directory
Info 260  [13:49:1.261] DirectoryWatcher:: Triggered with /home/igfersa/Documents/develop/Angular9/exerciseList/node_modules :: WatchInfo: /home/igfersa/Documents/develop/Angular9/exerciseList/node_modules 1 undefined Project:  WatchType: node_modules for closed script infos in them
Info 261  [13:49:1.264] Elapsed:: 3ms DirectoryWatcher:: Triggered with /home/igfersa/Documents/develop/Angular9/exerciseList/node_modules :: WatchInfo: /home/igfersa/Documents/develop/Angular9/exerciseList/node_modules 1 undefined Project:  WatchType: node_modules for closed script infos in them
Info 262  [13:49:1.265] DirectoryWatcher:: Triggered with /home/igfersa/Documents/develop/Angular9/exerciseList/node_modules :: WatchInfo: /home/igfersa/Documents/develop/Angular9/exerciseList/node_modules 1 undefined Project: /home/igfersa/Documents/develop/Angular9/exerciseList/tsconfig.json WatchType: Failed Lookup Locations
Info 263  [13:49:1.265] Elapsed:: 0ms DirectoryWatcher:: Triggered with /home/igfersa/Documents/develop/Angular9/exerciseList/node_modules :: WatchInfo: /home/igfersa/Documents/develop/Angular9/exerciseList/node_modules 1 undefined Project: /home/igfersa/Documents/develop/Angular9/exerciseList/tsconfig.json WatchType: Failed Lookup Locations
Info 264  [13:49:1.540] Starting updateGraphWorker: Project: /home/igfersa/Documents/develop/Angular9/exerciseList/tsconfig.json
Info 265  [13:49:3.414] Finishing updateGraphWorker: Project: /home/igfersa/Documents/develop/Angular9/exerciseList/tsconfig.json Version: 77 structureChanged: true Elapsed: 1874ms
Info 266  [13:49:3.414] Different program with same set of files:: oldProgram.structureIsReused:: 1
Info 267  [13:49:3.416] Structure before ensureProjectForOpenFiles:
Info 268  [13:49:3.416] Starting updateGraphWorker: Project: /dev/null/inferredProject1*
Info 269  [13:49:3.423] Finishing updateGraphWorker: Project: /dev/null/inferredProject1* Version: 2 structureChanged: true Elapsed: 5ms
Info 270  [13:49:3.423] Project '/dev/null/inferredProject1*' (Inferred) 
Info 271  [13:49:3.423] 	Files (0)

Info 272  [13:49:3.423] -----------------------------------------------
Info 273  [13:49:3.424] Structure after ensureProjectForOpenFiles:
Info 274  [13:49:4.790] DirectoryWatcher:: Triggered with /home/igfersa/Documents/develop/Angular9/exerciseList :: WatchInfo: /home/igfersa/Documents/develop/Angular9/exerciseList 1 undefined Project: /home/igfersa/Documents/develop/Angular9/exerciseList/tsconfig.json WatchType: Wild card directory
Info 275  [13:49:4.791] Elapsed:: 0ms DirectoryWatcher:: Triggered with /home/igfersa/Documents/develop/Angular9/exerciseList :: WatchInfo: /home/igfersa/Documents/develop/Angular9/exerciseList 1 undefined Project: /home/igfersa/Documents/develop/Angular9/exerciseList/tsconfig.json WatchType: Wild card directory
Info 276  [13:49:4.791] DirectoryWatcher:: Triggered with /home/igfersa/Documents/develop/Angular9/exerciseList/node_modules :: WatchInfo: /home/igfersa/Documents/develop/Angular9/exerciseList/node_modules 1 undefined Project:  WatchType: node_modules for closed script infos in them
Info 277  [13:49:4.796] Elapsed:: 5ms DirectoryWatcher:: Triggered with /home/igfersa/Documents/develop/Angular9/exerciseList/node_modules :: WatchInfo: /home/igfersa/Documents/develop/Angular9/exerciseList/node_modules 1 undefined Project:  WatchType: node_modules for closed script infos in them
Info 278  [13:49:4.796] DirectoryWatcher:: Triggered with /home/igfersa/Documents/develop/Angular9/exerciseList/node_modules :: WatchInfo: /home/igfersa/Documents/develop/Angular9/exerciseList/node_modules 1 undefined Project: /home/igfersa/Documents/develop/Angular9/exerciseList/tsconfig.json WatchType: Failed Lookup Locations
Info 279  [13:49:4.796] Elapsed:: 0ms DirectoryWatcher:: Triggered with /home/igfersa/Documents/develop/Angular9/exerciseList/node_modules :: WatchInfo: /home/igfersa/Documents/develop/Angular9/exerciseList/node_modules 1 undefined Project: /home/igfersa/Documents/develop/Angular9/exerciseList/tsconfig.json WatchType: Failed Lookup Locations
Info 280  [13:49:5.51] Starting updateGraphWorker: Project: /home/igfersa/Documents/develop/Angular9/exerciseList/tsconfig.json
Info 281  [13:49:6.875] Finishing updateGraphWorker: Project: /home/igfersa/Documents/develop/Angular9/exerciseList/tsconfig.json Version: 78 structureChanged: true Elapsed: 1824ms
Info 282  [13:49:6.876] Different program with same set of files:: oldProgram.structureIsReused:: 1
Info 283  [13:49:6.877] Structure before ensureProjectForOpenFiles:
Info 284  [13:49:6.877] Structure after ensureProjectForOpenFiles:
Info 285  [13:49:16.734] Starting updateGraphWorker: Project: /home/igfersa/Documents/develop/Angular9/exerciseList/tsconfig.json
Info 286  [13:49:16.755] Finishing updateGraphWorker: Project: /home/igfersa/Documents/develop/Angular9/exerciseList/tsconfig.json Version: 79 structureChanged: false Elapsed: 21ms
Info 287  [13:49:16.755] Different program with same set of files:: oldProgram.structureIsReused:: 2
Info 288  [13:49:17.316] Starting updateGraphWorker: Project: /home/igfersa/Documents/develop/Angular9/exerciseList/tsconfig.json
Info 289  [13:49:17.343] Finishing updateGraphWorker: Project: /home/igfersa/Documents/develop/Angular9/exerciseList/tsconfig.json Version: 80 structureChanged: false Elapsed: 27ms
Info 290  [13:49:17.343] Different program with same set of files:: oldProgram.structureIsReused:: 2
Info 291  [13:49:17.884] Starting updateGraphWorker: Project: /home/igfersa/Documents/develop/Angular9/exerciseList/tsconfig.json
Info 292  [13:49:17.938] Finishing updateGraphWorker: Project: /home/igfersa/Documents/develop/Angular9/exerciseList/tsconfig.json Version: 81 structureChanged: false Elapsed: 53ms
Info 293  [13:49:17.938] Different program with same set of files:: oldProgram.structureIsReused:: 2
Info 294  [13:49:18.233] Starting updateGraphWorker: Project: /home/igfersa/Documents/develop/Angular9/exerciseList/tsconfig.json
Info 295  [13:49:18.278] Finishing updateGraphWorker: Project: /home/igfersa/Documents/develop/Angular9/exerciseList/tsconfig.json Version: 82 structureChanged: false Elapsed: 44ms
Info 296  [13:49:18.278] Different program with same set of files:: oldProgram.structureIsReused:: 2
Info 297  [13:49:18.969] Starting updateGraphWorker: Project: /home/igfersa/Documents/develop/Angular9/exerciseList/tsconfig.json
Info 298  [13:49:19.9] Finishing updateGraphWorker: Project: /home/igfersa/Documents/develop/Angular9/exerciseList/tsconfig.json Version: 83 structureChanged: false Elapsed: 40ms
Info 299  [13:49:19.9] Different program with same set of files:: oldProgram.structureIsReused:: 2
Info 300  [13:49:22.641] Starting updateGraphWorker: Project: /home/igfersa/Documents/develop/Angular9/exerciseList/tsconfig.json
Info 301  [13:49:22.651] Finishing updateGraphWorker: Project: /home/igfersa/Documents/develop/Angular9/exerciseList/tsconfig.json Version: 84 structureChanged: false Elapsed: 10ms
Info 302  [13:49:22.651] Different program with same set of files:: oldProgram.structureIsReused:: 2
Info 303  [13:49:30.70] Starting updateGraphWorker: Project: /home/igfersa/Documents/develop/Angular9/exerciseList/tsconfig.json
Info 304  [13:49:30.87] Finishing updateGraphWorker: Project: /home/igfersa/Documents/develop/Angular9/exerciseList/tsconfig.json Version: 85 structureChanged: false Elapsed: 17ms
Info 305  [13:49:30.87] Different program with same set of files:: oldProgram.structureIsReused:: 2
Info 306  [13:49:31.366] Starting updateGraphWorker: Project: /home/igfersa/Documents/develop/Angular9/exerciseList/tsconfig.json
Info 307  [13:49:31.381] Finishing updateGraphWorker: Project: /home/igfersa/Documents/develop/Angular9/exerciseList/tsconfig.json Version: 86 structureChanged: false Elapsed: 15ms
Info 308  [13:49:31.381] Different program with same set of files:: oldProgram.structureIsReused:: 2
Info 309  [13:49:32.16] Starting updateGraphWorker: Project: /home/igfersa/Documents/develop/Angular9/exerciseList/tsconfig.json
Info 310  [13:49:32.32] Finishing updateGraphWorker: Project: /home/igfersa/Documents/develop/Angular9/exerciseList/tsconfig.json Version: 87 structureChanged: false Elapsed: 16ms
Info 311  [13:49:32.32] Different program with same set of files:: oldProgram.structureIsReused:: 2
Info 312  [13:49:32.268] Starting updateGraphWorker: Project: /home/igfersa/Documents/develop/Angular9/exerciseList/tsconfig.json
Info 313  [13:49:32.298] Finishing updateGraphWorker: Project: /home/igfersa/Documents/develop/Angular9/exerciseList/tsconfig.json Version: 88 structureChanged: false Elapsed: 30ms
Info 314  [13:49:32.298] Different program with same set of files:: oldProgram.structureIsReused:: 2
Info 315  [13:49:36.988] Starting updateGraphWorker: Project: /home/igfersa/Documents/develop/Angular9/exerciseList/tsconfig.json
Info 316  [13:49:37.9] Finishing updateGraphWorker: Project: /home/igfersa/Documents/develop/Angular9/exerciseList/tsconfig.json Version: 89 structureChanged: false Elapsed: 21ms
Info 317  [13:49:37.9] Different program with same set of files:: oldProgram.structureIsReused:: 2
Info 318  [13:49:37.495] Starting updateGraphWorker: Project: /home/igfersa/Documents/develop/Angular9/exerciseList/tsconfig.json
Info 319  [13:49:37.510] Finishing updateGraphWorker: Project: /home/igfersa/Documents/develop/Angular9/exerciseList/tsconfig.json Version: 90 structureChanged: false Elapsed: 15ms
Info 320  [13:49:37.510] Different program with same set of files:: oldProgram.structureIsReused:: 2
Info 321  [13:49:41.3] Starting updateGraphWorker: Project: /home/igfersa/Documents/develop/Angular9/exerciseList/tsconfig.json
Info 322  [13:49:41.44] Finishing updateGraphWorker: Project: /home/igfersa/Documents/develop/Angular9/exerciseList/tsconfig.json Version: 91 structureChanged: false Elapsed: 41ms
Info 323  [13:49:41.44] Different program with same set of files:: oldProgram.structureIsReused:: 2
Info 324  [13:49:41.387] Starting updateGraphWorker: Project: /home/igfersa/Documents/develop/Angular9/exerciseList/tsconfig.json
Info 325  [13:49:41.417] Finishing updateGraphWorker: Project: /home/igfersa/Documents/develop/Angular9/exerciseList/tsconfig.json Version: 92 structureChanged: false Elapsed: 30ms
Info 326  [13:49:41.417] Different program with same set of files:: oldProgram.structureIsReused:: 2
Info 327  [13:49:41.767] Starting updateGraphWorker: Project: /home/igfersa/Documents/develop/Angular9/exerciseList/tsconfig.json
Info 328  [13:49:41.803] Finishing updateGraphWorker: Project: /home/igfersa/Documents/develop/Angular9/exerciseList/tsconfig.json Version: 93 structureChanged: false Elapsed: 36ms
Info 329  [13:49:41.803] Different program with same set of files:: oldProgram.structureIsReused:: 2
Info 330  [13:49:42.786] Starting updateGraphWorker: Project: /home/igfersa/Documents/develop/Angular9/exerciseList/tsconfig.json
Info 331  [13:49:42.815] Finishing updateGraphWorker: Project: /home/igfersa/Documents/develop/Angular9/exerciseList/tsconfig.json Version: 94 structureChanged: false Elapsed: 29ms
Info 332  [13:49:42.815] Different program with same set of files:: oldProgram.structureIsReused:: 2
Info 333  [13:49:54.13] Starting updateGraphWorker: Project: /home/igfersa/Documents/develop/Angular9/exerciseList/tsconfig.json
Info 334  [13:49:54.29] Finishing updateGraphWorker: Project: /home/igfersa/Documents/develop/Angular9/exerciseList/tsconfig.json Version: 95 structureChanged: false Elapsed: 16ms
Info 335  [13:49:54.30] Different program with same set of files:: oldProgram.structureIsReused:: 2
Info 336  [13:50:5.866] Starting updateGraphWorker: Project: /home/igfersa/Documents/develop/Angular9/exerciseList/tsconfig.json
Info 337  [13:50:5.877] Finishing updateGraphWorker: Project: /home/igfersa/Documents/develop/Angular9/exerciseList/tsconfig.json Version: 96 structureChanged: false Elapsed: 11ms
Info 338  [13:50:5.877] Different program with same set of files:: oldProgram.structureIsReused:: 2
Info 339  [13:50:6.242] Starting updateGraphWorker: Project: /home/igfersa/Documents/develop/Angular9/exerciseList/tsconfig.json
Info 340  [13:50:6.253] Finishing updateGraphWorker: Project: /home/igfersa/Documents/develop/Angular9/exerciseList/tsconfig.json Version: 97 structureChanged: false Elapsed: 11ms
Info 341  [13:50:6.253] Different program with same set of files:: oldProgram.structureIsReused:: 2
Info 342  [13:50:8.902] Starting updateGraphWorker: Project: /home/igfersa/Documents/develop/Angular9/exerciseList/tsconfig.json
Info 343  [13:50:8.912] Finishing updateGraphWorker: Project: /home/igfersa/Documents/develop/Angular9/exerciseList/tsconfig.json Version: 98 structureChanged: false Elapsed: 10ms
Info 344  [13:50:8.912] Different program with same set of files:: oldProgram.structureIsReused:: 2
Info 345  [13:50:18.858] Starting updateGraphWorker: Project: /home/igfersa/Documents/develop/Angular9/exerciseList/tsconfig.json
Info 346  [13:50:18.874] Finishing updateGraphWorker: Project: /home/igfersa/Documents/develop/Angular9/exerciseList/tsconfig.json Version: 99 structureChanged: false Elapsed: 15ms
Info 347  [13:50:18.874] Different program with same set of files:: oldProgram.structureIsReused:: 2
Info 348  [13:50:23.46] Starting updateGraphWorker: Project: /home/igfersa/Documents/develop/Angular9/exerciseList/tsconfig.json
Info 349  [13:50:23.67] Finishing updateGraphWorker: Project: /home/igfersa/Documents/develop/Angular9/exerciseList/tsconfig.json Version: 100 structureChanged: false Elapsed: 21ms
Info 350  [13:50:23.67] Different program with same set of files:: oldProgram.structureIsReused:: 2
Info 351  [13:50:23.903] Starting updateGraphWorker: Project: /home/igfersa/Documents/develop/Angular9/exerciseList/tsconfig.json
Info 352  [13:50:23.914] Finishing updateGraphWorker: Project: /home/igfersa/Documents/develop/Angular9/exerciseList/tsconfig.json Version: 101 structureChanged: false Elapsed: 11ms
Info 353  [13:50:23.914] Different program with same set of files:: oldProgram.structureIsReused:: 2
Info 354  [13:50:24.571] Starting updateGraphWorker: Project: /home/igfersa/Documents/develop/Angular9/exerciseList/tsconfig.json
Info 355  [13:50:24.587] Finishing updateGraphWorker: Project: /home/igfersa/Documents/develop/Angular9/exerciseList/tsconfig.json Version: 102 structureChanged: false Elapsed: 16ms
Info 356  [13:50:24.588] Different program with same set of files:: oldProgram.structureIsReused:: 2
Info 357  [13:50:24.807] Starting updateGraphWorker: Project: /home/igfersa/Documents/develop/Angular9/exerciseList/tsconfig.json
Info 358  [13:50:24.817] Finishing updateGraphWorker: Project: /home/igfersa/Documents/develop/Angular9/exerciseList/tsconfig.json Version: 103 structureChanged: false Elapsed: 10ms
Info 359  [13:50:24.817] Different program with same set of files:: oldProgram.structureIsReused:: 2
Info 360  [13:50:25.292] Starting updateGraphWorker: Project: /home/igfersa/Documents/develop/Angular9/exerciseList/tsconfig.json
Info 361  [13:50:25.303] Finishing updateGraphWorker: Project: /home/igfersa/Documents/develop/Angular9/exerciseList/tsconfig.json Version: 104 structureChanged: false Elapsed: 11ms
Info 362  [13:50:25.304] Different program with same set of files:: oldProgram.structureIsReused:: 2
Info 363  [13:50:25.782] Starting updateGraphWorker: Project: /home/igfersa/Documents/develop/Angular9/exerciseList/tsconfig.json
Info 364  [13:50:25.794] Finishing updateGraphWorker: Project: /home/igfersa/Documents/develop/Angular9/exerciseList/tsconfig.json Version: 105 structureChanged: false Elapsed: 11ms
Info 365  [13:50:25.794] Different program with same set of files:: oldProgram.structureIsReused:: 2
Info 366  [13:50:26.386] Starting updateGraphWorker: Project: /home/igfersa/Documents/develop/Angular9/exerciseList/tsconfig.json
Info 367  [13:50:26.406] Finishing updateGraphWorker: Project: /home/igfersa/Documents/develop/Angular9/exerciseList/tsconfig.json Version: 106 structureChanged: false Elapsed: 19ms
Info 368  [13:50:26.406] Different program with same set of files:: oldProgram.structureIsReused:: 2
Info 369  [13:50:27.654] Starting updateGraphWorker: Project: /home/igfersa/Documents/develop/Angular9/exerciseList/tsconfig.json
Info 370  [13:50:27.671] Finishing updateGraphWorker: Project: /home/igfersa/Documents/develop/Angular9/exerciseList/tsconfig.json Version: 107 structureChanged: false Elapsed: 17ms
Info 371  [13:50:27.671] Different program with same set of files:: oldProgram.structureIsReused:: 2
Info 372  [13:50:32.344] Starting updateGraphWorker: Project: /home/igfersa/Documents/develop/Angular9/exerciseList/tsconfig.json
Info 373  [13:50:32.357] Finishing updateGraphWorker: Project: /home/igfersa/Documents/develop/Angular9/exerciseList/tsconfig.json Version: 108 structureChanged: false Elapsed: 13ms
Info 374  [13:50:32.357] Different program with same set of files:: oldProgram.structureIsReused:: 2
Info 375  [13:50:33.171] Starting updateGraphWorker: Project: /home/igfersa/Documents/develop/Angular9/exerciseList/tsconfig.json
Info 376  [13:50:33.179] Finishing updateGraphWorker: Project: /home/igfersa/Documents/develop/Angular9/exerciseList/tsconfig.json Version: 109 structureChanged: false Elapsed: 8ms
Info 377  [13:50:33.179] Different program with same set of files:: oldProgram.structureIsReused:: 2
Info 378  [13:50:33.949] Starting updateGraphWorker: Project: /home/igfersa/Documents/develop/Angular9/exerciseList/tsconfig.json
Info 379  [13:50:33.960] Finishing updateGraphWorker: Project: /home/igfersa/Documents/develop/Angular9/exerciseList/tsconfig.json Version: 110 structureChanged: false Elapsed: 11ms
Info 380  [13:50:33.960] Different program with same set of files:: oldProgram.structureIsReused:: 2
Info 381  [13:50:35.79] Starting updateGraphWorker: Project: /home/igfersa/Documents/develop/Angular9/exerciseList/tsconfig.json
Info 382  [13:50:35.99] Finishing updateGraphWorker: Project: /home/igfersa/Documents/develop/Angular9/exerciseList/tsconfig.json Version: 111 structureChanged: false Elapsed: 19ms
Info 383  [13:50:35.99] Different program with same set of files:: oldProgram.structureIsReused:: 2
Info 384  [13:50:38.873] Starting updateGraphWorker: Project: /home/igfersa/Documents/develop/Angular9/exerciseList/tsconfig.json
Info 385  [13:50:38.892] Finishing updateGraphWorker: Project: /home/igfersa/Documents/develop/Angular9/exerciseList/tsconfig.json Version: 112 structureChanged: false Elapsed: 19ms
Info 386  [13:50:38.892] Different program with same set of files:: oldProgram.structureIsReused:: 2
Info 387  [13:50:41.4] Starting updateGraphWorker: Project: /home/igfersa/Documents/develop/Angular9/exerciseList/tsconfig.json
Info 388  [13:50:41.17] Finishing updateGraphWorker: Project: /home/igfersa/Documents/develop/Angular9/exerciseList/tsconfig.json Version: 113 structureChanged: false Elapsed: 13ms
Info 389  [13:50:41.18] Different program with same set of files:: oldProgram.structureIsReused:: 2
Info 390  [13:50:46.540] Starting updateGraphWorker: Project: /home/igfersa/Documents/develop/Angular9/exerciseList/tsconfig.json
Info 391  [13:50:46.548] Finishing updateGraphWorker: Project: /home/igfersa/Documents/develop/Angular9/exerciseList/tsconfig.json Version: 114 structureChanged: false Elapsed: 8ms
Info 392  [13:50:46.548] Different program with same set of files:: oldProgram.structureIsReused:: 2
Info 393  [13:50:46.971] Starting updateGraphWorker: Project: /home/igfersa/Documents/develop/Angular9/exerciseList/tsconfig.json
Info 394  [13:50:46.983] Finishing updateGraphWorker: Project: /home/igfersa/Documents/develop/Angular9/exerciseList/tsconfig.json Version: 115 structureChanged: false Elapsed: 12ms
Info 395  [13:50:46.983] Different program with same set of files:: oldProgram.structureIsReused:: 2
Info 396  [13:50:51.58] Starting updateGraphWorker: Project: /home/igfersa/Documents/develop/Angular9/exerciseList/tsconfig.json
Info 397  [13:50:51.73] Finishing updateGraphWorker: Project: /home/igfersa/Documents/develop/Angular9/exerciseList/tsconfig.json Version: 116 structureChanged: false Elapsed: 15ms
Info 398  [13:50:51.73] Different program with same set of files:: oldProgram.structureIsReused:: 2
Info 399  [13:50:51.907] Starting updateGraphWorker: Project: /home/igfersa/Documents/develop/Angular9/exerciseList/tsconfig.json
Info 400  [13:50:51.914] Finishing updateGraphWorker: Project: /home/igfersa/Documents/develop/Angular9/exerciseList/tsconfig.json Version: 117 structureChanged: false Elapsed: 7ms
Info 401  [13:50:51.914] Different program with same set of files:: oldProgram.structureIsReused:: 2
Info 402  [13:50:53.918] Starting updateGraphWorker: Project: /home/igfersa/Documents/develop/Angular9/exerciseList/tsconfig.json
Info 403  [13:50:53.946] Finishing updateGraphWorker: Project: /home/igfersa/Documents/develop/Angular9/exerciseList/tsconfig.json Version: 118 structureChanged: false Elapsed: 27ms
Info 404  [13:50:53.946] Different program with same set of files:: oldProgram.structureIsReused:: 2
Info 405  [13:50:54.288] Starting updateGraphWorker: Project: /home/igfersa/Documents/develop/Angular9/exerciseList/tsconfig.json
Info 406  [13:50:54.301] Finishing updateGraphWorker: Project: /home/igfersa/Documents/develop/Angular9/exerciseList/tsconfig.json Version: 119 structureChanged: false Elapsed: 13ms
Info 407  [13:50:54.301] Different program with same set of files:: oldProgram.structureIsReused:: 2
Info 408  [13:50:56.40] Starting updateGraphWorker: Project: /home/igfersa/Documents/develop/Angular9/exerciseList/tsconfig.json
Info 409  [13:50:56.49] Finishing updateGraphWorker: Project: /home/igfersa/Documents/develop/Angular9/exerciseList/tsconfig.json Version: 120 structureChanged: false Elapsed: 9ms
Info 410  [13:50:56.49] Different program with same set of files:: oldProgram.structureIsReused:: 2
Info 411  [13:51:4.389] Starting updateGraphWorker: Project: /home/igfersa/Documents/develop/Angular9/exerciseList/tsconfig.json
Info 412  [13:51:4.405] Finishing updateGraphWorker: Project: /home/igfersa/Documents/develop/Angular9/exerciseList/tsconfig.json Version: 121 structureChanged: false Elapsed: 16ms
Info 413  [13:51:4.405] Different program with same set of files:: oldProgram.structureIsReused:: 2
Info 414  [13:51:5.18] Starting updateGraphWorker: Project: /home/igfersa/Documents/develop/Angular9/exerciseList/tsconfig.json
Info 415  [13:51:5.40] Finishing updateGraphWorker: Project: /home/igfersa/Documents/develop/Angular9/exerciseList/tsconfig.json Version: 122 structureChanged: false Elapsed: 22ms
Info 416  [13:51:5.40] Different program with same set of files:: oldProgram.structureIsReused:: 2
Info 417  [13:51:5.724] Starting updateGraphWorker: Project: /home/igfersa/Documents/develop/Angular9/exerciseList/tsconfig.json
Info 418  [13:51:5.746] Finishing updateGraphWorker: Project: /home/igfersa/Documents/develop/Angular9/exerciseList/tsconfig.json Version: 123 structureChanged: false Elapsed: 22ms
Info 419  [13:51:5.746] Different program with same set of files:: oldProgram.structureIsReused:: 2
Info 420  [13:51:6.74] Starting updateGraphWorker: Project: /home/igfersa/Documents/develop/Angular9/exerciseList/tsconfig.json
Info 421  [13:51:6.87] Finishing updateGraphWorker: Project: /home/igfersa/Documents/develop/Angular9/exerciseList/tsconfig.json Version: 124 structureChanged: false Elapsed: 13ms
Info 422  [13:51:6.87] Different program with same set of files:: oldProgram.structureIsReused:: 2
Info 423  [13:51:7.20] Starting updateGraphWorker: Project: /home/igfersa/Documents/develop/Angular9/exerciseList/tsconfig.json
Info 424  [13:51:7.37] Finishing updateGraphWorker: Project: /home/igfersa/Documents/develop/Angular9/exerciseList/tsconfig.json Version: 125 structureChanged: false Elapsed: 17ms
Info 425  [13:51:7.37] Different program with same set of files:: oldProgram.structureIsReused:: 2
Info 426  [13:51:7.269] Starting updateGraphWorker: Project: /home/igfersa/Documents/develop/Angular9/exerciseList/tsconfig.json
Info 427  [13:51:7.282] Finishing updateGraphWorker: Project: /home/igfersa/Documents/develop/Angular9/exerciseList/tsconfig.json Version: 126 structureChanged: false Elapsed: 12ms
Info 428  [13:51:7.282] Different program with same set of files:: oldProgram.structureIsReused:: 2
Info 429  [13:51:7.388] Starting updateGraphWorker: Project: /home/igfersa/Documents/develop/Angular9/exerciseList/tsconfig.json
Info 430  [13:51:7.401] Finishing updateGraphWorker: Project: /home/igfersa/Documents/develop/Angular9/exerciseList/tsconfig.json Version: 127 structureChanged: false Elapsed: 13ms
Info 431  [13:51:7.401] Different program with same set of files:: oldProgram.structureIsReused:: 2
Info 432  [13:51:7.582] Starting updateGraphWorker: Project: /home/igfersa/Documents/develop/Angular9/exerciseList/tsconfig.json
Info 433  [13:51:7.591] Finishing updateGraphWorker: Project: /home/igfersa/Documents/develop/Angular9/exerciseList/tsconfig.json Version: 128 structureChanged: false Elapsed: 9ms
Info 434  [13:51:7.591] Different program with same set of files:: oldProgram.structureIsReused:: 2
Info 435  [13:51:7.719] Starting updateGraphWorker: Project: /home/igfersa/Documents/develop/Angular9/exerciseList/tsconfig.json
Info 436  [13:51:7.736] Finishing updateGraphWorker: Project: /home/igfersa/Documents/develop/Angular9/exerciseList/tsconfig.json Version: 129 structureChanged: false Elapsed: 17ms
Info 437  [13:51:7.736] Different program with same set of files:: oldProgram.structureIsReused:: 2
Info 438  [13:51:7.884] Starting updateGraphWorker: Project: /home/igfersa/Documents/develop/Angular9/exerciseList/tsconfig.json
Info 439  [13:51:7.906] Finishing updateGraphWorker: Project: /home/igfersa/Documents/develop/Angular9/exerciseList/tsconfig.json Version: 130 structureChanged: false Elapsed: 22ms
Info 440  [13:51:7.906] Different program with same set of files:: oldProgram.structureIsReused:: 2
Info 441  [13:51:9.627] Starting updateGraphWorker: Project: /home/igfersa/Documents/develop/Angular9/exerciseList/tsconfig.json
Info 442  [13:51:9.645] Finishing updateGraphWorker: Project: /home/igfersa/Documents/develop/Angular9/exerciseList/tsconfig.json Version: 131 structureChanged: false Elapsed: 18ms
Info 443  [13:51:9.645] Different program with same set of files:: oldProgram.structureIsReused:: 2
Info 444  [13:51:9.857] Starting updateGraphWorker: Project: /home/igfersa/Documents/develop/Angular9/exerciseList/tsconfig.json
Info 445  [13:51:9.868] Finishing updateGraphWorker: Project: /home/igfersa/Documents/develop/Angular9/exerciseList/tsconfig.json Version: 132 structureChanged: false Elapsed: 11ms
Info 446  [13:51:9.868] Different program with same set of files:: oldProgram.structureIsReused:: 2
Info 447  [13:51:10.170] Starting updateGraphWorker: Project: /home/igfersa/Documents/develop/Angular9/exerciseList/tsconfig.json
Info 448  [13:51:10.184] Finishing updateGraphWorker: Project: /home/igfersa/Documents/develop/Angular9/exerciseList/tsconfig.json Version: 133 structureChanged: false Elapsed: 13ms
Info 449  [13:51:10.184] Different program with same set of files:: oldProgram.structureIsReused:: 2
Info 450  [13:51:10.576] Starting updateGraphWorker: Project: /home/igfersa/Documents/develop/Angular9/exerciseList/tsconfig.json
Info 451  [13:51:10.590] Finishing updateGraphWorker: Project: /home/igfersa/Documents/develop/Angular9/exerciseList/tsconfig.json Version: 134 structureChanged: false Elapsed: 14ms
Info 452  [13:51:10.591] Different program with same set of files:: oldProgram.structureIsReused:: 2
Info 453  [13:51:10.867] Starting updateGraphWorker: Project: /home/igfersa/Documents/develop/Angular9/exerciseList/tsconfig.json
Info 454  [13:51:10.874] Finishing updateGraphWorker: Project: /home/igfersa/Documents/develop/Angular9/exerciseList/tsconfig.json Version: 135 structureChanged: false Elapsed: 7ms
Info 455  [13:51:10.874] Different program with same set of files:: oldProgram.structureIsReused:: 2
Info 456  [13:51:11.244] Starting updateGraphWorker: Project: /home/igfersa/Documents/develop/Angular9/exerciseList/tsconfig.json
Info 457  [13:51:11.257] Finishing updateGraphWorker: Project: /home/igfersa/Documents/develop/Angular9/exerciseList/tsconfig.json Version: 136 structureChanged: false Elapsed: 13ms
Info 458  [13:51:11.257] Different program with same set of files:: oldProgram.structureIsReused:: 2
Info 459  [13:51:12.601] Starting updateGraphWorker: Project: /home/igfersa/Documents/develop/Angular9/exerciseList/tsconfig.json
Info 460  [13:51:12.607] Finishing updateGraphWorker: Project: /home/igfersa/Documents/develop/Angular9/exerciseList/tsconfig.json Version: 137 structureChanged: false Elapsed: 6ms
Info 461  [13:51:12.607] Different program with same set of files:: oldProgram.structureIsReused:: 2
Info 462  [13:51:30.646] Starting updateGraphWorker: Project: /home/igfersa/Documents/develop/Angular9/exerciseList/tsconfig.json
Info 463  [13:51:30.658] Finishing updateGraphWorker: Project: /home/igfersa/Documents/develop/Angular9/exerciseList/tsconfig.json Version: 138 structureChanged: false Elapsed: 12ms
Info 464  [13:51:30.658] Different program with same set of files:: oldProgram.structureIsReused:: 2
Info 465  [13:51:31.363] Starting updateGraphWorker: Project: /home/igfersa/Documents/develop/Angular9/exerciseList/tsconfig.json
Info 466  [13:51:31.382] Finishing updateGraphWorker: Project: /home/igfersa/Documents/develop/Angular9/exerciseList/tsconfig.json Version: 139 structureChanged: false Elapsed: 19ms
Info 467  [13:51:31.382] Different program with same set of files:: oldProgram.structureIsReused:: 2
Info 468  [13:51:47.866] Starting updateGraphWorker: Project: /home/igfersa/Documents/develop/Angular9/exerciseList/tsconfig.json
Info 469  [13:51:47.881] Finishing updateGraphWorker: Project: /home/igfersa/Documents/develop/Angular9/exerciseList/tsconfig.json Version: 140 structureChanged: false Elapsed: 15ms
Info 470  [13:51:47.881] Different program with same set of files:: oldProgram.structureIsReused:: 2
