Initializing document watcher...
develop/Angular/exerciseList/src/app/app.component.html: {"insertSpaces":true,"tabSize":2}
develop/Angular/exerciseList/src/app/app.component.css: {"insertSpaces":true,"tabSize":2}
develop/Angular/exerciseList/src/app/app.component.css: {"insertSpaces":true,"tabSize":2}
develop/Angular/exerciseList/src/app/app.component.css: {"insertSpaces":true,"tabSize":2}
develop/Angular/exerciseList/src/app/app.component.css: {"insertSpaces":true,"tabSize":2}
develop/Angular/exerciseList/src/app/app.component.css: {"insertSpaces":true,"tabSize":2}
develop/Angular/exerciseList/src/app/app.component.css: {"insertSpaces":true,"tabSize":2}
develop/Angular/exerciseList/src/app/app.component.css: {"insertSpaces":true,"tabSize":2}
develop/Angular/exerciseList/src/app/app.component.css: {"insertSpaces":true,"tabSize":2}
develop/Angular/exerciseList/src/app/app.component.css: {"insertSpaces":true,"tabSize":2}
develop/Angular/exerciseList/src/app/app.component.css: {"insertSpaces":true,"tabSize":2}
develop/Angular/exerciseList/src/app/app.component.css: {"insertSpaces":true,"tabSize":2}
develop/Angular/exerciseList/src/app/app.component.css: Using EditorConfig core...
Angular/exerciseList/src/app/app.component.css: editor.action.trimTrailingWhitespace
Angular/exerciseList/src/app/app.component.css: insertFinalNewline(LF)
develop/Angular/exerciseList/src/app/app.component.css: {"insertSpaces":true,"tabSize":2}
develop/Angular/exerciseList/src/app/app.component.css: {"insertSpaces":true,"tabSize":2}
develop/Angular/exerciseList/src/app/app.component.css: {"insertSpaces":true,"tabSize":2}
develop/Angular/exerciseList/src/app/app.component.css: {"insertSpaces":true,"tabSize":2}
develop/Angular9/exerciseList/src/app/app.component.css: {"insertSpaces":true,"tabSize":2}
develop/Angular9/exerciseList/src/app/app.component.css: {"insertSpaces":true,"tabSize":2}
develop/Angular9/exerciseList/src/app/app.component.css: {"insertSpaces":true,"tabSize":2}
develop/Angular9/exerciseList/node_modules/@angular/core/core.d.ts: Using EditorConfig core...
develop/Angular9/exerciseList/node_modules/@angular/common/common.d.ts: Using EditorConfig core...
develop/Angular9/exerciseList/node_modules/@angular/router/router.d.ts: Using EditorConfig core...
develop/Angular9/exerciseList/node_modules/@types/selenium-webdriver/index.d.ts: Using EditorConfig core...
develop/Angular9/exerciseList/node_modules/@angular/core/testing/testing.d.ts: Using EditorConfig core...
develop/Angular9/exerciseList/node_modules/@angular/platform-browser/platform-browser.d.ts: Using EditorConfig core...
develop/Angular9/exerciseList/node_modules/karma-coverage-istanbul-reporter/src/reporter.js: Using EditorConfig core...
develop/Angular9/exerciseList/node_modules/karma-coverage-istanbul-reporter/src/util.js: Using EditorConfig core...
develop/Angular9/exerciseList/node_modules/istanbul-api/index.js: Using EditorConfig core...
develop/Angular9/exerciseList/node_modules/karma-chrome-launcher/index.js: Using EditorConfig core...
develop/Angular9/exerciseList/node_modules/which/which.js: Using EditorConfig core...
develop/Angular9/exerciseList/node_modules/karma-jasmine/lib/index.js: Using EditorConfig core...
develop/Angular9/exerciseList/node_modules/@types/webpack-sources/index.d.ts: Using EditorConfig core...
develop/Angular9/exerciseList/node_modules/@angular/router/testing.d.ts: Using EditorConfig core...
develop/Angular9/exerciseList/node_modules/@angular/router/testing/testing.d.ts: Using EditorConfig core...
develop/Angular9/exerciseList/node_modules/@angular/platform-browser/testing/testing.d.ts: Using EditorConfig core...
develop/Angular9/exerciseList/node_modules/@angular/platform-browser/testing.d.ts: Using EditorConfig core...
develop/Angular9/exerciseList/node_modules/@angular/platform-browser-dynamic/testing/testing.d.ts: Using EditorConfig core...
develop/Angular9/exerciseList/node_modules/@angular/platform-browser-dynamic/testing.d.ts: Using EditorConfig core...
develop/Angular9/exerciseList/node_modules/@angular/core/testing.d.ts: Using EditorConfig core...
develop/Angular9/exerciseList/node_modules/@angular/platform-browser-dynamic/platform-browser-dynamic.d.ts: Using EditorConfig core...
develop/Angular9/exerciseList/node_modules/@angular/compiler/compiler.d.ts: Using EditorConfig core...
develop/Angular9/exerciseList/node_modules/@angular/compiler/public_api.d.ts: Using EditorConfig core...
develop/Angular9/exerciseList/node_modules/@angular/compiler/src/compiler.d.ts: Using EditorConfig core...
develop/Angular9/exerciseList/node_modules/@angular/compiler/src/jit_compiler_facade.d.ts: Using EditorConfig core...
develop/Angular9/exerciseList/node_modules/@angular/compiler/src/render3/view/compiler.d.ts: Using EditorConfig core...
develop/Angular9/exerciseList/node_modules/@angular/compiler/src/render3/r3_template_transform.d.ts: Using EditorConfig core...
develop/Angular9/exerciseList/node_modules/@angular/compiler/src/render3/view/template.d.ts: Using EditorConfig core...
develop/Angular9/exerciseList/node_modules/@angular/compiler/src/render3/view/util.d.ts: Using EditorConfig core...
develop/Angular9/exerciseList/node_modules/@angular/compiler/src/render3/view/i18n/context.d.ts: Using EditorConfig core...
develop/Angular9/exerciseList/node_modules/@angular/compiler/src/template_parser/binding_parser.d.ts: Using EditorConfig core...
develop/Angular9/exerciseList/node_modules/@angular/compiler/src/compiler_util/expression_converter.d.ts: Using EditorConfig core...
develop/Angular9/exerciseList/node_modules/@angular/compiler/src/render3/r3_pipe_compiler.d.ts: Using EditorConfig core...
develop/Angular9/exerciseList/node_modules/@angular/compiler/src/render3/r3_module_compiler.d.ts: Using EditorConfig core...
develop/Angular9/exerciseList/node_modules/@angular/compiler/src/render3/r3_identifiers.d.ts: Using EditorConfig core...
develop/Angular9/exerciseList/node_modules/@angular/compiler/src/render3/view/t2_binder.d.ts: Using EditorConfig core...
develop/Angular9/exerciseList/node_modules/@angular/compiler/src/render3/view/t2_api.d.ts: Using EditorConfig core...
develop/Angular9/exerciseList/node_modules/@angular/compiler/src/render3/view/api.d.ts: Using EditorConfig core...
develop/Angular9/exerciseList/node_modules/@angular/compiler/src/render3/r3_ast.d.ts: Using EditorConfig core...
develop/Angular9/exerciseList/node_modules/@angular/compiler/src/injectable_compiler_2.d.ts: Using EditorConfig core...
develop/Angular9/exerciseList/node_modules/@angular/compiler/src/render3/r3_factory.d.ts: Using EditorConfig core...
develop/Angular9/exerciseList/node_modules/@angular/compiler/src/render3/util.d.ts: Using EditorConfig core...
develop/Angular9/exerciseList/node_modules/@angular/compiler/src/schema/dom_element_schema_registry.d.ts: Using EditorConfig core...
develop/Angular9/exerciseList/node_modules/@angular/compiler/src/output/ts_emitter.d.ts: Using EditorConfig core...
develop/Angular9/exerciseList/node_modules/@angular/compiler/src/ml_parser/xml_parser.d.ts: Using EditorConfig core...
develop/Angular9/exerciseList/node_modules/@angular/compiler/src/ml_parser/html_tags.d.ts: Using EditorConfig core...
develop/Angular9/exerciseList/node_modules/@angular/compiler/src/i18n/index.d.ts: Using EditorConfig core...
develop/Angular9/exerciseList/node_modules/@angular/compiler/src/i18n/serializers/xtb.d.ts: Using EditorConfig core...
develop/Angular9/exerciseList/node_modules/@angular/compiler/src/i18n/serializers/xmb.d.ts: Using EditorConfig core...
develop/Angular9/exerciseList/node_modules/@angular/compiler/src/i18n/serializers/xliff2.d.ts: Using EditorConfig core...
develop/Angular9/exerciseList/node_modules/@angular/compiler/src/i18n/serializers/xliff.d.ts: Using EditorConfig core...
develop/Angular9/exerciseList/node_modules/@angular/compiler/src/i18n/i18n_html_parser.d.ts: Using EditorConfig core...
develop/Angular9/exerciseList/node_modules/@angular/compiler/src/i18n/extractor.d.ts: Using EditorConfig core...
develop/Angular9/exerciseList/node_modules/@angular/compiler/src/i18n/digest.d.ts: Using EditorConfig core...
develop/Angular9/exerciseList/node_modules/@angular/compiler/src/jit/compiler.d.ts: Using EditorConfig core...
develop/Angular9/exerciseList/node_modules/@angular/compiler/src/output/output_jit.d.ts: Using EditorConfig core...
develop/Angular9/exerciseList/node_modules/@angular/compiler/src/output/abstract_js_emitter.d.ts: Using EditorConfig core...
develop/Angular9/exerciseList/node_modules/@angular/compiler/src/identifiers.d.ts: Using EditorConfig core...
develop/Angular9/exerciseList/node_modules/@angular/compiler/src/aot/compiler_factory.d.ts: Using EditorConfig core...
develop/Angular9/exerciseList/node_modules/@angular/compiler/src/aot/compiler.d.ts: Using EditorConfig core...
develop/Angular9/exerciseList/node_modules/@angular/compiler/src/aot/partial_module.d.ts: Using EditorConfig core...
develop/Angular9/exerciseList/node_modules/@angular/compiler/src/aot/lazy_routes.d.ts: Using EditorConfig core...
develop/Angular9/exerciseList/node_modules/@angular/compiler/src/aot/generated_file.d.ts: Using EditorConfig core...
develop/Angular9/exerciseList/node_modules/@angular/compiler/src/aot/compiler_host.d.ts: Using EditorConfig core...
develop/Angular9/exerciseList/node_modules/@angular/compiler/src/aot/summary_resolver.d.ts: Using EditorConfig core...
develop/Angular9/exerciseList/node_modules/@angular/compiler/src/view_compiler/view_compiler.d.ts: Using EditorConfig core...
develop/Angular9/exerciseList/node_modules/@angular/compiler/src/view_compiler/type_check_compiler.d.ts: Using EditorConfig core...
develop/Angular9/exerciseList/node_modules/@angular/compiler/src/aot/static_reflector.d.ts: Using EditorConfig core...
develop/Angular9/exerciseList/node_modules/@angular/compiler/src/aot/static_symbol_resolver.d.ts: Using EditorConfig core...
develop/Angular9/exerciseList/node_modules/@angular/compiler/src/aot/compiler_options.d.ts: Using EditorConfig core...
develop/Angular9/exerciseList/node_modules/@angular/compiler/src/template_parser/template_parser.d.ts: Using EditorConfig core...
develop/Angular9/exerciseList/node_modules/@angular/compiler/src/expression_parser/parser.d.ts: Using EditorConfig core...
develop/Angular9/exerciseList/node_modules/@angular/compiler/src/style_compiler.d.ts: Using EditorConfig core...
develop/Angular9/exerciseList/node_modules/@angular/compiler/src/output/abstract_emitter.d.ts: Using EditorConfig core...
develop/Angular9/exerciseList/node_modules/@angular/compiler/src/ng_module_compiler.d.ts: Using EditorConfig core...
develop/Angular9/exerciseList/node_modules/@angular/compiler/src/metadata_resolver.d.ts: Using EditorConfig core...
develop/Angular9/exerciseList/node_modules/@angular/compiler/src/summary_resolver.d.ts: Using EditorConfig core...
develop/Angular9/exerciseList/node_modules/@angular/compiler/src/schema/element_schema_registry.d.ts: Using EditorConfig core...
develop/Angular9/exerciseList/node_modules/@angular/compiler/src/pipe_resolver.d.ts: Using EditorConfig core...
develop/Angular9/exerciseList/node_modules/@angular/compiler/src/ng_module_resolver.d.ts: Using EditorConfig core...
develop/Angular9/exerciseList/node_modules/@angular/compiler/src/directive_resolver.d.ts: Using EditorConfig core...
develop/Angular9/exerciseList/node_modules/@angular/compiler/src/directive_normalizer.d.ts: Using EditorConfig core...
develop/Angular9/exerciseList/node_modules/@angular/compiler/src/injectable_compiler.d.ts: Using EditorConfig core...
develop/Angular9/exerciseList/node_modules/@angular/compiler/src/i18n/message_bundle.d.ts: Using EditorConfig core...
develop/Angular9/exerciseList/node_modules/@angular/compiler/src/i18n/serializers/serializer.d.ts: Using EditorConfig core...
develop/Angular9/exerciseList/node_modules/@angular/compiler/src/ml_parser/html_parser.d.ts: Using EditorConfig core...
develop/Angular9/exerciseList/node_modules/@angular/compiler/src/config.d.ts: Using EditorConfig core...
develop/Angular9/exerciseList/node_modules/@angular/compiler/src/template_parser/template_ast.d.ts: Using EditorConfig core...
develop/Angular9/exerciseList/node_modules/@angular/compiler/src/expression_parser/ast.d.ts: Using EditorConfig core...
develop/Angular9/exerciseList/node_modules/@angular/compiler/src/version.d.ts: Using EditorConfig core...
develop/Angular9/exerciseList/node_modules/@angular/compiler/src/util.d.ts: Using EditorConfig core...
develop/Angular9/exerciseList/node_modules/@angular/compiler/src/constant_pool.d.ts: Using EditorConfig core...
develop/Angular9/exerciseList/node_modules/@angular/compiler/src/output/output_ast.d.ts: Using EditorConfig core...
develop/Angular9/exerciseList/node_modules/@angular/compiler/src/render3/view/i18n/meta.d.ts: Using EditorConfig core...
develop/Angular9/exerciseList/node_modules/@angular/compiler/src/parse_util.d.ts: Using EditorConfig core...
develop/Angular9/exerciseList/node_modules/@angular/compiler/src/compile_metadata.d.ts: Using EditorConfig core...
develop/Angular9/exerciseList/node_modules/@angular/compiler/src/ml_parser/parser.d.ts: Using EditorConfig core...
develop/Angular9/exerciseList/node_modules/@angular/compiler/src/ml_parser/lexer.d.ts: Using EditorConfig core...
develop/Angular9/exerciseList/node_modules/@angular/compiler/src/ml_parser/ast.d.ts: Using EditorConfig core...
develop/Angular9/exerciseList/node_modules/@angular/compiler/src/i18n/i18n_ast.d.ts: Using EditorConfig core...
develop/Angular9/exerciseList/node_modules/@angular/compiler/src/lifecycle_reflector.d.ts: Using EditorConfig core...
develop/Angular9/exerciseList/node_modules/@angular/compiler/src/compile_reflector.d.ts: Using EditorConfig core...
develop/Angular9/exerciseList/node_modules/rxjs/index.d.ts: Using EditorConfig core...
develop/Angular9/exerciseList/node_modules/rxjs/internal/observable/zip.d.ts: Using EditorConfig core...
develop/Angular9/exerciseList/node_modules/rxjs/internal/observable/using.d.ts: Using EditorConfig core...
develop/Angular9/exerciseList/node_modules/rxjs/internal/observable/timer.d.ts: Using EditorConfig core...
develop/Angular9/exerciseList/node_modules/rxjs/internal/observable/range.d.ts: Using EditorConfig core...
develop/Angular9/exerciseList/node_modules/rxjs/internal/observable/race.d.ts: Using EditorConfig core...
develop/Angular9/exerciseList/node_modules/rxjs/internal/observable/partition.d.ts: Using EditorConfig core...
develop/Angular9/exerciseList/node_modules/rxjs/internal/observable/pairs.d.ts: Using EditorConfig core...
develop/Angular9/exerciseList/node_modules/rxjs/internal/observable/onErrorResumeNext.d.ts: Using EditorConfig core...
develop/Angular9/exerciseList/node_modules/rxjs/internal/observable/of.d.ts: Using EditorConfig core...
develop/Angular9/exerciseList/node_modules/rxjs/internal/observable/never.d.ts: Using EditorConfig core...
develop/Angular9/exerciseList/node_modules/rxjs/internal/observable/merge.d.ts: Using EditorConfig core...
develop/Angular9/exerciseList/node_modules/rxjs/internal/observable/interval.d.ts: Using EditorConfig core...
develop/Angular9/exerciseList/node_modules/rxjs/internal/observable/generate.d.ts: Using EditorConfig core...
develop/Angular9/exerciseList/node_modules/rxjs/internal/observable/fromEventPattern.d.ts: Using EditorConfig core...
develop/Angular9/exerciseList/node_modules/rxjs/internal/observable/fromEvent.d.ts: Using EditorConfig core...
develop/Angular9/exerciseList/node_modules/rxjs/internal/observable/from.d.ts: Using EditorConfig core...
develop/Angular9/exerciseList/node_modules/rxjs/internal/observable/forkJoin.d.ts: Using EditorConfig core...
develop/Angular9/exerciseList/node_modules/rxjs/internal/observable/empty.d.ts: Using EditorConfig core...
develop/Angular9/exerciseList/node_modules/rxjs/internal/observable/defer.d.ts: Using EditorConfig core...
develop/Angular9/exerciseList/node_modules/rxjs/internal/observable/concat.d.ts: Using EditorConfig core...
develop/Angular9/exerciseList/node_modules/rxjs/internal/observable/combineLatest.d.ts: Using EditorConfig core...
develop/Angular9/exerciseList/node_modules/rxjs/internal/OuterSubscriber.d.ts: Using EditorConfig core...
develop/Angular9/exerciseList/node_modules/rxjs/internal/InnerSubscriber.d.ts: Using EditorConfig core...
develop/Angular9/exerciseList/node_modules/rxjs/internal/observable/bindNodeCallback.d.ts: Using EditorConfig core...
develop/Angular9/exerciseList/node_modules/rxjs/internal/observable/bindCallback.d.ts: Using EditorConfig core...
develop/Angular9/exerciseList/node_modules/rxjs/internal/util/isObservable.d.ts: Using EditorConfig core...
develop/Angular9/exerciseList/node_modules/rxjs/internal/util/pipe.d.ts: Using EditorConfig core...
develop/Angular9/exerciseList/node_modules/rxjs/internal/Notification.d.ts: Using EditorConfig core...
develop/Angular9/exerciseList/node_modules/rxjs/internal/scheduler/VirtualTimeScheduler.d.ts: Using EditorConfig core...
develop/Angular9/exerciseList/node_modules/rxjs/internal/scheduler/animationFrame.d.ts: Using EditorConfig core...
develop/Angular9/exerciseList/node_modules/rxjs/internal/scheduler/AnimationFrameScheduler.d.ts: Using EditorConfig core...
develop/Angular9/exerciseList/node_modules/rxjs/internal/scheduler/queue.d.ts: Using EditorConfig core...
develop/Angular9/exerciseList/node_modules/rxjs/internal/scheduler/QueueScheduler.d.ts: Using EditorConfig core...
develop/Angular9/exerciseList/node_modules/rxjs/internal/scheduler/async.d.ts: Using EditorConfig core...
develop/Angular9/exerciseList/node_modules/rxjs/internal/scheduler/asap.d.ts: Using EditorConfig core...
develop/Angular9/exerciseList/node_modules/rxjs/internal/scheduler/AsapScheduler.d.ts: Using EditorConfig core...
develop/Angular9/exerciseList/node_modules/rxjs/internal/scheduler/AsyncAction.d.ts: Using EditorConfig core...
develop/Angular9/exerciseList/node_modules/rxjs/internal/scheduler/AsyncScheduler.d.ts: Using EditorConfig core...
develop/Angular9/exerciseList/node_modules/rxjs/internal/scheduler/Action.d.ts: Using EditorConfig core...
develop/Angular9/exerciseList/node_modules/rxjs/internal/Scheduler.d.ts: Using EditorConfig core...
develop/Angular9/exerciseList/node_modules/rxjs/internal/AsyncSubject.d.ts: Using EditorConfig core...
develop/Angular9/exerciseList/node_modules/rxjs/internal/ReplaySubject.d.ts: Using EditorConfig core...
develop/Angular9/exerciseList/node_modules/rxjs/internal/BehaviorSubject.d.ts: Using EditorConfig core...
develop/Angular9/exerciseList/node_modules/rxjs/internal/operators/groupBy.d.ts: Using EditorConfig core...
develop/Angular9/exerciseList/node_modules/rxjs/internal/observable/ConnectableObservable.d.ts: Using EditorConfig core...
develop/Angular9/exerciseList/node_modules/rxjs/internal/Subject.d.ts: Using EditorConfig core...
develop/Angular9/exerciseList/node_modules/rxjs/internal/Observable.d.ts: Using EditorConfig core...
develop/Angular9/exerciseList/node_modules/rxjs/internal/observable/throwError.d.ts: Using EditorConfig core...
develop/Angular9/exerciseList/node_modules/rxjs/internal/observable/iif.d.ts: Using EditorConfig core...
develop/Angular9/exerciseList/node_modules/rxjs/internal/Operator.d.ts: Using EditorConfig core...
develop/Angular9/exerciseList/node_modules/rxjs/internal/Subscriber.d.ts: Using EditorConfig core...
develop/Angular9/exerciseList/node_modules/rxjs/internal/types.d.ts: Using EditorConfig core...
develop/Angular9/exerciseList/node_modules/rxjs/internal/Subscription.d.ts: Using EditorConfig core...
develop/Angular9/exerciseList/node_modules/protractor/built/index.d.ts: Using EditorConfig core...
develop/Angular9/exerciseList/node_modules/protractor/built/runner.d.ts: Using EditorConfig core...
develop/Angular9/exerciseList/node_modules/protractor/built/driverProviders/index.d.ts: Using EditorConfig core...
develop/Angular9/exerciseList/node_modules/protractor/built/driverProviders/useExistingWebDriver.d.ts: Using EditorConfig core...
develop/Angular9/exerciseList/node_modules/protractor/built/driverProviders/kobiton.d.ts: Using EditorConfig core...
develop/Angular9/exerciseList/node_modules/protractor/built/driverProviders/testObject.d.ts: Using EditorConfig core...
develop/Angular9/exerciseList/node_modules/protractor/built/driverProviders/sauce.d.ts: Using EditorConfig core...
develop/Angular9/exerciseList/node_modules/protractor/built/driverProviders/mock.d.ts: Using EditorConfig core...
develop/Angular9/exerciseList/node_modules/protractor/built/driverProviders/local.d.ts: Using EditorConfig core...
develop/Angular9/exerciseList/node_modules/protractor/built/driverProviders/hosted.d.ts: Using EditorConfig core...
develop/Angular9/exerciseList/node_modules/protractor/built/driverProviders/direct.d.ts: Using EditorConfig core...
develop/Angular9/exerciseList/node_modules/protractor/built/driverProviders/browserStack.d.ts: Using EditorConfig core...
develop/Angular9/exerciseList/node_modules/protractor/built/driverProviders/attachSession.d.ts: Using EditorConfig core...
develop/Angular9/exerciseList/node_modules/protractor/built/driverProviders/driverProvider.d.ts: Using EditorConfig core...
develop/Angular9/exerciseList/node_modules/protractor/built/ptor.d.ts: Using EditorConfig core...
develop/Angular9/exerciseList/node_modules/protractor/built/browser.d.ts: Using EditorConfig core...
develop/Angular9/exerciseList/node_modules/protractor/built/plugins.d.ts: Using EditorConfig core...
develop/Angular9/exerciseList/node_modules/protractor/built/config.d.ts: Using EditorConfig core...
develop/Angular9/exerciseList/node_modules/protractor/built/expectedConditions.d.ts: Using EditorConfig core...
develop/Angular9/exerciseList/node_modules/protractor/built/element.d.ts: Using EditorConfig core...
develop/Angular9/exerciseList/node_modules/protractor/built/debugger.d.ts: Using EditorConfig core...
develop/Angular9/exerciseList/node_modules/@types/selenium-webdriver/safari.d.ts: Using EditorConfig core...
develop/Angular9/exerciseList/node_modules/@types/selenium-webdriver/opera.d.ts: Using EditorConfig core...
develop/Angular9/exerciseList/node_modules/@types/selenium-webdriver/ie.d.ts: Using EditorConfig core...
develop/Angular9/exerciseList/node_modules/@types/selenium-webdriver/firefox.d.ts: Using EditorConfig core...
develop/Angular9/exerciseList/node_modules/@types/selenium-webdriver/edge.d.ts: Using EditorConfig core...
develop/Angular9/exerciseList/node_modules/@types/selenium-webdriver/chrome.d.ts: Using EditorConfig core...
develop/Angular9/exerciseList/node_modules/@types/selenium-webdriver/http.d.ts: Using EditorConfig core...
develop/Angular9/exerciseList/node_modules/@types/selenium-webdriver/remote.d.ts: Using EditorConfig core...
develop/Angular9/exerciseList/node_modules/blocking-proxy/built/lib/index.d.ts: Using EditorConfig core...
develop/Angular9/exerciseList/node_modules/blocking-proxy/built/lib/blockingproxy.d.ts: Using EditorConfig core...
develop/Angular9/exerciseList/node_modules/blocking-proxy/built/lib/highlight_delay_barrier.d.ts: Using EditorConfig core...
develop/Angular9/exerciseList/node_modules/blocking-proxy/built/lib/angular_wait_barrier.d.ts: Using EditorConfig core...
develop/Angular9/exerciseList/node_modules/blocking-proxy/built/lib/webdriver_proxy.d.ts: Using EditorConfig core...
develop/Angular9/exerciseList/node_modules/blocking-proxy/built/lib/webdriver_logger.d.ts: Using EditorConfig core...
Angular9/exerciseList/node_modules/@angular/core/core.d.ts: trimTrailingWhitespace()
Angular9/exerciseList/node_modules/@angular/core/core.d.ts: insertFinalNewline(LF)
Angular9/exerciseList/node_modules/@angular/common/common.d.ts: trimTrailingWhitespace()
Angular9/exerciseList/node_modules/@angular/common/common.d.ts: insertFinalNewline(LF)
Angular9/exerciseList/node_modules/@angular/router/router.d.ts: trimTrailingWhitespace()
Angular9/exerciseList/node_modules/@angular/router/router.d.ts: insertFinalNewline(LF)
Angular9/exerciseList/node_modules/@types/selenium-webdriver/index.d.ts: trimTrailingWhitespace()
Angular9/exerciseList/node_modules/@angular/core/testing/testing.d.ts: trimTrailingWhitespace()
Angular9/exerciseList/node_modules/@angular/core/testing/testing.d.ts: insertFinalNewline(LF)
Angular9/exerciseList/node_modules/@angular/platform-browser/platform-browser.d.ts: trimTrailingWhitespace()
Angular9/exerciseList/node_modules/@angular/platform-browser/platform-browser.d.ts: insertFinalNewline(LF)
Angular9/exerciseList/node_modules/karma-coverage-istanbul-reporter/src/reporter.js: trimTrailingWhitespace()
Angular9/exerciseList/node_modules/karma-coverage-istanbul-reporter/src/util.js: trimTrailingWhitespace()
Angular9/exerciseList/node_modules/istanbul-api/index.js: trimTrailingWhitespace()
Angular9/exerciseList/node_modules/karma-chrome-launcher/index.js: trimTrailingWhitespace()
Angular9/exerciseList/node_modules/which/which.js: trimTrailingWhitespace()
Angular9/exerciseList/node_modules/karma-jasmine/lib/index.js: trimTrailingWhitespace()
Angular9/exerciseList/node_modules/@types/webpack-sources/index.d.ts: trimTrailingWhitespace()
Angular9/exerciseList/node_modules/@angular/router/testing.d.ts: trimTrailingWhitespace()
Angular9/exerciseList/node_modules/@angular/router/testing/testing.d.ts: trimTrailingWhitespace()
Angular9/exerciseList/node_modules/@angular/router/testing/testing.d.ts: insertFinalNewline(LF)
Angular9/exerciseList/node_modules/@angular/platform-browser/testing/testing.d.ts: trimTrailingWhitespace()
Angular9/exerciseList/node_modules/@angular/platform-browser/testing/testing.d.ts: insertFinalNewline(LF)
Angular9/exerciseList/node_modules/@angular/platform-browser/testing.d.ts: trimTrailingWhitespace()
Angular9/exerciseList/node_modules/@angular/platform-browser-dynamic/testing/testing.d.ts: trimTrailingWhitespace()
Angular9/exerciseList/node_modules/@angular/platform-browser-dynamic/testing/testing.d.ts: insertFinalNewline(LF)
Angular9/exerciseList/node_modules/@angular/platform-browser-dynamic/testing.d.ts: trimTrailingWhitespace()
Angular9/exerciseList/node_modules/@angular/core/testing.d.ts: trimTrailingWhitespace()
Angular9/exerciseList/node_modules/@angular/platform-browser-dynamic/platform-browser-dynamic.d.ts: trimTrailingWhitespace()
Angular9/exerciseList/node_modules/@angular/platform-browser-dynamic/platform-browser-dynamic.d.ts: insertFinalNewline(LF)
Angular9/exerciseList/node_modules/@angular/compiler/compiler.d.ts: trimTrailingWhitespace()
Angular9/exerciseList/node_modules/@angular/compiler/public_api.d.ts: trimTrailingWhitespace()
Angular9/exerciseList/node_modules/@angular/compiler/src/compiler.d.ts: trimTrailingWhitespace()
Angular9/exerciseList/node_modules/@angular/compiler/src/jit_compiler_facade.d.ts: trimTrailingWhitespace()
Angular9/exerciseList/node_modules/@angular/compiler/src/render3/view/compiler.d.ts: trimTrailingWhitespace()
Angular9/exerciseList/node_modules/@angular/compiler/src/render3/r3_template_transform.d.ts: trimTrailingWhitespace()
Angular9/exerciseList/node_modules/@angular/compiler/src/render3/view/template.d.ts: trimTrailingWhitespace()
Angular9/exerciseList/node_modules/@angular/compiler/src/render3/view/util.d.ts: trimTrailingWhitespace()
Angular9/exerciseList/node_modules/@angular/compiler/src/render3/view/i18n/context.d.ts: trimTrailingWhitespace()
Angular9/exerciseList/node_modules/@angular/compiler/src/template_parser/binding_parser.d.ts: trimTrailingWhitespace()
Angular9/exerciseList/node_modules/@angular/compiler/src/compiler_util/expression_converter.d.ts: trimTrailingWhitespace()
Angular9/exerciseList/node_modules/@angular/compiler/src/render3/r3_pipe_compiler.d.ts: trimTrailingWhitespace()
Angular9/exerciseList/node_modules/@angular/compiler/src/render3/r3_module_compiler.d.ts: trimTrailingWhitespace()
Angular9/exerciseList/node_modules/@angular/compiler/src/render3/r3_identifiers.d.ts: trimTrailingWhitespace()
Angular9/exerciseList/node_modules/@angular/compiler/src/render3/view/t2_binder.d.ts: trimTrailingWhitespace()
Angular9/exerciseList/node_modules/@angular/compiler/src/render3/view/t2_api.d.ts: trimTrailingWhitespace()
Angular9/exerciseList/node_modules/@angular/compiler/src/render3/view/api.d.ts: trimTrailingWhitespace()
Angular9/exerciseList/node_modules/@angular/compiler/src/render3/r3_ast.d.ts: trimTrailingWhitespace()
Angular9/exerciseList/node_modules/@angular/compiler/src/injectable_compiler_2.d.ts: trimTrailingWhitespace()
Angular9/exerciseList/node_modules/@angular/compiler/src/render3/r3_factory.d.ts: trimTrailingWhitespace()
Angular9/exerciseList/node_modules/@angular/compiler/src/render3/util.d.ts: trimTrailingWhitespace()
Angular9/exerciseList/node_modules/@angular/compiler/src/schema/dom_element_schema_registry.d.ts: trimTrailingWhitespace()
Angular9/exerciseList/node_modules/@angular/compiler/src/output/ts_emitter.d.ts: trimTrailingWhitespace()
Angular9/exerciseList/node_modules/@angular/compiler/src/ml_parser/xml_parser.d.ts: trimTrailingWhitespace()
Angular9/exerciseList/node_modules/@angular/compiler/src/ml_parser/html_tags.d.ts: trimTrailingWhitespace()
Angular9/exerciseList/node_modules/@angular/compiler/src/i18n/index.d.ts: trimTrailingWhitespace()
Angular9/exerciseList/node_modules/@angular/compiler/src/i18n/serializers/xtb.d.ts: trimTrailingWhitespace()
Angular9/exerciseList/node_modules/@angular/compiler/src/i18n/serializers/xmb.d.ts: trimTrailingWhitespace()
Angular9/exerciseList/node_modules/@angular/compiler/src/i18n/serializers/xliff2.d.ts: trimTrailingWhitespace()
Angular9/exerciseList/node_modules/@angular/compiler/src/i18n/serializers/xliff.d.ts: trimTrailingWhitespace()
Angular9/exerciseList/node_modules/@angular/compiler/src/i18n/i18n_html_parser.d.ts: trimTrailingWhitespace()
Angular9/exerciseList/node_modules/@angular/compiler/src/i18n/extractor.d.ts: trimTrailingWhitespace()
Angular9/exerciseList/node_modules/@angular/compiler/src/i18n/digest.d.ts: trimTrailingWhitespace()
Angular9/exerciseList/node_modules/@angular/compiler/src/jit/compiler.d.ts: trimTrailingWhitespace()
Angular9/exerciseList/node_modules/@angular/compiler/src/output/output_jit.d.ts: trimTrailingWhitespace()
Angular9/exerciseList/node_modules/@angular/compiler/src/output/abstract_js_emitter.d.ts: trimTrailingWhitespace()
Angular9/exerciseList/node_modules/@angular/compiler/src/identifiers.d.ts: trimTrailingWhitespace()
Angular9/exerciseList/node_modules/@angular/compiler/src/aot/compiler_factory.d.ts: trimTrailingWhitespace()
Angular9/exerciseList/node_modules/@angular/compiler/src/aot/compiler.d.ts: trimTrailingWhitespace()
Angular9/exerciseList/node_modules/@angular/compiler/src/aot/partial_module.d.ts: trimTrailingWhitespace()
Angular9/exerciseList/node_modules/@angular/compiler/src/aot/lazy_routes.d.ts: trimTrailingWhitespace()
Angular9/exerciseList/node_modules/@angular/compiler/src/aot/generated_file.d.ts: trimTrailingWhitespace()
Angular9/exerciseList/node_modules/@angular/compiler/src/aot/compiler_host.d.ts: trimTrailingWhitespace()
Angular9/exerciseList/node_modules/@angular/compiler/src/aot/summary_resolver.d.ts: trimTrailingWhitespace()
Angular9/exerciseList/node_modules/@angular/compiler/src/view_compiler/view_compiler.d.ts: trimTrailingWhitespace()
Angular9/exerciseList/node_modules/@angular/compiler/src/view_compiler/type_check_compiler.d.ts: trimTrailingWhitespace()
Angular9/exerciseList/node_modules/@angular/compiler/src/aot/static_reflector.d.ts: trimTrailingWhitespace()
Angular9/exerciseList/node_modules/@angular/compiler/src/aot/static_symbol_resolver.d.ts: trimTrailingWhitespace()
Angular9/exerciseList/node_modules/@angular/compiler/src/aot/compiler_options.d.ts: trimTrailingWhitespace()
Angular9/exerciseList/node_modules/@angular/compiler/src/template_parser/template_parser.d.ts: trimTrailingWhitespace()
Angular9/exerciseList/node_modules/@angular/compiler/src/expression_parser/parser.d.ts: trimTrailingWhitespace()
Angular9/exerciseList/node_modules/@angular/compiler/src/style_compiler.d.ts: trimTrailingWhitespace()
Angular9/exerciseList/node_modules/@angular/compiler/src/output/abstract_emitter.d.ts: trimTrailingWhitespace()
Angular9/exerciseList/node_modules/@angular/compiler/src/ng_module_compiler.d.ts: trimTrailingWhitespace()
Angular9/exerciseList/node_modules/@angular/compiler/src/metadata_resolver.d.ts: trimTrailingWhitespace()
Angular9/exerciseList/node_modules/@angular/compiler/src/summary_resolver.d.ts: trimTrailingWhitespace()
Angular9/exerciseList/node_modules/@angular/compiler/src/schema/element_schema_registry.d.ts: trimTrailingWhitespace()
Angular9/exerciseList/node_modules/@angular/compiler/src/pipe_resolver.d.ts: trimTrailingWhitespace()
Angular9/exerciseList/node_modules/@angular/compiler/src/ng_module_resolver.d.ts: trimTrailingWhitespace()
Angular9/exerciseList/node_modules/@angular/compiler/src/directive_resolver.d.ts: trimTrailingWhitespace()
Angular9/exerciseList/node_modules/@angular/compiler/src/directive_normalizer.d.ts: trimTrailingWhitespace()
Angular9/exerciseList/node_modules/@angular/compiler/src/injectable_compiler.d.ts: trimTrailingWhitespace()
Angular9/exerciseList/node_modules/@angular/compiler/src/i18n/message_bundle.d.ts: trimTrailingWhitespace()
Angular9/exerciseList/node_modules/@angular/compiler/src/i18n/serializers/serializer.d.ts: trimTrailingWhitespace()
Angular9/exerciseList/node_modules/@angular/compiler/src/ml_parser/html_parser.d.ts: trimTrailingWhitespace()
Angular9/exerciseList/node_modules/@angular/compiler/src/config.d.ts: trimTrailingWhitespace()
Angular9/exerciseList/node_modules/@angular/compiler/src/template_parser/template_ast.d.ts: trimTrailingWhitespace()
Angular9/exerciseList/node_modules/@angular/compiler/src/expression_parser/ast.d.ts: trimTrailingWhitespace()
Angular9/exerciseList/node_modules/@angular/compiler/src/version.d.ts: trimTrailingWhitespace()
Angular9/exerciseList/node_modules/@angular/compiler/src/util.d.ts: trimTrailingWhitespace()
Angular9/exerciseList/node_modules/@angular/compiler/src/constant_pool.d.ts: trimTrailingWhitespace()
Angular9/exerciseList/node_modules/@angular/compiler/src/output/output_ast.d.ts: trimTrailingWhitespace()
Angular9/exerciseList/node_modules/@angular/compiler/src/render3/view/i18n/meta.d.ts: trimTrailingWhitespace()
Angular9/exerciseList/node_modules/@angular/compiler/src/parse_util.d.ts: trimTrailingWhitespace()
Angular9/exerciseList/node_modules/@angular/compiler/src/compile_metadata.d.ts: trimTrailingWhitespace()
Angular9/exerciseList/node_modules/@angular/compiler/src/ml_parser/parser.d.ts: trimTrailingWhitespace()
Angular9/exerciseList/node_modules/@angular/compiler/src/ml_parser/lexer.d.ts: trimTrailingWhitespace()
Angular9/exerciseList/node_modules/@angular/compiler/src/ml_parser/ast.d.ts: trimTrailingWhitespace()
Angular9/exerciseList/node_modules/@angular/compiler/src/i18n/i18n_ast.d.ts: trimTrailingWhitespace()
Angular9/exerciseList/node_modules/@angular/compiler/src/lifecycle_reflector.d.ts: trimTrailingWhitespace()
Angular9/exerciseList/node_modules/@angular/compiler/src/compile_reflector.d.ts: trimTrailingWhitespace()
Angular9/exerciseList/node_modules/rxjs/index.d.ts: trimTrailingWhitespace()
Angular9/exerciseList/node_modules/rxjs/internal/observable/zip.d.ts: trimTrailingWhitespace()
Angular9/exerciseList/node_modules/rxjs/internal/observable/using.d.ts: trimTrailingWhitespace()
Angular9/exerciseList/node_modules/rxjs/internal/observable/timer.d.ts: trimTrailingWhitespace()
Angular9/exerciseList/node_modules/rxjs/internal/observable/range.d.ts: trimTrailingWhitespace()
Angular9/exerciseList/node_modules/rxjs/internal/observable/race.d.ts: trimTrailingWhitespace()
Angular9/exerciseList/node_modules/rxjs/internal/observable/partition.d.ts: trimTrailingWhitespace()
Angular9/exerciseList/node_modules/rxjs/internal/observable/pairs.d.ts: trimTrailingWhitespace()
Angular9/exerciseList/node_modules/rxjs/internal/observable/onErrorResumeNext.d.ts: trimTrailingWhitespace()
Angular9/exerciseList/node_modules/rxjs/internal/observable/of.d.ts: trimTrailingWhitespace()
Angular9/exerciseList/node_modules/rxjs/internal/observable/never.d.ts: trimTrailingWhitespace()
Angular9/exerciseList/node_modules/rxjs/internal/observable/merge.d.ts: trimTrailingWhitespace()
Angular9/exerciseList/node_modules/rxjs/internal/observable/interval.d.ts: trimTrailingWhitespace()
Angular9/exerciseList/node_modules/rxjs/internal/observable/generate.d.ts: trimTrailingWhitespace()
Angular9/exerciseList/node_modules/rxjs/internal/observable/fromEventPattern.d.ts: trimTrailingWhitespace()
Angular9/exerciseList/node_modules/rxjs/internal/observable/fromEvent.d.ts: trimTrailingWhitespace()
Angular9/exerciseList/node_modules/rxjs/internal/observable/from.d.ts: trimTrailingWhitespace()
Angular9/exerciseList/node_modules/rxjs/internal/observable/forkJoin.d.ts: trimTrailingWhitespace()
Angular9/exerciseList/node_modules/rxjs/internal/observable/empty.d.ts: trimTrailingWhitespace()
Angular9/exerciseList/node_modules/rxjs/internal/observable/defer.d.ts: trimTrailingWhitespace()
Angular9/exerciseList/node_modules/rxjs/internal/observable/concat.d.ts: trimTrailingWhitespace()
Angular9/exerciseList/node_modules/rxjs/internal/observable/combineLatest.d.ts: trimTrailingWhitespace()
Angular9/exerciseList/node_modules/rxjs/internal/OuterSubscriber.d.ts: trimTrailingWhitespace()
Angular9/exerciseList/node_modules/rxjs/internal/InnerSubscriber.d.ts: trimTrailingWhitespace()
Angular9/exerciseList/node_modules/rxjs/internal/observable/bindNodeCallback.d.ts: trimTrailingWhitespace()
Angular9/exerciseList/node_modules/rxjs/internal/observable/bindCallback.d.ts: trimTrailingWhitespace()
Angular9/exerciseList/node_modules/rxjs/internal/util/isObservable.d.ts: trimTrailingWhitespace()
Angular9/exerciseList/node_modules/rxjs/internal/util/pipe.d.ts: trimTrailingWhitespace()
Angular9/exerciseList/node_modules/rxjs/internal/Notification.d.ts: trimTrailingWhitespace()
Angular9/exerciseList/node_modules/rxjs/internal/scheduler/VirtualTimeScheduler.d.ts: trimTrailingWhitespace()
Angular9/exerciseList/node_modules/rxjs/internal/scheduler/animationFrame.d.ts: trimTrailingWhitespace()
Angular9/exerciseList/node_modules/rxjs/internal/scheduler/AnimationFrameScheduler.d.ts: trimTrailingWhitespace()
Angular9/exerciseList/node_modules/rxjs/internal/scheduler/queue.d.ts: trimTrailingWhitespace()
Angular9/exerciseList/node_modules/rxjs/internal/scheduler/QueueScheduler.d.ts: trimTrailingWhitespace()
Angular9/exerciseList/node_modules/rxjs/internal/scheduler/async.d.ts: trimTrailingWhitespace()
Angular9/exerciseList/node_modules/rxjs/internal/scheduler/asap.d.ts: trimTrailingWhitespace()
Angular9/exerciseList/node_modules/rxjs/internal/scheduler/AsapScheduler.d.ts: trimTrailingWhitespace()
Angular9/exerciseList/node_modules/rxjs/internal/scheduler/AsyncAction.d.ts: trimTrailingWhitespace()
Angular9/exerciseList/node_modules/rxjs/internal/scheduler/AsyncScheduler.d.ts: trimTrailingWhitespace()
Angular9/exerciseList/node_modules/rxjs/internal/scheduler/Action.d.ts: trimTrailingWhitespace()
Angular9/exerciseList/node_modules/rxjs/internal/Scheduler.d.ts: trimTrailingWhitespace()
Angular9/exerciseList/node_modules/rxjs/internal/AsyncSubject.d.ts: trimTrailingWhitespace()
Angular9/exerciseList/node_modules/rxjs/internal/ReplaySubject.d.ts: trimTrailingWhitespace()
Angular9/exerciseList/node_modules/rxjs/internal/BehaviorSubject.d.ts: trimTrailingWhitespace()
Angular9/exerciseList/node_modules/rxjs/internal/operators/groupBy.d.ts: trimTrailingWhitespace()
Angular9/exerciseList/node_modules/rxjs/internal/observable/ConnectableObservable.d.ts: trimTrailingWhitespace()
Angular9/exerciseList/node_modules/rxjs/internal/Subject.d.ts: trimTrailingWhitespace()
Angular9/exerciseList/node_modules/rxjs/internal/Observable.d.ts: trimTrailingWhitespace()
Angular9/exerciseList/node_modules/rxjs/internal/observable/throwError.d.ts: trimTrailingWhitespace()
Angular9/exerciseList/node_modules/rxjs/internal/observable/iif.d.ts: trimTrailingWhitespace()
Angular9/exerciseList/node_modules/rxjs/internal/Operator.d.ts: trimTrailingWhitespace()
Angular9/exerciseList/node_modules/rxjs/internal/Subscriber.d.ts: trimTrailingWhitespace()
Angular9/exerciseList/node_modules/rxjs/internal/types.d.ts: trimTrailingWhitespace()
Angular9/exerciseList/node_modules/rxjs/internal/Subscription.d.ts: trimTrailingWhitespace()
Angular9/exerciseList/node_modules/protractor/built/index.d.ts: trimTrailingWhitespace()
Angular9/exerciseList/node_modules/protractor/built/runner.d.ts: trimTrailingWhitespace()
Angular9/exerciseList/node_modules/protractor/built/driverProviders/index.d.ts: trimTrailingWhitespace()
Angular9/exerciseList/node_modules/protractor/built/driverProviders/useExistingWebDriver.d.ts: trimTrailingWhitespace()
Angular9/exerciseList/node_modules/protractor/built/driverProviders/kobiton.d.ts: trimTrailingWhitespace()
Angular9/exerciseList/node_modules/protractor/built/driverProviders/testObject.d.ts: trimTrailingWhitespace()
Angular9/exerciseList/node_modules/protractor/built/driverProviders/sauce.d.ts: trimTrailingWhitespace()
Angular9/exerciseList/node_modules/protractor/built/driverProviders/mock.d.ts: trimTrailingWhitespace()
Angular9/exerciseList/node_modules/protractor/built/driverProviders/local.d.ts: trimTrailingWhitespace()
Angular9/exerciseList/node_modules/protractor/built/driverProviders/hosted.d.ts: trimTrailingWhitespace()
Angular9/exerciseList/node_modules/protractor/built/driverProviders/direct.d.ts: trimTrailingWhitespace()
Angular9/exerciseList/node_modules/protractor/built/driverProviders/browserStack.d.ts: trimTrailingWhitespace()
Angular9/exerciseList/node_modules/protractor/built/driverProviders/attachSession.d.ts: trimTrailingWhitespace()
Angular9/exerciseList/node_modules/protractor/built/driverProviders/driverProvider.d.ts: trimTrailingWhitespace()
Angular9/exerciseList/node_modules/protractor/built/ptor.d.ts: trimTrailingWhitespace()
Angular9/exerciseList/node_modules/protractor/built/browser.d.ts: trimTrailingWhitespace()
Angular9/exerciseList/node_modules/protractor/built/plugins.d.ts: trimTrailingWhitespace()
Angular9/exerciseList/node_modules/protractor/built/config.d.ts: trimTrailingWhitespace()
Angular9/exerciseList/node_modules/protractor/built/expectedConditions.d.ts: trimTrailingWhitespace()
Angular9/exerciseList/node_modules/protractor/built/element.d.ts: trimTrailingWhitespace()
Angular9/exerciseList/node_modules/protractor/built/debugger.d.ts: trimTrailingWhitespace()
Angular9/exerciseList/node_modules/@types/selenium-webdriver/safari.d.ts: trimTrailingWhitespace()
Angular9/exerciseList/node_modules/@types/selenium-webdriver/opera.d.ts: trimTrailingWhitespace()
Angular9/exerciseList/node_modules/@types/selenium-webdriver/ie.d.ts: trimTrailingWhitespace()
Angular9/exerciseList/node_modules/@types/selenium-webdriver/firefox.d.ts: trimTrailingWhitespace()
Angular9/exerciseList/node_modules/@types/selenium-webdriver/edge.d.ts: trimTrailingWhitespace()
Angular9/exerciseList/node_modules/@types/selenium-webdriver/chrome.d.ts: trimTrailingWhitespace()
Angular9/exerciseList/node_modules/@types/selenium-webdriver/http.d.ts: trimTrailingWhitespace()
Angular9/exerciseList/node_modules/@types/selenium-webdriver/remote.d.ts: trimTrailingWhitespace()
Angular9/exerciseList/node_modules/blocking-proxy/built/lib/index.d.ts: trimTrailingWhitespace()
Angular9/exerciseList/node_modules/blocking-proxy/built/lib/blockingproxy.d.ts: trimTrailingWhitespace()
Angular9/exerciseList/node_modules/blocking-proxy/built/lib/highlight_delay_barrier.d.ts: trimTrailingWhitespace()
Angular9/exerciseList/node_modules/blocking-proxy/built/lib/angular_wait_barrier.d.ts: trimTrailingWhitespace()
Angular9/exerciseList/node_modules/blocking-proxy/built/lib/webdriver_proxy.d.ts: trimTrailingWhitespace()
Angular9/exerciseList/node_modules/blocking-proxy/built/lib/webdriver_logger.d.ts: trimTrailingWhitespace()
