Info 0    [13:17:34.239] Format host information updated
Info 1    [13:17:34.239] reload projects.
Info 2    [13:17:34.239] Structure before ensureProjectForOpenFiles:
Info 3    [13:17:34.239] Structure after ensureProjectForOpenFiles:
Info 4    [13:17:34.239] Host file extension mappings updated
Info 5    [13:17:34.254] Search path: /home/igfersa/Documents/develop/Angular9/exerciseList/src/app
Info 6    [13:17:34.255] For info: /home/igfersa/Documents/develop/Angular9/exerciseList/src/app/app.component.html :: Config file name: /home/igfersa/Documents/develop/Angular9/exerciseList/tsconfig.json
Info 7    [13:17:34.256] Opened configuration file /home/igfersa/Documents/develop/Angular9/exerciseList/tsconfig.json
Info 8    [13:17:34.280] Config: /home/igfersa/Documents/develop/Angular9/exerciseList/tsconfig.json : {
 "rootNames": [
  "/home/igfersa/Documents/develop/Angular9/exerciseList/e2e/src/app.e2e-spec.ts",
  "/home/igfersa/Documents/develop/Angular9/exerciseList/e2e/src/app.po.ts",
  "/home/igfersa/Documents/develop/Angular9/exerciseList/src/main.ts",
  "/home/igfersa/Documents/develop/Angular9/exerciseList/src/polyfills.ts",
  "/home/igfersa/Documents/develop/Angular9/exerciseList/src/test.ts",
  "/home/igfersa/Documents/develop/Angular9/exerciseList/src/app/app-routing.module.ts",
  "/home/igfersa/Documents/develop/Angular9/exerciseList/src/app/app.component.spec.ts",
  "/home/igfersa/Documents/develop/Angular9/exerciseList/src/app/app.component.ts",
  "/home/igfersa/Documents/develop/Angular9/exerciseList/src/app/app.module.ts",
  "/home/igfersa/Documents/develop/Angular9/exerciseList/src/app/collection-exercises.ts",
  "/home/igfersa/Documents/develop/Angular9/exerciseList/src/app/exercise.service.spec.ts",
  "/home/igfersa/Documents/develop/Angular9/exerciseList/src/app/exercise.service.ts",
  "/home/igfersa/Documents/develop/Angular9/exerciseList/src/app/exercise.ts",
  "/home/igfersa/Documents/develop/Angular9/exerciseList/src/app/exercise-detail/exercise-detail.component.spec.ts",
  "/home/igfersa/Documents/develop/Angular9/exerciseList/src/app/exercise-detail/exercise-detail.component.ts",
  "/home/igfersa/Documents/develop/Angular9/exerciseList/src/app/exercises/exercises.component.spec.ts",
  "/home/igfersa/Documents/develop/Angular9/exerciseList/src/app/exercises/exercises.component.ts",
  "/home/igfersa/Documents/develop/Angular9/exerciseList/src/environments/environment.prod.ts",
  "/home/igfersa/Documents/develop/Angular9/exerciseList/src/environments/environment.ts"
 ],
 "options": {
  "baseUrl": "/home/igfersa/Documents/develop/Angular9/exerciseList",
  "outDir": "/home/igfersa/Documents/develop/Angular9/exerciseList/dist/out-tsc",
  "sourceMap": true,
  "declaration": false,
  "downlevelIteration": true,
  "experimentalDecorators": true,
  "module": 99,
  "moduleResolution": 2,
  "importHelpers": true,
  "target": 2,
  "lib": [
   "lib.es2018.d.ts",
   "lib.dom.d.ts"
  ],
  "configFilePath": "/home/igfersa/Documents/develop/Angular9/exerciseList/tsconfig.json"
 }
}
Info 9    [13:17:36.278] Loading global plugin @angular/language-service
Info 10   [13:17:36.279] Enabling plugin @angular/language-service from candidate paths: /home/igfersa/.vscode-oss/extensions/angular.ng-template-0.901.3/server/node_modules/@angular/language-service/bundles/language-service.umd.js,/home/igfersa/.vscode-oss/extensions/angular.ng-template-0.901.3/node_modules/typescript/lib/tsserverlibrary.js/../../..
Info 11   [13:17:36.279] Loading @angular/language-service from /home/igfersa/.vscode-oss/extensions/angular.ng-template-0.901.3/server/node_modules/@angular/language-service/bundles/language-service.umd.js (resolved to /home/igfersa/.vscode-oss/extensions/angular.ng-template-0.901.3/server/node_modules/@angular/language-service/bundles/language-service.umd.js/node_modules)
Info 12   [13:17:36.485] Plugin validation succeded
Info 13   [13:17:36.540] Starting updateGraphWorker: Project: /home/igfersa/Documents/develop/Angular9/exerciseList/tsconfig.json
Info 14   [13:17:40.274] Finishing updateGraphWorker: Project: /home/igfersa/Documents/develop/Angular9/exerciseList/tsconfig.json Version: 1 structureChanged: true Elapsed: 3734ms
Info 15   [13:17:40.274] Project '/home/igfersa/Documents/develop/Angular9/exerciseList/tsconfig.json' (Configured) 
Info 16   [13:17:40.274] 	Files (318)

Info 17   [13:17:40.274] -----------------------------------------------
Info 18   [13:17:40.279] Starting updateGraphWorker: Project: /home/igfersa/Documents/develop/Angular9/exerciseList/tsconfig.json
Info 19   [13:17:40.302] Finishing updateGraphWorker: Project: /home/igfersa/Documents/develop/Angular9/exerciseList/tsconfig.json Version: 2 structureChanged: false Elapsed: 23ms
Info 20   [13:17:40.302] Different program with same set of files:: oldProgram.structureIsReused:: 2
Info 21   [13:17:40.309] Loading global plugin @angular/language-service
Info 22   [13:17:40.309] Enabling plugin @angular/language-service from candidate paths: /home/igfersa/.vscode-oss/extensions/angular.ng-template-0.901.3/server/node_modules/@angular/language-service/bundles/language-service.umd.js,/home/igfersa/.vscode-oss/extensions/angular.ng-template-0.901.3/node_modules/typescript/lib/tsserverlibrary.js/../../..
Info 23   [13:17:40.309] Loading @angular/language-service from /home/igfersa/.vscode-oss/extensions/angular.ng-template-0.901.3/server/node_modules/@angular/language-service/bundles/language-service.umd.js (resolved to /home/igfersa/.vscode-oss/extensions/angular.ng-template-0.901.3/server/node_modules/@angular/language-service/bundles/language-service.umd.js/node_modules)
Info 24   [13:17:40.320] Plugin validation succeded
Info 25   [13:17:40.322] Starting updateGraphWorker: Project: /dev/null/inferredProject1*
Info 26   [13:17:40.754] Finishing updateGraphWorker: Project: /dev/null/inferredProject1* Version: 1 structureChanged: true Elapsed: 432ms
Info 27   [13:17:40.754] Project '/dev/null/inferredProject1*' (Inferred) 
Info 28   [13:17:40.754] 	Files (6)

Info 29   [13:17:40.754] -----------------------------------------------
Info 30   [13:17:43.221] Search path: /home/igfersa/Documents/develop/Angular9/exerciseList/src/app
Info 31   [13:17:43.221] For info: /home/igfersa/Documents/develop/Angular9/exerciseList/src/app/app.component.html :: Config file name: /home/igfersa/Documents/develop/Angular9/exerciseList/tsconfig.json
Info 32   [13:17:43.221] Starting updateGraphWorker: Project: /dev/null/inferredProject1*
Info 33   [13:17:43.229] Finishing updateGraphWorker: Project: /dev/null/inferredProject1* Version: 2 structureChanged: false Elapsed: 8ms
Info 34   [13:17:43.229] Different program with same set of files:: oldProgram.structureIsReused:: 2
Info 35   [13:17:45.901] Starting updateGraphWorker: Project: /home/igfersa/Documents/develop/Angular9/exerciseList/tsconfig.json
Info 36   [13:17:45.927] Finishing updateGraphWorker: Project: /home/igfersa/Documents/develop/Angular9/exerciseList/tsconfig.json Version: 3 structureChanged: false Elapsed: 26ms
Info 37   [13:17:45.927] Project '/home/igfersa/Documents/develop/Angular9/exerciseList/tsconfig.json' (Configured) 
Info 38   [13:17:45.927] 	Files (318)

Info 39   [13:17:45.927] -----------------------------------------------
Info 40   [13:17:46.769] Starting updateGraphWorker: Project: /home/igfersa/Documents/develop/Angular9/exerciseList/tsconfig.json
Info 41   [13:17:46.789] Finishing updateGraphWorker: Project: /home/igfersa/Documents/develop/Angular9/exerciseList/tsconfig.json Version: 4 structureChanged: false Elapsed: 20ms
Info 42   [13:17:46.789] Different program with same set of files:: oldProgram.structureIsReused:: 2
Info 43   [13:17:47.196] Starting updateGraphWorker: Project: /home/igfersa/Documents/develop/Angular9/exerciseList/tsconfig.json
Info 44   [13:17:47.219] Finishing updateGraphWorker: Project: /home/igfersa/Documents/develop/Angular9/exerciseList/tsconfig.json Version: 5 structureChanged: false Elapsed: 23ms
Info 45   [13:17:47.219] Different program with same set of files:: oldProgram.structureIsReused:: 2
Info 46   [13:17:47.888] Starting updateGraphWorker: Project: /home/igfersa/Documents/develop/Angular9/exerciseList/tsconfig.json
Info 47   [13:17:47.911] Finishing updateGraphWorker: Project: /home/igfersa/Documents/develop/Angular9/exerciseList/tsconfig.json Version: 6 structureChanged: false Elapsed: 23ms
Info 48   [13:17:47.911] Different program with same set of files:: oldProgram.structureIsReused:: 2
Info 49   [13:17:48.199] Starting updateGraphWorker: Project: /home/igfersa/Documents/develop/Angular9/exerciseList/tsconfig.json
Info 50   [13:17:48.219] Finishing updateGraphWorker: Project: /home/igfersa/Documents/develop/Angular9/exerciseList/tsconfig.json Version: 7 structureChanged: false Elapsed: 20ms
Info 51   [13:17:48.219] Different program with same set of files:: oldProgram.structureIsReused:: 2
Info 52   [13:17:50.886] Starting updateGraphWorker: Project: /home/igfersa/Documents/develop/Angular9/exerciseList/tsconfig.json
Info 53   [13:17:50.920] Finishing updateGraphWorker: Project: /home/igfersa/Documents/develop/Angular9/exerciseList/tsconfig.json Version: 8 structureChanged: false Elapsed: 34ms
Info 54   [13:17:50.920] Different program with same set of files:: oldProgram.structureIsReused:: 2
Info 55   [13:17:51.494] Starting updateGraphWorker: Project: /home/igfersa/Documents/develop/Angular9/exerciseList/tsconfig.json
Info 56   [13:17:51.508] Finishing updateGraphWorker: Project: /home/igfersa/Documents/develop/Angular9/exerciseList/tsconfig.json Version: 9 structureChanged: false Elapsed: 14ms
Info 57   [13:17:51.508] Different program with same set of files:: oldProgram.structureIsReused:: 2
Info 58   [13:17:52.225] Starting updateGraphWorker: Project: /home/igfersa/Documents/develop/Angular9/exerciseList/tsconfig.json
Info 59   [13:17:52.246] Finishing updateGraphWorker: Project: /home/igfersa/Documents/develop/Angular9/exerciseList/tsconfig.json Version: 10 structureChanged: false Elapsed: 20ms
Info 60   [13:17:52.246] Different program with same set of files:: oldProgram.structureIsReused:: 2
Info 61   [13:17:52.489] Starting updateGraphWorker: Project: /home/igfersa/Documents/develop/Angular9/exerciseList/tsconfig.json
Info 62   [13:17:52.505] Finishing updateGraphWorker: Project: /home/igfersa/Documents/develop/Angular9/exerciseList/tsconfig.json Version: 11 structureChanged: false Elapsed: 16ms
Info 63   [13:17:52.505] Different program with same set of files:: oldProgram.structureIsReused:: 2
Info 64   [13:17:53.188] Starting updateGraphWorker: Project: /home/igfersa/Documents/develop/Angular9/exerciseList/tsconfig.json
Info 65   [13:17:53.201] Finishing updateGraphWorker: Project: /home/igfersa/Documents/develop/Angular9/exerciseList/tsconfig.json Version: 12 structureChanged: false Elapsed: 13ms
Info 66   [13:17:53.201] Different program with same set of files:: oldProgram.structureIsReused:: 2
Info 67   [13:17:53.490] Starting updateGraphWorker: Project: /home/igfersa/Documents/develop/Angular9/exerciseList/tsconfig.json
Info 68   [13:17:53.504] Finishing updateGraphWorker: Project: /home/igfersa/Documents/develop/Angular9/exerciseList/tsconfig.json Version: 13 structureChanged: false Elapsed: 14ms
Info 69   [13:17:53.504] Different program with same set of files:: oldProgram.structureIsReused:: 2
Info 70   [13:17:55.732] Starting updateGraphWorker: Project: /home/igfersa/Documents/develop/Angular9/exerciseList/tsconfig.json
Info 71   [13:17:55.750] Finishing updateGraphWorker: Project: /home/igfersa/Documents/develop/Angular9/exerciseList/tsconfig.json Version: 14 structureChanged: false Elapsed: 18ms
Info 72   [13:17:55.750] Different program with same set of files:: oldProgram.structureIsReused:: 2
Info 73   [13:17:56.255] Starting updateGraphWorker: Project: /home/igfersa/Documents/develop/Angular9/exerciseList/tsconfig.json
Info 74   [13:17:56.269] Finishing updateGraphWorker: Project: /home/igfersa/Documents/develop/Angular9/exerciseList/tsconfig.json Version: 15 structureChanged: false Elapsed: 14ms
Info 75   [13:17:56.269] Different program with same set of files:: oldProgram.structureIsReused:: 2
Info 76   [13:17:56.489] Starting updateGraphWorker: Project: /home/igfersa/Documents/develop/Angular9/exerciseList/tsconfig.json
Info 77   [13:17:56.498] Finishing updateGraphWorker: Project: /home/igfersa/Documents/develop/Angular9/exerciseList/tsconfig.json Version: 16 structureChanged: false Elapsed: 9ms
Info 78   [13:17:56.498] Different program with same set of files:: oldProgram.structureIsReused:: 2
Info 79   [13:17:56.747] Starting updateGraphWorker: Project: /home/igfersa/Documents/develop/Angular9/exerciseList/tsconfig.json
Info 80   [13:17:56.759] Finishing updateGraphWorker: Project: /home/igfersa/Documents/develop/Angular9/exerciseList/tsconfig.json Version: 17 structureChanged: false Elapsed: 12ms
Info 81   [13:17:56.759] Different program with same set of files:: oldProgram.structureIsReused:: 2
Info 82   [13:17:56.966] Starting updateGraphWorker: Project: /home/igfersa/Documents/develop/Angular9/exerciseList/tsconfig.json
Info 83   [13:17:56.977] Finishing updateGraphWorker: Project: /home/igfersa/Documents/develop/Angular9/exerciseList/tsconfig.json Version: 18 structureChanged: false Elapsed: 11ms
Info 84   [13:17:56.977] Different program with same set of files:: oldProgram.structureIsReused:: 2
Info 85   [13:17:57.193] Starting updateGraphWorker: Project: /home/igfersa/Documents/develop/Angular9/exerciseList/tsconfig.json
Info 86   [13:17:57.207] Finishing updateGraphWorker: Project: /home/igfersa/Documents/develop/Angular9/exerciseList/tsconfig.json Version: 19 structureChanged: false Elapsed: 13ms
Info 87   [13:17:57.207] Different program with same set of files:: oldProgram.structureIsReused:: 2
Info 88   [13:17:57.755] Starting updateGraphWorker: Project: /home/igfersa/Documents/develop/Angular9/exerciseList/tsconfig.json
Info 89   [13:17:57.775] Finishing updateGraphWorker: Project: /home/igfersa/Documents/develop/Angular9/exerciseList/tsconfig.json Version: 20 structureChanged: false Elapsed: 20ms
Info 90   [13:17:57.776] Different program with same set of files:: oldProgram.structureIsReused:: 2
Info 91   [13:17:58.486] Starting updateGraphWorker: Project: /home/igfersa/Documents/develop/Angular9/exerciseList/tsconfig.json
Info 92   [13:17:58.498] Finishing updateGraphWorker: Project: /home/igfersa/Documents/develop/Angular9/exerciseList/tsconfig.json Version: 21 structureChanged: false Elapsed: 12ms
Info 93   [13:17:58.498] Different program with same set of files:: oldProgram.structureIsReused:: 2
Info 94   [13:18:1.271] Starting updateGraphWorker: Project: /home/igfersa/Documents/develop/Angular9/exerciseList/tsconfig.json
Info 95   [13:18:1.286] Finishing updateGraphWorker: Project: /home/igfersa/Documents/develop/Angular9/exerciseList/tsconfig.json Version: 22 structureChanged: false Elapsed: 15ms
Info 96   [13:18:1.286] Different program with same set of files:: oldProgram.structureIsReused:: 2
Info 97   [13:18:29.494] Starting updateGraphWorker: Project: /home/igfersa/Documents/develop/Angular9/exerciseList/tsconfig.json
Info 98   [13:18:29.521] Finishing updateGraphWorker: Project: /home/igfersa/Documents/develop/Angular9/exerciseList/tsconfig.json Version: 23 structureChanged: false Elapsed: 27ms
Info 99   [13:18:29.521] Different program with same set of files:: oldProgram.structureIsReused:: 2
Info 100  [13:18:30.112] Starting updateGraphWorker: Project: /home/igfersa/Documents/develop/Angular9/exerciseList/tsconfig.json
Info 101  [13:18:30.137] Finishing updateGraphWorker: Project: /home/igfersa/Documents/develop/Angular9/exerciseList/tsconfig.json Version: 24 structureChanged: false Elapsed: 25ms
Info 102  [13:18:30.137] Different program with same set of files:: oldProgram.structureIsReused:: 2
Info 103  [13:18:30.405] Starting updateGraphWorker: Project: /home/igfersa/Documents/develop/Angular9/exerciseList/tsconfig.json
Info 104  [13:18:30.419] Finishing updateGraphWorker: Project: /home/igfersa/Documents/develop/Angular9/exerciseList/tsconfig.json Version: 25 structureChanged: false Elapsed: 13ms
Info 105  [13:18:30.419] Different program with same set of files:: oldProgram.structureIsReused:: 2
Info 106  [13:18:30.629] Starting updateGraphWorker: Project: /home/igfersa/Documents/develop/Angular9/exerciseList/tsconfig.json
Info 107  [13:18:30.639] Finishing updateGraphWorker: Project: /home/igfersa/Documents/develop/Angular9/exerciseList/tsconfig.json Version: 26 structureChanged: false Elapsed: 10ms
Info 108  [13:18:30.639] Different program with same set of files:: oldProgram.structureIsReused:: 2
Info 109  [13:18:30.954] Starting updateGraphWorker: Project: /home/igfersa/Documents/develop/Angular9/exerciseList/tsconfig.json
Info 110  [13:18:30.971] Finishing updateGraphWorker: Project: /home/igfersa/Documents/develop/Angular9/exerciseList/tsconfig.json Version: 27 structureChanged: false Elapsed: 17ms
Info 111  [13:18:30.972] Different program with same set of files:: oldProgram.structureIsReused:: 2
Info 112  [13:18:31.420] Starting updateGraphWorker: Project: /home/igfersa/Documents/develop/Angular9/exerciseList/tsconfig.json
Info 113  [13:18:31.433] Finishing updateGraphWorker: Project: /home/igfersa/Documents/develop/Angular9/exerciseList/tsconfig.json Version: 28 structureChanged: false Elapsed: 13ms
Info 114  [13:18:31.433] Different program with same set of files:: oldProgram.structureIsReused:: 2
Info 115  [13:18:31.640] Starting updateGraphWorker: Project: /home/igfersa/Documents/develop/Angular9/exerciseList/tsconfig.json
Info 116  [13:18:31.655] Finishing updateGraphWorker: Project: /home/igfersa/Documents/develop/Angular9/exerciseList/tsconfig.json Version: 29 structureChanged: false Elapsed: 14ms
Info 117  [13:18:31.655] Different program with same set of files:: oldProgram.structureIsReused:: 2
Info 118  [13:18:32.216] Starting updateGraphWorker: Project: /home/igfersa/Documents/develop/Angular9/exerciseList/tsconfig.json
Info 119  [13:18:32.230] Finishing updateGraphWorker: Project: /home/igfersa/Documents/develop/Angular9/exerciseList/tsconfig.json Version: 30 structureChanged: false Elapsed: 14ms
Info 120  [13:18:32.230] Different program with same set of files:: oldProgram.structureIsReused:: 2
Info 121  [13:19:34.491] Search path: /home/igfersa/Documents/develop/Angular9/exerciseList/src/app
Info 122  [13:19:34.492] For info: /home/igfersa/Documents/develop/Angular9/exerciseList/src/app/app.module.ts :: Config file name: /home/igfersa/Documents/develop/Angular9/exerciseList/tsconfig.json
Info 123  [13:19:34.492] Starting updateGraphWorker: Project: /home/igfersa/Documents/develop/Angular9/exerciseList/tsconfig.json
Info 124  [13:19:34.563] Finishing updateGraphWorker: Project: /home/igfersa/Documents/develop/Angular9/exerciseList/tsconfig.json Version: 31 structureChanged: false Elapsed: 71ms
Info 125  [13:19:34.563] Different program with same set of files:: oldProgram.structureIsReused:: 2
Info 126  [13:19:34.565] `remove Project::
Info 127  [13:19:34.565] Project '/dev/null/inferredProject1*' (Inferred) 
Info 128  [13:19:34.565] 	Files (6)

Info 129  [13:19:34.565] -----------------------------------------------
Info 130  [13:20:6.992] Starting updateGraphWorker: Project: /home/igfersa/Documents/develop/Angular9/exerciseList/tsconfig.json
Info 131  [13:20:7.14] Finishing updateGraphWorker: Project: /home/igfersa/Documents/develop/Angular9/exerciseList/tsconfig.json Version: 32 structureChanged: false Elapsed: 22ms
Info 132  [13:20:7.14] Different program with same set of files:: oldProgram.structureIsReused:: 2
Info 133  [13:20:7.234] Starting updateGraphWorker: Project: /home/igfersa/Documents/develop/Angular9/exerciseList/tsconfig.json
Info 134  [13:20:7.253] Finishing updateGraphWorker: Project: /home/igfersa/Documents/develop/Angular9/exerciseList/tsconfig.json Version: 33 structureChanged: false Elapsed: 19ms
Info 135  [13:20:7.253] Different program with same set of files:: oldProgram.structureIsReused:: 2
Info 136  [13:20:23.605] Starting updateGraphWorker: Project: /home/igfersa/Documents/develop/Angular9/exerciseList/tsconfig.json
Info 137  [13:20:23.620] Finishing updateGraphWorker: Project: /home/igfersa/Documents/develop/Angular9/exerciseList/tsconfig.json Version: 34 structureChanged: false Elapsed: 14ms
Info 138  [13:20:23.620] Different program with same set of files:: oldProgram.structureIsReused:: 2
Info 139  [13:20:24.573] Starting updateGraphWorker: Project: /home/igfersa/Documents/develop/Angular9/exerciseList/tsconfig.json
Info 140  [13:20:24.589] Finishing updateGraphWorker: Project: /home/igfersa/Documents/develop/Angular9/exerciseList/tsconfig.json Version: 35 structureChanged: false Elapsed: 16ms
Info 141  [13:20:24.589] Different program with same set of files:: oldProgram.structureIsReused:: 2
Info 142  [13:20:25.762] Starting updateGraphWorker: Project: /home/igfersa/Documents/develop/Angular9/exerciseList/tsconfig.json
Info 143  [13:20:25.787] Finishing updateGraphWorker: Project: /home/igfersa/Documents/develop/Angular9/exerciseList/tsconfig.json Version: 36 structureChanged: false Elapsed: 25ms
Info 144  [13:20:25.787] Different program with same set of files:: oldProgram.structureIsReused:: 2
Info 145  [13:20:26.59] Starting updateGraphWorker: Project: /home/igfersa/Documents/develop/Angular9/exerciseList/tsconfig.json
Info 146  [13:20:26.98] Finishing updateGraphWorker: Project: /home/igfersa/Documents/develop/Angular9/exerciseList/tsconfig.json Version: 37 structureChanged: false Elapsed: 39ms
Info 147  [13:20:26.98] Different program with same set of files:: oldProgram.structureIsReused:: 2
Info 148  [13:20:26.830] Starting updateGraphWorker: Project: /home/igfersa/Documents/develop/Angular9/exerciseList/tsconfig.json
Info 149  [13:20:26.849] Finishing updateGraphWorker: Project: /home/igfersa/Documents/develop/Angular9/exerciseList/tsconfig.json Version: 38 structureChanged: false Elapsed: 19ms
Info 150  [13:20:26.849] Different program with same set of files:: oldProgram.structureIsReused:: 2
Info 151  [13:20:27.355] Starting updateGraphWorker: Project: /home/igfersa/Documents/develop/Angular9/exerciseList/tsconfig.json
Info 152  [13:20:27.377] Finishing updateGraphWorker: Project: /home/igfersa/Documents/develop/Angular9/exerciseList/tsconfig.json Version: 39 structureChanged: false Elapsed: 22ms
Info 153  [13:20:27.377] Different program with same set of files:: oldProgram.structureIsReused:: 2
Info 154  [13:21:10.921] Starting updateGraphWorker: Project: /home/igfersa/Documents/develop/Angular9/exerciseList/tsconfig.json
Info 155  [13:21:10.935] Finishing updateGraphWorker: Project: /home/igfersa/Documents/develop/Angular9/exerciseList/tsconfig.json Version: 40 structureChanged: false Elapsed: 14ms
Info 156  [13:21:10.935] Different program with same set of files:: oldProgram.structureIsReused:: 2
Info 157  [13:21:14.481] Starting updateGraphWorker: Project: /home/igfersa/Documents/develop/Angular9/exerciseList/tsconfig.json
Info 158  [13:21:14.524] Finishing updateGraphWorker: Project: /home/igfersa/Documents/develop/Angular9/exerciseList/tsconfig.json Version: 41 structureChanged: false Elapsed: 43ms
Info 159  [13:21:14.524] Different program with same set of files:: oldProgram.structureIsReused:: 2
Info 160  [13:21:14.961] Starting updateGraphWorker: Project: /home/igfersa/Documents/develop/Angular9/exerciseList/tsconfig.json
Info 161  [13:21:14.980] Finishing updateGraphWorker: Project: /home/igfersa/Documents/develop/Angular9/exerciseList/tsconfig.json Version: 42 structureChanged: false Elapsed: 19ms
Info 162  [13:21:14.980] Different program with same set of files:: oldProgram.structureIsReused:: 2
Info 163  [13:21:15.582] Starting updateGraphWorker: Project: /home/igfersa/Documents/develop/Angular9/exerciseList/tsconfig.json
Info 164  [13:21:15.593] Finishing updateGraphWorker: Project: /home/igfersa/Documents/develop/Angular9/exerciseList/tsconfig.json Version: 43 structureChanged: false Elapsed: 11ms
Info 165  [13:21:15.593] Different program with same set of files:: oldProgram.structureIsReused:: 2
Info 166  [13:21:16.79] Starting updateGraphWorker: Project: /home/igfersa/Documents/develop/Angular9/exerciseList/tsconfig.json
Info 167  [13:21:16.90] Finishing updateGraphWorker: Project: /home/igfersa/Documents/develop/Angular9/exerciseList/tsconfig.json Version: 44 structureChanged: false Elapsed: 11ms
Info 168  [13:21:16.90] Different program with same set of files:: oldProgram.structureIsReused:: 2
Info 169  [13:21:16.742] Starting updateGraphWorker: Project: /home/igfersa/Documents/develop/Angular9/exerciseList/tsconfig.json
Info 170  [13:21:16.750] Finishing updateGraphWorker: Project: /home/igfersa/Documents/develop/Angular9/exerciseList/tsconfig.json Version: 45 structureChanged: false Elapsed: 8ms
Info 171  [13:21:16.750] Different program with same set of files:: oldProgram.structureIsReused:: 2
Info 172  [13:21:17.19] Starting updateGraphWorker: Project: /home/igfersa/Documents/develop/Angular9/exerciseList/tsconfig.json
Info 173  [13:21:17.31] Finishing updateGraphWorker: Project: /home/igfersa/Documents/develop/Angular9/exerciseList/tsconfig.json Version: 46 structureChanged: false Elapsed: 12ms
Info 174  [13:21:17.32] Different program with same set of files:: oldProgram.structureIsReused:: 2
Info 175  [13:21:17.461] Starting updateGraphWorker: Project: /home/igfersa/Documents/develop/Angular9/exerciseList/tsconfig.json
Info 176  [13:21:17.484] Finishing updateGraphWorker: Project: /home/igfersa/Documents/develop/Angular9/exerciseList/tsconfig.json Version: 47 structureChanged: false Elapsed: 23ms
Info 177  [13:21:17.484] Different program with same set of files:: oldProgram.structureIsReused:: 2
Info 178  [13:21:18.13] Starting updateGraphWorker: Project: /home/igfersa/Documents/develop/Angular9/exerciseList/tsconfig.json
Info 179  [13:21:18.26] Finishing updateGraphWorker: Project: /home/igfersa/Documents/develop/Angular9/exerciseList/tsconfig.json Version: 48 structureChanged: false Elapsed: 13ms
Info 180  [13:21:18.26] Different program with same set of files:: oldProgram.structureIsReused:: 2
Info 181  [13:21:26.32] Search path: /home/igfersa/Documents/develop/Angular9/exerciseList/node_modules/@angular/router
Info 182  [13:21:26.33] For info: /home/igfersa/Documents/develop/Angular9/exerciseList/node_modules/@angular/router/router.d.ts :: Config file name: /home/igfersa/Documents/develop/Angular9/exerciseList/tsconfig.json
Info 183  [13:21:26.33] Starting updateGraphWorker: Project: /home/igfersa/Documents/develop/Angular9/exerciseList/tsconfig.json
Info 184  [13:21:26.185] Finishing updateGraphWorker: Project: /home/igfersa/Documents/develop/Angular9/exerciseList/tsconfig.json Version: 49 structureChanged: true Elapsed: 152ms
Info 185  [13:21:26.185] Different program with same set of files:: oldProgram.structureIsReused:: 0
Info 186  [13:21:26.188] Starting updateGraphWorker: Project: /home/igfersa/Documents/develop/Angular9/exerciseList/tsconfig.json
Info 187  [13:21:26.310] Finishing updateGraphWorker: Project: /home/igfersa/Documents/develop/Angular9/exerciseList/tsconfig.json Version: 50 structureChanged: true Elapsed: 122ms
Info 188  [13:21:26.310] Different program with same set of files:: oldProgram.structureIsReused:: 0
