Initializing document watcher...
develop/Angular9/exerciseList/src/app/app.component.html: {"insertSpaces":true,"tabSize":2}
develop/Angular9/exerciseList/src/app/app.component.html: Using EditorConfig core...
Angular9/exerciseList/src/app/app.component.html: editor.action.trimTrailingWhitespace
develop/Angular9/exerciseList/src/app/app.component.html: {"insertSpaces":true,"tabSize":2}
develop/Angular9/exerciseList/src/app/app.component.html: Using EditorConfig core...
Angular9/exerciseList/src/app/app.component.html: editor.action.trimTrailingWhitespace
develop/Angular9/exerciseList/src/app/app.module.ts: {"insertSpaces":true,"tabSize":2}
develop/Angular9/exerciseList/src/app/app.module.ts: {"insertSpaces":true,"tabSize":2}
develop/Angular9/exerciseList/src/app/app.component.html: {"insertSpaces":true,"tabSize":2}
develop/Angular9/exerciseList/src/app/app.component.html: {"insertSpaces":true,"tabSize":2}
develop/Angular9/exerciseList/src/app/app.component.html: Using EditorConfig core...
Angular9/exerciseList/src/app/app.component.html: editor.action.trimTrailingWhitespace
develop/Angular9/exerciseList/src/app/app.component.html: {"insertSpaces":true,"tabSize":2}
develop/Angular9/exerciseList/src/app/app.component.html: {"insertSpaces":true,"tabSize":2}
develop/Angular9/exerciseList/src/app/app.component.html: {"insertSpaces":true,"tabSize":2}
develop/Angular9/exerciseList/src/app/app.component.html: {"insertSpaces":true,"tabSize":2}
develop/Angular9/exerciseList/src/app/app.component.html: {"insertSpaces":true,"tabSize":2}
develop/Angular9/exerciseList/src/app/app.component.html: {"insertSpaces":true,"tabSize":2}
develop/Angular9/exerciseList/src/app/app.component.html: {"insertSpaces":true,"tabSize":2}
develop/Angular9/exerciseList/src/app/app.component.html: {"insertSpaces":true,"tabSize":2}
develop/Angular9/exerciseList/src/app/app.component.html: {"insertSpaces":true,"tabSize":2}
develop/Angular9/exerciseList/src/app/app.component.html: Using EditorConfig core...
Angular9/exerciseList/src/app/app.component.html: editor.action.trimTrailingWhitespace
develop/Angular9/exerciseList/src/app/app.component.html: {"insertSpaces":true,"tabSize":2}
develop/Angular9/exerciseList/src/app/app.component.html: {"insertSpaces":true,"tabSize":2}
develop/Angular9/exerciseList/src/app/app.component.html: {"insertSpaces":true,"tabSize":2}
develop/Angular9/exerciseList/src/app/app.component.html: Using EditorConfig core...
Angular9/exerciseList/src/app/app.component.html: editor.action.trimTrailingWhitespace
develop/Angular9/exerciseList/src/app/app.component.html: {"insertSpaces":true,"tabSize":2}
develop/Angular9/exerciseList/src/app/app.component.html: {"insertSpaces":true,"tabSize":2}
develop/Angular9/exerciseList/src/app/app.component.html: {"insertSpaces":true,"tabSize":2}
