[Server(8901) file:///home/igfersa/Documents/develop] Started and initialize received
[Server(8901) file:///home/igfersa/Documents/develop] Setup a stylesheet lookup map
[Server(8901) file:///home/igfersa/Documents/develop] Document opened: file:///home/igfersa/Documents/develop/Angular9/exerciseList/src/app/app.component.html
[Server(8901) file:///home/igfersa/Documents/develop] Document changed: file:///home/igfersa/Documents/develop/Angular9/exerciseList/src/app/app.component.html
[Server(8901) file:///home/igfersa/Documents/develop] Document changed: file:///home/igfersa/Documents/develop/Angular9/exerciseList/src/app/app.component.html
[Server(8901) file:///home/igfersa/Documents/develop] Document changed: file:///home/igfersa/Documents/develop/Angular9/exerciseList/src/app/app.component.html
[Server(8901) file:///home/igfersa/Documents/develop] Document changed: file:///home/igfersa/Documents/develop/Angular9/exerciseList/src/app/app.component.html
[Server(8901) file:///home/igfersa/Documents/develop] Document changed: file:///home/igfersa/Documents/develop/Angular9/exerciseList/src/app/app.component.html
[Server(8901) file:///home/igfersa/Documents/develop] Document changed: file:///home/igfersa/Documents/develop/Angular9/exerciseList/src/app/app.component.html
[Server(8901) file:///home/igfersa/Documents/develop] Document changed: file:///home/igfersa/Documents/develop/Angular9/exerciseList/src/app/app.component.html
[Server(8901) file:///home/igfersa/Documents/develop] Document changed: file:///home/igfersa/Documents/develop/Angular9/exerciseList/src/app/app.component.html
[Server(8901) file:///home/igfersa/Documents/develop] Document changed: file:///home/igfersa/Documents/develop/Angular9/exerciseList/src/app/app.component.html
[Server(8901) file:///home/igfersa/Documents/develop] Document changed: file:///home/igfersa/Documents/develop/Angular9/exerciseList/src/app/app.component.html
[Server(8901) file:///home/igfersa/Documents/develop] Document changed: file:///home/igfersa/Documents/develop/Angular9/exerciseList/src/app/app.component.html
[Server(8901) file:///home/igfersa/Documents/develop] Document changed: file:///home/igfersa/Documents/develop/Angular9/exerciseList/src/app/app.component.html
[Server(8901) file:///home/igfersa/Documents/develop] Document changed: file:///home/igfersa/Documents/develop/Angular9/exerciseList/src/app/app.component.html
[Server(8901) file:///home/igfersa/Documents/develop] Document changed: file:///home/igfersa/Documents/develop/Angular9/exerciseList/src/app/app.component.html
[Server(8901) file:///home/igfersa/Documents/develop] Document changed: file:///home/igfersa/Documents/develop/Angular9/exerciseList/src/app/app.component.html
[Server(8901) file:///home/igfersa/Documents/develop] Document changed: file:///home/igfersa/Documents/develop/Angular9/exerciseList/src/app/app.component.html
[Server(8901) file:///home/igfersa/Documents/develop] Document changed: file:///home/igfersa/Documents/develop/Angular9/exerciseList/src/app/app.component.html
[Server(8901) file:///home/igfersa/Documents/develop] Document changed: file:///home/igfersa/Documents/develop/Angular9/exerciseList/src/app/app.component.html
[Server(8901) file:///home/igfersa/Documents/develop] Document changed: file:///home/igfersa/Documents/develop/Angular9/exerciseList/src/app/app.component.html
[Server(8901) file:///home/igfersa/Documents/develop] Document changed: file:///home/igfersa/Documents/develop/Angular9/exerciseList/src/app/app.component.html
[Server(8901) file:///home/igfersa/Documents/develop] Document changed: file:///home/igfersa/Documents/develop/Angular9/exerciseList/src/app/app.component.html
[Server(8901) file:///home/igfersa/Documents/develop] Document changed: file:///home/igfersa/Documents/develop/Angular9/exerciseList/src/app/app.component.html
[Server(8901) file:///home/igfersa/Documents/develop] Document changed: file:///home/igfersa/Documents/develop/Angular9/exerciseList/src/app/app.component.html
[Server(8901) file:///home/igfersa/Documents/develop] Document changed: file:///home/igfersa/Documents/develop/Angular9/exerciseList/src/app/app.component.html
[Server(8901) file:///home/igfersa/Documents/develop] Document changed: file:///home/igfersa/Documents/develop/Angular9/exerciseList/src/app/app.component.html
[Server(8901) file:///home/igfersa/Documents/develop] Document changed: file:///home/igfersa/Documents/develop/Angular9/exerciseList/src/app/app.component.html
[Server(8901) file:///home/igfersa/Documents/develop] Document changed: file:///home/igfersa/Documents/develop/Angular9/exerciseList/src/app/app.component.html
[Server(8901) file:///home/igfersa/Documents/develop] Document changed: file:///home/igfersa/Documents/develop/Angular9/exerciseList/src/app/app.component.html
[Server(8901) file:///home/igfersa/Documents/develop] Document changed: file:///home/igfersa/Documents/develop/Angular9/exerciseList/src/app/app.component.html
[Server(8901) file:///home/igfersa/Documents/develop] Document changed: file:///home/igfersa/Documents/develop/Angular9/exerciseList/src/app/app.component.html
[Server(8901) file:///home/igfersa/Documents/develop] Document changed: file:///home/igfersa/Documents/develop/Angular9/exerciseList/src/app/app.component.html
[Server(8901) file:///home/igfersa/Documents/develop] Document changed: file:///home/igfersa/Documents/develop/Angular9/exerciseList/src/app/app.component.html
[Server(8901) file:///home/igfersa/Documents/develop] Document opened: file:///home/igfersa/Documents/develop/Angular9/exerciseList/src/app/app.module.ts
[Server(8901) file:///home/igfersa/Documents/develop] Document changed: file:///home/igfersa/Documents/develop/Angular9/exerciseList/src/app/app.module.ts
[Server(8901) file:///home/igfersa/Documents/develop] Document changed: file:///home/igfersa/Documents/develop/Angular9/exerciseList/src/app/app.component.html
[Server(8901) file:///home/igfersa/Documents/develop] Document changed: file:///home/igfersa/Documents/develop/Angular9/exerciseList/src/app/app.component.html
[Server(8901) file:///home/igfersa/Documents/develop] Document changed: file:///home/igfersa/Documents/develop/Angular9/exerciseList/src/app/app.component.html
[Server(8901) file:///home/igfersa/Documents/develop] Document changed: file:///home/igfersa/Documents/develop/Angular9/exerciseList/src/app/app.component.html
[Server(8901) file:///home/igfersa/Documents/develop] Document changed: file:///home/igfersa/Documents/develop/Angular9/exerciseList/src/app/app.component.html
[Server(8901) file:///home/igfersa/Documents/develop] Document changed: file:///home/igfersa/Documents/develop/Angular9/exerciseList/src/app/app.component.html
[Server(8901) file:///home/igfersa/Documents/develop] Document changed: file:///home/igfersa/Documents/develop/Angular9/exerciseList/src/app/app.component.html
[Server(8901) file:///home/igfersa/Documents/develop] Document changed: file:///home/igfersa/Documents/develop/Angular9/exerciseList/src/app/app.component.html
[Server(8901) file:///home/igfersa/Documents/develop] Document changed: file:///home/igfersa/Documents/develop/Angular9/exerciseList/src/app/app.component.html
[Server(8901) file:///home/igfersa/Documents/develop] Document changed: file:///home/igfersa/Documents/develop/Angular9/exerciseList/src/app/app.component.html
[Server(8901) file:///home/igfersa/Documents/develop] Document changed: file:///home/igfersa/Documents/develop/Angular9/exerciseList/src/app/app.component.html
[Server(8901) file:///home/igfersa/Documents/develop] Document changed: file:///home/igfersa/Documents/develop/Angular9/exerciseList/src/app/app.component.html
[Server(8901) file:///home/igfersa/Documents/develop] Document changed: file:///home/igfersa/Documents/develop/Angular9/exerciseList/src/app/app.component.html
[Server(8901) file:///home/igfersa/Documents/develop] Document changed: file:///home/igfersa/Documents/develop/Angular9/exerciseList/src/app/app.component.html
[Server(8901) file:///home/igfersa/Documents/develop] Document changed: file:///home/igfersa/Documents/develop/Angular9/exerciseList/src/app/app.component.html
[Server(8901) file:///home/igfersa/Documents/develop] Document changed: file:///home/igfersa/Documents/develop/Angular9/exerciseList/src/app/app.component.html
[Server(8901) file:///home/igfersa/Documents/develop] Document changed: file:///home/igfersa/Documents/develop/Angular9/exerciseList/src/app/app.component.html
[Server(8901) file:///home/igfersa/Documents/develop] Document changed: file:///home/igfersa/Documents/develop/Angular9/exerciseList/src/app/app.component.html
[Server(8901) file:///home/igfersa/Documents/develop] Document changed: file:///home/igfersa/Documents/develop/Angular9/exerciseList/src/app/app.component.html
Invalid Selector...
[Server(8901) file:///home/igfersa/Documents/develop] Document opened: file:///home/igfersa/Documents/develop/Angular9/exerciseList/node_modules/%40angular/router/router.d.ts
[Server(8901) file:///home/igfersa/Documents/develop] Document changed: file:///home/igfersa/Documents/develop/Angular9/exerciseList/node_modules/%40angular/router/router.d.ts
[Server(8901) file:///home/igfersa/Documents/develop] Document changed: file:///home/igfersa/Documents/develop/Angular9/exerciseList/src/app/app.component.html
[Server(8901) file:///home/igfersa/Documents/develop] Document changed: file:///home/igfersa/Documents/develop/Angular9/exerciseList/src/app/app.component.html
